 130.270519
 130.270519
 209.808577
1080.311949
1080.311949
1080.311949
1094.840252
1094.840252
1094.840252
1270.705113
1270.705113
1270.705113
1329.343022
1329.343022
1329.343022
1345.013286
1345.013286
1345.013286
1408.703041
1408.703041
1408.703041
1632.147663
1632.147663
1636.243721
 256.004570
 274.391645
 375.364848
 996.079304
1006.618820
1073.271548
1073.271548
1114.552511
1114.552511
1176.212700
1221.053505
1221.053505
1303.642797
1303.642797
1380.362763
1380.362763
1386.638975
1392.491801
1432.166805
1432.166805
1476.272168
1619.787342
1620.145295
1632.097540
 421.275274
 433.965560
 555.466851
 876.745951
 883.124129
1046.481598
1075.829760
1075.829760
1136.113073
1136.113073
1173.446664
1173.446664
1268.395220
1268.395220
1412.942376
1412.942376
1452.798629
1452.833845
1452.833845
1457.183359
1532.094677
1596.079494
1596.413951
1621.350680
 585.622613
 590.797603
 731.634069
 739.698416
 740.979688
 896.844167
1087.356717
1087.356717
1131.703021
1131.703021
1160.498080
1160.498080
1241.496181
1241.496181
1430.764672
1430.764672
1463.846293
1463.846293
1511.818476
1514.826640
1559.907856
1561.476820
1573.614814
1602.580859
 585.622613
 590.797603
 731.634069
 739.698416
 740.979688
 896.844167
1087.356717
1087.356717
1131.703021
1131.703021
1160.498080
1160.498080
1241.496181
1241.496181
1430.764672
1430.764672
1463.846293
1463.846293
1511.818476
1514.826640
1559.907856
1561.476820
1573.614814
1602.580859
 421.275274
 433.965560
 555.466851
 876.745951
 883.124129
1046.481598
1075.829760
1075.829760
1136.113073
1136.113073
1173.446664
1173.446664
1268.395220
1268.395220
1412.942376
1412.942376
1452.798629
1452.833845
1452.833845
1457.183359
1532.094677
1596.079494
1596.413951
1621.350680
 256.004570
 274.391645
 375.364848
 996.079304
1006.618820
1073.271548
1073.271548
1114.552511
1114.552511
1176.212700
1221.053505
1221.053505
1303.642797
1303.642797
1380.362763
1380.362763
1386.638975
1392.491801
1432.166805
1432.166805
1476.272168
1619.787342
1620.145295
1632.097540
 130.270519
 130.270519
 209.808577
1080.311949
1080.311949
1080.311949
1094.840252
1094.840252
1094.840252
1270.705113
1270.705113
1270.705113
1329.343022
1329.343022
1329.343022
1345.013286
1345.013286
1345.013286
1408.703041
1408.703041
1408.703041
1632.147663
1632.147663
1636.243721
 256.004570
 274.391645
 375.364848
 996.079304
1006.618820
1073.271548
1073.271548
1114.552511
1114.552511
1176.212700
1221.053505
1221.053505
1303.642797
1303.642797
1380.362763
1380.362763
1386.638975
1392.491801
1432.166805
1432.166805
1476.272168
1619.787342
1620.145295
1632.097540
 303.460248
 361.902763
 502.188209
 993.253465
 993.253465
1024.947257
1024.947257
1035.290352
1147.460848
1151.876761
1151.876761
1189.125258
1330.329340
1346.917783
1376.603431
1376.603431
1417.006689
1417.006689
1464.982956
1473.677806
1473.677806
1605.971803
1609.321243
1628.580624
 425.028022
 493.936325
 650.123203
 871.528691
 906.306518
 993.752094
1007.536660
1048.978728
1052.728036
1131.023666
1136.207277
1179.190951
1304.675390
1356.429489
1382.089930
1444.242912
1445.205962
1469.287642
1470.142309
1485.967975
1520.683714
1582.196141
1588.291291
1616.403128
 575.056342
 635.726046
 728.116506
 775.139378
 796.406705
 932.365742
 992.489877
 994.012371
1074.755169
1103.506992
1136.252680
1161.930844
1308.234636
1331.303178
1415.922175
1440.328027
1482.042227
1491.461902
1502.622669
1517.824132
1548.146652
1557.648899
1561.916062
1594.200104
 575.056342
 635.726046
 728.116506
 775.139378
 796.406705
 932.365742
 992.489877
 994.012371
1074.755169
1103.506992
1136.252680
1161.930844
1308.234636
1331.303178
1415.922175
1440.328027
1482.042227
1491.461902
1502.622669
1517.824132
1548.146652
1557.648899
1561.916062
1594.200104
 425.028022
 493.936325
 650.123203
 871.528691
 906.306518
 993.752094
1007.536660
1048.978728
1052.728036
1131.023666
1136.207277
1179.190951
1304.675390
1356.429489
1382.089930
1444.242912
1445.205962
1469.287642
1470.142309
1485.967975
1520.683714
1582.196141
1588.291291
1616.403128
 303.460248
 361.902763
 502.188209
 993.253465
 993.253465
1024.947257
1024.947257
1035.290352
1147.460848
1151.876761
1151.876761
1189.125258
1330.329340
1346.917783
1376.603431
1376.603431
1417.006689
1417.006689
1464.982956
1473.677806
1473.677806
1605.971803
1609.321243
1628.580624
 256.004570
 274.391645
 375.364848
 996.079304
1006.618820
1073.271548
1073.271548
1114.552511
1114.552511
1176.212700
1221.053505
1221.053505
1303.642797
1303.642797
1380.362763
1380.362763
1386.638975
1392.491801
1432.166805
1432.166805
1476.272168
1619.787342
1620.145295
1632.097540
 421.275274
 433.965560
 555.466851
 876.745951
 883.124129
1046.481598
1075.829760
1075.829760
1136.113073
1136.113073
1173.446664
1173.446664
1268.395220
1268.395220
1412.942376
1412.942376
1452.798629
1452.833845
1452.833845
1457.183359
1532.094677
1596.079494
1596.413951
1621.350680
 425.028022
 493.936325
 650.123203
 871.528691
 906.306518
 993.752094
1007.536660
1048.978728
1052.728036
1131.023666
1136.207277
1179.190951
1304.675390
1356.429489
1382.089930
1444.242912
1445.205962
1469.287642
1470.142309
1485.967975
1520.683714
1582.196141
1588.291291
1616.403128
 486.752039
 596.937672
 765.126915
 867.046771
 867.046771
 945.883555
 949.397750
 949.397750
1067.065802
1067.065802
1099.656991
1167.024761
1350.146282
1383.753321
1429.791777
1429.791777
1487.105944
1487.105944
1498.668095
1498.668095
1506.329526
1558.534551
1572.583395
1601.857049
 596.746041
 716.166622
 729.566787
 836.704819
 874.015807
 878.569352
 899.852037
 981.153691
1003.098033
1055.572153
1091.785995
1128.292071
1382.388221
1408.192810
1421.169025
1463.384764
1485.343984
1505.000125
1512.208327
1521.918917
1526.796780
1538.245738
1549.950861
1575.498760
 596.746041
 716.166622
 729.566787
 836.704819
 874.015807
 878.569352
 899.852037
 981.153691
1003.098033
1055.572153
1091.785995
1128.292071
1382.388221
1408.192810
1421.169025
1463.384764
1485.343984
1505.000125
1512.208327
1521.918917
1526.796780
1538.245738
1549.950861
1575.498760
 486.752039
 596.937672
 765.126915
 867.046771
 867.046771
 945.883555
 949.397750
 949.397750
1067.065802
1067.065802
1099.656991
1167.024761
1350.146282
1383.753321
1429.791777
1429.791777
1487.105944
1487.105944
1498.668095
1498.668095
1506.329526
1558.534551
1572.583395
1601.857049
 425.028022
 493.936325
 650.123203
 871.528691
 906.306518
 993.752094
1007.536660
1048.978728
1052.728036
1131.023666
1136.207277
1179.190951
1304.675390
1356.429489
1382.089930
1444.242912
1445.205962
1469.287642
1470.142309
1485.967975
1520.683714
1582.196141
1588.291291
1616.403128
 421.275274
 433.965560
 555.466851
 876.745951
 883.124129
1046.481598
1075.829760
1075.829760
1136.113073
1136.113073
1173.446664
1173.446664
1268.395220
1268.395220
1412.942376
1412.942376
1452.798629
1452.833845
1452.833845
1457.183359
1532.094677
1596.079494
1596.413951
1621.350680
 585.622613
 590.797603
 731.634069
 739.698416
 740.979688
 896.844167
1087.356717
1087.356717
1131.703021
1131.703021
1160.498080
1160.498080
1241.496181
1241.496181
1430.764672
1430.764672
1463.846293
1463.846293
1511.818476
1514.826640
1559.907856
1561.476820
1573.614814
1602.580859
 575.056342
 635.726046
 728.116506
 775.139378
 796.406705
 932.365742
 992.489877
 994.012371
1074.755169
1103.506992
1136.252680
1161.930844
1308.234636
1331.303178
1415.922175
1440.328027
1482.042227
1491.461902
1502.622669
1517.824132
1548.146652
1557.648899
1561.916062
1594.200104
 596.746041
 716.166622
 729.566787
 836.704819
 874.015807
 878.569352
 899.852037
 981.153691
1003.098033
1055.572153
1091.785995
1128.292071
1382.388221
1408.192810
1421.169025
1463.384764
1485.343984
1505.000125
1512.208327
1521.918917
1526.796780
1538.245738
1549.950861
1575.498760
 661.642207
 759.098686
 759.098686
 813.344847
 818.114566
 912.805939
 912.805939
 959.501308
 989.906749
1031.825086
1031.825086
1081.484695
1436.896324
1450.274088
1462.585294
1462.585294
1498.605203
1499.596796
1499.596796
1523.278226
1526.092296
1526.092296
1534.905712
1547.727911
 661.642207
 759.098686
 759.098686
 813.344847
 818.114566
 912.805939
 912.805939
 959.501308
 989.906749
1031.825086
1031.825086
1081.484695
1436.896324
1450.274088
1462.585294
1462.585294
1498.605203
1499.596796
1499.596796
1523.278226
1526.092296
1526.092296
1534.905712
1547.727911
 596.746041
 716.166622
 729.566787
 836.704819
 874.015807
 878.569352
 899.852037
 981.153691
1003.098033
1055.572153
1091.785995
1128.292071
1382.388221
1408.192810
1421.169025
1463.384764
1485.343984
1505.000125
1512.208327
1521.918917
1526.796780
1538.245738
1549.950861
1575.498760
 575.056342
 635.726046
 728.116506
 775.139378
 796.406705
 932.365742
 992.489877
 994.012371
1074.755169
1103.506992
1136.252680
1161.930844
1308.234636
1331.303178
1415.922175
1440.328027
1482.042227
1491.461902
1502.622669
1517.824132
1548.146652
1557.648899
1561.916062
1594.200104
 585.622613
 590.797603
 731.634069
 739.698416
 740.979688
 896.844167
1087.356717
1087.356717
1131.703021
1131.703021
1160.498080
1160.498080
1241.496181
1241.496181
1430.764672
1430.764672
1463.846293
1463.846293
1511.818476
1514.826640
1559.907856
1561.476820
1573.614814
1602.580859
 585.622613
 590.797603
 731.634069
 739.698416
 740.979688
 896.844167
1087.356717
1087.356717
1131.703021
1131.703021
1160.498080
1160.498080
1241.496181
1241.496181
1430.764672
1430.764672
1463.846293
1463.846293
1511.818476
1514.826640
1559.907856
1561.476820
1573.614814
1602.580859
 575.056342
 635.726046
 728.116506
 775.139378
 796.406705
 932.365742
 992.489877
 994.012371
1074.755169
1103.506992
1136.252680
1161.930844
1308.234636
1331.303178
1415.922175
1440.328027
1482.042227
1491.461902
1502.622669
1517.824132
1548.146652
1557.648899
1561.916062
1594.200104
 596.746041
 716.166622
 729.566787
 836.704819
 874.015807
 878.569352
 899.852037
 981.153691
1003.098033
1055.572153
1091.785995
1128.292071
1382.388221
1408.192810
1421.169025
1463.384764
1485.343984
1505.000125
1512.208327
1521.918917
1526.796780
1538.245738
1549.950861
1575.498760
 661.642207
 759.098686
 759.098686
 813.344847
 818.114566
 912.805939
 912.805939
 959.501308
 989.906749
1031.825086
1031.825086
1081.484695
1436.896324
1450.274088
1462.585294
1462.585294
1498.605203
1499.596796
1499.596796
1523.278226
1526.092296
1526.092296
1534.905712
1547.727911
 661.642207
 759.098686
 759.098686
 813.344847
 818.114566
 912.805939
 912.805939
 959.501308
 989.906749
1031.825086
1031.825086
1081.484695
1436.896324
1450.274088
1462.585294
1462.585294
1498.605203
1499.596796
1499.596796
1523.278226
1526.092296
1526.092296
1534.905712
1547.727911
 596.746041
 716.166622
 729.566787
 836.704819
 874.015807
 878.569352
 899.852037
 981.153691
1003.098033
1055.572153
1091.785995
1128.292071
1382.388221
1408.192810
1421.169025
1463.384764
1485.343984
1505.000125
1512.208327
1521.918917
1526.796780
1538.245738
1549.950861
1575.498760
 575.056342
 635.726046
 728.116506
 775.139378
 796.406705
 932.365742
 992.489877
 994.012371
1074.755169
1103.506992
1136.252680
1161.930844
1308.234636
1331.303178
1415.922175
1440.328027
1482.042227
1491.461902
1502.622669
1517.824132
1548.146652
1557.648899
1561.916062
1594.200104
 585.622613
 590.797603
 731.634069
 739.698416
 740.979688
 896.844167
1087.356717
1087.356717
1131.703021
1131.703021
1160.498080
1160.498080
1241.496181
1241.496181
1430.764672
1430.764672
1463.846293
1463.846293
1511.818476
1514.826640
1559.907856
1561.476820
1573.614814
1602.580859
 421.275274
 433.965560
 555.466851
 876.745951
 883.124129
1046.481598
1075.829760
1075.829760
1136.113073
1136.113073
1173.446664
1173.446664
1268.395220
1268.395220
1412.942376
1412.942376
1452.798629
1452.833845
1452.833845
1457.183359
1532.094677
1596.079494
1596.413951
1621.350680
 425.028022
 493.936325
 650.123203
 871.528691
 906.306518
 993.752094
1007.536660
1048.978728
1052.728036
1131.023666
1136.207277
1179.190951
1304.675390
1356.429489
1382.089930
1444.242912
1445.205962
1469.287642
1470.142309
1485.967975
1520.683714
1582.196141
1588.291291
1616.403128
 486.752039
 596.937672
 765.126915
 867.046771
 867.046771
 945.883555
 949.397750
 949.397750
1067.065802
1067.065802
1099.656991
1167.024761
1350.146282
1383.753321
1429.791777
1429.791777
1487.105944
1487.105944
1498.668095
1498.668095
1506.329526
1558.534551
1572.583395
1601.857049
 596.746041
 716.166622
 729.566787
 836.704819
 874.015807
 878.569352
 899.852037
 981.153691
1003.098033
1055.572153
1091.785995
1128.292071
1382.388221
1408.192810
1421.169025
1463.384764
1485.343984
1505.000125
1512.208327
1521.918917
1526.796780
1538.245738
1549.950861
1575.498760
 596.746041
 716.166622
 729.566787
 836.704819
 874.015807
 878.569352
 899.852037
 981.153691
1003.098033
1055.572153
1091.785995
1128.292071
1382.388221
1408.192810
1421.169025
1463.384764
1485.343984
1505.000125
1512.208327
1521.918917
1526.796780
1538.245738
1549.950861
1575.498760
 486.752039
 596.937672
 765.126915
 867.046771
 867.046771
 945.883555
 949.397750
 949.397750
1067.065802
1067.065802
1099.656991
1167.024761
1350.146282
1383.753321
1429.791777
1429.791777
1487.105944
1487.105944
1498.668095
1498.668095
1506.329526
1558.534551
1572.583395
1601.857049
 425.028022
 493.936325
 650.123203
 871.528691
 906.306518
 993.752094
1007.536660
1048.978728
1052.728036
1131.023666
1136.207277
1179.190951
1304.675390
1356.429489
1382.089930
1444.242912
1445.205962
1469.287642
1470.142309
1485.967975
1520.683714
1582.196141
1588.291291
1616.403128
 421.275274
 433.965560
 555.466851
 876.745951
 883.124129
1046.481598
1075.829760
1075.829760
1136.113073
1136.113073
1173.446664
1173.446664
1268.395220
1268.395220
1412.942376
1412.942376
1452.798629
1452.833845
1452.833845
1457.183359
1532.094677
1596.079494
1596.413951
1621.350680
 256.004570
 274.391645
 375.364848
 996.079304
1006.618820
1073.271548
1073.271548
1114.552511
1114.552511
1176.212700
1221.053505
1221.053505
1303.642797
1303.642797
1380.362763
1380.362763
1386.638975
1392.491801
1432.166805
1432.166805
1476.272168
1619.787342
1620.145295
1632.097540
 303.460248
 361.902763
 502.188209
 993.253465
 993.253465
1024.947257
1024.947257
1035.290352
1147.460848
1151.876761
1151.876761
1189.125258
1330.329340
1346.917783
1376.603431
1376.603431
1417.006689
1417.006689
1464.982956
1473.677806
1473.677806
1605.971803
1609.321243
1628.580624
 425.028022
 493.936325
 650.123203
 871.528691
 906.306518
 993.752094
1007.536660
1048.978728
1052.728036
1131.023666
1136.207277
1179.190951
1304.675390
1356.429489
1382.089930
1444.242912
1445.205962
1469.287642
1470.142309
1485.967975
1520.683714
1582.196141
1588.291291
1616.403128
 575.056342
 635.726046
 728.116506
 775.139378
 796.406705
 932.365742
 992.489877
 994.012371
1074.755169
1103.506992
1136.252680
1161.930844
1308.234636
1331.303178
1415.922175
1440.328027
1482.042227
1491.461902
1502.622669
1517.824132
1548.146652
1557.648899
1561.916062
1594.200104
 575.056342
 635.726046
 728.116506
 775.139378
 796.406705
 932.365742
 992.489877
 994.012371
1074.755169
1103.506992
1136.252680
1161.930844
1308.234636
1331.303178
1415.922175
1440.328027
1482.042227
1491.461902
1502.622669
1517.824132
1548.146652
1557.648899
1561.916062
1594.200104
 425.028022
 493.936325
 650.123203
 871.528691
 906.306518
 993.752094
1007.536660
1048.978728
1052.728036
1131.023666
1136.207277
1179.190951
1304.675390
1356.429489
1382.089930
1444.242912
1445.205962
1469.287642
1470.142309
1485.967975
1520.683714
1582.196141
1588.291291
1616.403128
 303.460248
 361.902763
 502.188209
 993.253465
 993.253465
1024.947257
1024.947257
1035.290352
1147.460848
1151.876761
1151.876761
1189.125258
1330.329340
1346.917783
1376.603431
1376.603431
1417.006689
1417.006689
1464.982956
1473.677806
1473.677806
1605.971803
1609.321243
1628.580624
 256.004570
 274.391645
 375.364848
 996.079304
1006.618820
1073.271548
1073.271548
1114.552511
1114.552511
1176.212700
1221.053505
1221.053505
1303.642797
1303.642797
1380.362763
1380.362763
1386.638975
1392.491801
1432.166805
1432.166805
1476.272168
1619.787342
1620.145295
1632.097540
 130.270519
 130.270519
 209.808577
1080.311949
1080.311949
1080.311949
1094.840252
1094.840252
1094.840252
1270.705113
1270.705113
1270.705113
1329.343022
1329.343022
1329.343022
1345.013286
1345.013286
1345.013286
1408.703041
1408.703041
1408.703041
1632.147663
1632.147663
1636.243721
 256.004570
 274.391645
 375.364848
 996.079304
1006.618820
1073.271548
1073.271548
1114.552511
1114.552511
1176.212700
1221.053505
1221.053505
1303.642797
1303.642797
1380.362763
1380.362763
1386.638975
1392.491801
1432.166805
1432.166805
1476.272168
1619.787342
1620.145295
1632.097540
 421.275274
 433.965560
 555.466851
 876.745951
 883.124129
1046.481598
1075.829760
1075.829760
1136.113073
1136.113073
1173.446664
1173.446664
1268.395220
1268.395220
1412.942376
1412.942376
1452.798629
1452.833845
1452.833845
1457.183359
1532.094677
1596.079494
1596.413951
1621.350680
 585.622613
 590.797603
 731.634069
 739.698416
 740.979688
 896.844167
1087.356717
1087.356717
1131.703021
1131.703021
1160.498080
1160.498080
1241.496181
1241.496181
1430.764672
1430.764672
1463.846293
1463.846293
1511.818476
1514.826640
1559.907856
1561.476820
1573.614814
1602.580859
 585.622613
 590.797603
 731.634069
 739.698416
 740.979688
 896.844167
1087.356717
1087.356717
1131.703021
1131.703021
1160.498080
1160.498080
1241.496181
1241.496181
1430.764672
1430.764672
1463.846293
1463.846293
1511.818476
1514.826640
1559.907856
1561.476820
1573.614814
1602.580859
 421.275274
 433.965560
 555.466851
 876.745951
 883.124129
1046.481598
1075.829760
1075.829760
1136.113073
1136.113073
1173.446664
1173.446664
1268.395220
1268.395220
1412.942376
1412.942376
1452.798629
1452.833845
1452.833845
1457.183359
1532.094677
1596.079494
1596.413951
1621.350680
 256.004570
 274.391645
 375.364848
 996.079304
1006.618820
1073.271548
1073.271548
1114.552511
1114.552511
1176.212700
1221.053505
1221.053505
1303.642797
1303.642797
1380.362763
1380.362763
1386.638975
1392.491801
1432.166805
1432.166805
1476.272168
1619.787342
1620.145295
1632.097540
 130.270519
 130.270519
 209.808577
1080.311949
1080.311949
1080.311949
1094.840252
1094.840252
1094.840252
1270.705113
1270.705113
1270.705113
1329.343022
1329.343022
1329.343022
1345.013286
1345.013286
1345.013286
1408.703041
1408.703041
1408.703041
1632.147663
1632.147663
1636.243721
 256.004570
 274.391645
 375.364848
 996.079304
1006.618820
1073.271548
1073.271548
1114.552511
1114.552511
1176.212700
1221.053505
1221.053505
1303.642797
1303.642797
1380.362763
1380.362763
1386.638975
1392.491801
1432.166805
1432.166805
1476.272168
1619.787342
1620.145295
1632.097540
 303.460248
 361.902763
 502.188209
 993.253465
 993.253465
1024.947257
1024.947257
1035.290352
1147.460848
1151.876761
1151.876761
1189.125258
1330.329340
1346.917783
1376.603431
1376.603431
1417.006689
1417.006689
1464.982956
1473.677806
1473.677806
1605.971803
1609.321243
1628.580624
 425.028022
 493.936325
 650.123203
 871.528691
 906.306518
 993.752094
1007.536660
1048.978728
1052.728036
1131.023666
1136.207277
1179.190951
1304.675390
1356.429489
1382.089930
1444.242912
1445.205962
1469.287642
1470.142309
1485.967975
1520.683714
1582.196141
1588.291291
1616.403128
 575.056342
 635.726046
 728.116506
 775.139378
 796.406705
 932.365742
 992.489877
 994.012371
1074.755169
1103.506992
1136.252680
1161.930844
1308.234636
1331.303178
1415.922175
1440.328027
1482.042227
1491.461902
1502.622669
1517.824132
1548.146652
1557.648899
1561.916062
1594.200104
 575.056342
 635.726046
 728.116506
 775.139378
 796.406705
 932.365742
 992.489877
 994.012371
1074.755169
1103.506992
1136.252680
1161.930844
1308.234636
1331.303178
1415.922175
1440.328027
1482.042227
1491.461902
1502.622669
1517.824132
1548.146652
1557.648899
1561.916062
1594.200104
 425.028022
 493.936325
 650.123203
 871.528691
 906.306518
 993.752094
1007.536660
1048.978728
1052.728036
1131.023666
1136.207277
1179.190951
1304.675390
1356.429489
1382.089930
1444.242912
1445.205962
1469.287642
1470.142309
1485.967975
1520.683714
1582.196141
1588.291291
1616.403128
 303.460248
 361.902763
 502.188209
 993.253465
 993.253465
1024.947257
1024.947257
1035.290352
1147.460848
1151.876761
1151.876761
1189.125258
1330.329340
1346.917783
1376.603431
1376.603431
1417.006689
1417.006689
1464.982956
1473.677806
1473.677806
1605.971803
1609.321243
1628.580624
 256.004570
 274.391645
 375.364848
 996.079304
1006.618820
1073.271548
1073.271548
1114.552511
1114.552511
1176.212700
1221.053505
1221.053505
1303.642797
1303.642797
1380.362763
1380.362763
1386.638975
1392.491801
1432.166805
1432.166805
1476.272168
1619.787342
1620.145295
1632.097540
 303.460248
 361.902763
 502.188209
 993.253465
 993.253465
1024.947257
1024.947257
1035.290352
1147.460848
1151.876761
1151.876761
1189.125258
1330.329340
1346.917783
1376.603431
1376.603431
1417.006689
1417.006689
1464.982956
1473.677806
1473.677806
1605.971803
1609.321243
1628.580624
 379.669964
 379.669964
 608.854890
 969.463765
 969.463765
 969.463765
1038.246941
1038.246941
1038.246941
1148.711013
1148.711013
1148.711013
1389.174027
1389.174027
1389.174027
1404.879644
1404.879644
1404.879644
1482.469444
1482.469444
1482.469444
1594.814544
1594.814544
1626.287076
 469.567028
 494.858838
 738.748302
 868.363960
 900.942466
 952.597637
 952.597637
1031.321671
1031.321671
1077.141277
1157.609392
1157.609392
1375.395749
1375.395749
1420.173230
1420.173230
1444.091130
1471.338302
1489.573434
1489.573434
1512.773519
1572.547853
1573.080444
1614.285508
 603.423969
 622.567470
 749.767983
 752.539179
 866.354336
 945.209312
 945.209312
 981.223992
1018.858713
1018.858713
1169.768490
1169.768490
1361.153396
1361.153396
1435.033197
1435.033197
1492.196284
1492.196284
1495.938759
1515.373056
1539.373941
1546.712609
1553.092978
1589.784123
 603.423969
 622.567470
 749.767983
 752.539179
 866.354336
 945.209312
 945.209312
 981.223992
1018.858713
1018.858713
1169.768490
1169.768490
1361.153396
1361.153396
1435.033197
1435.033197
1492.196284
1492.196284
1495.938759
1515.373056
1539.373941
1546.712609
1553.092978
1589.784123
 469.567028
 494.858838
 738.748302
 868.363960
 900.942466
 952.597637
 952.597637
1031.321671
1031.321671
1077.141277
1157.609392
1157.609392
1375.395749
1375.395749
1420.173230
1420.173230
1444.091130
1471.338302
1489.573434
1489.573434
1512.773519
1572.547853
1573.080444
1614.285508
 379.669964
 379.669964
 608.854890
 969.463765
 969.463765
 969.463765
1038.246941
1038.246941
1038.246941
1148.711013
1148.711013
1148.711013
1389.174027
1389.174027
1389.174027
1404.879644
1404.879644
1404.879644
1482.469444
1482.469444
1482.469444
1594.814544
1594.814544
1626.287076
 303.460248
 361.902763
 502.188209
 993.253465
 993.253465
1024.947257
1024.947257
1035.290352
1147.460848
1151.876761
1151.876761
1189.125258
1330.329340
1346.917783
1376.603431
1376.603431
1417.006689
1417.006689
1464.982956
1473.677806
1473.677806
1605.971803
1609.321243
1628.580624
 425.028022
 493.936325
 650.123203
 871.528691
 906.306518
 993.752094
1007.536660
1048.978728
1052.728036
1131.023666
1136.207277
1179.190951
1304.675390
1356.429489
1382.089930
1444.242912
1445.205962
1469.287642
1470.142309
1485.967975
1520.683714
1582.196141
1588.291291
1616.403128
 469.567028
 494.858838
 738.748302
 868.363960
 900.942466
 952.597637
 952.597637
1031.321671
1031.321671
1077.141277
1157.609392
1157.609392
1375.395749
1375.395749
1420.173230
1420.173230
1444.091130
1471.338302
1489.573434
1489.573434
1512.773519
1572.547853
1573.080444
1614.285508
 524.952045
 573.737467
 847.802181
 858.888057
 858.888057
 907.340114
 910.419718
 910.419718
 999.691983
1112.216983
1112.216983
1176.681466
1405.228402
1405.446090
1434.581759
1434.581759
1477.767397
1477.767397
1499.383078
1499.383078
1500.846860
1549.615115
1554.927521
1602.161018
 620.595739
 679.762214
 740.494739
 793.013988
 857.553193
 873.569913
 933.242596
 952.861972
 964.591372
1043.044200
1147.102026
1172.166385
1406.529241
1419.514177
1437.830779
1466.334556
1481.859075
1497.964433
1502.934639
1511.377620
1520.052122
1532.482220
1535.829308
1576.320926
 620.595739
 679.762214
 740.494739
 793.013988
 857.553193
 873.569913
 933.242596
 952.861972
 964.591372
1043.044200
1147.102026
1172.166385
1406.529241
1419.514177
1437.830779
1466.334556
1481.859075
1497.964433
1502.934639
1511.377620
1520.052122
1532.482220
1535.829308
1576.320926
 524.952045
 573.737467
 847.802181
 858.888057
 858.888057
 907.340114
 910.419718
 910.419718
 999.691983
1112.216983
1112.216983
1176.681466
1405.228402
1405.446090
1434.581759
1434.581759
1477.767397
1477.767397
1499.383078
1499.383078
1500.846860
1549.615115
1554.927521
1602.161018
 469.567028
 494.858838
 738.748302
 868.363960
 900.942466
 952.597637
 952.597637
1031.321671
1031.321671
1077.141277
1157.609392
1157.609392
1375.395749
1375.395749
1420.173230
1420.173230
1444.091130
1471.338302
1489.573434
1489.573434
1512.773519
1572.547853
1573.080444
1614.285508
 425.028022
 493.936325
 650.123203
 871.528691
 906.306518
 993.752094
1007.536660
1048.978728
1052.728036
1131.023666
1136.207277
1179.190951
1304.675390
1356.429489
1382.089930
1444.242912
1445.205962
1469.287642
1470.142309
1485.967975
1520.683714
1582.196141
1588.291291
1616.403128
 575.056342
 635.726046
 728.116506
 775.139378
 796.406705
 932.365742
 992.489877
 994.012371
1074.755169
1103.506992
1136.252680
1161.930844
1308.234636
1331.303178
1415.922175
1440.328027
1482.042227
1491.461902
1502.622669
1517.824132
1548.146652
1557.648899
1561.916062
1594.200104
 603.423969
 622.567470
 749.767983
 752.539179
 866.354336
 945.209312
 945.209312
 981.223992
1018.858713
1018.858713
1169.768490
1169.768490
1361.153396
1361.153396
1435.033197
1435.033197
1492.196284
1492.196284
1495.938759
1515.373056
1539.373941
1546.712609
1553.092978
1589.784123
 620.595739
 679.762214
 740.494739
 793.013988
 857.553193
 873.569913
 933.242596
 952.861972
 964.591372
1043.044200
1147.102026
1172.166385
1406.529241
1419.514177
1437.830779
1466.334556
1481.859075
1497.964433
1502.934639
1511.377620
1520.052122
1532.482220
1535.829308
1576.320926
 673.581193
 758.665273
 758.665273
 760.270505
 805.971983
 847.127089
 847.127089
 906.392932
1034.411869
1101.021867
1101.021867
1146.600390
1442.413115
1461.176041
1463.079130
1463.079130
1494.560938
1495.928728
1495.928728
1511.184806
1515.454870
1518.934738
1518.934738
1551.511414
 673.581193
 758.665273
 758.665273
 760.270505
 805.971983
 847.127089
 847.127089
 906.392932
1034.411869
1101.021867
1101.021867
1146.600390
1442.413115
1461.176041
1463.079130
1463.079130
1494.560938
1495.928728
1495.928728
1511.184806
1515.454870
1518.934738
1518.934738
1551.511414
 620.595739
 679.762214
 740.494739
 793.013988
 857.553193
 873.569913
 933.242596
 952.861972
 964.591372
1043.044200
1147.102026
1172.166385
1406.529241
1419.514177
1437.830779
1466.334556
1481.859075
1497.964433
1502.934639
1511.377620
1520.052122
1532.482220
1535.829308
1576.320926
 603.423969
 622.567470
 749.767983
 752.539179
 866.354336
 945.209312
 945.209312
 981.223992
1018.858713
1018.858713
1169.768490
1169.768490
1361.153396
1361.153396
1435.033197
1435.033197
1492.196284
1492.196284
1495.938759
1515.373056
1539.373941
1546.712609
1553.092978
1589.784123
 575.056342
 635.726046
 728.116506
 775.139378
 796.406705
 932.365742
 992.489877
 994.012371
1074.755169
1103.506992
1136.252680
1161.930844
1308.234636
1331.303178
1415.922175
1440.328027
1482.042227
1491.461902
1502.622669
1517.824132
1548.146652
1557.648899
1561.916062
1594.200104
 575.056342
 635.726046
 728.116506
 775.139378
 796.406705
 932.365742
 992.489877
 994.012371
1074.755169
1103.506992
1136.252680
1161.930844
1308.234636
1331.303178
1415.922175
1440.328027
1482.042227
1491.461902
1502.622669
1517.824132
1548.146652
1557.648899
1561.916062
1594.200104
 603.423969
 622.567470
 749.767983
 752.539179
 866.354336
 945.209312
 945.209312
 981.223992
1018.858713
1018.858713
1169.768490
1169.768490
1361.153396
1361.153396
1435.033197
1435.033197
1492.196284
1492.196284
1495.938759
1515.373056
1539.373941
1546.712609
1553.092978
1589.784123
 620.595739
 679.762214
 740.494739
 793.013988
 857.553193
 873.569913
 933.242596
 952.861972
 964.591372
1043.044200
1147.102026
1172.166385
1406.529241
1419.514177
1437.830779
1466.334556
1481.859075
1497.964433
1502.934639
1511.377620
1520.052122
1532.482220
1535.829308
1576.320926
 673.581193
 758.665273
 758.665273
 760.270505
 805.971983
 847.127089
 847.127089
 906.392932
1034.411869
1101.021867
1101.021867
1146.600390
1442.413115
1461.176041
1463.079130
1463.079130
1494.560938
1495.928728
1495.928728
1511.184806
1515.454870
1518.934738
1518.934738
1551.511414
 673.581193
 758.665273
 758.665273
 760.270505
 805.971983
 847.127089
 847.127089
 906.392932
1034.411869
1101.021867
1101.021867
1146.600390
1442.413115
1461.176041
1463.079130
1463.079130
1494.560938
1495.928728
1495.928728
1511.184806
1515.454870
1518.934738
1518.934738
1551.511414
 620.595739
 679.762214
 740.494739
 793.013988
 857.553193
 873.569913
 933.242596
 952.861972
 964.591372
1043.044200
1147.102026
1172.166385
1406.529241
1419.514177
1437.830779
1466.334556
1481.859075
1497.964433
1502.934639
1511.377620
1520.052122
1532.482220
1535.829308
1576.320926
 603.423969
 622.567470
 749.767983
 752.539179
 866.354336
 945.209312
 945.209312
 981.223992
1018.858713
1018.858713
1169.768490
1169.768490
1361.153396
1361.153396
1435.033197
1435.033197
1492.196284
1492.196284
1495.938759
1515.373056
1539.373941
1546.712609
1553.092978
1589.784123
 575.056342
 635.726046
 728.116506
 775.139378
 796.406705
 932.365742
 992.489877
 994.012371
1074.755169
1103.506992
1136.252680
1161.930844
1308.234636
1331.303178
1415.922175
1440.328027
1482.042227
1491.461902
1502.622669
1517.824132
1548.146652
1557.648899
1561.916062
1594.200104
 425.028022
 493.936325
 650.123203
 871.528691
 906.306518
 993.752094
1007.536660
1048.978728
1052.728036
1131.023666
1136.207277
1179.190951
1304.675390
1356.429489
1382.089930
1444.242912
1445.205962
1469.287642
1470.142309
1485.967975
1520.683714
1582.196141
1588.291291
1616.403128
 469.567028
 494.858838
 738.748302
 868.363960
 900.942466
 952.597637
 952.597637
1031.321671
1031.321671
1077.141277
1157.609392
1157.609392
1375.395749
1375.395749
1420.173230
1420.173230
1444.091130
1471.338302
1489.573434
1489.573434
1512.773519
1572.547853
1573.080444
1614.285508
 524.952045
 573.737467
 847.802181
 858.888057
 858.888057
 907.340114
 910.419718
 910.419718
 999.691983
1112.216983
1112.216983
1176.681466
1405.228402
1405.446090
1434.581759
1434.581759
1477.767397
1477.767397
1499.383078
1499.383078
1500.846860
1549.615115
1554.927521
1602.161018
 620.595739
 679.762214
 740.494739
 793.013988
 857.553193
 873.569913
 933.242596
 952.861972
 964.591372
1043.044200
1147.102026
1172.166385
1406.529241
1419.514177
1437.830779
1466.334556
1481.859075
1497.964433
1502.934639
1511.377620
1520.052122
1532.482220
1535.829308
1576.320926
 620.595739
 679.762214
 740.494739
 793.013988
 857.553193
 873.569913
 933.242596
 952.861972
 964.591372
1043.044200
1147.102026
1172.166385
1406.529241
1419.514177
1437.830779
1466.334556
1481.859075
1497.964433
1502.934639
1511.377620
1520.052122
1532.482220
1535.829308
1576.320926
 524.952045
 573.737467
 847.802181
 858.888057
 858.888057
 907.340114
 910.419718
 910.419718
 999.691983
1112.216983
1112.216983
1176.681466
1405.228402
1405.446090
1434.581759
1434.581759
1477.767397
1477.767397
1499.383078
1499.383078
1500.846860
1549.615115
1554.927521
1602.161018
 469.567028
 494.858838
 738.748302
 868.363960
 900.942466
 952.597637
 952.597637
1031.321671
1031.321671
1077.141277
1157.609392
1157.609392
1375.395749
1375.395749
1420.173230
1420.173230
1444.091130
1471.338302
1489.573434
1489.573434
1512.773519
1572.547853
1573.080444
1614.285508
 425.028022
 493.936325
 650.123203
 871.528691
 906.306518
 993.752094
1007.536660
1048.978728
1052.728036
1131.023666
1136.207277
1179.190951
1304.675390
1356.429489
1382.089930
1444.242912
1445.205962
1469.287642
1470.142309
1485.967975
1520.683714
1582.196141
1588.291291
1616.403128
 303.460248
 361.902763
 502.188209
 993.253465
 993.253465
1024.947257
1024.947257
1035.290352
1147.460848
1151.876761
1151.876761
1189.125258
1330.329340
1346.917783
1376.603431
1376.603431
1417.006689
1417.006689
1464.982956
1473.677806
1473.677806
1605.971803
1609.321243
1628.580624
 379.669964
 379.669964
 608.854890
 969.463765
 969.463765
 969.463765
1038.246941
1038.246941
1038.246941
1148.711013
1148.711013
1148.711013
1389.174027
1389.174027
1389.174027
1404.879644
1404.879644
1404.879644
1482.469444
1482.469444
1482.469444
1594.814544
1594.814544
1626.287076
 469.567028
 494.858838
 738.748302
 868.363960
 900.942466
 952.597637
 952.597637
1031.321671
1031.321671
1077.141277
1157.609392
1157.609392
1375.395749
1375.395749
1420.173230
1420.173230
1444.091130
1471.338302
1489.573434
1489.573434
1512.773519
1572.547853
1573.080444
1614.285508
 603.423969
 622.567470
 749.767983
 752.539179
 866.354336
 945.209312
 945.209312
 981.223992
1018.858713
1018.858713
1169.768490
1169.768490
1361.153396
1361.153396
1435.033197
1435.033197
1492.196284
1492.196284
1495.938759
1515.373056
1539.373941
1546.712609
1553.092978
1589.784123
 603.423969
 622.567470
 749.767983
 752.539179
 866.354336
 945.209312
 945.209312
 981.223992
1018.858713
1018.858713
1169.768490
1169.768490
1361.153396
1361.153396
1435.033197
1435.033197
1492.196284
1492.196284
1495.938759
1515.373056
1539.373941
1546.712609
1553.092978
1589.784123
 469.567028
 494.858838
 738.748302
 868.363960
 900.942466
 952.597637
 952.597637
1031.321671
1031.321671
1077.141277
1157.609392
1157.609392
1375.395749
1375.395749
1420.173230
1420.173230
1444.091130
1471.338302
1489.573434
1489.573434
1512.773519
1572.547853
1573.080444
1614.285508
 379.669964
 379.669964
 608.854890
 969.463765
 969.463765
 969.463765
1038.246941
1038.246941
1038.246941
1148.711013
1148.711013
1148.711013
1389.174027
1389.174027
1389.174027
1404.879644
1404.879644
1404.879644
1482.469444
1482.469444
1482.469444
1594.814544
1594.814544
1626.287076
 303.460248
 361.902763
 502.188209
 993.253465
 993.253465
1024.947257
1024.947257
1035.290352
1147.460848
1151.876761
1151.876761
1189.125258
1330.329340
1346.917783
1376.603431
1376.603431
1417.006689
1417.006689
1464.982956
1473.677806
1473.677806
1605.971803
1609.321243
1628.580624
 256.004570
 274.391645
 375.364848
 996.079304
1006.618820
1073.271548
1073.271548
1114.552511
1114.552511
1176.212700
1221.053505
1221.053505
1303.642797
1303.642797
1380.362763
1380.362763
1386.638975
1392.491801
1432.166805
1432.166805
1476.272168
1619.787342
1620.145295
1632.097540
 303.460248
 361.902763
 502.188209
 993.253465
 993.253465
1024.947257
1024.947257
1035.290352
1147.460848
1151.876761
1151.876761
1189.125258
1330.329340
1346.917783
1376.603431
1376.603431
1417.006689
1417.006689
1464.982956
1473.677806
1473.677806
1605.971803
1609.321243
1628.580624
 425.028022
 493.936325
 650.123203
 871.528691
 906.306518
 993.752094
1007.536660
1048.978728
1052.728036
1131.023666
1136.207277
1179.190951
1304.675390
1356.429489
1382.089930
1444.242912
1445.205962
1469.287642
1470.142309
1485.967975
1520.683714
1582.196141
1588.291291
1616.403128
 575.056342
 635.726046
 728.116506
 775.139378
 796.406705
 932.365742
 992.489877
 994.012371
1074.755169
1103.506992
1136.252680
1161.930844
1308.234636
1331.303178
1415.922175
1440.328027
1482.042227
1491.461902
1502.622669
1517.824132
1548.146652
1557.648899
1561.916062
1594.200104
 575.056342
 635.726046
 728.116506
 775.139378
 796.406705
 932.365742
 992.489877
 994.012371
1074.755169
1103.506992
1136.252680
1161.930844
1308.234636
1331.303178
1415.922175
1440.328027
1482.042227
1491.461902
1502.622669
1517.824132
1548.146652
1557.648899
1561.916062
1594.200104
 425.028022
 493.936325
 650.123203
 871.528691
 906.306518
 993.752094
1007.536660
1048.978728
1052.728036
1131.023666
1136.207277
1179.190951
1304.675390
1356.429489
1382.089930
1444.242912
1445.205962
1469.287642
1470.142309
1485.967975
1520.683714
1582.196141
1588.291291
1616.403128
 303.460248
 361.902763
 502.188209
 993.253465
 993.253465
1024.947257
1024.947257
1035.290352
1147.460848
1151.876761
1151.876761
1189.125258
1330.329340
1346.917783
1376.603431
1376.603431
1417.006689
1417.006689
1464.982956
1473.677806
1473.677806
1605.971803
1609.321243
1628.580624
 256.004570
 274.391645
 375.364848
 996.079304
1006.618820
1073.271548
1073.271548
1114.552511
1114.552511
1176.212700
1221.053505
1221.053505
1303.642797
1303.642797
1380.362763
1380.362763
1386.638975
1392.491801
1432.166805
1432.166805
1476.272168
1619.787342
1620.145295
1632.097540
 421.275274
 433.965560
 555.466851
 876.745951
 883.124129
1046.481598
1075.829760
1075.829760
1136.113073
1136.113073
1173.446664
1173.446664
1268.395220
1268.395220
1412.942376
1412.942376
1452.798629
1452.833845
1452.833845
1457.183359
1532.094677
1596.079494
1596.413951
1621.350680
 425.028022
 493.936325
 650.123203
 871.528691
 906.306518
 993.752094
1007.536660
1048.978728
1052.728036
1131.023666
1136.207277
1179.190951
1304.675390
1356.429489
1382.089930
1444.242912
1445.205962
1469.287642
1470.142309
1485.967975
1520.683714
1582.196141
1588.291291
1616.403128
 486.752039
 596.937672
 765.126915
 867.046771
 867.046771
 945.883555
 949.397750
 949.397750
1067.065802
1067.065802
1099.656991
1167.024761
1350.146282
1383.753321
1429.791777
1429.791777
1487.105944
1487.105944
1498.668095
1498.668095
1506.329526
1558.534551
1572.583395
1601.857049
 596.746041
 716.166622
 729.566787
 836.704819
 874.015807
 878.569352
 899.852037
 981.153691
1003.098033
1055.572153
1091.785995
1128.292071
1382.388221
1408.192810
1421.169025
1463.384764
1485.343984
1505.000125
1512.208327
1521.918917
1526.796780
1538.245738
1549.950861
1575.498760
 596.746041
 716.166622
 729.566787
 836.704819
 874.015807
 878.569352
 899.852037
 981.153691
1003.098033
1055.572153
1091.785995
1128.292071
1382.388221
1408.192810
1421.169025
1463.384764
1485.343984
1505.000125
1512.208327
1521.918917
1526.796780
1538.245738
1549.950861
1575.498760
 486.752039
 596.937672
 765.126915
 867.046771
 867.046771
 945.883555
 949.397750
 949.397750
1067.065802
1067.065802
1099.656991
1167.024761
1350.146282
1383.753321
1429.791777
1429.791777
1487.105944
1487.105944
1498.668095
1498.668095
1506.329526
1558.534551
1572.583395
1601.857049
 425.028022
 493.936325
 650.123203
 871.528691
 906.306518
 993.752094
1007.536660
1048.978728
1052.728036
1131.023666
1136.207277
1179.190951
1304.675390
1356.429489
1382.089930
1444.242912
1445.205962
1469.287642
1470.142309
1485.967975
1520.683714
1582.196141
1588.291291
1616.403128
 421.275274
 433.965560
 555.466851
 876.745951
 883.124129
1046.481598
1075.829760
1075.829760
1136.113073
1136.113073
1173.446664
1173.446664
1268.395220
1268.395220
1412.942376
1412.942376
1452.798629
1452.833845
1452.833845
1457.183359
1532.094677
1596.079494
1596.413951
1621.350680
 425.028022
 493.936325
 650.123203
 871.528691
 906.306518
 993.752094
1007.536660
1048.978728
1052.728036
1131.023666
1136.207277
1179.190951
1304.675390
1356.429489
1382.089930
1444.242912
1445.205962
1469.287642
1470.142309
1485.967975
1520.683714
1582.196141
1588.291291
1616.403128
 469.567028
 494.858838
 738.748302
 868.363960
 900.942466
 952.597637
 952.597637
1031.321671
1031.321671
1077.141277
1157.609392
1157.609392
1375.395749
1375.395749
1420.173230
1420.173230
1444.091130
1471.338302
1489.573434
1489.573434
1512.773519
1572.547853
1573.080444
1614.285508
 524.952045
 573.737467
 847.802181
 858.888057
 858.888057
 907.340114
 910.419718
 910.419718
 999.691983
1112.216983
1112.216983
1176.681466
1405.228402
1405.446090
1434.581759
1434.581759
1477.767397
1477.767397
1499.383078
1499.383078
1500.846860
1549.615115
1554.927521
1602.161018
 620.595739
 679.762214
 740.494739
 793.013988
 857.553193
 873.569913
 933.242596
 952.861972
 964.591372
1043.044200
1147.102026
1172.166385
1406.529241
1419.514177
1437.830779
1466.334556
1481.859075
1497.964433
1502.934639
1511.377620
1520.052122
1532.482220
1535.829308
1576.320926
 620.595739
 679.762214
 740.494739
 793.013988
 857.553193
 873.569913
 933.242596
 952.861972
 964.591372
1043.044200
1147.102026
1172.166385
1406.529241
1419.514177
1437.830779
1466.334556
1481.859075
1497.964433
1502.934639
1511.377620
1520.052122
1532.482220
1535.829308
1576.320926
 524.952045
 573.737467
 847.802181
 858.888057
 858.888057
 907.340114
 910.419718
 910.419718
 999.691983
1112.216983
1112.216983
1176.681466
1405.228402
1405.446090
1434.581759
1434.581759
1477.767397
1477.767397
1499.383078
1499.383078
1500.846860
1549.615115
1554.927521
1602.161018
 469.567028
 494.858838
 738.748302
 868.363960
 900.942466
 952.597637
 952.597637
1031.321671
1031.321671
1077.141277
1157.609392
1157.609392
1375.395749
1375.395749
1420.173230
1420.173230
1444.091130
1471.338302
1489.573434
1489.573434
1512.773519
1572.547853
1573.080444
1614.285508
 425.028022
 493.936325
 650.123203
 871.528691
 906.306518
 993.752094
1007.536660
1048.978728
1052.728036
1131.023666
1136.207277
1179.190951
1304.675390
1356.429489
1382.089930
1444.242912
1445.205962
1469.287642
1470.142309
1485.967975
1520.683714
1582.196141
1588.291291
1616.403128
 486.752039
 596.937672
 765.126915
 867.046771
 867.046771
 945.883555
 949.397750
 949.397750
1067.065802
1067.065802
1099.656991
1167.024761
1350.146282
1383.753321
1429.791777
1429.791777
1487.105944
1487.105944
1498.668095
1498.668095
1506.329526
1558.534551
1572.583395
1601.857049
 524.952045
 573.737467
 847.802181
 858.888057
 858.888057
 907.340114
 910.419718
 910.419718
 999.691983
1112.216983
1112.216983
1176.681466
1405.228402
1405.446090
1434.581759
1434.581759
1477.767397
1477.767397
1499.383078
1499.383078
1500.846860
1549.615115
1554.927521
1602.161018
 591.508459
 591.508459
 841.358574
 841.358574
 841.358574
 881.241923
 881.241923
 881.241923
 947.323395
1157.285242
1157.285242
1157.285242
1438.914636
1438.914636
1438.914636
1469.990225
1469.990225
1469.990225
1496.136020
1496.136020
1496.136020
1532.052418
1532.052418
1591.902962
 659.503988
 673.637762
 760.125579
 762.429151
 824.853689
 824.853689
 870.255054
 870.255054
1039.132677
1111.226806
1184.732296
1184.732296
1437.007324
1437.007324
1471.511283
1471.511283
1474.515320
1490.602799
1490.602799
1497.412467
1506.536520
1511.058514
1526.898313
1567.165720
 659.503988
 673.637762
 760.125579
 762.429151
 824.853689
 824.853689
 870.255054
 870.255054
1039.132677
1111.226806
1184.732296
1184.732296
1437.007324
1437.007324
1471.511283
1471.511283
1474.515320
1490.602799
1490.602799
1497.412467
1506.536520
1511.058514
1526.898313
1567.165720
 591.508459
 591.508459
 841.358574
 841.358574
 841.358574
 881.241923
 881.241923
 881.241923
 947.323395
1157.285242
1157.285242
1157.285242
1438.914636
1438.914636
1438.914636
1469.990225
1469.990225
1469.990225
1496.136020
1496.136020
1496.136020
1532.052418
1532.052418
1591.902962
 524.952045
 573.737467
 847.802181
 858.888057
 858.888057
 907.340114
 910.419718
 910.419718
 999.691983
1112.216983
1112.216983
1176.681466
1405.228402
1405.446090
1434.581759
1434.581759
1477.767397
1477.767397
1499.383078
1499.383078
1500.846860
1549.615115
1554.927521
1602.161018
 486.752039
 596.937672
 765.126915
 867.046771
 867.046771
 945.883555
 949.397750
 949.397750
1067.065802
1067.065802
1099.656991
1167.024761
1350.146282
1383.753321
1429.791777
1429.791777
1487.105944
1487.105944
1498.668095
1498.668095
1506.329526
1558.534551
1572.583395
1601.857049
 596.746041
 716.166622
 729.566787
 836.704819
 874.015807
 878.569352
 899.852037
 981.153691
1003.098033
1055.572153
1091.785995
1128.292071
1382.388221
1408.192810
1421.169025
1463.384764
1485.343984
1505.000125
1512.208327
1521.918917
1526.796780
1538.245738
1549.950861
1575.498760
 620.595739
 679.762214
 740.494739
 793.013988
 857.553193
 873.569913
 933.242596
 952.861972
 964.591372
1043.044200
1147.102026
1172.166385
1406.529241
1419.514177
1437.830779
1466.334556
1481.859075
1497.964433
1502.934639
1511.377620
1520.052122
1532.482220
1535.829308
1576.320926
 659.503988
 673.637762
 760.125579
 762.429151
 824.853689
 824.853689
 870.255054
 870.255054
1039.132677
1111.226806
1184.732296
1184.732296
1437.007324
1437.007324
1471.511283
1471.511283
1474.515320
1490.602799
1490.602799
1497.412467
1506.536520
1511.058514
1526.898313
1567.165720
 695.532969
 724.559407
 757.953282
 757.953282
 783.751837
 790.099840
 790.099840
 825.264075
1114.269518
1165.279937
1165.279937
1192.149032
1452.167823
1463.768583
1463.768583
1476.953151
1485.305614
1485.305614
1486.857765
1493.542262
1495.854557
1511.831008
1511.831008
1545.400554
 695.532969
 724.559407
 757.953282
 757.953282
 783.751837
 790.099840
 790.099840
 825.264075
1114.269518
1165.279937
1165.279937
1192.149032
1452.167823
1463.768583
1463.768583
1476.953151
1485.305614
1485.305614
1486.857765
1493.542262
1495.854557
1511.831008
1511.831008
1545.400554
 659.503988
 673.637762
 760.125579
 762.429151
 824.853689
 824.853689
 870.255054
 870.255054
1039.132677
1111.226806
1184.732296
1184.732296
1437.007324
1437.007324
1471.511283
1471.511283
1474.515320
1490.602799
1490.602799
1497.412467
1506.536520
1511.058514
1526.898313
1567.165720
 620.595739
 679.762214
 740.494739
 793.013988
 857.553193
 873.569913
 933.242596
 952.861972
 964.591372
1043.044200
1147.102026
1172.166385
1406.529241
1419.514177
1437.830779
1466.334556
1481.859075
1497.964433
1502.934639
1511.377620
1520.052122
1532.482220
1535.829308
1576.320926
 596.746041
 716.166622
 729.566787
 836.704819
 874.015807
 878.569352
 899.852037
 981.153691
1003.098033
1055.572153
1091.785995
1128.292071
1382.388221
1408.192810
1421.169025
1463.384764
1485.343984
1505.000125
1512.208327
1521.918917
1526.796780
1538.245738
1549.950861
1575.498760
 596.746041
 716.166622
 729.566787
 836.704819
 874.015807
 878.569352
 899.852037
 981.153691
1003.098033
1055.572153
1091.785995
1128.292071
1382.388221
1408.192810
1421.169025
1463.384764
1485.343984
1505.000125
1512.208327
1521.918917
1526.796780
1538.245738
1549.950861
1575.498760
 620.595739
 679.762214
 740.494739
 793.013988
 857.553193
 873.569913
 933.242596
 952.861972
 964.591372
1043.044200
1147.102026
1172.166385
1406.529241
1419.514177
1437.830779
1466.334556
1481.859075
1497.964433
1502.934639
1511.377620
1520.052122
1532.482220
1535.829308
1576.320926
 659.503988
 673.637762
 760.125579
 762.429151
 824.853689
 824.853689
 870.255054
 870.255054
1039.132677
1111.226806
1184.732296
1184.732296
1437.007324
1437.007324
1471.511283
1471.511283
1474.515320
1490.602799
1490.602799
1497.412467
1506.536520
1511.058514
1526.898313
1567.165720
 695.532969
 724.559407
 757.953282
 757.953282
 783.751837
 790.099840
 790.099840
 825.264075
1114.269518
1165.279937
1165.279937
1192.149032
1452.167823
1463.768583
1463.768583
1476.953151
1485.305614
1485.305614
1486.857765
1493.542262
1495.854557
1511.831008
1511.831008
1545.400554
 695.532969
 724.559407
 757.953282
 757.953282
 783.751837
 790.099840
 790.099840
 825.264075
1114.269518
1165.279937
1165.279937
1192.149032
1452.167823
1463.768583
1463.768583
1476.953151
1485.305614
1485.305614
1486.857765
1493.542262
1495.854557
1511.831008
1511.831008
1545.400554
 659.503988
 673.637762
 760.125579
 762.429151
 824.853689
 824.853689
 870.255054
 870.255054
1039.132677
1111.226806
1184.732296
1184.732296
1437.007324
1437.007324
1471.511283
1471.511283
1474.515320
1490.602799
1490.602799
1497.412467
1506.536520
1511.058514
1526.898313
1567.165720
 620.595739
 679.762214
 740.494739
 793.013988
 857.553193
 873.569913
 933.242596
 952.861972
 964.591372
1043.044200
1147.102026
1172.166385
1406.529241
1419.514177
1437.830779
1466.334556
1481.859075
1497.964433
1502.934639
1511.377620
1520.052122
1532.482220
1535.829308
1576.320926
 596.746041
 716.166622
 729.566787
 836.704819
 874.015807
 878.569352
 899.852037
 981.153691
1003.098033
1055.572153
1091.785995
1128.292071
1382.388221
1408.192810
1421.169025
1463.384764
1485.343984
1505.000125
1512.208327
1521.918917
1526.796780
1538.245738
1549.950861
1575.498760
 486.752039
 596.937672
 765.126915
 867.046771
 867.046771
 945.883555
 949.397750
 949.397750
1067.065802
1067.065802
1099.656991
1167.024761
1350.146282
1383.753321
1429.791777
1429.791777
1487.105944
1487.105944
1498.668095
1498.668095
1506.329526
1558.534551
1572.583395
1601.857049
 524.952045
 573.737467
 847.802181
 858.888057
 858.888057
 907.340114
 910.419718
 910.419718
 999.691983
1112.216983
1112.216983
1176.681466
1405.228402
1405.446090
1434.581759
1434.581759
1477.767397
1477.767397
1499.383078
1499.383078
1500.846860
1549.615115
1554.927521
1602.161018
 591.508459
 591.508459
 841.358574
 841.358574
 841.358574
 881.241923
 881.241923
 881.241923
 947.323395
1157.285242
1157.285242
1157.285242
1438.914636
1438.914636
1438.914636
1469.990225
1469.990225
1469.990225
1496.136020
1496.136020
1496.136020
1532.052418
1532.052418
1591.902962
 659.503988
 673.637762
 760.125579
 762.429151
 824.853689
 824.853689
 870.255054
 870.255054
1039.132677
1111.226806
1184.732296
1184.732296
1437.007324
1437.007324
1471.511283
1471.511283
1474.515320
1490.602799
1490.602799
1497.412467
1506.536520
1511.058514
1526.898313
1567.165720
 659.503988
 673.637762
 760.125579
 762.429151
 824.853689
 824.853689
 870.255054
 870.255054
1039.132677
1111.226806
1184.732296
1184.732296
1437.007324
1437.007324
1471.511283
1471.511283
1474.515320
1490.602799
1490.602799
1497.412467
1506.536520
1511.058514
1526.898313
1567.165720
 591.508459
 591.508459
 841.358574
 841.358574
 841.358574
 881.241923
 881.241923
 881.241923
 947.323395
1157.285242
1157.285242
1157.285242
1438.914636
1438.914636
1438.914636
1469.990225
1469.990225
1469.990225
1496.136020
1496.136020
1496.136020
1532.052418
1532.052418
1591.902962
 524.952045
 573.737467
 847.802181
 858.888057
 858.888057
 907.340114
 910.419718
 910.419718
 999.691983
1112.216983
1112.216983
1176.681466
1405.228402
1405.446090
1434.581759
1434.581759
1477.767397
1477.767397
1499.383078
1499.383078
1500.846860
1549.615115
1554.927521
1602.161018
 486.752039
 596.937672
 765.126915
 867.046771
 867.046771
 945.883555
 949.397750
 949.397750
1067.065802
1067.065802
1099.656991
1167.024761
1350.146282
1383.753321
1429.791777
1429.791777
1487.105944
1487.105944
1498.668095
1498.668095
1506.329526
1558.534551
1572.583395
1601.857049
 425.028022
 493.936325
 650.123203
 871.528691
 906.306518
 993.752094
1007.536660
1048.978728
1052.728036
1131.023666
1136.207277
1179.190951
1304.675390
1356.429489
1382.089930
1444.242912
1445.205962
1469.287642
1470.142309
1485.967975
1520.683714
1582.196141
1588.291291
1616.403128
 469.567028
 494.858838
 738.748302
 868.363960
 900.942466
 952.597637
 952.597637
1031.321671
1031.321671
1077.141277
1157.609392
1157.609392
1375.395749
1375.395749
1420.173230
1420.173230
1444.091130
1471.338302
1489.573434
1489.573434
1512.773519
1572.547853
1573.080444
1614.285508
 524.952045
 573.737467
 847.802181
 858.888057
 858.888057
 907.340114
 910.419718
 910.419718
 999.691983
1112.216983
1112.216983
1176.681466
1405.228402
1405.446090
1434.581759
1434.581759
1477.767397
1477.767397
1499.383078
1499.383078
1500.846860
1549.615115
1554.927521
1602.161018
 620.595739
 679.762214
 740.494739
 793.013988
 857.553193
 873.569913
 933.242596
 952.861972
 964.591372
1043.044200
1147.102026
1172.166385
1406.529241
1419.514177
1437.830779
1466.334556
1481.859075
1497.964433
1502.934639
1511.377620
1520.052122
1532.482220
1535.829308
1576.320926
 620.595739
 679.762214
 740.494739
 793.013988
 857.553193
 873.569913
 933.242596
 952.861972
 964.591372
1043.044200
1147.102026
1172.166385
1406.529241
1419.514177
1437.830779
1466.334556
1481.859075
1497.964433
1502.934639
1511.377620
1520.052122
1532.482220
1535.829308
1576.320926
 524.952045
 573.737467
 847.802181
 858.888057
 858.888057
 907.340114
 910.419718
 910.419718
 999.691983
1112.216983
1112.216983
1176.681466
1405.228402
1405.446090
1434.581759
1434.581759
1477.767397
1477.767397
1499.383078
1499.383078
1500.846860
1549.615115
1554.927521
1602.161018
 469.567028
 494.858838
 738.748302
 868.363960
 900.942466
 952.597637
 952.597637
1031.321671
1031.321671
1077.141277
1157.609392
1157.609392
1375.395749
1375.395749
1420.173230
1420.173230
1444.091130
1471.338302
1489.573434
1489.573434
1512.773519
1572.547853
1573.080444
1614.285508
 425.028022
 493.936325
 650.123203
 871.528691
 906.306518
 993.752094
1007.536660
1048.978728
1052.728036
1131.023666
1136.207277
1179.190951
1304.675390
1356.429489
1382.089930
1444.242912
1445.205962
1469.287642
1470.142309
1485.967975
1520.683714
1582.196141
1588.291291
1616.403128
 421.275274
 433.965560
 555.466851
 876.745951
 883.124129
1046.481598
1075.829760
1075.829760
1136.113073
1136.113073
1173.446664
1173.446664
1268.395220
1268.395220
1412.942376
1412.942376
1452.798629
1452.833845
1452.833845
1457.183359
1532.094677
1596.079494
1596.413951
1621.350680
 425.028022
 493.936325
 650.123203
 871.528691
 906.306518
 993.752094
1007.536660
1048.978728
1052.728036
1131.023666
1136.207277
1179.190951
1304.675390
1356.429489
1382.089930
1444.242912
1445.205962
1469.287642
1470.142309
1485.967975
1520.683714
1582.196141
1588.291291
1616.403128
 486.752039
 596.937672
 765.126915
 867.046771
 867.046771
 945.883555
 949.397750
 949.397750
1067.065802
1067.065802
1099.656991
1167.024761
1350.146282
1383.753321
1429.791777
1429.791777
1487.105944
1487.105944
1498.668095
1498.668095
1506.329526
1558.534551
1572.583395
1601.857049
 596.746041
 716.166622
 729.566787
 836.704819
 874.015807
 878.569352
 899.852037
 981.153691
1003.098033
1055.572153
1091.785995
1128.292071
1382.388221
1408.192810
1421.169025
1463.384764
1485.343984
1505.000125
1512.208327
1521.918917
1526.796780
1538.245738
1549.950861
1575.498760
 596.746041
 716.166622
 729.566787
 836.704819
 874.015807
 878.569352
 899.852037
 981.153691
1003.098033
1055.572153
1091.785995
1128.292071
1382.388221
1408.192810
1421.169025
1463.384764
1485.343984
1505.000125
1512.208327
1521.918917
1526.796780
1538.245738
1549.950861
1575.498760
 486.752039
 596.937672
 765.126915
 867.046771
 867.046771
 945.883555
 949.397750
 949.397750
1067.065802
1067.065802
1099.656991
1167.024761
1350.146282
1383.753321
1429.791777
1429.791777
1487.105944
1487.105944
1498.668095
1498.668095
1506.329526
1558.534551
1572.583395
1601.857049
 425.028022
 493.936325
 650.123203
 871.528691
 906.306518
 993.752094
1007.536660
1048.978728
1052.728036
1131.023666
1136.207277
1179.190951
1304.675390
1356.429489
1382.089930
1444.242912
1445.205962
1469.287642
1470.142309
1485.967975
1520.683714
1582.196141
1588.291291
1616.403128
 421.275274
 433.965560
 555.466851
 876.745951
 883.124129
1046.481598
1075.829760
1075.829760
1136.113073
1136.113073
1173.446664
1173.446664
1268.395220
1268.395220
1412.942376
1412.942376
1452.798629
1452.833845
1452.833845
1457.183359
1532.094677
1596.079494
1596.413951
1621.350680
 585.622613
 590.797603
 731.634069
 739.698416
 740.979688
 896.844167
1087.356717
1087.356717
1131.703021
1131.703021
1160.498080
1160.498080
1241.496181
1241.496181
1430.764672
1430.764672
1463.846293
1463.846293
1511.818476
1514.826640
1559.907856
1561.476820
1573.614814
1602.580859
 575.056342
 635.726046
 728.116506
 775.139378
 796.406705
 932.365742
 992.489877
 994.012371
1074.755169
1103.506992
1136.252680
1161.930844
1308.234636
1331.303178
1415.922175
1440.328027
1482.042227
1491.461902
1502.622669
1517.824132
1548.146652
1557.648899
1561.916062
1594.200104
 596.746041
 716.166622
 729.566787
 836.704819
 874.015807
 878.569352
 899.852037
 981.153691
1003.098033
1055.572153
1091.785995
1128.292071
1382.388221
1408.192810
1421.169025
1463.384764
1485.343984
1505.000125
1512.208327
1521.918917
1526.796780
1538.245738
1549.950861
1575.498760
 661.642207
 759.098686
 759.098686
 813.344847
 818.114566
 912.805939
 912.805939
 959.501308
 989.906749
1031.825086
1031.825086
1081.484695
1436.896324
1450.274088
1462.585294
1462.585294
1498.605203
1499.596796
1499.596796
1523.278226
1526.092296
1526.092296
1534.905712
1547.727911
 661.642207
 759.098686
 759.098686
 813.344847
 818.114566
 912.805939
 912.805939
 959.501308
 989.906749
1031.825086
1031.825086
1081.484695
1436.896324
1450.274088
1462.585294
1462.585294
1498.605203
1499.596796
1499.596796
1523.278226
1526.092296
1526.092296
1534.905712
1547.727911
 596.746041
 716.166622
 729.566787
 836.704819
 874.015807
 878.569352
 899.852037
 981.153691
1003.098033
1055.572153
1091.785995
1128.292071
1382.388221
1408.192810
1421.169025
1463.384764
1485.343984
1505.000125
1512.208327
1521.918917
1526.796780
1538.245738
1549.950861
1575.498760
 575.056342
 635.726046
 728.116506
 775.139378
 796.406705
 932.365742
 992.489877
 994.012371
1074.755169
1103.506992
1136.252680
1161.930844
1308.234636
1331.303178
1415.922175
1440.328027
1482.042227
1491.461902
1502.622669
1517.824132
1548.146652
1557.648899
1561.916062
1594.200104
 585.622613
 590.797603
 731.634069
 739.698416
 740.979688
 896.844167
1087.356717
1087.356717
1131.703021
1131.703021
1160.498080
1160.498080
1241.496181
1241.496181
1430.764672
1430.764672
1463.846293
1463.846293
1511.818476
1514.826640
1559.907856
1561.476820
1573.614814
1602.580859
 575.056342
 635.726046
 728.116506
 775.139378
 796.406705
 932.365742
 992.489877
 994.012371
1074.755169
1103.506992
1136.252680
1161.930844
1308.234636
1331.303178
1415.922175
1440.328027
1482.042227
1491.461902
1502.622669
1517.824132
1548.146652
1557.648899
1561.916062
1594.200104
 603.423969
 622.567470
 749.767983
 752.539179
 866.354336
 945.209312
 945.209312
 981.223992
1018.858713
1018.858713
1169.768490
1169.768490
1361.153396
1361.153396
1435.033197
1435.033197
1492.196284
1492.196284
1495.938759
1515.373056
1539.373941
1546.712609
1553.092978
1589.784123
 620.595739
 679.762214
 740.494739
 793.013988
 857.553193
 873.569913
 933.242596
 952.861972
 964.591372
1043.044200
1147.102026
1172.166385
1406.529241
1419.514177
1437.830779
1466.334556
1481.859075
1497.964433
1502.934639
1511.377620
1520.052122
1532.482220
1535.829308
1576.320926
 673.581193
 758.665273
 758.665273
 760.270505
 805.971983
 847.127089
 847.127089
 906.392932
1034.411869
1101.021867
1101.021867
1146.600390
1442.413115
1461.176041
1463.079130
1463.079130
1494.560938
1495.928728
1495.928728
1511.184806
1515.454870
1518.934738
1518.934738
1551.511414
 673.581193
 758.665273
 758.665273
 760.270505
 805.971983
 847.127089
 847.127089
 906.392932
1034.411869
1101.021867
1101.021867
1146.600390
1442.413115
1461.176041
1463.079130
1463.079130
1494.560938
1495.928728
1495.928728
1511.184806
1515.454870
1518.934738
1518.934738
1551.511414
 620.595739
 679.762214
 740.494739
 793.013988
 857.553193
 873.569913
 933.242596
 952.861972
 964.591372
1043.044200
1147.102026
1172.166385
1406.529241
1419.514177
1437.830779
1466.334556
1481.859075
1497.964433
1502.934639
1511.377620
1520.052122
1532.482220
1535.829308
1576.320926
 603.423969
 622.567470
 749.767983
 752.539179
 866.354336
 945.209312
 945.209312
 981.223992
1018.858713
1018.858713
1169.768490
1169.768490
1361.153396
1361.153396
1435.033197
1435.033197
1492.196284
1492.196284
1495.938759
1515.373056
1539.373941
1546.712609
1553.092978
1589.784123
 575.056342
 635.726046
 728.116506
 775.139378
 796.406705
 932.365742
 992.489877
 994.012371
1074.755169
1103.506992
1136.252680
1161.930844
1308.234636
1331.303178
1415.922175
1440.328027
1482.042227
1491.461902
1502.622669
1517.824132
1548.146652
1557.648899
1561.916062
1594.200104
 596.746041
 716.166622
 729.566787
 836.704819
 874.015807
 878.569352
 899.852037
 981.153691
1003.098033
1055.572153
1091.785995
1128.292071
1382.388221
1408.192810
1421.169025
1463.384764
1485.343984
1505.000125
1512.208327
1521.918917
1526.796780
1538.245738
1549.950861
1575.498760
 620.595739
 679.762214
 740.494739
 793.013988
 857.553193
 873.569913
 933.242596
 952.861972
 964.591372
1043.044200
1147.102026
1172.166385
1406.529241
1419.514177
1437.830779
1466.334556
1481.859075
1497.964433
1502.934639
1511.377620
1520.052122
1532.482220
1535.829308
1576.320926
 659.503988
 673.637762
 760.125579
 762.429151
 824.853689
 824.853689
 870.255054
 870.255054
1039.132677
1111.226806
1184.732296
1184.732296
1437.007324
1437.007324
1471.511283
1471.511283
1474.515320
1490.602799
1490.602799
1497.412467
1506.536520
1511.058514
1526.898313
1567.165720
 695.532969
 724.559407
 757.953282
 757.953282
 783.751837
 790.099840
 790.099840
 825.264075
1114.269518
1165.279937
1165.279937
1192.149032
1452.167823
1463.768583
1463.768583
1476.953151
1485.305614
1485.305614
1486.857765
1493.542262
1495.854557
1511.831008
1511.831008
1545.400554
 695.532969
 724.559407
 757.953282
 757.953282
 783.751837
 790.099840
 790.099840
 825.264075
1114.269518
1165.279937
1165.279937
1192.149032
1452.167823
1463.768583
1463.768583
1476.953151
1485.305614
1485.305614
1486.857765
1493.542262
1495.854557
1511.831008
1511.831008
1545.400554
 659.503988
 673.637762
 760.125579
 762.429151
 824.853689
 824.853689
 870.255054
 870.255054
1039.132677
1111.226806
1184.732296
1184.732296
1437.007324
1437.007324
1471.511283
1471.511283
1474.515320
1490.602799
1490.602799
1497.412467
1506.536520
1511.058514
1526.898313
1567.165720
 620.595739
 679.762214
 740.494739
 793.013988
 857.553193
 873.569913
 933.242596
 952.861972
 964.591372
1043.044200
1147.102026
1172.166385
1406.529241
1419.514177
1437.830779
1466.334556
1481.859075
1497.964433
1502.934639
1511.377620
1520.052122
1532.482220
1535.829308
1576.320926
 596.746041
 716.166622
 729.566787
 836.704819
 874.015807
 878.569352
 899.852037
 981.153691
1003.098033
1055.572153
1091.785995
1128.292071
1382.388221
1408.192810
1421.169025
1463.384764
1485.343984
1505.000125
1512.208327
1521.918917
1526.796780
1538.245738
1549.950861
1575.498760
 661.642207
 759.098686
 759.098686
 813.344847
 818.114566
 912.805939
 912.805939
 959.501308
 989.906749
1031.825086
1031.825086
1081.484695
1436.896324
1450.274088
1462.585294
1462.585294
1498.605203
1499.596796
1499.596796
1523.278226
1526.092296
1526.092296
1534.905712
1547.727911
 673.581193
 758.665273
 758.665273
 760.270505
 805.971983
 847.127089
 847.127089
 906.392932
1034.411869
1101.021867
1101.021867
1146.600390
1442.413115
1461.176041
1463.079130
1463.079130
1494.560938
1495.928728
1495.928728
1511.184806
1515.454870
1518.934738
1518.934738
1551.511414
 695.532969
 724.559407
 757.953282
 757.953282
 783.751837
 790.099840
 790.099840
 825.264075
1114.269518
1165.279937
1165.279937
1192.149032
1452.167823
1463.768583
1463.768583
1476.953151
1485.305614
1485.305614
1486.857765
1493.542262
1495.854557
1511.831008
1511.831008
1545.400554
 724.094509
 724.094509
 755.013751
 755.013751
 755.013751
 760.377395
 760.377395
 760.377395
1176.548180
1204.910708
1204.910708
1204.910708
1464.155562
1464.155562
1464.155562
1473.022193
1473.022193
1473.022193
1476.299536
1476.299536
1509.118034
1509.118034
1509.118034
1530.199925
 724.094509
 724.094509
 755.013751
 755.013751
 755.013751
 760.377395
 760.377395
 760.377395
1176.548180
1204.910708
1204.910708
1204.910708
1464.155562
1464.155562
1464.155562
1473.022193
1473.022193
1473.022193
1476.299536
1476.299536
1509.118034
1509.118034
1509.118034
1530.199925
 695.532969
 724.559407
 757.953282
 757.953282
 783.751837
 790.099840
 790.099840
 825.264075
1114.269518
1165.279937
1165.279937
1192.149032
1452.167823
1463.768583
1463.768583
1476.953151
1485.305614
1485.305614
1486.857765
1493.542262
1495.854557
1511.831008
1511.831008
1545.400554
 673.581193
 758.665273
 758.665273
 760.270505
 805.971983
 847.127089
 847.127089
 906.392932
1034.411869
1101.021867
1101.021867
1146.600390
1442.413115
1461.176041
1463.079130
1463.079130
1494.560938
1495.928728
1495.928728
1511.184806
1515.454870
1518.934738
1518.934738
1551.511414
 661.642207
 759.098686
 759.098686
 813.344847
 818.114566
 912.805939
 912.805939
 959.501308
 989.906749
1031.825086
1031.825086
1081.484695
1436.896324
1450.274088
1462.585294
1462.585294
1498.605203
1499.596796
1499.596796
1523.278226
1526.092296
1526.092296
1534.905712
1547.727911
 661.642207
 759.098686
 759.098686
 813.344847
 818.114566
 912.805939
 912.805939
 959.501308
 989.906749
1031.825086
1031.825086
1081.484695
1436.896324
1450.274088
1462.585294
1462.585294
1498.605203
1499.596796
1499.596796
1523.278226
1526.092296
1526.092296
1534.905712
1547.727911
 673.581193
 758.665273
 758.665273
 760.270505
 805.971983
 847.127089
 847.127089
 906.392932
1034.411869
1101.021867
1101.021867
1146.600390
1442.413115
1461.176041
1463.079130
1463.079130
1494.560938
1495.928728
1495.928728
1511.184806
1515.454870
1518.934738
1518.934738
1551.511414
 695.532969
 724.559407
 757.953282
 757.953282
 783.751837
 790.099840
 790.099840
 825.264075
1114.269518
1165.279937
1165.279937
1192.149032
1452.167823
1463.768583
1463.768583
1476.953151
1485.305614
1485.305614
1486.857765
1493.542262
1495.854557
1511.831008
1511.831008
1545.400554
 724.094509
 724.094509
 755.013751
 755.013751
 755.013751
 760.377395
 760.377395
 760.377395
1176.548180
1204.910708
1204.910708
1204.910708
1464.155562
1464.155562
1464.155562
1473.022193
1473.022193
1473.022193
1476.299536
1476.299536
1509.118034
1509.118034
1509.118034
1530.199925
 724.094509
 724.094509
 755.013751
 755.013751
 755.013751
 760.377395
 760.377395
 760.377395
1176.548180
1204.910708
1204.910708
1204.910708
1464.155562
1464.155562
1464.155562
1473.022193
1473.022193
1473.022193
1476.299536
1476.299536
1509.118034
1509.118034
1509.118034
1530.199925
 695.532969
 724.559407
 757.953282
 757.953282
 783.751837
 790.099840
 790.099840
 825.264075
1114.269518
1165.279937
1165.279937
1192.149032
1452.167823
1463.768583
1463.768583
1476.953151
1485.305614
1485.305614
1486.857765
1493.542262
1495.854557
1511.831008
1511.831008
1545.400554
 673.581193
 758.665273
 758.665273
 760.270505
 805.971983
 847.127089
 847.127089
 906.392932
1034.411869
1101.021867
1101.021867
1146.600390
1442.413115
1461.176041
1463.079130
1463.079130
1494.560938
1495.928728
1495.928728
1511.184806
1515.454870
1518.934738
1518.934738
1551.511414
 661.642207
 759.098686
 759.098686
 813.344847
 818.114566
 912.805939
 912.805939
 959.501308
 989.906749
1031.825086
1031.825086
1081.484695
1436.896324
1450.274088
1462.585294
1462.585294
1498.605203
1499.596796
1499.596796
1523.278226
1526.092296
1526.092296
1534.905712
1547.727911
 596.746041
 716.166622
 729.566787
 836.704819
 874.015807
 878.569352
 899.852037
 981.153691
1003.098033
1055.572153
1091.785995
1128.292071
1382.388221
1408.192810
1421.169025
1463.384764
1485.343984
1505.000125
1512.208327
1521.918917
1526.796780
1538.245738
1549.950861
1575.498760
 620.595739
 679.762214
 740.494739
 793.013988
 857.553193
 873.569913
 933.242596
 952.861972
 964.591372
1043.044200
1147.102026
1172.166385
1406.529241
1419.514177
1437.830779
1466.334556
1481.859075
1497.964433
1502.934639
1511.377620
1520.052122
1532.482220
1535.829308
1576.320926
 659.503988
 673.637762
 760.125579
 762.429151
 824.853689
 824.853689
 870.255054
 870.255054
1039.132677
1111.226806
1184.732296
1184.732296
1437.007324
1437.007324
1471.511283
1471.511283
1474.515320
1490.602799
1490.602799
1497.412467
1506.536520
1511.058514
1526.898313
1567.165720
 695.532969
 724.559407
 757.953282
 757.953282
 783.751837
 790.099840
 790.099840
 825.264075
1114.269518
1165.279937
1165.279937
1192.149032
1452.167823
1463.768583
1463.768583
1476.953151
1485.305614
1485.305614
1486.857765
1493.542262
1495.854557
1511.831008
1511.831008
1545.400554
 695.532969
 724.559407
 757.953282
 757.953282
 783.751837
 790.099840
 790.099840
 825.264075
1114.269518
1165.279937
1165.279937
1192.149032
1452.167823
1463.768583
1463.768583
1476.953151
1485.305614
1485.305614
1486.857765
1493.542262
1495.854557
1511.831008
1511.831008
1545.400554
 659.503988
 673.637762
 760.125579
 762.429151
 824.853689
 824.853689
 870.255054
 870.255054
1039.132677
1111.226806
1184.732296
1184.732296
1437.007324
1437.007324
1471.511283
1471.511283
1474.515320
1490.602799
1490.602799
1497.412467
1506.536520
1511.058514
1526.898313
1567.165720
 620.595739
 679.762214
 740.494739
 793.013988
 857.553193
 873.569913
 933.242596
 952.861972
 964.591372
1043.044200
1147.102026
1172.166385
1406.529241
1419.514177
1437.830779
1466.334556
1481.859075
1497.964433
1502.934639
1511.377620
1520.052122
1532.482220
1535.829308
1576.320926
 596.746041
 716.166622
 729.566787
 836.704819
 874.015807
 878.569352
 899.852037
 981.153691
1003.098033
1055.572153
1091.785995
1128.292071
1382.388221
1408.192810
1421.169025
1463.384764
1485.343984
1505.000125
1512.208327
1521.918917
1526.796780
1538.245738
1549.950861
1575.498760
 575.056342
 635.726046
 728.116506
 775.139378
 796.406705
 932.365742
 992.489877
 994.012371
1074.755169
1103.506992
1136.252680
1161.930844
1308.234636
1331.303178
1415.922175
1440.328027
1482.042227
1491.461902
1502.622669
1517.824132
1548.146652
1557.648899
1561.916062
1594.200104
 603.423969
 622.567470
 749.767983
 752.539179
 866.354336
 945.209312
 945.209312
 981.223992
1018.858713
1018.858713
1169.768490
1169.768490
1361.153396
1361.153396
1435.033197
1435.033197
1492.196284
1492.196284
1495.938759
1515.373056
1539.373941
1546.712609
1553.092978
1589.784123
 620.595739
 679.762214
 740.494739
 793.013988
 857.553193
 873.569913
 933.242596
 952.861972
 964.591372
1043.044200
1147.102026
1172.166385
1406.529241
1419.514177
1437.830779
1466.334556
1481.859075
1497.964433
1502.934639
1511.377620
1520.052122
1532.482220
1535.829308
1576.320926
 673.581193
 758.665273
 758.665273
 760.270505
 805.971983
 847.127089
 847.127089
 906.392932
1034.411869
1101.021867
1101.021867
1146.600390
1442.413115
1461.176041
1463.079130
1463.079130
1494.560938
1495.928728
1495.928728
1511.184806
1515.454870
1518.934738
1518.934738
1551.511414
 673.581193
 758.665273
 758.665273
 760.270505
 805.971983
 847.127089
 847.127089
 906.392932
1034.411869
1101.021867
1101.021867
1146.600390
1442.413115
1461.176041
1463.079130
1463.079130
1494.560938
1495.928728
1495.928728
1511.184806
1515.454870
1518.934738
1518.934738
1551.511414
 620.595739
 679.762214
 740.494739
 793.013988
 857.553193
 873.569913
 933.242596
 952.861972
 964.591372
1043.044200
1147.102026
1172.166385
1406.529241
1419.514177
1437.830779
1466.334556
1481.859075
1497.964433
1502.934639
1511.377620
1520.052122
1532.482220
1535.829308
1576.320926
 603.423969
 622.567470
 749.767983
 752.539179
 866.354336
 945.209312
 945.209312
 981.223992
1018.858713
1018.858713
1169.768490
1169.768490
1361.153396
1361.153396
1435.033197
1435.033197
1492.196284
1492.196284
1495.938759
1515.373056
1539.373941
1546.712609
1553.092978
1589.784123
 575.056342
 635.726046
 728.116506
 775.139378
 796.406705
 932.365742
 992.489877
 994.012371
1074.755169
1103.506992
1136.252680
1161.930844
1308.234636
1331.303178
1415.922175
1440.328027
1482.042227
1491.461902
1502.622669
1517.824132
1548.146652
1557.648899
1561.916062
1594.200104
 585.622613
 590.797603
 731.634069
 739.698416
 740.979688
 896.844167
1087.356717
1087.356717
1131.703021
1131.703021
1160.498080
1160.498080
1241.496181
1241.496181
1430.764672
1430.764672
1463.846293
1463.846293
1511.818476
1514.826640
1559.907856
1561.476820
1573.614814
1602.580859
 575.056342
 635.726046
 728.116506
 775.139378
 796.406705
 932.365742
 992.489877
 994.012371
1074.755169
1103.506992
1136.252680
1161.930844
1308.234636
1331.303178
1415.922175
1440.328027
1482.042227
1491.461902
1502.622669
1517.824132
1548.146652
1557.648899
1561.916062
1594.200104
 596.746041
 716.166622
 729.566787
 836.704819
 874.015807
 878.569352
 899.852037
 981.153691
1003.098033
1055.572153
1091.785995
1128.292071
1382.388221
1408.192810
1421.169025
1463.384764
1485.343984
1505.000125
1512.208327
1521.918917
1526.796780
1538.245738
1549.950861
1575.498760
 661.642207
 759.098686
 759.098686
 813.344847
 818.114566
 912.805939
 912.805939
 959.501308
 989.906749
1031.825086
1031.825086
1081.484695
1436.896324
1450.274088
1462.585294
1462.585294
1498.605203
1499.596796
1499.596796
1523.278226
1526.092296
1526.092296
1534.905712
1547.727911
 661.642207
 759.098686
 759.098686
 813.344847
 818.114566
 912.805939
 912.805939
 959.501308
 989.906749
1031.825086
1031.825086
1081.484695
1436.896324
1450.274088
1462.585294
1462.585294
1498.605203
1499.596796
1499.596796
1523.278226
1526.092296
1526.092296
1534.905712
1547.727911
 596.746041
 716.166622
 729.566787
 836.704819
 874.015807
 878.569352
 899.852037
 981.153691
1003.098033
1055.572153
1091.785995
1128.292071
1382.388221
1408.192810
1421.169025
1463.384764
1485.343984
1505.000125
1512.208327
1521.918917
1526.796780
1538.245738
1549.950861
1575.498760
 575.056342
 635.726046
 728.116506
 775.139378
 796.406705
 932.365742
 992.489877
 994.012371
1074.755169
1103.506992
1136.252680
1161.930844
1308.234636
1331.303178
1415.922175
1440.328027
1482.042227
1491.461902
1502.622669
1517.824132
1548.146652
1557.648899
1561.916062
1594.200104
 585.622613
 590.797603
 731.634069
 739.698416
 740.979688
 896.844167
1087.356717
1087.356717
1131.703021
1131.703021
1160.498080
1160.498080
1241.496181
1241.496181
1430.764672
1430.764672
1463.846293
1463.846293
1511.818476
1514.826640
1559.907856
1561.476820
1573.614814
1602.580859
