 123.857809
 123.857809
 193.415482
1030.957667
1030.957667
1030.957667
1042.190550
1042.190550
1042.190550
1173.089621
1173.089621
1173.089621
1211.395209
1211.395209
1211.395209
1241.137792
1241.137792
1241.137792
1307.262191
1307.262191
1307.262191
1514.979450
1514.979450
1519.415840
 242.730626
 257.936850
 347.339773
 941.833149
 949.531456
1023.243432
1023.243432
1054.624831
1054.624831
1095.486884
1129.531177
1129.531177
1199.743864
1199.743864
1272.818133
1272.818133
1275.369518
1282.732953
1321.914235
1321.914235
1372.674862
1502.931946
1503.564780
1516.075947
 396.869599
 407.271594
 515.663970
 825.368280
 830.087855
 974.778469
1021.926345
1021.926345
1065.601404
1065.601404
1088.934270
1088.934270
1180.402373
1180.402373
1302.078191
1302.078191
1337.024641
1337.024641
1342.185563
1346.716425
1424.799102
1480.560275
1480.638551
1506.580676
 550.252430
 554.501257
 680.456499
 694.914458
 695.783699
 834.963854
1029.102289
1029.102289
1055.047991
1055.047991
1076.262901
1076.262901
1167.477056
1167.477056
1318.452053
1318.452053
1345.426256
1345.426256
1399.781045
1402.495244
1446.060453
1447.198452
1463.134797
1489.623212
 550.252430
 554.501257
 680.456499
 694.914458
 695.783699
 834.963854
1029.102289
1029.102289
1055.047991
1055.047991
1076.262901
1076.262901
1167.477056
1167.477056
1318.452053
1318.452053
1345.426256
1345.426256
1399.781045
1402.495244
1446.060453
1447.198452
1463.134797
1489.623212
 396.869599
 407.271594
 515.663970
 825.368280
 830.087855
 974.778469
1021.926345
1021.926345
1065.601404
1065.601404
1088.934270
1088.934270
1180.402373
1180.402373
1302.078191
1302.078191
1337.024641
1337.024641
1342.185563
1346.716425
1424.799102
1480.560275
1480.638551
1506.580676
 242.730626
 257.936850
 347.339773
 941.833149
 949.531456
1023.243432
1023.243432
1054.624831
1054.624831
1095.486884
1129.531177
1129.531177
1199.743864
1199.743864
1272.818133
1272.818133
1275.369518
1282.732953
1321.914235
1321.914235
1372.674862
1502.931946
1503.564780
1516.075947
 123.857809
 123.857809
 193.415482
1030.957667
1030.957667
1030.957667
1042.190550
1042.190550
1042.190550
1173.089621
1173.089621
1173.089621
1211.395209
1211.395209
1211.395209
1241.137792
1241.137792
1241.137792
1307.262191
1307.262191
1307.262191
1514.979450
1514.979450
1519.415840
 242.730626
 257.936850
 347.339773
 941.833149
 949.531456
1023.243432
1023.243432
1054.624831
1054.624831
1095.486884
1129.531177
1129.531177
1199.743864
1199.743864
1272.818133
1272.818133
1275.369518
1282.732953
1321.914235
1321.914235
1372.674862
1502.931946
1503.564780
1516.075947
 291.171534
 339.655840
 463.653446
 939.942084
 939.942084
 962.962195
 962.962195
 989.980778
1071.218024
1073.527016
1073.527016
1104.394083
1228.044119
1249.652762
1269.667444
1269.667444
1306.000868
1306.000868
1348.199416
1367.993065
1367.993065
1488.957628
1493.062262
1514.068919
 405.805651
 462.681280
 601.288095
 822.591900
 849.798482
 941.051340
 962.854249
 980.320845
 981.336523
1053.422659
1054.862548
1090.389418
1222.575567
1257.784998
1277.134810
1333.864557
1335.169552
1356.948428
1358.852714
1366.175368
1415.216889
1465.684086
1472.686064
1504.027611
 545.580104
 595.234090
 688.096480
 726.068299
 738.344758
 866.418570
 942.067436
 947.049639
1003.156215
1027.922079
1053.027768
1070.890218
1227.818375
1242.460257
1309.991291
1334.782929
1362.276800
1370.835084
1389.845872
1403.966782
1433.104410
1442.764317
1454.673480
1484.395000
 545.580104
 595.234090
 688.096480
 726.068299
 738.344758
 866.418570
 942.067436
 947.049639
1003.156215
1027.922079
1053.027768
1070.890218
1227.818375
1242.460257
1309.991291
1334.782929
1362.276800
1370.835084
1389.845872
1403.966782
1433.104410
1442.764317
1454.673480
1484.395000
 405.805651
 462.681280
 601.288095
 822.591900
 849.798482
 941.051340
 962.854249
 980.320845
 981.336523
1053.422659
1054.862548
1090.389418
1222.575567
1257.784998
1277.134810
1333.864557
1335.169552
1356.948428
1358.852714
1366.175368
1415.216889
1465.684086
1472.686064
1504.027611
 291.171534
 339.655840
 463.653446
 939.942084
 939.942084
 962.962195
 962.962195
 989.980778
1071.218024
1073.527016
1073.527016
1104.394083
1228.044119
1249.652762
1269.667444
1269.667444
1306.000868
1306.000868
1348.199416
1367.993065
1367.993065
1488.957628
1493.062262
1514.068919
 242.730626
 257.936850
 347.339773
 941.833149
 949.531456
1023.243432
1023.243432
1054.624831
1054.624831
1095.486884
1129.531177
1129.531177
1199.743864
1199.743864
1272.818133
1272.818133
1275.369518
1282.732953
1321.914235
1321.914235
1372.674862
1502.931946
1503.564780
1516.075947
 396.869599
 407.271594
 515.663970
 825.368280
 830.087855
 974.778469
1021.926345
1021.926345
1065.601404
1065.601404
1088.934270
1088.934270
1180.402373
1180.402373
1302.078191
1302.078191
1337.024641
1337.024641
1342.185563
1346.716425
1424.799102
1480.560275
1480.638551
1506.580676
 405.805651
 462.681280
 601.288095
 822.591900
 849.798482
 941.051340
 962.854249
 980.320845
 981.336523
1053.422659
1054.862548
1090.389418
1222.575567
1257.784998
1277.134810
1333.864557
1335.169552
1356.948428
1358.852714
1366.175368
1415.216889
1465.684086
1472.686064
1504.027611
 467.330437
 557.712648
 707.449059
 822.235530
 822.235530
 886.998818
 886.998818
 905.993637
 992.170531
 992.170531
1022.202760
1073.090552
1265.068301
1283.210303
1321.679356
1321.679356
1372.325149
1372.325149
1384.855883
1395.775615
1395.775615
1441.627666
1457.056056
1492.869298
 571.150194
 668.312752
 694.732875
 780.866266
 813.425149
 833.225220
 861.097074
 910.229072
 934.482332
 982.301636
1011.568834
1040.065868
1283.536756
1303.452524
1326.938092
1366.194095
1371.384897
1385.664216
1391.019491
1405.675378
1410.436099
1434.307032
1436.832647
1470.481941
 571.150194
 668.312752
 694.732875
 780.866266
 813.425149
 833.225220
 861.097074
 910.229072
 934.482332
 982.301636
1011.568834
1040.065868
1283.536756
1303.452524
1326.938092
1366.194095
1371.384897
1385.664216
1391.019491
1405.675378
1410.436099
1434.307032
1436.832647
1470.481941
 467.330437
 557.712648
 707.449059
 822.235530
 822.235530
 886.998818
 886.998818
 905.993637
 992.170531
 992.170531
1022.202760
1073.090552
1265.068301
1283.210303
1321.679356
1321.679356
1372.325149
1372.325149
1384.855883
1395.775615
1395.775615
1441.627666
1457.056056
1492.869298
 405.805651
 462.681280
 601.288095
 822.591900
 849.798482
 941.051340
 962.854249
 980.320845
 981.336523
1053.422659
1054.862548
1090.389418
1222.575567
1257.784998
1277.134810
1333.864557
1335.169552
1356.948428
1358.852714
1366.175368
1415.216889
1465.684086
1472.686064
1504.027611
 396.869599
 407.271594
 515.663970
 825.368280
 830.087855
 974.778469
1021.926345
1021.926345
1065.601404
1065.601404
1088.934270
1088.934270
1180.402373
1180.402373
1302.078191
1302.078191
1337.024641
1337.024641
1342.185563
1346.716425
1424.799102
1480.560275
1480.638551
1506.580676
 550.252430
 554.501257
 680.456499
 694.914458
 695.783699
 834.963854
1029.102289
1029.102289
1055.047991
1055.047991
1076.262901
1076.262901
1167.477056
1167.477056
1318.452053
1318.452053
1345.426256
1345.426256
1399.781045
1402.495244
1446.060453
1447.198452
1463.134797
1489.623212
 545.580104
 595.234090
 688.096480
 726.068299
 738.344758
 866.418570
 942.067436
 947.049639
1003.156215
1027.922079
1053.027768
1070.890218
1227.818375
1242.460257
1309.991291
1334.782929
1362.276800
1370.835084
1389.845872
1403.966782
1433.104410
1442.764317
1454.673480
1484.395000
 571.150194
 668.312752
 694.732875
 780.866266
 813.425149
 833.225220
 861.097074
 910.229072
 934.482332
 982.301636
1011.568834
1040.065868
1283.536756
1303.452524
1326.938092
1366.194095
1371.384897
1385.664216
1391.019491
1405.675378
1410.436099
1434.307032
1436.832647
1470.481941
 634.935924
 726.787297
 726.787297
 757.333051
 784.457859
 849.471319
 849.471319
 888.308295
 920.388047
 955.653772
 955.653772
 999.368532
1319.084360
1347.089183
1347.089183
1366.265650
1381.478720
1400.834192
1400.834192
1403.413237
1412.727137
1412.727137
1421.077344
1445.724691
 634.935924
 726.787297
 726.787297
 757.333051
 784.457859
 849.471319
 849.471319
 888.308295
 920.388047
 955.653772
 955.653772
 999.368532
1319.084360
1347.089183
1347.089183
1366.265650
1381.478720
1400.834192
1400.834192
1403.413237
1412.727137
1412.727137
1421.077344
1445.724691
 571.150194
 668.312752
 694.732875
 780.866266
 813.425149
 833.225220
 861.097074
 910.229072
 934.482332
 982.301636
1011.568834
1040.065868
1283.536756
1303.452524
1326.938092
1366.194095
1371.384897
1385.664216
1391.019491
1405.675378
1410.436099
1434.307032
1436.832647
1470.481941
 545.580104
 595.234090
 688.096480
 726.068299
 738.344758
 866.418570
 942.067436
 947.049639
1003.156215
1027.922079
1053.027768
1070.890218
1227.818375
1242.460257
1309.991291
1334.782929
1362.276800
1370.835084
1389.845872
1403.966782
1433.104410
1442.764317
1454.673480
1484.395000
 550.252430
 554.501257
 680.456499
 694.914458
 695.783699
 834.963854
1029.102289
1029.102289
1055.047991
1055.047991
1076.262901
1076.262901
1167.477056
1167.477056
1318.452053
1318.452053
1345.426256
1345.426256
1399.781045
1402.495244
1446.060453
1447.198452
1463.134797
1489.623212
 550.252430
 554.501257
 680.456499
 694.914458
 695.783699
 834.963854
1029.102289
1029.102289
1055.047991
1055.047991
1076.262901
1076.262901
1167.477056
1167.477056
1318.452053
1318.452053
1345.426256
1345.426256
1399.781045
1402.495244
1446.060453
1447.198452
1463.134797
1489.623212
 545.580104
 595.234090
 688.096480
 726.068299
 738.344758
 866.418570
 942.067436
 947.049639
1003.156215
1027.922079
1053.027768
1070.890218
1227.818375
1242.460257
1309.991291
1334.782929
1362.276800
1370.835084
1389.845872
1403.966782
1433.104410
1442.764317
1454.673480
1484.395000
 571.150194
 668.312752
 694.732875
 780.866266
 813.425149
 833.225220
 861.097074
 910.229072
 934.482332
 982.301636
1011.568834
1040.065868
1283.536756
1303.452524
1326.938092
1366.194095
1371.384897
1385.664216
1391.019491
1405.675378
1410.436099
1434.307032
1436.832647
1470.481941
 634.935924
 726.787297
 726.787297
 757.333051
 784.457859
 849.471319
 849.471319
 888.308295
 920.388047
 955.653772
 955.653772
 999.368532
1319.084360
1347.089183
1347.089183
1366.265650
1381.478720
1400.834192
1400.834192
1403.413237
1412.727137
1412.727137
1421.077344
1445.724691
 634.935924
 726.787297
 726.787297
 757.333051
 784.457859
 849.471319
 849.471319
 888.308295
 920.388047
 955.653772
 955.653772
 999.368532
1319.084360
1347.089183
1347.089183
1366.265650
1381.478720
1400.834192
1400.834192
1403.413237
1412.727137
1412.727137
1421.077344
1445.724691
 571.150194
 668.312752
 694.732875
 780.866266
 813.425149
 833.225220
 861.097074
 910.229072
 934.482332
 982.301636
1011.568834
1040.065868
1283.536756
1303.452524
1326.938092
1366.194095
1371.384897
1385.664216
1391.019491
1405.675378
1410.436099
1434.307032
1436.832647
1470.481941
 545.580104
 595.234090
 688.096480
 726.068299
 738.344758
 866.418570
 942.067436
 947.049639
1003.156215
1027.922079
1053.027768
1070.890218
1227.818375
1242.460257
1309.991291
1334.782929
1362.276800
1370.835084
1389.845872
1403.966782
1433.104410
1442.764317
1454.673480
1484.395000
 550.252430
 554.501257
 680.456499
 694.914458
 695.783699
 834.963854
1029.102289
1029.102289
1055.047991
1055.047991
1076.262901
1076.262901
1167.477056
1167.477056
1318.452053
1318.452053
1345.426256
1345.426256
1399.781045
1402.495244
1446.060453
1447.198452
1463.134797
1489.623212
 396.869599
 407.271594
 515.663970
 825.368280
 830.087855
 974.778469
1021.926345
1021.926345
1065.601404
1065.601404
1088.934270
1088.934270
1180.402373
1180.402373
1302.078191
1302.078191
1337.024641
1337.024641
1342.185563
1346.716425
1424.799102
1480.560275
1480.638551
1506.580676
 405.805651
 462.681280
 601.288095
 822.591900
 849.798482
 941.051340
 962.854249
 980.320845
 981.336523
1053.422659
1054.862548
1090.389418
1222.575567
1257.784998
1277.134810
1333.864557
1335.169552
1356.948428
1358.852714
1366.175368
1415.216889
1465.684086
1472.686064
1504.027611
 467.330437
 557.712648
 707.449059
 822.235530
 822.235530
 886.998818
 886.998818
 905.993637
 992.170531
 992.170531
1022.202760
1073.090552
1265.068301
1283.210303
1321.679356
1321.679356
1372.325149
1372.325149
1384.855883
1395.775615
1395.775615
1441.627666
1457.056056
1492.869298
 571.150194
 668.312752
 694.732875
 780.866266
 813.425149
 833.225220
 861.097074
 910.229072
 934.482332
 982.301636
1011.568834
1040.065868
1283.536756
1303.452524
1326.938092
1366.194095
1371.384897
1385.664216
1391.019491
1405.675378
1410.436099
1434.307032
1436.832647
1470.481941
 571.150194
 668.312752
 694.732875
 780.866266
 813.425149
 833.225220
 861.097074
 910.229072
 934.482332
 982.301636
1011.568834
1040.065868
1283.536756
1303.452524
1326.938092
1366.194095
1371.384897
1385.664216
1391.019491
1405.675378
1410.436099
1434.307032
1436.832647
1470.481941
 467.330437
 557.712648
 707.449059
 822.235530
 822.235530
 886.998818
 886.998818
 905.993637
 992.170531
 992.170531
1022.202760
1073.090552
1265.068301
1283.210303
1321.679356
1321.679356
1372.325149
1372.325149
1384.855883
1395.775615
1395.775615
1441.627666
1457.056056
1492.869298
 405.805651
 462.681280
 601.288095
 822.591900
 849.798482
 941.051340
 962.854249
 980.320845
 981.336523
1053.422659
1054.862548
1090.389418
1222.575567
1257.784998
1277.134810
1333.864557
1335.169552
1356.948428
1358.852714
1366.175368
1415.216889
1465.684086
1472.686064
1504.027611
 396.869599
 407.271594
 515.663970
 825.368280
 830.087855
 974.778469
1021.926345
1021.926345
1065.601404
1065.601404
1088.934270
1088.934270
1180.402373
1180.402373
1302.078191
1302.078191
1337.024641
1337.024641
1342.185563
1346.716425
1424.799102
1480.560275
1480.638551
1506.580676
 242.730626
 257.936850
 347.339773
 941.833149
 949.531456
1023.243432
1023.243432
1054.624831
1054.624831
1095.486884
1129.531177
1129.531177
1199.743864
1199.743864
1272.818133
1272.818133
1275.369518
1282.732953
1321.914235
1321.914235
1372.674862
1502.931946
1503.564780
1516.075947
 291.171534
 339.655840
 463.653446
 939.942084
 939.942084
 962.962195
 962.962195
 989.980778
1071.218024
1073.527016
1073.527016
1104.394083
1228.044119
1249.652762
1269.667444
1269.667444
1306.000868
1306.000868
1348.199416
1367.993065
1367.993065
1488.957628
1493.062262
1514.068919
 405.805651
 462.681280
 601.288095
 822.591900
 849.798482
 941.051340
 962.854249
 980.320845
 981.336523
1053.422659
1054.862548
1090.389418
1222.575567
1257.784998
1277.134810
1333.864557
1335.169552
1356.948428
1358.852714
1366.175368
1415.216889
1465.684086
1472.686064
1504.027611
 545.580104
 595.234090
 688.096480
 726.068299
 738.344758
 866.418570
 942.067436
 947.049639
1003.156215
1027.922079
1053.027768
1070.890218
1227.818375
1242.460257
1309.991291
1334.782929
1362.276800
1370.835084
1389.845872
1403.966782
1433.104410
1442.764317
1454.673480
1484.395000
 545.580104
 595.234090
 688.096480
 726.068299
 738.344758
 866.418570
 942.067436
 947.049639
1003.156215
1027.922079
1053.027768
1070.890218
1227.818375
1242.460257
1309.991291
1334.782929
1362.276800
1370.835084
1389.845872
1403.966782
1433.104410
1442.764317
1454.673480
1484.395000
 405.805651
 462.681280
 601.288095
 822.591900
 849.798482
 941.051340
 962.854249
 980.320845
 981.336523
1053.422659
1054.862548
1090.389418
1222.575567
1257.784998
1277.134810
1333.864557
1335.169552
1356.948428
1358.852714
1366.175368
1415.216889
1465.684086
1472.686064
1504.027611
 291.171534
 339.655840
 463.653446
 939.942084
 939.942084
 962.962195
 962.962195
 989.980778
1071.218024
1073.527016
1073.527016
1104.394083
1228.044119
1249.652762
1269.667444
1269.667444
1306.000868
1306.000868
1348.199416
1367.993065
1367.993065
1488.957628
1493.062262
1514.068919
 242.730626
 257.936850
 347.339773
 941.833149
 949.531456
1023.243432
1023.243432
1054.624831
1054.624831
1095.486884
1129.531177
1129.531177
1199.743864
1199.743864
1272.818133
1272.818133
1275.369518
1282.732953
1321.914235
1321.914235
1372.674862
1502.931946
1503.564780
1516.075947
 123.857809
 123.857809
 193.415482
1030.957667
1030.957667
1030.957667
1042.190550
1042.190550
1042.190550
1173.089621
1173.089621
1173.089621
1211.395209
1211.395209
1211.395209
1241.137792
1241.137792
1241.137792
1307.262191
1307.262191
1307.262191
1514.979450
1514.979450
1519.415840
 242.730626
 257.936850
 347.339773
 941.833149
 949.531456
1023.243432
1023.243432
1054.624831
1054.624831
1095.486884
1129.531177
1129.531177
1199.743864
1199.743864
1272.818133
1272.818133
1275.369518
1282.732953
1321.914235
1321.914235
1372.674862
1502.931946
1503.564780
1516.075947
 396.869599
 407.271594
 515.663970
 825.368280
 830.087855
 974.778469
1021.926345
1021.926345
1065.601404
1065.601404
1088.934270
1088.934270
1180.402373
1180.402373
1302.078191
1302.078191
1337.024641
1337.024641
1342.185563
1346.716425
1424.799102
1480.560275
1480.638551
1506.580676
 550.252430
 554.501257
 680.456499
 694.914458
 695.783699
 834.963854
1029.102289
1029.102289
1055.047991
1055.047991
1076.262901
1076.262901
1167.477056
1167.477056
1318.452053
1318.452053
1345.426256
1345.426256
1399.781045
1402.495244
1446.060453
1447.198452
1463.134797
1489.623212
 550.252430
 554.501257
 680.456499
 694.914458
 695.783699
 834.963854
1029.102289
1029.102289
1055.047991
1055.047991
1076.262901
1076.262901
1167.477056
1167.477056
1318.452053
1318.452053
1345.426256
1345.426256
1399.781045
1402.495244
1446.060453
1447.198452
1463.134797
1489.623212
 396.869599
 407.271594
 515.663970
 825.368280
 830.087855
 974.778469
1021.926345
1021.926345
1065.601404
1065.601404
1088.934270
1088.934270
1180.402373
1180.402373
1302.078191
1302.078191
1337.024641
1337.024641
1342.185563
1346.716425
1424.799102
1480.560275
1480.638551
1506.580676
 242.730626
 257.936850
 347.339773
 941.833149
 949.531456
1023.243432
1023.243432
1054.624831
1054.624831
1095.486884
1129.531177
1129.531177
1199.743864
1199.743864
1272.818133
1272.818133
1275.369518
1282.732953
1321.914235
1321.914235
1372.674862
1502.931946
1503.564780
1516.075947
 123.857809
 123.857809
 193.415482
1030.957667
1030.957667
1030.957667
1042.190550
1042.190550
1042.190550
1173.089621
1173.089621
1173.089621
1211.395209
1211.395209
1211.395209
1241.137792
1241.137792
1241.137792
1307.262191
1307.262191
1307.262191
1514.979450
1514.979450
1519.415840
 242.730626
 257.936850
 347.339773
 941.833149
 949.531456
1023.243432
1023.243432
1054.624831
1054.624831
1095.486884
1129.531177
1129.531177
1199.743864
1199.743864
1272.818133
1272.818133
1275.369518
1282.732953
1321.914235
1321.914235
1372.674862
1502.931946
1503.564780
1516.075947
 291.171534
 339.655840
 463.653446
 939.942084
 939.942084
 962.962195
 962.962195
 989.980778
1071.218024
1073.527016
1073.527016
1104.394083
1228.044119
1249.652762
1269.667444
1269.667444
1306.000868
1306.000868
1348.199416
1367.993065
1367.993065
1488.957628
1493.062262
1514.068919
 405.805651
 462.681280
 601.288095
 822.591900
 849.798482
 941.051340
 962.854249
 980.320845
 981.336523
1053.422659
1054.862548
1090.389418
1222.575567
1257.784998
1277.134810
1333.864557
1335.169552
1356.948428
1358.852714
1366.175368
1415.216889
1465.684086
1472.686064
1504.027611
 545.580104
 595.234090
 688.096480
 726.068299
 738.344758
 866.418570
 942.067436
 947.049639
1003.156215
1027.922079
1053.027768
1070.890218
1227.818375
1242.460257
1309.991291
1334.782929
1362.276800
1370.835084
1389.845872
1403.966782
1433.104410
1442.764317
1454.673480
1484.395000
 545.580104
 595.234090
 688.096480
 726.068299
 738.344758
 866.418570
 942.067436
 947.049639
1003.156215
1027.922079
1053.027768
1070.890218
1227.818375
1242.460257
1309.991291
1334.782929
1362.276800
1370.835084
1389.845872
1403.966782
1433.104410
1442.764317
1454.673480
1484.395000
 405.805651
 462.681280
 601.288095
 822.591900
 849.798482
 941.051340
 962.854249
 980.320845
 981.336523
1053.422659
1054.862548
1090.389418
1222.575567
1257.784998
1277.134810
1333.864557
1335.169552
1356.948428
1358.852714
1366.175368
1415.216889
1465.684086
1472.686064
1504.027611
 291.171534
 339.655840
 463.653446
 939.942084
 939.942084
 962.962195
 962.962195
 989.980778
1071.218024
1073.527016
1073.527016
1104.394083
1228.044119
1249.652762
1269.667444
1269.667444
1306.000868
1306.000868
1348.199416
1367.993065
1367.993065
1488.957628
1493.062262
1514.068919
 242.730626
 257.936850
 347.339773
 941.833149
 949.531456
1023.243432
1023.243432
1054.624831
1054.624831
1095.486884
1129.531177
1129.531177
1199.743864
1199.743864
1272.818133
1272.818133
1275.369518
1282.732953
1321.914235
1321.914235
1372.674862
1502.931946
1503.564780
1516.075947
 291.171534
 339.655840
 463.653446
 939.942084
 939.942084
 962.962195
 962.962195
 989.980778
1071.218024
1073.527016
1073.527016
1104.394083
1228.044119
1249.652762
1269.667444
1269.667444
1306.000868
1306.000868
1348.199416
1367.993065
1367.993065
1488.957628
1493.062262
1514.068919
 361.480460
 361.480460
 560.489150
 921.143405
 921.143405
 921.143405
 971.350499
 971.350499
 971.350499
1068.540774
1068.540774
1068.540774
1274.936037
1274.936037
1274.936037
1309.397059
1309.397059
1309.397059
1370.604745
1370.604745
1370.604745
1478.274259
1478.274259
1513.260735
 447.743205
 468.624661
 680.429600
 821.744952
 846.188383
 906.870643
 906.870643
 965.478607
 965.478607
 999.268303
1069.700297
1069.700297
1272.293817
1272.293817
1323.494408
1323.494408
1331.348086
1361.862538
1372.281036
1372.281036
1408.306059
1456.371796
1456.903707
1503.796388
 572.374489
 588.254460
 708.338038
 709.980600
 799.486186
 900.096201
 900.096201
 907.726920
 955.878682
 955.878682
1074.129440
1074.129440
1267.737950
1267.737950
1336.688159
1336.688159
1371.430003
1371.430003
1382.663632
1399.399824
1424.915848
1429.949946
1449.767564
1482.806196
 572.374489
 588.254460
 708.338038
 709.980600
 799.486186
 900.096201
 900.096201
 907.726920
 955.878682
 955.878682
1074.129440
1074.129440
1267.737950
1267.737950
1336.688159
1336.688159
1371.430003
1371.430003
1382.663632
1399.399824
1424.915848
1429.949946
1449.767564
1482.806196
 447.743205
 468.624661
 680.429600
 821.744952
 846.188383
 906.870643
 906.870643
 965.478607
 965.478607
 999.268303
1069.700297
1069.700297
1272.293817
1272.293817
1323.494408
1323.494408
1331.348086
1361.862538
1372.281036
1372.281036
1408.306059
1456.371796
1456.903707
1503.796388
 361.480460
 361.480460
 560.489150
 921.143405
 921.143405
 921.143405
 971.350499
 971.350499
 971.350499
1068.540774
1068.540774
1068.540774
1274.936037
1274.936037
1274.936037
1309.397059
1309.397059
1309.397059
1370.604745
1370.604745
1370.604745
1478.274259
1478.274259
1513.260735
 291.171534
 339.655840
 463.653446
 939.942084
 939.942084
 962.962195
 962.962195
 989.980778
1071.218024
1073.527016
1073.527016
1104.394083
1228.044119
1249.652762
1269.667444
1269.667444
1306.000868
1306.000868
1348.199416
1367.993065
1367.993065
1488.957628
1493.062262
1514.068919
 405.805651
 462.681280
 601.288095
 822.591900
 849.798482
 941.051340
 962.854249
 980.320845
 981.336523
1053.422659
1054.862548
1090.389418
1222.575567
1257.784998
1277.134810
1333.864557
1335.169552
1356.948428
1358.852714
1366.175368
1415.216889
1465.684086
1472.686064
1504.027611
 447.743205
 468.624661
 680.429600
 821.744952
 846.188383
 906.870643
 906.870643
 965.478607
 965.478607
 999.268303
1069.700297
1069.700297
1272.293817
1272.293817
1323.494408
1323.494408
1331.348086
1361.862538
1372.281036
1372.281036
1408.306059
1456.371796
1456.903707
1503.796388
 502.778174
 542.811755
 779.802586
 816.075379
 816.075379
 856.402541
 856.402541
 867.053473
 937.681300
1026.225479
1026.225479
1078.899734
1288.394717
1322.700986
1322.700986
1327.859352
1370.620973
1370.620973
1381.629289
1394.582345
1394.582345
1432.962586
1439.248001
1494.831991
 593.414945
 641.731675
 705.095945
 747.612905
 818.188828
 835.388695
 876.737442
 878.024406
 906.503817
 960.870073
1052.688478
1072.316704
1299.221106
1310.967329
1349.532651
1367.383022
1373.405043
1380.256609
1384.004300
1393.506336
1403.960149
1416.324768
1438.371664
1473.373445
 593.414945
 641.731675
 705.095945
 747.612905
 818.188828
 835.388695
 876.737442
 878.024406
 906.503817
 960.870073
1052.688478
1072.316704
1299.221106
1310.967329
1349.532651
1367.383022
1373.405043
1380.256609
1384.004300
1393.506336
1403.960149
1416.324768
1438.371664
1473.373445
 502.778174
 542.811755
 779.802586
 816.075379
 816.075379
 856.402541
 856.402541
 867.053473
 937.681300
1026.225479
1026.225479
1078.899734
1288.394717
1322.700986
1322.700986
1327.859352
1370.620973
1370.620973
1381.629289
1394.582345
1394.582345
1432.962586
1439.248001
1494.831991
 447.743205
 468.624661
 680.429600
 821.744952
 846.188383
 906.870643
 906.870643
 965.478607
 965.478607
 999.268303
1069.700297
1069.700297
1272.293817
1272.293817
1323.494408
1323.494408
1331.348086
1361.862538
1372.281036
1372.281036
1408.306059
1456.371796
1456.903707
1503.796388
 405.805651
 462.681280
 601.288095
 822.591900
 849.798482
 941.051340
 962.854249
 980.320845
 981.336523
1053.422659
1054.862548
1090.389418
1222.575567
1257.784998
1277.134810
1333.864557
1335.169552
1356.948428
1358.852714
1366.175368
1415.216889
1465.684086
1472.686064
1504.027611
 545.580104
 595.234090
 688.096480
 726.068299
 738.344758
 866.418570
 942.067436
 947.049639
1003.156215
1027.922079
1053.027768
1070.890218
1227.818375
1242.460257
1309.991291
1334.782929
1362.276800
1370.835084
1389.845872
1403.966782
1433.104410
1442.764317
1454.673480
1484.395000
 572.374489
 588.254460
 708.338038
 709.980600
 799.486186
 900.096201
 900.096201
 907.726920
 955.878682
 955.878682
1074.129440
1074.129440
1267.737950
1267.737950
1336.688159
1336.688159
1371.430003
1371.430003
1382.663632
1399.399824
1424.915848
1429.949946
1449.767564
1482.806196
 593.414945
 641.731675
 705.095945
 747.612905
 818.188828
 835.388695
 876.737442
 878.024406
 906.503817
 960.870073
1052.688478
1072.316704
1299.221106
1310.967329
1349.532651
1367.383022
1373.405043
1380.256609
1384.004300
1393.506336
1403.960149
1416.324768
1438.371664
1473.373445
 646.200039
 716.490339
 726.454157
 726.454157
 772.666834
 797.593547
 797.593547
 852.558160
 950.307893
1010.696943
1010.696943
1049.652244
1324.769736
1347.134995
1347.134995
1370.374572
1377.454676
1385.168629
1385.168629
1399.848044
1400.548719
1420.216479
1420.216479
1452.660099
 646.200039
 716.490339
 726.454157
 726.454157
 772.666834
 797.593547
 797.593547
 852.558160
 950.307893
1010.696943
1010.696943
1049.652244
1324.769736
1347.134995
1347.134995
1370.374572
1377.454676
1385.168629
1385.168629
1399.848044
1400.548719
1420.216479
1420.216479
1452.660099
 593.414945
 641.731675
 705.095945
 747.612905
 818.188828
 835.388695
 876.737442
 878.024406
 906.503817
 960.870073
1052.688478
1072.316704
1299.221106
1310.967329
1349.532651
1367.383022
1373.405043
1380.256609
1384.004300
1393.506336
1403.960149
1416.324768
1438.371664
1473.373445
 572.374489
 588.254460
 708.338038
 709.980600
 799.486186
 900.096201
 900.096201
 907.726920
 955.878682
 955.878682
1074.129440
1074.129440
1267.737950
1267.737950
1336.688159
1336.688159
1371.430003
1371.430003
1382.663632
1399.399824
1424.915848
1429.949946
1449.767564
1482.806196
 545.580104
 595.234090
 688.096480
 726.068299
 738.344758
 866.418570
 942.067436
 947.049639
1003.156215
1027.922079
1053.027768
1070.890218
1227.818375
1242.460257
1309.991291
1334.782929
1362.276800
1370.835084
1389.845872
1403.966782
1433.104410
1442.764317
1454.673480
1484.395000
 545.580104
 595.234090
 688.096480
 726.068299
 738.344758
 866.418570
 942.067436
 947.049639
1003.156215
1027.922079
1053.027768
1070.890218
1227.818375
1242.460257
1309.991291
1334.782929
1362.276800
1370.835084
1389.845872
1403.966782
1433.104410
1442.764317
1454.673480
1484.395000
 572.374489
 588.254460
 708.338038
 709.980600
 799.486186
 900.096201
 900.096201
 907.726920
 955.878682
 955.878682
1074.129440
1074.129440
1267.737950
1267.737950
1336.688159
1336.688159
1371.430003
1371.430003
1382.663632
1399.399824
1424.915848
1429.949946
1449.767564
1482.806196
 593.414945
 641.731675
 705.095945
 747.612905
 818.188828
 835.388695
 876.737442
 878.024406
 906.503817
 960.870073
1052.688478
1072.316704
1299.221106
1310.967329
1349.532651
1367.383022
1373.405043
1380.256609
1384.004300
1393.506336
1403.960149
1416.324768
1438.371664
1473.373445
 646.200039
 716.490339
 726.454157
 726.454157
 772.666834
 797.593547
 797.593547
 852.558160
 950.307893
1010.696943
1010.696943
1049.652244
1324.769736
1347.134995
1347.134995
1370.374572
1377.454676
1385.168629
1385.168629
1399.848044
1400.548719
1420.216479
1420.216479
1452.660099
 646.200039
 716.490339
 726.454157
 726.454157
 772.666834
 797.593547
 797.593547
 852.558160
 950.307893
1010.696943
1010.696943
1049.652244
1324.769736
1347.134995
1347.134995
1370.374572
1377.454676
1385.168629
1385.168629
1399.848044
1400.548719
1420.216479
1420.216479
1452.660099
 593.414945
 641.731675
 705.095945
 747.612905
 818.188828
 835.388695
 876.737442
 878.024406
 906.503817
 960.870073
1052.688478
1072.316704
1299.221106
1310.967329
1349.532651
1367.383022
1373.405043
1380.256609
1384.004300
1393.506336
1403.960149
1416.324768
1438.371664
1473.373445
 572.374489
 588.254460
 708.338038
 709.980600
 799.486186
 900.096201
 900.096201
 907.726920
 955.878682
 955.878682
1074.129440
1074.129440
1267.737950
1267.737950
1336.688159
1336.688159
1371.430003
1371.430003
1382.663632
1399.399824
1424.915848
1429.949946
1449.767564
1482.806196
 545.580104
 595.234090
 688.096480
 726.068299
 738.344758
 866.418570
 942.067436
 947.049639
1003.156215
1027.922079
1053.027768
1070.890218
1227.818375
1242.460257
1309.991291
1334.782929
1362.276800
1370.835084
1389.845872
1403.966782
1433.104410
1442.764317
1454.673480
1484.395000
 405.805651
 462.681280
 601.288095
 822.591900
 849.798482
 941.051340
 962.854249
 980.320845
 981.336523
1053.422659
1054.862548
1090.389418
1222.575567
1257.784998
1277.134810
1333.864557
1335.169552
1356.948428
1358.852714
1366.175368
1415.216889
1465.684086
1472.686064
1504.027611
 447.743205
 468.624661
 680.429600
 821.744952
 846.188383
 906.870643
 906.870643
 965.478607
 965.478607
 999.268303
1069.700297
1069.700297
1272.293817
1272.293817
1323.494408
1323.494408
1331.348086
1361.862538
1372.281036
1372.281036
1408.306059
1456.371796
1456.903707
1503.796388
 502.778174
 542.811755
 779.802586
 816.075379
 816.075379
 856.402541
 856.402541
 867.053473
 937.681300
1026.225479
1026.225479
1078.899734
1288.394717
1322.700986
1322.700986
1327.859352
1370.620973
1370.620973
1381.629289
1394.582345
1394.582345
1432.962586
1439.248001
1494.831991
 593.414945
 641.731675
 705.095945
 747.612905
 818.188828
 835.388695
 876.737442
 878.024406
 906.503817
 960.870073
1052.688478
1072.316704
1299.221106
1310.967329
1349.532651
1367.383022
1373.405043
1380.256609
1384.004300
1393.506336
1403.960149
1416.324768
1438.371664
1473.373445
 593.414945
 641.731675
 705.095945
 747.612905
 818.188828
 835.388695
 876.737442
 878.024406
 906.503817
 960.870073
1052.688478
1072.316704
1299.221106
1310.967329
1349.532651
1367.383022
1373.405043
1380.256609
1384.004300
1393.506336
1403.960149
1416.324768
1438.371664
1473.373445
 502.778174
 542.811755
 779.802586
 816.075379
 816.075379
 856.402541
 856.402541
 867.053473
 937.681300
1026.225479
1026.225479
1078.899734
1288.394717
1322.700986
1322.700986
1327.859352
1370.620973
1370.620973
1381.629289
1394.582345
1394.582345
1432.962586
1439.248001
1494.831991
 447.743205
 468.624661
 680.429600
 821.744952
 846.188383
 906.870643
 906.870643
 965.478607
 965.478607
 999.268303
1069.700297
1069.700297
1272.293817
1272.293817
1323.494408
1323.494408
1331.348086
1361.862538
1372.281036
1372.281036
1408.306059
1456.371796
1456.903707
1503.796388
 405.805651
 462.681280
 601.288095
 822.591900
 849.798482
 941.051340
 962.854249
 980.320845
 981.336523
1053.422659
1054.862548
1090.389418
1222.575567
1257.784998
1277.134810
1333.864557
1335.169552
1356.948428
1358.852714
1366.175368
1415.216889
1465.684086
1472.686064
1504.027611
 291.171534
 339.655840
 463.653446
 939.942084
 939.942084
 962.962195
 962.962195
 989.980778
1071.218024
1073.527016
1073.527016
1104.394083
1228.044119
1249.652762
1269.667444
1269.667444
1306.000868
1306.000868
1348.199416
1367.993065
1367.993065
1488.957628
1493.062262
1514.068919
 361.480460
 361.480460
 560.489150
 921.143405
 921.143405
 921.143405
 971.350499
 971.350499
 971.350499
1068.540774
1068.540774
1068.540774
1274.936037
1274.936037
1274.936037
1309.397059
1309.397059
1309.397059
1370.604745
1370.604745
1370.604745
1478.274259
1478.274259
1513.260735
 447.743205
 468.624661
 680.429600
 821.744952
 846.188383
 906.870643
 906.870643
 965.478607
 965.478607
 999.268303
1069.700297
1069.700297
1272.293817
1272.293817
1323.494408
1323.494408
1331.348086
1361.862538
1372.281036
1372.281036
1408.306059
1456.371796
1456.903707
1503.796388
 572.374489
 588.254460
 708.338038
 709.980600
 799.486186
 900.096201
 900.096201
 907.726920
 955.878682
 955.878682
1074.129440
1074.129440
1267.737950
1267.737950
1336.688159
1336.688159
1371.430003
1371.430003
1382.663632
1399.399824
1424.915848
1429.949946
1449.767564
1482.806196
 572.374489
 588.254460
 708.338038
 709.980600
 799.486186
 900.096201
 900.096201
 907.726920
 955.878682
 955.878682
1074.129440
1074.129440
1267.737950
1267.737950
1336.688159
1336.688159
1371.430003
1371.430003
1382.663632
1399.399824
1424.915848
1429.949946
1449.767564
1482.806196
 447.743205
 468.624661
 680.429600
 821.744952
 846.188383
 906.870643
 906.870643
 965.478607
 965.478607
 999.268303
1069.700297
1069.700297
1272.293817
1272.293817
1323.494408
1323.494408
1331.348086
1361.862538
1372.281036
1372.281036
1408.306059
1456.371796
1456.903707
1503.796388
 361.480460
 361.480460
 560.489150
 921.143405
 921.143405
 921.143405
 971.350499
 971.350499
 971.350499
1068.540774
1068.540774
1068.540774
1274.936037
1274.936037
1274.936037
1309.397059
1309.397059
1309.397059
1370.604745
1370.604745
1370.604745
1478.274259
1478.274259
1513.260735
 291.171534
 339.655840
 463.653446
 939.942084
 939.942084
 962.962195
 962.962195
 989.980778
1071.218024
1073.527016
1073.527016
1104.394083
1228.044119
1249.652762
1269.667444
1269.667444
1306.000868
1306.000868
1348.199416
1367.993065
1367.993065
1488.957628
1493.062262
1514.068919
 242.730626
 257.936850
 347.339773
 941.833149
 949.531456
1023.243432
1023.243432
1054.624831
1054.624831
1095.486884
1129.531177
1129.531177
1199.743864
1199.743864
1272.818133
1272.818133
1275.369518
1282.732953
1321.914235
1321.914235
1372.674862
1502.931946
1503.564780
1516.075947
 291.171534
 339.655840
 463.653446
 939.942084
 939.942084
 962.962195
 962.962195
 989.980778
1071.218024
1073.527016
1073.527016
1104.394083
1228.044119
1249.652762
1269.667444
1269.667444
1306.000868
1306.000868
1348.199416
1367.993065
1367.993065
1488.957628
1493.062262
1514.068919
 405.805651
 462.681280
 601.288095
 822.591900
 849.798482
 941.051340
 962.854249
 980.320845
 981.336523
1053.422659
1054.862548
1090.389418
1222.575567
1257.784998
1277.134810
1333.864557
1335.169552
1356.948428
1358.852714
1366.175368
1415.216889
1465.684086
1472.686064
1504.027611
 545.580104
 595.234090
 688.096480
 726.068299
 738.344758
 866.418570
 942.067436
 947.049639
1003.156215
1027.922079
1053.027768
1070.890218
1227.818375
1242.460257
1309.991291
1334.782929
1362.276800
1370.835084
1389.845872
1403.966782
1433.104410
1442.764317
1454.673480
1484.395000
 545.580104
 595.234090
 688.096480
 726.068299
 738.344758
 866.418570
 942.067436
 947.049639
1003.156215
1027.922079
1053.027768
1070.890218
1227.818375
1242.460257
1309.991291
1334.782929
1362.276800
1370.835084
1389.845872
1403.966782
1433.104410
1442.764317
1454.673480
1484.395000
 405.805651
 462.681280
 601.288095
 822.591900
 849.798482
 941.051340
 962.854249
 980.320845
 981.336523
1053.422659
1054.862548
1090.389418
1222.575567
1257.784998
1277.134810
1333.864557
1335.169552
1356.948428
1358.852714
1366.175368
1415.216889
1465.684086
1472.686064
1504.027611
 291.171534
 339.655840
 463.653446
 939.942084
 939.942084
 962.962195
 962.962195
 989.980778
1071.218024
1073.527016
1073.527016
1104.394083
1228.044119
1249.652762
1269.667444
1269.667444
1306.000868
1306.000868
1348.199416
1367.993065
1367.993065
1488.957628
1493.062262
1514.068919
 242.730626
 257.936850
 347.339773
 941.833149
 949.531456
1023.243432
1023.243432
1054.624831
1054.624831
1095.486884
1129.531177
1129.531177
1199.743864
1199.743864
1272.818133
1272.818133
1275.369518
1282.732953
1321.914235
1321.914235
1372.674862
1502.931946
1503.564780
1516.075947
 396.869599
 407.271594
 515.663970
 825.368280
 830.087855
 974.778469
1021.926345
1021.926345
1065.601404
1065.601404
1088.934270
1088.934270
1180.402373
1180.402373
1302.078191
1302.078191
1337.024641
1337.024641
1342.185563
1346.716425
1424.799102
1480.560275
1480.638551
1506.580676
 405.805651
 462.681280
 601.288095
 822.591900
 849.798482
 941.051340
 962.854249
 980.320845
 981.336523
1053.422659
1054.862548
1090.389418
1222.575567
1257.784998
1277.134810
1333.864557
1335.169552
1356.948428
1358.852714
1366.175368
1415.216889
1465.684086
1472.686064
1504.027611
 467.330437
 557.712648
 707.449059
 822.235530
 822.235530
 886.998818
 886.998818
 905.993637
 992.170531
 992.170531
1022.202760
1073.090552
1265.068301
1283.210303
1321.679356
1321.679356
1372.325149
1372.325149
1384.855883
1395.775615
1395.775615
1441.627666
1457.056056
1492.869298
 571.150194
 668.312752
 694.732875
 780.866266
 813.425149
 833.225220
 861.097074
 910.229072
 934.482332
 982.301636
1011.568834
1040.065868
1283.536756
1303.452524
1326.938092
1366.194095
1371.384897
1385.664216
1391.019491
1405.675378
1410.436099
1434.307032
1436.832647
1470.481941
 571.150194
 668.312752
 694.732875
 780.866266
 813.425149
 833.225220
 861.097074
 910.229072
 934.482332
 982.301636
1011.568834
1040.065868
1283.536756
1303.452524
1326.938092
1366.194095
1371.384897
1385.664216
1391.019491
1405.675378
1410.436099
1434.307032
1436.832647
1470.481941
 467.330437
 557.712648
 707.449059
 822.235530
 822.235530
 886.998818
 886.998818
 905.993637
 992.170531
 992.170531
1022.202760
1073.090552
1265.068301
1283.210303
1321.679356
1321.679356
1372.325149
1372.325149
1384.855883
1395.775615
1395.775615
1441.627666
1457.056056
1492.869298
 405.805651
 462.681280
 601.288095
 822.591900
 849.798482
 941.051340
 962.854249
 980.320845
 981.336523
1053.422659
1054.862548
1090.389418
1222.575567
1257.784998
1277.134810
1333.864557
1335.169552
1356.948428
1358.852714
1366.175368
1415.216889
1465.684086
1472.686064
1504.027611
 396.869599
 407.271594
 515.663970
 825.368280
 830.087855
 974.778469
1021.926345
1021.926345
1065.601404
1065.601404
1088.934270
1088.934270
1180.402373
1180.402373
1302.078191
1302.078191
1337.024641
1337.024641
1342.185563
1346.716425
1424.799102
1480.560275
1480.638551
1506.580676
 405.805651
 462.681280
 601.288095
 822.591900
 849.798482
 941.051340
 962.854249
 980.320845
 981.336523
1053.422659
1054.862548
1090.389418
1222.575567
1257.784998
1277.134810
1333.864557
1335.169552
1356.948428
1358.852714
1366.175368
1415.216889
1465.684086
1472.686064
1504.027611
 447.743205
 468.624661
 680.429600
 821.744952
 846.188383
 906.870643
 906.870643
 965.478607
 965.478607
 999.268303
1069.700297
1069.700297
1272.293817
1272.293817
1323.494408
1323.494408
1331.348086
1361.862538
1372.281036
1372.281036
1408.306059
1456.371796
1456.903707
1503.796388
 502.778174
 542.811755
 779.802586
 816.075379
 816.075379
 856.402541
 856.402541
 867.053473
 937.681300
1026.225479
1026.225479
1078.899734
1288.394717
1322.700986
1322.700986
1327.859352
1370.620973
1370.620973
1381.629289
1394.582345
1394.582345
1432.962586
1439.248001
1494.831991
 593.414945
 641.731675
 705.095945
 747.612905
 818.188828
 835.388695
 876.737442
 878.024406
 906.503817
 960.870073
1052.688478
1072.316704
1299.221106
1310.967329
1349.532651
1367.383022
1373.405043
1380.256609
1384.004300
1393.506336
1403.960149
1416.324768
1438.371664
1473.373445
 593.414945
 641.731675
 705.095945
 747.612905
 818.188828
 835.388695
 876.737442
 878.024406
 906.503817
 960.870073
1052.688478
1072.316704
1299.221106
1310.967329
1349.532651
1367.383022
1373.405043
1380.256609
1384.004300
1393.506336
1403.960149
1416.324768
1438.371664
1473.373445
 502.778174
 542.811755
 779.802586
 816.075379
 816.075379
 856.402541
 856.402541
 867.053473
 937.681300
1026.225479
1026.225479
1078.899734
1288.394717
1322.700986
1322.700986
1327.859352
1370.620973
1370.620973
1381.629289
1394.582345
1394.582345
1432.962586
1439.248001
1494.831991
 447.743205
 468.624661
 680.429600
 821.744952
 846.188383
 906.870643
 906.870643
 965.478607
 965.478607
 999.268303
1069.700297
1069.700297
1272.293817
1272.293817
1323.494408
1323.494408
1331.348086
1361.862538
1372.281036
1372.281036
1408.306059
1456.371796
1456.903707
1503.796388
 405.805651
 462.681280
 601.288095
 822.591900
 849.798482
 941.051340
 962.854249
 980.320845
 981.336523
1053.422659
1054.862548
1090.389418
1222.575567
1257.784998
1277.134810
1333.864557
1335.169552
1356.948428
1358.852714
1366.175368
1415.216889
1465.684086
1472.686064
1504.027611
 467.330437
 557.712648
 707.449059
 822.235530
 822.235530
 886.998818
 886.998818
 905.993637
 992.170531
 992.170531
1022.202760
1073.090552
1265.068301
1283.210303
1321.679356
1321.679356
1372.325149
1372.325149
1384.855883
1395.775615
1395.775615
1441.627666
1457.056056
1492.869298
 502.778174
 542.811755
 779.802586
 816.075379
 816.075379
 856.402541
 856.402541
 867.053473
 937.681300
1026.225479
1026.225479
1078.899734
1288.394717
1322.700986
1322.700986
1327.859352
1370.620973
1370.620973
1381.629289
1394.582345
1394.582345
1432.962586
1439.248001
1494.831991
 564.859819
 564.859819
 802.198052
 802.198052
 802.198052
 832.862734
 832.862734
 832.862734
 868.841981
1060.276652
1060.276652
1060.276652
1323.142070
1323.142070
1323.142070
1369.009112
1369.009112
1369.009112
1392.581496
1392.581496
1392.581496
1415.845003
1415.845003
1488.015059
 630.369012
 642.019912
 724.055848
 725.364733
 788.624095
 788.624095
 824.274325
 824.274325
 951.946076
1017.773244
1080.450586
1080.450586
1322.510746
1322.510746
1359.074684
1368.690264
1368.690264
1378.572792
1390.819868
1390.850613
1390.850613
1393.917307
1434.921917
1468.340174
 630.369012
 642.019912
 724.055848
 725.364733
 788.624095
 788.624095
 824.274325
 824.274325
 951.946076
1017.773244
1080.450586
1080.450586
1322.510746
1322.510746
1359.074684
1368.690264
1368.690264
1378.572792
1390.819868
1390.850613
1390.850613
1393.917307
1434.921917
1468.340174
 564.859819
 564.859819
 802.198052
 802.198052
 802.198052
 832.862734
 832.862734
 832.862734
 868.841981
1060.276652
1060.276652
1060.276652
1323.142070
1323.142070
1323.142070
1369.009112
1369.009112
1369.009112
1392.581496
1392.581496
1392.581496
1415.845003
1415.845003
1488.015059
 502.778174
 542.811755
 779.802586
 816.075379
 816.075379
 856.402541
 856.402541
 867.053473
 937.681300
1026.225479
1026.225479
1078.899734
1288.394717
1322.700986
1322.700986
1327.859352
1370.620973
1370.620973
1381.629289
1394.582345
1394.582345
1432.962586
1439.248001
1494.831991
 467.330437
 557.712648
 707.449059
 822.235530
 822.235530
 886.998818
 886.998818
 905.993637
 992.170531
 992.170531
1022.202760
1073.090552
1265.068301
1283.210303
1321.679356
1321.679356
1372.325149
1372.325149
1384.855883
1395.775615
1395.775615
1441.627666
1457.056056
1492.869298
 571.150194
 668.312752
 694.732875
 780.866266
 813.425149
 833.225220
 861.097074
 910.229072
 934.482332
 982.301636
1011.568834
1040.065868
1283.536756
1303.452524
1326.938092
1366.194095
1371.384897
1385.664216
1391.019491
1405.675378
1410.436099
1434.307032
1436.832647
1470.481941
 593.414945
 641.731675
 705.095945
 747.612905
 818.188828
 835.388695
 876.737442
 878.024406
 906.503817
 960.870073
1052.688478
1072.316704
1299.221106
1310.967329
1349.532651
1367.383022
1373.405043
1380.256609
1384.004300
1393.506336
1403.960149
1416.324768
1438.371664
1473.373445
 630.369012
 642.019912
 724.055848
 725.364733
 788.624095
 788.624095
 824.274325
 824.274325
 951.946076
1017.773244
1080.450586
1080.450586
1322.510746
1322.510746
1359.074684
1368.690264
1368.690264
1378.572792
1390.819868
1390.850613
1390.850613
1393.917307
1434.921917
1468.340174
 666.961863
 690.469548
 725.908520
 725.908520
 751.194212
 751.686724
 751.686724
 784.141853
1017.871308
1062.680902
1062.680902
1085.020776
1334.760404
1347.155355
1347.155355
1363.844714
1367.591975
1367.591975
1369.769527
1377.174820
1408.682264
1424.597109
1424.597109
1451.998795
 666.961863
 690.469548
 725.908520
 725.908520
 751.194212
 751.686724
 751.686724
 784.141853
1017.871308
1062.680902
1062.680902
1085.020776
1334.760404
1347.155355
1347.155355
1363.844714
1367.591975
1367.591975
1369.769527
1377.174820
1408.682264
1424.597109
1424.597109
1451.998795
 630.369012
 642.019912
 724.055848
 725.364733
 788.624095
 788.624095
 824.274325
 824.274325
 951.946076
1017.773244
1080.450586
1080.450586
1322.510746
1322.510746
1359.074684
1368.690264
1368.690264
1378.572792
1390.819868
1390.850613
1390.850613
1393.917307
1434.921917
1468.340174
 593.414945
 641.731675
 705.095945
 747.612905
 818.188828
 835.388695
 876.737442
 878.024406
 906.503817
 960.870073
1052.688478
1072.316704
1299.221106
1310.967329
1349.532651
1367.383022
1373.405043
1380.256609
1384.004300
1393.506336
1403.960149
1416.324768
1438.371664
1473.373445
 571.150194
 668.312752
 694.732875
 780.866266
 813.425149
 833.225220
 861.097074
 910.229072
 934.482332
 982.301636
1011.568834
1040.065868
1283.536756
1303.452524
1326.938092
1366.194095
1371.384897
1385.664216
1391.019491
1405.675378
1410.436099
1434.307032
1436.832647
1470.481941
 571.150194
 668.312752
 694.732875
 780.866266
 813.425149
 833.225220
 861.097074
 910.229072
 934.482332
 982.301636
1011.568834
1040.065868
1283.536756
1303.452524
1326.938092
1366.194095
1371.384897
1385.664216
1391.019491
1405.675378
1410.436099
1434.307032
1436.832647
1470.481941
 593.414945
 641.731675
 705.095945
 747.612905
 818.188828
 835.388695
 876.737442
 878.024406
 906.503817
 960.870073
1052.688478
1072.316704
1299.221106
1310.967329
1349.532651
1367.383022
1373.405043
1380.256609
1384.004300
1393.506336
1403.960149
1416.324768
1438.371664
1473.373445
 630.369012
 642.019912
 724.055848
 725.364733
 788.624095
 788.624095
 824.274325
 824.274325
 951.946076
1017.773244
1080.450586
1080.450586
1322.510746
1322.510746
1359.074684
1368.690264
1368.690264
1378.572792
1390.819868
1390.850613
1390.850613
1393.917307
1434.921917
1468.340174
 666.961863
 690.469548
 725.908520
 725.908520
 751.194212
 751.686724
 751.686724
 784.141853
1017.871308
1062.680902
1062.680902
1085.020776
1334.760404
1347.155355
1347.155355
1363.844714
1367.591975
1367.591975
1369.769527
1377.174820
1408.682264
1424.597109
1424.597109
1451.998795
 666.961863
 690.469548
 725.908520
 725.908520
 751.194212
 751.686724
 751.686724
 784.141853
1017.871308
1062.680902
1062.680902
1085.020776
1334.760404
1347.155355
1347.155355
1363.844714
1367.591975
1367.591975
1369.769527
1377.174820
1408.682264
1424.597109
1424.597109
1451.998795
 630.369012
 642.019912
 724.055848
 725.364733
 788.624095
 788.624095
 824.274325
 824.274325
 951.946076
1017.773244
1080.450586
1080.450586
1322.510746
1322.510746
1359.074684
1368.690264
1368.690264
1378.572792
1390.819868
1390.850613
1390.850613
1393.917307
1434.921917
1468.340174
 593.414945
 641.731675
 705.095945
 747.612905
 818.188828
 835.388695
 876.737442
 878.024406
 906.503817
 960.870073
1052.688478
1072.316704
1299.221106
1310.967329
1349.532651
1367.383022
1373.405043
1380.256609
1384.004300
1393.506336
1403.960149
1416.324768
1438.371664
1473.373445
 571.150194
 668.312752
 694.732875
 780.866266
 813.425149
 833.225220
 861.097074
 910.229072
 934.482332
 982.301636
1011.568834
1040.065868
1283.536756
1303.452524
1326.938092
1366.194095
1371.384897
1385.664216
1391.019491
1405.675378
1410.436099
1434.307032
1436.832647
1470.481941
 467.330437
 557.712648
 707.449059
 822.235530
 822.235530
 886.998818
 886.998818
 905.993637
 992.170531
 992.170531
1022.202760
1073.090552
1265.068301
1283.210303
1321.679356
1321.679356
1372.325149
1372.325149
1384.855883
1395.775615
1395.775615
1441.627666
1457.056056
1492.869298
 502.778174
 542.811755
 779.802586
 816.075379
 816.075379
 856.402541
 856.402541
 867.053473
 937.681300
1026.225479
1026.225479
1078.899734
1288.394717
1322.700986
1322.700986
1327.859352
1370.620973
1370.620973
1381.629289
1394.582345
1394.582345
1432.962586
1439.248001
1494.831991
 564.859819
 564.859819
 802.198052
 802.198052
 802.198052
 832.862734
 832.862734
 832.862734
 868.841981
1060.276652
1060.276652
1060.276652
1323.142070
1323.142070
1323.142070
1369.009112
1369.009112
1369.009112
1392.581496
1392.581496
1392.581496
1415.845003
1415.845003
1488.015059
 630.369012
 642.019912
 724.055848
 725.364733
 788.624095
 788.624095
 824.274325
 824.274325
 951.946076
1017.773244
1080.450586
1080.450586
1322.510746
1322.510746
1359.074684
1368.690264
1368.690264
1378.572792
1390.819868
1390.850613
1390.850613
1393.917307
1434.921917
1468.340174
 630.369012
 642.019912
 724.055848
 725.364733
 788.624095
 788.624095
 824.274325
 824.274325
 951.946076
1017.773244
1080.450586
1080.450586
1322.510746
1322.510746
1359.074684
1368.690264
1368.690264
1378.572792
1390.819868
1390.850613
1390.850613
1393.917307
1434.921917
1468.340174
 564.859819
 564.859819
 802.198052
 802.198052
 802.198052
 832.862734
 832.862734
 832.862734
 868.841981
1060.276652
1060.276652
1060.276652
1323.142070
1323.142070
1323.142070
1369.009112
1369.009112
1369.009112
1392.581496
1392.581496
1392.581496
1415.845003
1415.845003
1488.015059
 502.778174
 542.811755
 779.802586
 816.075379
 816.075379
 856.402541
 856.402541
 867.053473
 937.681300
1026.225479
1026.225479
1078.899734
1288.394717
1322.700986
1322.700986
1327.859352
1370.620973
1370.620973
1381.629289
1394.582345
1394.582345
1432.962586
1439.248001
1494.831991
 467.330437
 557.712648
 707.449059
 822.235530
 822.235530
 886.998818
 886.998818
 905.993637
 992.170531
 992.170531
1022.202760
1073.090552
1265.068301
1283.210303
1321.679356
1321.679356
1372.325149
1372.325149
1384.855883
1395.775615
1395.775615
1441.627666
1457.056056
1492.869298
 405.805651
 462.681280
 601.288095
 822.591900
 849.798482
 941.051340
 962.854249
 980.320845
 981.336523
1053.422659
1054.862548
1090.389418
1222.575567
1257.784998
1277.134810
1333.864557
1335.169552
1356.948428
1358.852714
1366.175368
1415.216889
1465.684086
1472.686064
1504.027611
 447.743205
 468.624661
 680.429600
 821.744952
 846.188383
 906.870643
 906.870643
 965.478607
 965.478607
 999.268303
1069.700297
1069.700297
1272.293817
1272.293817
1323.494408
1323.494408
1331.348086
1361.862538
1372.281036
1372.281036
1408.306059
1456.371796
1456.903707
1503.796388
 502.778174
 542.811755
 779.802586
 816.075379
 816.075379
 856.402541
 856.402541
 867.053473
 937.681300
1026.225479
1026.225479
1078.899734
1288.394717
1322.700986
1322.700986
1327.859352
1370.620973
1370.620973
1381.629289
1394.582345
1394.582345
1432.962586
1439.248001
1494.831991
 593.414945
 641.731675
 705.095945
 747.612905
 818.188828
 835.388695
 876.737442
 878.024406
 906.503817
 960.870073
1052.688478
1072.316704
1299.221106
1310.967329
1349.532651
1367.383022
1373.405043
1380.256609
1384.004300
1393.506336
1403.960149
1416.324768
1438.371664
1473.373445
 593.414945
 641.731675
 705.095945
 747.612905
 818.188828
 835.388695
 876.737442
 878.024406
 906.503817
 960.870073
1052.688478
1072.316704
1299.221106
1310.967329
1349.532651
1367.383022
1373.405043
1380.256609
1384.004300
1393.506336
1403.960149
1416.324768
1438.371664
1473.373445
 502.778174
 542.811755
 779.802586
 816.075379
 816.075379
 856.402541
 856.402541
 867.053473
 937.681300
1026.225479
1026.225479
1078.899734
1288.394717
1322.700986
1322.700986
1327.859352
1370.620973
1370.620973
1381.629289
1394.582345
1394.582345
1432.962586
1439.248001
1494.831991
 447.743205
 468.624661
 680.429600
 821.744952
 846.188383
 906.870643
 906.870643
 965.478607
 965.478607
 999.268303
1069.700297
1069.700297
1272.293817
1272.293817
1323.494408
1323.494408
1331.348086
1361.862538
1372.281036
1372.281036
1408.306059
1456.371796
1456.903707
1503.796388
 405.805651
 462.681280
 601.288095
 822.591900
 849.798482
 941.051340
 962.854249
 980.320845
 981.336523
1053.422659
1054.862548
1090.389418
1222.575567
1257.784998
1277.134810
1333.864557
1335.169552
1356.948428
1358.852714
1366.175368
1415.216889
1465.684086
1472.686064
1504.027611
 396.869599
 407.271594
 515.663970
 825.368280
 830.087855
 974.778469
1021.926345
1021.926345
1065.601404
1065.601404
1088.934270
1088.934270
1180.402373
1180.402373
1302.078191
1302.078191
1337.024641
1337.024641
1342.185563
1346.716425
1424.799102
1480.560275
1480.638551
1506.580676
 405.805651
 462.681280
 601.288095
 822.591900
 849.798482
 941.051340
 962.854249
 980.320845
 981.336523
1053.422659
1054.862548
1090.389418
1222.575567
1257.784998
1277.134810
1333.864557
1335.169552
1356.948428
1358.852714
1366.175368
1415.216889
1465.684086
1472.686064
1504.027611
 467.330437
 557.712648
 707.449059
 822.235530
 822.235530
 886.998818
 886.998818
 905.993637
 992.170531
 992.170531
1022.202760
1073.090552
1265.068301
1283.210303
1321.679356
1321.679356
1372.325149
1372.325149
1384.855883
1395.775615
1395.775615
1441.627666
1457.056056
1492.869298
 571.150194
 668.312752
 694.732875
 780.866266
 813.425149
 833.225220
 861.097074
 910.229072
 934.482332
 982.301636
1011.568834
1040.065868
1283.536756
1303.452524
1326.938092
1366.194095
1371.384897
1385.664216
1391.019491
1405.675378
1410.436099
1434.307032
1436.832647
1470.481941
 571.150194
 668.312752
 694.732875
 780.866266
 813.425149
 833.225220
 861.097074
 910.229072
 934.482332
 982.301636
1011.568834
1040.065868
1283.536756
1303.452524
1326.938092
1366.194095
1371.384897
1385.664216
1391.019491
1405.675378
1410.436099
1434.307032
1436.832647
1470.481941
 467.330437
 557.712648
 707.449059
 822.235530
 822.235530
 886.998818
 886.998818
 905.993637
 992.170531
 992.170531
1022.202760
1073.090552
1265.068301
1283.210303
1321.679356
1321.679356
1372.325149
1372.325149
1384.855883
1395.775615
1395.775615
1441.627666
1457.056056
1492.869298
 405.805651
 462.681280
 601.288095
 822.591900
 849.798482
 941.051340
 962.854249
 980.320845
 981.336523
1053.422659
1054.862548
1090.389418
1222.575567
1257.784998
1277.134810
1333.864557
1335.169552
1356.948428
1358.852714
1366.175368
1415.216889
1465.684086
1472.686064
1504.027611
 396.869599
 407.271594
 515.663970
 825.368280
 830.087855
 974.778469
1021.926345
1021.926345
1065.601404
1065.601404
1088.934270
1088.934270
1180.402373
1180.402373
1302.078191
1302.078191
1337.024641
1337.024641
1342.185563
1346.716425
1424.799102
1480.560275
1480.638551
1506.580676
 550.252430
 554.501257
 680.456499
 694.914458
 695.783699
 834.963854
1029.102289
1029.102289
1055.047991
1055.047991
1076.262901
1076.262901
1167.477056
1167.477056
1318.452053
1318.452053
1345.426256
1345.426256
1399.781045
1402.495244
1446.060453
1447.198452
1463.134797
1489.623212
 545.580104
 595.234090
 688.096480
 726.068299
 738.344758
 866.418570
 942.067436
 947.049639
1003.156215
1027.922079
1053.027768
1070.890218
1227.818375
1242.460257
1309.991291
1334.782929
1362.276800
1370.835084
1389.845872
1403.966782
1433.104410
1442.764317
1454.673480
1484.395000
 571.150194
 668.312752
 694.732875
 780.866266
 813.425149
 833.225220
 861.097074
 910.229072
 934.482332
 982.301636
1011.568834
1040.065868
1283.536756
1303.452524
1326.938092
1366.194095
1371.384897
1385.664216
1391.019491
1405.675378
1410.436099
1434.307032
1436.832647
1470.481941
 634.935924
 726.787297
 726.787297
 757.333051
 784.457859
 849.471319
 849.471319
 888.308295
 920.388047
 955.653772
 955.653772
 999.368532
1319.084360
1347.089183
1347.089183
1366.265650
1381.478720
1400.834192
1400.834192
1403.413237
1412.727137
1412.727137
1421.077344
1445.724691
 634.935924
 726.787297
 726.787297
 757.333051
 784.457859
 849.471319
 849.471319
 888.308295
 920.388047
 955.653772
 955.653772
 999.368532
1319.084360
1347.089183
1347.089183
1366.265650
1381.478720
1400.834192
1400.834192
1403.413237
1412.727137
1412.727137
1421.077344
1445.724691
 571.150194
 668.312752
 694.732875
 780.866266
 813.425149
 833.225220
 861.097074
 910.229072
 934.482332
 982.301636
1011.568834
1040.065868
1283.536756
1303.452524
1326.938092
1366.194095
1371.384897
1385.664216
1391.019491
1405.675378
1410.436099
1434.307032
1436.832647
1470.481941
 545.580104
 595.234090
 688.096480
 726.068299
 738.344758
 866.418570
 942.067436
 947.049639
1003.156215
1027.922079
1053.027768
1070.890218
1227.818375
1242.460257
1309.991291
1334.782929
1362.276800
1370.835084
1389.845872
1403.966782
1433.104410
1442.764317
1454.673480
1484.395000
 550.252430
 554.501257
 680.456499
 694.914458
 695.783699
 834.963854
1029.102289
1029.102289
1055.047991
1055.047991
1076.262901
1076.262901
1167.477056
1167.477056
1318.452053
1318.452053
1345.426256
1345.426256
1399.781045
1402.495244
1446.060453
1447.198452
1463.134797
1489.623212
 545.580104
 595.234090
 688.096480
 726.068299
 738.344758
 866.418570
 942.067436
 947.049639
1003.156215
1027.922079
1053.027768
1070.890218
1227.818375
1242.460257
1309.991291
1334.782929
1362.276800
1370.835084
1389.845872
1403.966782
1433.104410
1442.764317
1454.673480
1484.395000
 572.374489
 588.254460
 708.338038
 709.980600
 799.486186
 900.096201
 900.096201
 907.726920
 955.878682
 955.878682
1074.129440
1074.129440
1267.737950
1267.737950
1336.688159
1336.688159
1371.430003
1371.430003
1382.663632
1399.399824
1424.915848
1429.949946
1449.767564
1482.806196
 593.414945
 641.731675
 705.095945
 747.612905
 818.188828
 835.388695
 876.737442
 878.024406
 906.503817
 960.870073
1052.688478
1072.316704
1299.221106
1310.967329
1349.532651
1367.383022
1373.405043
1380.256609
1384.004300
1393.506336
1403.960149
1416.324768
1438.371664
1473.373445
 646.200039
 716.490339
 726.454157
 726.454157
 772.666834
 797.593547
 797.593547
 852.558160
 950.307893
1010.696943
1010.696943
1049.652244
1324.769736
1347.134995
1347.134995
1370.374572
1377.454676
1385.168629
1385.168629
1399.848044
1400.548719
1420.216479
1420.216479
1452.660099
 646.200039
 716.490339
 726.454157
 726.454157
 772.666834
 797.593547
 797.593547
 852.558160
 950.307893
1010.696943
1010.696943
1049.652244
1324.769736
1347.134995
1347.134995
1370.374572
1377.454676
1385.168629
1385.168629
1399.848044
1400.548719
1420.216479
1420.216479
1452.660099
 593.414945
 641.731675
 705.095945
 747.612905
 818.188828
 835.388695
 876.737442
 878.024406
 906.503817
 960.870073
1052.688478
1072.316704
1299.221106
1310.967329
1349.532651
1367.383022
1373.405043
1380.256609
1384.004300
1393.506336
1403.960149
1416.324768
1438.371664
1473.373445
 572.374489
 588.254460
 708.338038
 709.980600
 799.486186
 900.096201
 900.096201
 907.726920
 955.878682
 955.878682
1074.129440
1074.129440
1267.737950
1267.737950
1336.688159
1336.688159
1371.430003
1371.430003
1382.663632
1399.399824
1424.915848
1429.949946
1449.767564
1482.806196
 545.580104
 595.234090
 688.096480
 726.068299
 738.344758
 866.418570
 942.067436
 947.049639
1003.156215
1027.922079
1053.027768
1070.890218
1227.818375
1242.460257
1309.991291
1334.782929
1362.276800
1370.835084
1389.845872
1403.966782
1433.104410
1442.764317
1454.673480
1484.395000
 571.150194
 668.312752
 694.732875
 780.866266
 813.425149
 833.225220
 861.097074
 910.229072
 934.482332
 982.301636
1011.568834
1040.065868
1283.536756
1303.452524
1326.938092
1366.194095
1371.384897
1385.664216
1391.019491
1405.675378
1410.436099
1434.307032
1436.832647
1470.481941
 593.414945
 641.731675
 705.095945
 747.612905
 818.188828
 835.388695
 876.737442
 878.024406
 906.503817
 960.870073
1052.688478
1072.316704
1299.221106
1310.967329
1349.532651
1367.383022
1373.405043
1380.256609
1384.004300
1393.506336
1403.960149
1416.324768
1438.371664
1473.373445
 630.369012
 642.019912
 724.055848
 725.364733
 788.624095
 788.624095
 824.274325
 824.274325
 951.946076
1017.773244
1080.450586
1080.450586
1322.510746
1322.510746
1359.074684
1368.690264
1368.690264
1378.572792
1390.819868
1390.850613
1390.850613
1393.917307
1434.921917
1468.340174
 666.961863
 690.469548
 725.908520
 725.908520
 751.194212
 751.686724
 751.686724
 784.141853
1017.871308
1062.680902
1062.680902
1085.020776
1334.760404
1347.155355
1347.155355
1363.844714
1367.591975
1367.591975
1369.769527
1377.174820
1408.682264
1424.597109
1424.597109
1451.998795
 666.961863
 690.469548
 725.908520
 725.908520
 751.194212
 751.686724
 751.686724
 784.141853
1017.871308
1062.680902
1062.680902
1085.020776
1334.760404
1347.155355
1347.155355
1363.844714
1367.591975
1367.591975
1369.769527
1377.174820
1408.682264
1424.597109
1424.597109
1451.998795
 630.369012
 642.019912
 724.055848
 725.364733
 788.624095
 788.624095
 824.274325
 824.274325
 951.946076
1017.773244
1080.450586
1080.450586
1322.510746
1322.510746
1359.074684
1368.690264
1368.690264
1378.572792
1390.819868
1390.850613
1390.850613
1393.917307
1434.921917
1468.340174
 593.414945
 641.731675
 705.095945
 747.612905
 818.188828
 835.388695
 876.737442
 878.024406
 906.503817
 960.870073
1052.688478
1072.316704
1299.221106
1310.967329
1349.532651
1367.383022
1373.405043
1380.256609
1384.004300
1393.506336
1403.960149
1416.324768
1438.371664
1473.373445
 571.150194
 668.312752
 694.732875
 780.866266
 813.425149
 833.225220
 861.097074
 910.229072
 934.482332
 982.301636
1011.568834
1040.065868
1283.536756
1303.452524
1326.938092
1366.194095
1371.384897
1385.664216
1391.019491
1405.675378
1410.436099
1434.307032
1436.832647
1470.481941
 634.935924
 726.787297
 726.787297
 757.333051
 784.457859
 849.471319
 849.471319
 888.308295
 920.388047
 955.653772
 955.653772
 999.368532
1319.084360
1347.089183
1347.089183
1366.265650
1381.478720
1400.834192
1400.834192
1403.413237
1412.727137
1412.727137
1421.077344
1445.724691
 646.200039
 716.490339
 726.454157
 726.454157
 772.666834
 797.593547
 797.593547
 852.558160
 950.307893
1010.696943
1010.696943
1049.652244
1324.769736
1347.134995
1347.134995
1370.374572
1377.454676
1385.168629
1385.168629
1399.848044
1400.548719
1420.216479
1420.216479
1452.660099
 666.961863
 690.469548
 725.908520
 725.908520
 751.194212
 751.686724
 751.686724
 784.141853
1017.871308
1062.680902
1062.680902
1085.020776
1334.760404
1347.155355
1347.155355
1363.844714
1367.591975
1367.591975
1369.769527
1377.174820
1408.682264
1424.597109
1424.597109
1451.998795
 694.081901
 694.081901
 723.594655
 723.594655
 723.594655
 727.753733
 727.753733
 727.753733
1070.455116
1094.404380
1094.404380
1094.404380
1346.941883
1346.941883
1346.941883
1354.822088
1354.822088
1354.822088
1359.188515
1359.188515
1426.586168
1426.586168
1426.586168
1442.661826
 694.081901
 694.081901
 723.594655
 723.594655
 723.594655
 727.753733
 727.753733
 727.753733
1070.455116
1094.404380
1094.404380
1094.404380
1346.941883
1346.941883
1346.941883
1354.822088
1354.822088
1354.822088
1359.188515
1359.188515
1426.586168
1426.586168
1426.586168
1442.661826
 666.961863
 690.469548
 725.908520
 725.908520
 751.194212
 751.686724
 751.686724
 784.141853
1017.871308
1062.680902
1062.680902
1085.020776
1334.760404
1347.155355
1347.155355
1363.844714
1367.591975
1367.591975
1369.769527
1377.174820
1408.682264
1424.597109
1424.597109
1451.998795
 646.200039
 716.490339
 726.454157
 726.454157
 772.666834
 797.593547
 797.593547
 852.558160
 950.307893
1010.696943
1010.696943
1049.652244
1324.769736
1347.134995
1347.134995
1370.374572
1377.454676
1385.168629
1385.168629
1399.848044
1400.548719
1420.216479
1420.216479
1452.660099
 634.935924
 726.787297
 726.787297
 757.333051
 784.457859
 849.471319
 849.471319
 888.308295
 920.388047
 955.653772
 955.653772
 999.368532
1319.084360
1347.089183
1347.089183
1366.265650
1381.478720
1400.834192
1400.834192
1403.413237
1412.727137
1412.727137
1421.077344
1445.724691
 634.935924
 726.787297
 726.787297
 757.333051
 784.457859
 849.471319
 849.471319
 888.308295
 920.388047
 955.653772
 955.653772
 999.368532
1319.084360
1347.089183
1347.089183
1366.265650
1381.478720
1400.834192
1400.834192
1403.413237
1412.727137
1412.727137
1421.077344
1445.724691
 646.200039
 716.490339
 726.454157
 726.454157
 772.666834
 797.593547
 797.593547
 852.558160
 950.307893
1010.696943
1010.696943
1049.652244
1324.769736
1347.134995
1347.134995
1370.374572
1377.454676
1385.168629
1385.168629
1399.848044
1400.548719
1420.216479
1420.216479
1452.660099
 666.961863
 690.469548
 725.908520
 725.908520
 751.194212
 751.686724
 751.686724
 784.141853
1017.871308
1062.680902
1062.680902
1085.020776
1334.760404
1347.155355
1347.155355
1363.844714
1367.591975
1367.591975
1369.769527
1377.174820
1408.682264
1424.597109
1424.597109
1451.998795
 694.081901
 694.081901
 723.594655
 723.594655
 723.594655
 727.753733
 727.753733
 727.753733
1070.455116
1094.404380
1094.404380
1094.404380
1346.941883
1346.941883
1346.941883
1354.822088
1354.822088
1354.822088
1359.188515
1359.188515
1426.586168
1426.586168
1426.586168
1442.661826
 694.081901
 694.081901
 723.594655
 723.594655
 723.594655
 727.753733
 727.753733
 727.753733
1070.455116
1094.404380
1094.404380
1094.404380
1346.941883
1346.941883
1346.941883
1354.822088
1354.822088
1354.822088
1359.188515
1359.188515
1426.586168
1426.586168
1426.586168
1442.661826
 666.961863
 690.469548
 725.908520
 725.908520
 751.194212
 751.686724
 751.686724
 784.141853
1017.871308
1062.680902
1062.680902
1085.020776
1334.760404
1347.155355
1347.155355
1363.844714
1367.591975
1367.591975
1369.769527
1377.174820
1408.682264
1424.597109
1424.597109
1451.998795
 646.200039
 716.490339
 726.454157
 726.454157
 772.666834
 797.593547
 797.593547
 852.558160
 950.307893
1010.696943
1010.696943
1049.652244
1324.769736
1347.134995
1347.134995
1370.374572
1377.454676
1385.168629
1385.168629
1399.848044
1400.548719
1420.216479
1420.216479
1452.660099
 634.935924
 726.787297
 726.787297
 757.333051
 784.457859
 849.471319
 849.471319
 888.308295
 920.388047
 955.653772
 955.653772
 999.368532
1319.084360
1347.089183
1347.089183
1366.265650
1381.478720
1400.834192
1400.834192
1403.413237
1412.727137
1412.727137
1421.077344
1445.724691
 571.150194
 668.312752
 694.732875
 780.866266
 813.425149
 833.225220
 861.097074
 910.229072
 934.482332
 982.301636
1011.568834
1040.065868
1283.536756
1303.452524
1326.938092
1366.194095
1371.384897
1385.664216
1391.019491
1405.675378
1410.436099
1434.307032
1436.832647
1470.481941
 593.414945
 641.731675
 705.095945
 747.612905
 818.188828
 835.388695
 876.737442
 878.024406
 906.503817
 960.870073
1052.688478
1072.316704
1299.221106
1310.967329
1349.532651
1367.383022
1373.405043
1380.256609
1384.004300
1393.506336
1403.960149
1416.324768
1438.371664
1473.373445
 630.369012
 642.019912
 724.055848
 725.364733
 788.624095
 788.624095
 824.274325
 824.274325
 951.946076
1017.773244
1080.450586
1080.450586
1322.510746
1322.510746
1359.074684
1368.690264
1368.690264
1378.572792
1390.819868
1390.850613
1390.850613
1393.917307
1434.921917
1468.340174
 666.961863
 690.469548
 725.908520
 725.908520
 751.194212
 751.686724
 751.686724
 784.141853
1017.871308
1062.680902
1062.680902
1085.020776
1334.760404
1347.155355
1347.155355
1363.844714
1367.591975
1367.591975
1369.769527
1377.174820
1408.682264
1424.597109
1424.597109
1451.998795
 666.961863
 690.469548
 725.908520
 725.908520
 751.194212
 751.686724
 751.686724
 784.141853
1017.871308
1062.680902
1062.680902
1085.020776
1334.760404
1347.155355
1347.155355
1363.844714
1367.591975
1367.591975
1369.769527
1377.174820
1408.682264
1424.597109
1424.597109
1451.998795
 630.369012
 642.019912
 724.055848
 725.364733
 788.624095
 788.624095
 824.274325
 824.274325
 951.946076
1017.773244
1080.450586
1080.450586
1322.510746
1322.510746
1359.074684
1368.690264
1368.690264
1378.572792
1390.819868
1390.850613
1390.850613
1393.917307
1434.921917
1468.340174
 593.414945
 641.731675
 705.095945
 747.612905
 818.188828
 835.388695
 876.737442
 878.024406
 906.503817
 960.870073
1052.688478
1072.316704
1299.221106
1310.967329
1349.532651
1367.383022
1373.405043
1380.256609
1384.004300
1393.506336
1403.960149
1416.324768
1438.371664
1473.373445
 571.150194
 668.312752
 694.732875
 780.866266
 813.425149
 833.225220
 861.097074
 910.229072
 934.482332
 982.301636
1011.568834
1040.065868
1283.536756
1303.452524
1326.938092
1366.194095
1371.384897
1385.664216
1391.019491
1405.675378
1410.436099
1434.307032
1436.832647
1470.481941
 545.580104
 595.234090
 688.096480
 726.068299
 738.344758
 866.418570
 942.067436
 947.049639
1003.156215
1027.922079
1053.027768
1070.890218
1227.818375
1242.460257
1309.991291
1334.782929
1362.276800
1370.835084
1389.845872
1403.966782
1433.104410
1442.764317
1454.673480
1484.395000
 572.374489
 588.254460
 708.338038
 709.980600
 799.486186
 900.096201
 900.096201
 907.726920
 955.878682
 955.878682
1074.129440
1074.129440
1267.737950
1267.737950
1336.688159
1336.688159
1371.430003
1371.430003
1382.663632
1399.399824
1424.915848
1429.949946
1449.767564
1482.806196
 593.414945
 641.731675
 705.095945
 747.612905
 818.188828
 835.388695
 876.737442
 878.024406
 906.503817
 960.870073
1052.688478
1072.316704
1299.221106
1310.967329
1349.532651
1367.383022
1373.405043
1380.256609
1384.004300
1393.506336
1403.960149
1416.324768
1438.371664
1473.373445
 646.200039
 716.490339
 726.454157
 726.454157
 772.666834
 797.593547
 797.593547
 852.558160
 950.307893
1010.696943
1010.696943
1049.652244
1324.769736
1347.134995
1347.134995
1370.374572
1377.454676
1385.168629
1385.168629
1399.848044
1400.548719
1420.216479
1420.216479
1452.660099
 646.200039
 716.490339
 726.454157
 726.454157
 772.666834
 797.593547
 797.593547
 852.558160
 950.307893
1010.696943
1010.696943
1049.652244
1324.769736
1347.134995
1347.134995
1370.374572
1377.454676
1385.168629
1385.168629
1399.848044
1400.548719
1420.216479
1420.216479
1452.660099
 593.414945
 641.731675
 705.095945
 747.612905
 818.188828
 835.388695
 876.737442
 878.024406
 906.503817
 960.870073
1052.688478
1072.316704
1299.221106
1310.967329
1349.532651
1367.383022
1373.405043
1380.256609
1384.004300
1393.506336
1403.960149
1416.324768
1438.371664
1473.373445
 572.374489
 588.254460
 708.338038
 709.980600
 799.486186
 900.096201
 900.096201
 907.726920
 955.878682
 955.878682
1074.129440
1074.129440
1267.737950
1267.737950
1336.688159
1336.688159
1371.430003
1371.430003
1382.663632
1399.399824
1424.915848
1429.949946
1449.767564
1482.806196
 545.580104
 595.234090
 688.096480
 726.068299
 738.344758
 866.418570
 942.067436
 947.049639
1003.156215
1027.922079
1053.027768
1070.890218
1227.818375
1242.460257
1309.991291
1334.782929
1362.276800
1370.835084
1389.845872
1403.966782
1433.104410
1442.764317
1454.673480
1484.395000
 550.252430
 554.501257
 680.456499
 694.914458
 695.783699
 834.963854
1029.102289
1029.102289
1055.047991
1055.047991
1076.262901
1076.262901
1167.477056
1167.477056
1318.452053
1318.452053
1345.426256
1345.426256
1399.781045
1402.495244
1446.060453
1447.198452
1463.134797
1489.623212
 545.580104
 595.234090
 688.096480
 726.068299
 738.344758
 866.418570
 942.067436
 947.049639
1003.156215
1027.922079
1053.027768
1070.890218
1227.818375
1242.460257
1309.991291
1334.782929
1362.276800
1370.835084
1389.845872
1403.966782
1433.104410
1442.764317
1454.673480
1484.395000
 571.150194
 668.312752
 694.732875
 780.866266
 813.425149
 833.225220
 861.097074
 910.229072
 934.482332
 982.301636
1011.568834
1040.065868
1283.536756
1303.452524
1326.938092
1366.194095
1371.384897
1385.664216
1391.019491
1405.675378
1410.436099
1434.307032
1436.832647
1470.481941
 634.935924
 726.787297
 726.787297
 757.333051
 784.457859
 849.471319
 849.471319
 888.308295
 920.388047
 955.653772
 955.653772
 999.368532
1319.084360
1347.089183
1347.089183
1366.265650
1381.478720
1400.834192
1400.834192
1403.413237
1412.727137
1412.727137
1421.077344
1445.724691
 634.935924
 726.787297
 726.787297
 757.333051
 784.457859
 849.471319
 849.471319
 888.308295
 920.388047
 955.653772
 955.653772
 999.368532
1319.084360
1347.089183
1347.089183
1366.265650
1381.478720
1400.834192
1400.834192
1403.413237
1412.727137
1412.727137
1421.077344
1445.724691
 571.150194
 668.312752
 694.732875
 780.866266
 813.425149
 833.225220
 861.097074
 910.229072
 934.482332
 982.301636
1011.568834
1040.065868
1283.536756
1303.452524
1326.938092
1366.194095
1371.384897
1385.664216
1391.019491
1405.675378
1410.436099
1434.307032
1436.832647
1470.481941
 545.580104
 595.234090
 688.096480
 726.068299
 738.344758
 866.418570
 942.067436
 947.049639
1003.156215
1027.922079
1053.027768
1070.890218
1227.818375
1242.460257
1309.991291
1334.782929
1362.276800
1370.835084
1389.845872
1403.966782
1433.104410
1442.764317
1454.673480
1484.395000
 550.252430
 554.501257
 680.456499
 694.914458
 695.783699
 834.963854
1029.102289
1029.102289
1055.047991
1055.047991
1076.262901
1076.262901
1167.477056
1167.477056
1318.452053
1318.452053
1345.426256
1345.426256
1399.781045
1402.495244
1446.060453
1447.198452
1463.134797
1489.623212
