 128.380968
 128.380968
 204.969992
1065.876019
1065.876019
1065.876019
1079.508923
1079.508923
1079.508923
1242.005420
1242.005420
1242.005420
1294.126897
1294.126897
1294.126897
1313.782256
1313.782256
1313.782256
1378.215939
1378.215939
1378.215939
1597.236921
1597.236921
1601.429425
 252.088810
 269.562211
 367.072056
 980.360426
 990.082123
1058.617191
1058.617191
1097.185063
1097.185063
1152.155137
1193.930145
1193.930145
1273.048800
1273.048800
1347.812170
1347.812170
1353.231833
1359.583245
1398.953387
1398.953387
1445.334459
1584.968397
1585.401156
1597.516344
 414.095010
 426.141445
 543.659924
 861.789454
 867.665978
1025.136620
1060.075016
1060.075016
1115.673062
1115.673062
1148.327667
1148.327667
1242.374972
1242.374972
1379.404593
1379.404593
1418.055581
1418.055581
1419.666877
1424.121933
1500.089307
1561.656791
1561.880494
1587.137142
 575.242474
 580.173848
 716.428842
 726.617634
 727.753257
 878.439544
1070.419544
1070.419544
1108.998389
1108.998389
1135.489971
1135.489971
1219.874731
1219.874731
1396.768293
1396.768293
1428.358205
1428.358205
1478.332576
1481.272373
1525.929712
1527.385861
1540.671109
1568.903574
 575.242474
 580.173848
 716.428842
 726.617634
 727.753257
 878.439544
1070.419544
1070.419544
1108.998389
1108.998389
1135.489971
1135.489971
1219.874731
1219.874731
1396.768293
1396.768293
1428.358205
1428.358205
1478.332576
1481.272373
1525.929712
1527.385861
1540.671109
1568.903574
 414.095010
 426.141445
 543.659924
 861.789454
 867.665978
1025.136620
1060.075016
1060.075016
1115.673062
1115.673062
1148.327667
1148.327667
1242.374972
1242.374972
1379.404593
1379.404593
1418.055581
1418.055581
1419.666877
1424.121933
1500.089307
1561.656791
1561.880494
1587.137142
 252.088810
 269.562211
 367.072056
 980.360426
 990.082123
1058.617191
1058.617191
1097.185063
1097.185063
1152.155137
1193.930145
1193.930145
1273.048800
1273.048800
1347.812170
1347.812170
1353.231833
1359.583245
1398.953387
1398.953387
1445.334459
1584.968397
1585.401156
1597.516344
 128.380968
 128.380968
 204.969992
1065.876019
1065.876019
1065.876019
1079.508923
1079.508923
1079.508923
1242.005420
1242.005420
1242.005420
1294.126897
1294.126897
1294.126897
1313.782256
1313.782256
1313.782256
1378.215939
1378.215939
1378.215939
1597.236921
1597.236921
1601.429425
 252.088810
 269.562211
 367.072056
 980.360426
 990.082123
1058.617191
1058.617191
1097.185063
1097.185063
1152.155137
1193.930145
1193.930145
1273.048800
1273.048800
1347.812170
1347.812170
1353.231833
1359.583245
1398.953387
1398.953387
1445.334459
1584.968397
1585.401156
1597.516344
 299.828188
 355.367733
 490.806389
 977.759853
 977.759853
1006.935304
1006.935304
1021.928110
1125.577444
1128.537485
1128.537485
1163.768677
1305.940981
1311.539224
1344.780732
1344.780732
1383.736441
1383.736441
1430.004898
1441.859770
1441.859770
1571.111997
1574.666606
1594.433284
 419.349467
 484.759788
 635.689730
 857.227242
 889.792732
 978.360720
 994.340291
1029.193293
1031.236416
1107.985143
1112.239915
1152.912854
1281.754328
1327.418031
1349.193376
1411.246800
1412.388587
1435.709782
1436.297397
1450.144894
1489.058096
1547.488707
1553.812480
1582.874714
 566.368775
 623.848469
 716.361913
 760.765691
 779.227486
 912.828249
 977.676544
 980.160319
1053.669224
1081.163707
1111.619201
1134.904285
1285.478931
1305.585076
1383.199643
1407.972215
1446.228898
1455.398037
1468.995879
1483.825790
1513.870252
1523.359800
1529.847305
1561.413324
 566.368775
 623.848469
 716.361913
 760.765691
 779.227486
 912.828249
 977.676544
 980.160319
1053.669224
1081.163707
1111.619201
1134.904285
1285.478931
1305.585076
1383.199643
1407.972215
1446.228898
1455.398037
1468.995879
1483.825790
1513.870252
1523.359800
1529.847305
1561.413324
 419.349467
 484.759788
 635.689730
 857.227242
 889.792732
 978.360720
 994.340291
1029.193293
1031.236416
1107.985143
1112.239915
1152.912854
1281.754328
1327.418031
1349.193376
1411.246800
1412.388587
1435.709782
1436.297397
1450.144894
1489.058096
1547.488707
1553.812480
1582.874714
 299.828188
 355.367733
 490.806389
 977.759853
 977.759853
1006.935304
1006.935304
1021.928110
1125.577444
1128.537485
1128.537485
1163.768677
1305.940981
1311.539224
1344.780732
1344.780732
1383.736441
1383.736441
1430.004898
1441.859770
1441.859770
1571.111997
1574.666606
1594.433284
 252.088810
 269.562211
 367.072056
 980.360426
 990.082123
1058.617191
1058.617191
1097.185063
1097.185063
1152.155137
1193.930145
1193.930145
1273.048800
1273.048800
1347.812170
1347.812170
1353.231833
1359.583245
1398.953387
1398.953387
1445.334459
1584.968397
1585.401156
1597.516344
 414.095010
 426.141445
 543.659924
 861.789454
 867.665978
1025.136620
1060.075016
1060.075016
1115.673062
1115.673062
1148.327667
1148.327667
1242.374972
1242.374972
1379.404593
1379.404593
1418.055581
1418.055581
1419.666877
1424.121933
1500.089307
1561.656791
1561.880494
1587.137142
 419.349467
 484.759788
 635.689730
 857.227242
 889.792732
 978.360720
 994.340291
1029.193293
1031.236416
1107.985143
1112.239915
1152.912854
1281.754328
1327.418031
1349.193376
1411.246800
1412.388587
1435.709782
1436.297397
1450.144894
1489.058096
1547.488707
1553.812480
1582.874714
 481.006364
 585.413431
 748.095946
 853.875910
 853.875910
 931.109421
 931.109421
 934.072065
1044.899146
1044.899146
1076.775869
1139.126131
1330.211422
1348.465242
1397.883084
1397.883084
1453.146317
1453.146317
1467.167434
1467.167434
1470.037721
1523.717615
1538.120178
1569.309740
 589.177255
 702.109637
 719.288187
 820.316376
 859.331605
 861.972093
 888.380711
 960.194069
 982.934937
1033.972578
1068.060376
1102.169349
1355.574682
1377.955681
1390.425821
1433.369303
1451.502141
1469.292953
1475.990195
1487.191586
1492.158424
1507.798940
1515.439292
1544.087661
 589.177255
 702.109637
 719.288187
 820.316376
 859.331605
 861.972093
 888.380711
 960.194069
 982.934937
1033.972578
1068.060376
1102.169349
1355.574682
1377.955681
1390.425821
1433.369303
1451.502141
1469.292953
1475.990195
1487.191586
1492.158424
1507.798940
1515.439292
1544.087661
 481.006364
 585.413431
 748.095946
 853.875910
 853.875910
 931.109421
 931.109421
 934.072065
1044.899146
1044.899146
1076.775869
1139.126131
1330.211422
1348.465242
1397.883084
1397.883084
1453.146317
1453.146317
1467.167434
1467.167434
1470.037721
1523.717615
1538.120178
1569.309740
 419.349467
 484.759788
 635.689730
 857.227242
 889.792732
 978.360720
 994.340291
1029.193293
1031.236416
1107.985143
1112.239915
1152.912854
1281.754328
1327.418031
1349.193376
1411.246800
1412.388587
1435.709782
1436.297397
1450.144894
1489.058096
1547.488707
1553.812480
1582.874714
 414.095010
 426.141445
 543.659924
 861.789454
 867.665978
1025.136620
1060.075016
1060.075016
1115.673062
1115.673062
1148.327667
1148.327667
1242.374972
1242.374972
1379.404593
1379.404593
1418.055581
1418.055581
1419.666877
1424.121933
1500.089307
1561.656791
1561.880494
1587.137142
 575.242474
 580.173848
 716.428842
 726.617634
 727.753257
 878.439544
1070.419544
1070.419544
1108.998389
1108.998389
1135.489971
1135.489971
1219.874731
1219.874731
1396.768293
1396.768293
1428.358205
1428.358205
1478.332576
1481.272373
1525.929712
1527.385861
1540.671109
1568.903574
 566.368775
 623.848469
 716.361913
 760.765691
 779.227486
 912.828249
 977.676544
 980.160319
1053.669224
1081.163707
1111.619201
1134.904285
1285.478931
1305.585076
1383.199643
1407.972215
1446.228898
1455.398037
1468.995879
1483.825790
1513.870252
1523.359800
1529.847305
1561.413324
 589.177255
 702.109637
 719.288187
 820.316376
 859.331605
 861.972093
 888.380711
 960.194069
 982.934937
1033.972578
1068.060376
1102.169349
1355.574682
1377.955681
1390.425821
1433.369303
1451.502141
1469.292953
1475.990195
1487.191586
1492.158424
1507.798940
1515.439292
1544.087661
 653.735240
 749.536831
 749.536831
 796.881509
 808.144255
 894.192097
 894.192097
 938.484691
 969.456845
1009.323590
1009.323590
1057.200548
1401.851105
1425.185860
1428.403192
1428.403192
1463.740647
1470.888235
1470.888235
1487.388593
1491.168290
1491.168290
1501.590307
1516.534230
 653.735240
 749.536831
 749.536831
 796.881509
 808.144255
 894.192097
 894.192097
 938.484691
 969.456845
1009.323590
1009.323590
1057.200548
1401.851105
1425.185860
1428.403192
1428.403192
1463.740647
1470.888235
1470.888235
1487.388593
1491.168290
1491.168290
1501.590307
1516.534230
 589.177255
 702.109637
 719.288187
 820.316376
 859.331605
 861.972093
 888.380711
 960.194069
 982.934937
1033.972578
1068.060376
1102.169349
1355.574682
1377.955681
1390.425821
1433.369303
1451.502141
1469.292953
1475.990195
1487.191586
1492.158424
1507.798940
1515.439292
1544.087661
 566.368775
 623.848469
 716.361913
 760.765691
 779.227486
 912.828249
 977.676544
 980.160319
1053.669224
1081.163707
1111.619201
1134.904285
1285.478931
1305.585076
1383.199643
1407.972215
1446.228898
1455.398037
1468.995879
1483.825790
1513.870252
1523.359800
1529.847305
1561.413324
 575.242474
 580.173848
 716.428842
 726.617634
 727.753257
 878.439544
1070.419544
1070.419544
1108.998389
1108.998389
1135.489971
1135.489971
1219.874731
1219.874731
1396.768293
1396.768293
1428.358205
1428.358205
1478.332576
1481.272373
1525.929712
1527.385861
1540.671109
1568.903574
 575.242474
 580.173848
 716.428842
 726.617634
 727.753257
 878.439544
1070.419544
1070.419544
1108.998389
1108.998389
1135.489971
1135.489971
1219.874731
1219.874731
1396.768293
1396.768293
1428.358205
1428.358205
1478.332576
1481.272373
1525.929712
1527.385861
1540.671109
1568.903574
 566.368775
 623.848469
 716.361913
 760.765691
 779.227486
 912.828249
 977.676544
 980.160319
1053.669224
1081.163707
1111.619201
1134.904285
1285.478931
1305.585076
1383.199643
1407.972215
1446.228898
1455.398037
1468.995879
1483.825790
1513.870252
1523.359800
1529.847305
1561.413324
 589.177255
 702.109637
 719.288187
 820.316376
 859.331605
 861.972093
 888.380711
 960.194069
 982.934937
1033.972578
1068.060376
1102.169349
1355.574682
1377.955681
1390.425821
1433.369303
1451.502141
1469.292953
1475.990195
1487.191586
1492.158424
1507.798940
1515.439292
1544.087661
 653.735240
 749.536831
 749.536831
 796.881509
 808.144255
 894.192097
 894.192097
 938.484691
 969.456845
1009.323590
1009.323590
1057.200548
1401.851105
1425.185860
1428.403192
1428.403192
1463.740647
1470.888235
1470.888235
1487.388593
1491.168290
1491.168290
1501.590307
1516.534230
 653.735240
 749.536831
 749.536831
 796.881509
 808.144255
 894.192097
 894.192097
 938.484691
 969.456845
1009.323590
1009.323590
1057.200548
1401.851105
1425.185860
1428.403192
1428.403192
1463.740647
1470.888235
1470.888235
1487.388593
1491.168290
1491.168290
1501.590307
1516.534230
 589.177255
 702.109637
 719.288187
 820.316376
 859.331605
 861.972093
 888.380711
 960.194069
 982.934937
1033.972578
1068.060376
1102.169349
1355.574682
1377.955681
1390.425821
1433.369303
1451.502141
1469.292953
1475.990195
1487.191586
1492.158424
1507.798940
1515.439292
1544.087661
 566.368775
 623.848469
 716.361913
 760.765691
 779.227486
 912.828249
 977.676544
 980.160319
1053.669224
1081.163707
1111.619201
1134.904285
1285.478931
1305.585076
1383.199643
1407.972215
1446.228898
1455.398037
1468.995879
1483.825790
1513.870252
1523.359800
1529.847305
1561.413324
 575.242474
 580.173848
 716.428842
 726.617634
 727.753257
 878.439544
1070.419544
1070.419544
1108.998389
1108.998389
1135.489971
1135.489971
1219.874731
1219.874731
1396.768293
1396.768293
1428.358205
1428.358205
1478.332576
1481.272373
1525.929712
1527.385861
1540.671109
1568.903574
 414.095010
 426.141445
 543.659924
 861.789454
 867.665978
1025.136620
1060.075016
1060.075016
1115.673062
1115.673062
1148.327667
1148.327667
1242.374972
1242.374972
1379.404593
1379.404593
1418.055581
1418.055581
1419.666877
1424.121933
1500.089307
1561.656791
1561.880494
1587.137142
 419.349467
 484.759788
 635.689730
 857.227242
 889.792732
 978.360720
 994.340291
1029.193293
1031.236416
1107.985143
1112.239915
1152.912854
1281.754328
1327.418031
1349.193376
1411.246800
1412.388587
1435.709782
1436.297397
1450.144894
1489.058096
1547.488707
1553.812480
1582.874714
 481.006364
 585.413431
 748.095946
 853.875910
 853.875910
 931.109421
 931.109421
 934.072065
1044.899146
1044.899146
1076.775869
1139.126131
1330.211422
1348.465242
1397.883084
1397.883084
1453.146317
1453.146317
1467.167434
1467.167434
1470.037721
1523.717615
1538.120178
1569.309740
 589.177255
 702.109637
 719.288187
 820.316376
 859.331605
 861.972093
 888.380711
 960.194069
 982.934937
1033.972578
1068.060376
1102.169349
1355.574682
1377.955681
1390.425821
1433.369303
1451.502141
1469.292953
1475.990195
1487.191586
1492.158424
1507.798940
1515.439292
1544.087661
 589.177255
 702.109637
 719.288187
 820.316376
 859.331605
 861.972093
 888.380711
 960.194069
 982.934937
1033.972578
1068.060376
1102.169349
1355.574682
1377.955681
1390.425821
1433.369303
1451.502141
1469.292953
1475.990195
1487.191586
1492.158424
1507.798940
1515.439292
1544.087661
 481.006364
 585.413431
 748.095946
 853.875910
 853.875910
 931.109421
 931.109421
 934.072065
1044.899146
1044.899146
1076.775869
1139.126131
1330.211422
1348.465242
1397.883084
1397.883084
1453.146317
1453.146317
1467.167434
1467.167434
1470.037721
1523.717615
1538.120178
1569.309740
 419.349467
 484.759788
 635.689730
 857.227242
 889.792732
 978.360720
 994.340291
1029.193293
1031.236416
1107.985143
1112.239915
1152.912854
1281.754328
1327.418031
1349.193376
1411.246800
1412.388587
1435.709782
1436.297397
1450.144894
1489.058096
1547.488707
1553.812480
1582.874714
 414.095010
 426.141445
 543.659924
 861.789454
 867.665978
1025.136620
1060.075016
1060.075016
1115.673062
1115.673062
1148.327667
1148.327667
1242.374972
1242.374972
1379.404593
1379.404593
1418.055581
1418.055581
1419.666877
1424.121933
1500.089307
1561.656791
1561.880494
1587.137142
 252.088810
 269.562211
 367.072056
 980.360426
 990.082123
1058.617191
1058.617191
1097.185063
1097.185063
1152.155137
1193.930145
1193.930145
1273.048800
1273.048800
1347.812170
1347.812170
1353.231833
1359.583245
1398.953387
1398.953387
1445.334459
1584.968397
1585.401156
1597.516344
 299.828188
 355.367733
 490.806389
 977.759853
 977.759853
1006.935304
1006.935304
1021.928110
1125.577444
1128.537485
1128.537485
1163.768677
1305.940981
1311.539224
1344.780732
1344.780732
1383.736441
1383.736441
1430.004898
1441.859770
1441.859770
1571.111997
1574.666606
1594.433284
 419.349467
 484.759788
 635.689730
 857.227242
 889.792732
 978.360720
 994.340291
1029.193293
1031.236416
1107.985143
1112.239915
1152.912854
1281.754328
1327.418031
1349.193376
1411.246800
1412.388587
1435.709782
1436.297397
1450.144894
1489.058096
1547.488707
1553.812480
1582.874714
 566.368775
 623.848469
 716.361913
 760.765691
 779.227486
 912.828249
 977.676544
 980.160319
1053.669224
1081.163707
1111.619201
1134.904285
1285.478931
1305.585076
1383.199643
1407.972215
1446.228898
1455.398037
1468.995879
1483.825790
1513.870252
1523.359800
1529.847305
1561.413324
 566.368775
 623.848469
 716.361913
 760.765691
 779.227486
 912.828249
 977.676544
 980.160319
1053.669224
1081.163707
1111.619201
1134.904285
1285.478931
1305.585076
1383.199643
1407.972215
1446.228898
1455.398037
1468.995879
1483.825790
1513.870252
1523.359800
1529.847305
1561.413324
 419.349467
 484.759788
 635.689730
 857.227242
 889.792732
 978.360720
 994.340291
1029.193293
1031.236416
1107.985143
1112.239915
1152.912854
1281.754328
1327.418031
1349.193376
1411.246800
1412.388587
1435.709782
1436.297397
1450.144894
1489.058096
1547.488707
1553.812480
1582.874714
 299.828188
 355.367733
 490.806389
 977.759853
 977.759853
1006.935304
1006.935304
1021.928110
1125.577444
1128.537485
1128.537485
1163.768677
1305.940981
1311.539224
1344.780732
1344.780732
1383.736441
1383.736441
1430.004898
1441.859770
1441.859770
1571.111997
1574.666606
1594.433284
 252.088810
 269.562211
 367.072056
 980.360426
 990.082123
1058.617191
1058.617191
1097.185063
1097.185063
1152.155137
1193.930145
1193.930145
1273.048800
1273.048800
1347.812170
1347.812170
1353.231833
1359.583245
1398.953387
1398.953387
1445.334459
1584.968397
1585.401156
1597.516344
 128.380968
 128.380968
 204.969992
1065.876019
1065.876019
1065.876019
1079.508923
1079.508923
1079.508923
1242.005420
1242.005420
1242.005420
1294.126897
1294.126897
1294.126897
1313.782256
1313.782256
1313.782256
1378.215939
1378.215939
1378.215939
1597.236921
1597.236921
1601.429425
 252.088810
 269.562211
 367.072056
 980.360426
 990.082123
1058.617191
1058.617191
1097.185063
1097.185063
1152.155137
1193.930145
1193.930145
1273.048800
1273.048800
1347.812170
1347.812170
1353.231833
1359.583245
1398.953387
1398.953387
1445.334459
1584.968397
1585.401156
1597.516344
 414.095010
 426.141445
 543.659924
 861.789454
 867.665978
1025.136620
1060.075016
1060.075016
1115.673062
1115.673062
1148.327667
1148.327667
1242.374972
1242.374972
1379.404593
1379.404593
1418.055581
1418.055581
1419.666877
1424.121933
1500.089307
1561.656791
1561.880494
1587.137142
 575.242474
 580.173848
 716.428842
 726.617634
 727.753257
 878.439544
1070.419544
1070.419544
1108.998389
1108.998389
1135.489971
1135.489971
1219.874731
1219.874731
1396.768293
1396.768293
1428.358205
1428.358205
1478.332576
1481.272373
1525.929712
1527.385861
1540.671109
1568.903574
 575.242474
 580.173848
 716.428842
 726.617634
 727.753257
 878.439544
1070.419544
1070.419544
1108.998389
1108.998389
1135.489971
1135.489971
1219.874731
1219.874731
1396.768293
1396.768293
1428.358205
1428.358205
1478.332576
1481.272373
1525.929712
1527.385861
1540.671109
1568.903574
 414.095010
 426.141445
 543.659924
 861.789454
 867.665978
1025.136620
1060.075016
1060.075016
1115.673062
1115.673062
1148.327667
1148.327667
1242.374972
1242.374972
1379.404593
1379.404593
1418.055581
1418.055581
1419.666877
1424.121933
1500.089307
1561.656791
1561.880494
1587.137142
 252.088810
 269.562211
 367.072056
 980.360426
 990.082123
1058.617191
1058.617191
1097.185063
1097.185063
1152.155137
1193.930145
1193.930145
1273.048800
1273.048800
1347.812170
1347.812170
1353.231833
1359.583245
1398.953387
1398.953387
1445.334459
1584.968397
1585.401156
1597.516344
 128.380968
 128.380968
 204.969992
1065.876019
1065.876019
1065.876019
1079.508923
1079.508923
1079.508923
1242.005420
1242.005420
1242.005420
1294.126897
1294.126897
1294.126897
1313.782256
1313.782256
1313.782256
1378.215939
1378.215939
1378.215939
1597.236921
1597.236921
1601.429425
 252.088810
 269.562211
 367.072056
 980.360426
 990.082123
1058.617191
1058.617191
1097.185063
1097.185063
1152.155137
1193.930145
1193.930145
1273.048800
1273.048800
1347.812170
1347.812170
1353.231833
1359.583245
1398.953387
1398.953387
1445.334459
1584.968397
1585.401156
1597.516344
 299.828188
 355.367733
 490.806389
 977.759853
 977.759853
1006.935304
1006.935304
1021.928110
1125.577444
1128.537485
1128.537485
1163.768677
1305.940981
1311.539224
1344.780732
1344.780732
1383.736441
1383.736441
1430.004898
1441.859770
1441.859770
1571.111997
1574.666606
1594.433284
 419.349467
 484.759788
 635.689730
 857.227242
 889.792732
 978.360720
 994.340291
1029.193293
1031.236416
1107.985143
1112.239915
1152.912854
1281.754328
1327.418031
1349.193376
1411.246800
1412.388587
1435.709782
1436.297397
1450.144894
1489.058096
1547.488707
1553.812480
1582.874714
 566.368775
 623.848469
 716.361913
 760.765691
 779.227486
 912.828249
 977.676544
 980.160319
1053.669224
1081.163707
1111.619201
1134.904285
1285.478931
1305.585076
1383.199643
1407.972215
1446.228898
1455.398037
1468.995879
1483.825790
1513.870252
1523.359800
1529.847305
1561.413324
 566.368775
 623.848469
 716.361913
 760.765691
 779.227486
 912.828249
 977.676544
 980.160319
1053.669224
1081.163707
1111.619201
1134.904285
1285.478931
1305.585076
1383.199643
1407.972215
1446.228898
1455.398037
1468.995879
1483.825790
1513.870252
1523.359800
1529.847305
1561.413324
 419.349467
 484.759788
 635.689730
 857.227242
 889.792732
 978.360720
 994.340291
1029.193293
1031.236416
1107.985143
1112.239915
1152.912854
1281.754328
1327.418031
1349.193376
1411.246800
1412.388587
1435.709782
1436.297397
1450.144894
1489.058096
1547.488707
1553.812480
1582.874714
 299.828188
 355.367733
 490.806389
 977.759853
 977.759853
1006.935304
1006.935304
1021.928110
1125.577444
1128.537485
1128.537485
1163.768677
1305.940981
1311.539224
1344.780732
1344.780732
1383.736441
1383.736441
1430.004898
1441.859770
1441.859770
1571.111997
1574.666606
1594.433284
 252.088810
 269.562211
 367.072056
 980.360426
 990.082123
1058.617191
1058.617191
1097.185063
1097.185063
1152.155137
1193.930145
1193.930145
1273.048800
1273.048800
1347.812170
1347.812170
1353.231833
1359.583245
1398.953387
1398.953387
1445.334459
1584.968397
1585.401156
1597.516344
 299.828188
 355.367733
 490.806389
 977.759853
 977.759853
1006.935304
1006.935304
1021.928110
1125.577444
1128.537485
1128.537485
1163.768677
1305.940981
1311.539224
1344.780732
1344.780732
1383.736441
1383.736441
1430.004898
1441.859770
1441.859770
1571.111997
1574.666606
1594.433284
 374.309832
 374.309832
 594.587038
 955.361193
 955.361193
 955.361193
1018.680351
1018.680351
1018.680351
1124.955920
1124.955920
1124.955920
1355.013834
1355.013834
1355.013834
1376.601232
1376.601232
1376.601232
1448.657072
1448.657072
1448.657072
1560.088682
1560.088682
1592.562554
 463.117332
 487.148122
 721.541261
 854.748971
 884.827476
 939.184964
 939.184964
1011.910647
1011.910647
1054.116991
1131.638766
1131.638766
1345.899143
1345.899143
1390.207331
1390.207331
1410.383522
1439.119232
1454.266987
1454.266987
1481.049326
1538.073884
1538.310160
1581.295785
 594.242618
 612.502950
 737.641073
 739.973686
 846.614479
 931.932433
 931.932433
 959.513793
1000.212888
1000.212888
1141.411368
1141.411368
1334.828034
1334.828034
1404.259079
1404.259079
1456.089975
1456.089975
1462.112437
1480.859424
1505.229235
1511.922659
1522.132643
1557.817975
 594.242618
 612.502950
 737.641073
 739.973686
 846.614479
 931.932433
 931.932433
 959.513793
1000.212888
1000.212888
1141.411368
1141.411368
1334.828034
1334.828034
1404.259079
1404.259079
1456.089975
1456.089975
1462.112437
1480.859424
1505.229235
1511.922659
1522.132643
1557.817975
 463.117332
 487.148122
 721.541261
 854.748971
 884.827476
 939.184964
 939.184964
1011.910647
1011.910647
1054.116991
1131.638766
1131.638766
1345.899143
1345.899143
1390.207331
1390.207331
1410.383522
1439.119232
1454.266987
1454.266987
1481.049326
1538.073884
1538.310160
1581.295785
 374.309832
 374.309832
 594.587038
 955.361193
 955.361193
 955.361193
1018.680351
1018.680351
1018.680351
1124.955920
1124.955920
1124.955920
1355.013834
1355.013834
1355.013834
1376.601232
1376.601232
1376.601232
1448.657072
1448.657072
1448.657072
1560.088682
1560.088682
1592.562554
 299.828188
 355.367733
 490.806389
 977.759853
 977.759853
1006.935304
1006.935304
1021.928110
1125.577444
1128.537485
1128.537485
1163.768677
1305.940981
1311.539224
1344.780732
1344.780732
1383.736441
1383.736441
1430.004898
1441.859770
1441.859770
1571.111997
1574.666606
1594.433284
 419.349467
 484.759788
 635.689730
 857.227242
 889.792732
 978.360720
 994.340291
1029.193293
1031.236416
1107.985143
1112.239915
1152.912854
1281.754328
1327.418031
1349.193376
1411.246800
1412.388587
1435.709782
1436.297397
1450.144894
1489.058096
1547.488707
1553.812480
1582.874714
 463.117332
 487.148122
 721.541261
 854.748971
 884.827476
 939.184964
 939.184964
1011.910647
1011.910647
1054.116991
1131.638766
1131.638766
1345.899143
1345.899143
1390.207331
1390.207331
1410.383522
1439.119232
1454.266987
1454.266987
1481.049326
1538.073884
1538.310160
1581.295785
 518.400496
 564.636983
 827.748576
 846.314964
 846.314964
 894.484249
 894.484249
 895.464063
 981.352213
1086.834239
1086.834239
1147.702997
1370.586146
1382.391427
1401.472741
1401.472741
1447.356363
1447.356363
1465.013639
1466.168006
1466.168006
1514.869724
1520.442844
1570.081745
 612.559036
 668.573769
 730.048177
 779.649289
 845.935010
 862.286850
 916.930370
 930.410920
 947.408296
1018.801630
1119.182823
1142.546534
1376.512174
1388.134523
1409.957472
1438.312362
1447.782488
1462.130639
1467.092136
1476.224116
1485.487899
1497.844375
1506.601419
1545.507696
 612.559036
 668.573769
 730.048177
 779.649289
 845.935010
 862.286850
 916.930370
 930.410920
 947.408296
1018.801630
1119.182823
1142.546534
1376.512174
1388.134523
1409.957472
1438.312362
1447.782488
1462.130639
1467.092136
1476.224116
1485.487899
1497.844375
1506.601419
1545.507696
 518.400496
 564.636983
 827.748576
 846.314964
 846.314964
 894.484249
 894.484249
 895.464063
 981.352213
1086.834239
1086.834239
1147.702997
1370.586146
1382.391427
1401.472741
1401.472741
1447.356363
1447.356363
1465.013639
1466.168006
1466.168006
1514.869724
1520.442844
1570.081745
 463.117332
 487.148122
 721.541261
 854.748971
 884.827476
 939.184964
 939.184964
1011.910647
1011.910647
1054.116991
1131.638766
1131.638766
1345.899143
1345.899143
1390.207331
1390.207331
1410.383522
1439.119232
1454.266987
1454.266987
1481.049326
1538.073884
1538.310160
1581.295785
 419.349467
 484.759788
 635.689730
 857.227242
 889.792732
 978.360720
 994.340291
1029.193293
1031.236416
1107.985143
1112.239915
1152.912854
1281.754328
1327.418031
1349.193376
1411.246800
1412.388587
1435.709782
1436.297397
1450.144894
1489.058096
1547.488707
1553.812480
1582.874714
 566.368775
 623.848469
 716.361913
 760.765691
 779.227486
 912.828249
 977.676544
 980.160319
1053.669224
1081.163707
1111.619201
1134.904285
1285.478931
1305.585076
1383.199643
1407.972215
1446.228898
1455.398037
1468.995879
1483.825790
1513.870252
1523.359800
1529.847305
1561.413324
 594.242618
 612.502950
 737.641073
 739.973686
 846.614479
 931.932433
 931.932433
 959.513793
1000.212888
1000.212888
1141.411368
1141.411368
1334.828034
1334.828034
1404.259079
1404.259079
1456.089975
1456.089975
1462.112437
1480.859424
1505.229235
1511.922659
1522.132643
1557.817975
 612.559036
 668.573769
 730.048177
 779.649289
 845.935010
 862.286850
 916.930370
 930.410920
 947.408296
1018.801630
1119.182823
1142.546534
1376.512174
1388.134523
1409.957472
1438.312362
1447.782488
1462.130639
1467.092136
1476.224116
1485.487899
1497.844375
1506.601419
1545.507696
 665.475898
 747.379569
 749.132728
 749.132728
 796.109734
 832.526983
 832.526983
 890.497848
1009.605211
1074.356794
1074.356794
1117.915688
1407.412680
1428.700229
1428.700229
1435.378633
1459.702288
1464.144925
1464.144925
1476.622450
1481.377708
1487.985745
1487.985745
1521.714793
 665.475898
 747.379569
 749.132728
 749.132728
 796.109734
 832.526983
 832.526983
 890.497848
1009.605211
1074.356794
1074.356794
1117.915688
1407.412680
1428.700229
1428.700229
1435.378633
1459.702288
1464.144925
1464.144925
1476.622450
1481.377708
1487.985745
1487.985745
1521.714793
 612.559036
 668.573769
 730.048177
 779.649289
 845.935010
 862.286850
 916.930370
 930.410920
 947.408296
1018.801630
1119.182823
1142.546534
1376.512174
1388.134523
1409.957472
1438.312362
1447.782488
1462.130639
1467.092136
1476.224116
1485.487899
1497.844375
1506.601419
1545.507696
 594.242618
 612.502950
 737.641073
 739.973686
 846.614479
 931.932433
 931.932433
 959.513793
1000.212888
1000.212888
1141.411368
1141.411368
1334.828034
1334.828034
1404.259079
1404.259079
1456.089975
1456.089975
1462.112437
1480.859424
1505.229235
1511.922659
1522.132643
1557.817975
 566.368775
 623.848469
 716.361913
 760.765691
 779.227486
 912.828249
 977.676544
 980.160319
1053.669224
1081.163707
1111.619201
1134.904285
1285.478931
1305.585076
1383.199643
1407.972215
1446.228898
1455.398037
1468.995879
1483.825790
1513.870252
1523.359800
1529.847305
1561.413324
 566.368775
 623.848469
 716.361913
 760.765691
 779.227486
 912.828249
 977.676544
 980.160319
1053.669224
1081.163707
1111.619201
1134.904285
1285.478931
1305.585076
1383.199643
1407.972215
1446.228898
1455.398037
1468.995879
1483.825790
1513.870252
1523.359800
1529.847305
1561.413324
 594.242618
 612.502950
 737.641073
 739.973686
 846.614479
 931.932433
 931.932433
 959.513793
1000.212888
1000.212888
1141.411368
1141.411368
1334.828034
1334.828034
1404.259079
1404.259079
1456.089975
1456.089975
1462.112437
1480.859424
1505.229235
1511.922659
1522.132643
1557.817975
 612.559036
 668.573769
 730.048177
 779.649289
 845.935010
 862.286850
 916.930370
 930.410920
 947.408296
1018.801630
1119.182823
1142.546534
1376.512174
1388.134523
1409.957472
1438.312362
1447.782488
1462.130639
1467.092136
1476.224116
1485.487899
1497.844375
1506.601419
1545.507696
 665.475898
 747.379569
 749.132728
 749.132728
 796.109734
 832.526983
 832.526983
 890.497848
1009.605211
1074.356794
1074.356794
1117.915688
1407.412680
1428.700229
1428.700229
1435.378633
1459.702288
1464.144925
1464.144925
1476.622450
1481.377708
1487.985745
1487.985745
1521.714793
 665.475898
 747.379569
 749.132728
 749.132728
 796.109734
 832.526983
 832.526983
 890.497848
1009.605211
1074.356794
1074.356794
1117.915688
1407.412680
1428.700229
1428.700229
1435.378633
1459.702288
1464.144925
1464.144925
1476.622450
1481.377708
1487.985745
1487.985745
1521.714793
 612.559036
 668.573769
 730.048177
 779.649289
 845.935010
 862.286850
 916.930370
 930.410920
 947.408296
1018.801630
1119.182823
1142.546534
1376.512174
1388.134523
1409.957472
1438.312362
1447.782488
1462.130639
1467.092136
1476.224116
1485.487899
1497.844375
1506.601419
1545.507696
 594.242618
 612.502950
 737.641073
 739.973686
 846.614479
 931.932433
 931.932433
 959.513793
1000.212888
1000.212888
1141.411368
1141.411368
1334.828034
1334.828034
1404.259079
1404.259079
1456.089975
1456.089975
1462.112437
1480.859424
1505.229235
1511.922659
1522.132643
1557.817975
 566.368775
 623.848469
 716.361913
 760.765691
 779.227486
 912.828249
 977.676544
 980.160319
1053.669224
1081.163707
1111.619201
1134.904285
1285.478931
1305.585076
1383.199643
1407.972215
1446.228898
1455.398037
1468.995879
1483.825790
1513.870252
1523.359800
1529.847305
1561.413324
 419.349467
 484.759788
 635.689730
 857.227242
 889.792732
 978.360720
 994.340291
1029.193293
1031.236416
1107.985143
1112.239915
1152.912854
1281.754328
1327.418031
1349.193376
1411.246800
1412.388587
1435.709782
1436.297397
1450.144894
1489.058096
1547.488707
1553.812480
1582.874714
 463.117332
 487.148122
 721.541261
 854.748971
 884.827476
 939.184964
 939.184964
1011.910647
1011.910647
1054.116991
1131.638766
1131.638766
1345.899143
1345.899143
1390.207331
1390.207331
1410.383522
1439.119232
1454.266987
1454.266987
1481.049326
1538.073884
1538.310160
1581.295785
 518.400496
 564.636983
 827.748576
 846.314964
 846.314964
 894.484249
 894.484249
 895.464063
 981.352213
1086.834239
1086.834239
1147.702997
1370.586146
1382.391427
1401.472741
1401.472741
1447.356363
1447.356363
1465.013639
1466.168006
1466.168006
1514.869724
1520.442844
1570.081745
 612.559036
 668.573769
 730.048177
 779.649289
 845.935010
 862.286850
 916.930370
 930.410920
 947.408296
1018.801630
1119.182823
1142.546534
1376.512174
1388.134523
1409.957472
1438.312362
1447.782488
1462.130639
1467.092136
1476.224116
1485.487899
1497.844375
1506.601419
1545.507696
 612.559036
 668.573769
 730.048177
 779.649289
 845.935010
 862.286850
 916.930370
 930.410920
 947.408296
1018.801630
1119.182823
1142.546534
1376.512174
1388.134523
1409.957472
1438.312362
1447.782488
1462.130639
1467.092136
1476.224116
1485.487899
1497.844375
1506.601419
1545.507696
 518.400496
 564.636983
 827.748576
 846.314964
 846.314964
 894.484249
 894.484249
 895.464063
 981.352213
1086.834239
1086.834239
1147.702997
1370.586146
1382.391427
1401.472741
1401.472741
1447.356363
1447.356363
1465.013639
1466.168006
1466.168006
1514.869724
1520.442844
1570.081745
 463.117332
 487.148122
 721.541261
 854.748971
 884.827476
 939.184964
 939.184964
1011.910647
1011.910647
1054.116991
1131.638766
1131.638766
1345.899143
1345.899143
1390.207331
1390.207331
1410.383522
1439.119232
1454.266987
1454.266987
1481.049326
1538.073884
1538.310160
1581.295785
 419.349467
 484.759788
 635.689730
 857.227242
 889.792732
 978.360720
 994.340291
1029.193293
1031.236416
1107.985143
1112.239915
1152.912854
1281.754328
1327.418031
1349.193376
1411.246800
1412.388587
1435.709782
1436.297397
1450.144894
1489.058096
1547.488707
1553.812480
1582.874714
 299.828188
 355.367733
 490.806389
 977.759853
 977.759853
1006.935304
1006.935304
1021.928110
1125.577444
1128.537485
1128.537485
1163.768677
1305.940981
1311.539224
1344.780732
1344.780732
1383.736441
1383.736441
1430.004898
1441.859770
1441.859770
1571.111997
1574.666606
1594.433284
 374.309832
 374.309832
 594.587038
 955.361193
 955.361193
 955.361193
1018.680351
1018.680351
1018.680351
1124.955920
1124.955920
1124.955920
1355.013834
1355.013834
1355.013834
1376.601232
1376.601232
1376.601232
1448.657072
1448.657072
1448.657072
1560.088682
1560.088682
1592.562554
 463.117332
 487.148122
 721.541261
 854.748971
 884.827476
 939.184964
 939.184964
1011.910647
1011.910647
1054.116991
1131.638766
1131.638766
1345.899143
1345.899143
1390.207331
1390.207331
1410.383522
1439.119232
1454.266987
1454.266987
1481.049326
1538.073884
1538.310160
1581.295785
 594.242618
 612.502950
 737.641073
 739.973686
 846.614479
 931.932433
 931.932433
 959.513793
1000.212888
1000.212888
1141.411368
1141.411368
1334.828034
1334.828034
1404.259079
1404.259079
1456.089975
1456.089975
1462.112437
1480.859424
1505.229235
1511.922659
1522.132643
1557.817975
 594.242618
 612.502950
 737.641073
 739.973686
 846.614479
 931.932433
 931.932433
 959.513793
1000.212888
1000.212888
1141.411368
1141.411368
1334.828034
1334.828034
1404.259079
1404.259079
1456.089975
1456.089975
1462.112437
1480.859424
1505.229235
1511.922659
1522.132643
1557.817975
 463.117332
 487.148122
 721.541261
 854.748971
 884.827476
 939.184964
 939.184964
1011.910647
1011.910647
1054.116991
1131.638766
1131.638766
1345.899143
1345.899143
1390.207331
1390.207331
1410.383522
1439.119232
1454.266987
1454.266987
1481.049326
1538.073884
1538.310160
1581.295785
 374.309832
 374.309832
 594.587038
 955.361193
 955.361193
 955.361193
1018.680351
1018.680351
1018.680351
1124.955920
1124.955920
1124.955920
1355.013834
1355.013834
1355.013834
1376.601232
1376.601232
1376.601232
1448.657072
1448.657072
1448.657072
1560.088682
1560.088682
1592.562554
 299.828188
 355.367733
 490.806389
 977.759853
 977.759853
1006.935304
1006.935304
1021.928110
1125.577444
1128.537485
1128.537485
1163.768677
1305.940981
1311.539224
1344.780732
1344.780732
1383.736441
1383.736441
1430.004898
1441.859770
1441.859770
1571.111997
1574.666606
1594.433284
 252.088810
 269.562211
 367.072056
 980.360426
 990.082123
1058.617191
1058.617191
1097.185063
1097.185063
1152.155137
1193.930145
1193.930145
1273.048800
1273.048800
1347.812170
1347.812170
1353.231833
1359.583245
1398.953387
1398.953387
1445.334459
1584.968397
1585.401156
1597.516344
 299.828188
 355.367733
 490.806389
 977.759853
 977.759853
1006.935304
1006.935304
1021.928110
1125.577444
1128.537485
1128.537485
1163.768677
1305.940981
1311.539224
1344.780732
1344.780732
1383.736441
1383.736441
1430.004898
1441.859770
1441.859770
1571.111997
1574.666606
1594.433284
 419.349467
 484.759788
 635.689730
 857.227242
 889.792732
 978.360720
 994.340291
1029.193293
1031.236416
1107.985143
1112.239915
1152.912854
1281.754328
1327.418031
1349.193376
1411.246800
1412.388587
1435.709782
1436.297397
1450.144894
1489.058096
1547.488707
1553.812480
1582.874714
 566.368775
 623.848469
 716.361913
 760.765691
 779.227486
 912.828249
 977.676544
 980.160319
1053.669224
1081.163707
1111.619201
1134.904285
1285.478931
1305.585076
1383.199643
1407.972215
1446.228898
1455.398037
1468.995879
1483.825790
1513.870252
1523.359800
1529.847305
1561.413324
 566.368775
 623.848469
 716.361913
 760.765691
 779.227486
 912.828249
 977.676544
 980.160319
1053.669224
1081.163707
1111.619201
1134.904285
1285.478931
1305.585076
1383.199643
1407.972215
1446.228898
1455.398037
1468.995879
1483.825790
1513.870252
1523.359800
1529.847305
1561.413324
 419.349467
 484.759788
 635.689730
 857.227242
 889.792732
 978.360720
 994.340291
1029.193293
1031.236416
1107.985143
1112.239915
1152.912854
1281.754328
1327.418031
1349.193376
1411.246800
1412.388587
1435.709782
1436.297397
1450.144894
1489.058096
1547.488707
1553.812480
1582.874714
 299.828188
 355.367733
 490.806389
 977.759853
 977.759853
1006.935304
1006.935304
1021.928110
1125.577444
1128.537485
1128.537485
1163.768677
1305.940981
1311.539224
1344.780732
1344.780732
1383.736441
1383.736441
1430.004898
1441.859770
1441.859770
1571.111997
1574.666606
1594.433284
 252.088810
 269.562211
 367.072056
 980.360426
 990.082123
1058.617191
1058.617191
1097.185063
1097.185063
1152.155137
1193.930145
1193.930145
1273.048800
1273.048800
1347.812170
1347.812170
1353.231833
1359.583245
1398.953387
1398.953387
1445.334459
1584.968397
1585.401156
1597.516344
 414.095010
 426.141445
 543.659924
 861.789454
 867.665978
1025.136620
1060.075016
1060.075016
1115.673062
1115.673062
1148.327667
1148.327667
1242.374972
1242.374972
1379.404593
1379.404593
1418.055581
1418.055581
1419.666877
1424.121933
1500.089307
1561.656791
1561.880494
1587.137142
 419.349467
 484.759788
 635.689730
 857.227242
 889.792732
 978.360720
 994.340291
1029.193293
1031.236416
1107.985143
1112.239915
1152.912854
1281.754328
1327.418031
1349.193376
1411.246800
1412.388587
1435.709782
1436.297397
1450.144894
1489.058096
1547.488707
1553.812480
1582.874714
 481.006364
 585.413431
 748.095946
 853.875910
 853.875910
 931.109421
 931.109421
 934.072065
1044.899146
1044.899146
1076.775869
1139.126131
1330.211422
1348.465242
1397.883084
1397.883084
1453.146317
1453.146317
1467.167434
1467.167434
1470.037721
1523.717615
1538.120178
1569.309740
 589.177255
 702.109637
 719.288187
 820.316376
 859.331605
 861.972093
 888.380711
 960.194069
 982.934937
1033.972578
1068.060376
1102.169349
1355.574682
1377.955681
1390.425821
1433.369303
1451.502141
1469.292953
1475.990195
1487.191586
1492.158424
1507.798940
1515.439292
1544.087661
 589.177255
 702.109637
 719.288187
 820.316376
 859.331605
 861.972093
 888.380711
 960.194069
 982.934937
1033.972578
1068.060376
1102.169349
1355.574682
1377.955681
1390.425821
1433.369303
1451.502141
1469.292953
1475.990195
1487.191586
1492.158424
1507.798940
1515.439292
1544.087661
 481.006364
 585.413431
 748.095946
 853.875910
 853.875910
 931.109421
 931.109421
 934.072065
1044.899146
1044.899146
1076.775869
1139.126131
1330.211422
1348.465242
1397.883084
1397.883084
1453.146317
1453.146317
1467.167434
1467.167434
1470.037721
1523.717615
1538.120178
1569.309740
 419.349467
 484.759788
 635.689730
 857.227242
 889.792732
 978.360720
 994.340291
1029.193293
1031.236416
1107.985143
1112.239915
1152.912854
1281.754328
1327.418031
1349.193376
1411.246800
1412.388587
1435.709782
1436.297397
1450.144894
1489.058096
1547.488707
1553.812480
1582.874714
 414.095010
 426.141445
 543.659924
 861.789454
 867.665978
1025.136620
1060.075016
1060.075016
1115.673062
1115.673062
1148.327667
1148.327667
1242.374972
1242.374972
1379.404593
1379.404593
1418.055581
1418.055581
1419.666877
1424.121933
1500.089307
1561.656791
1561.880494
1587.137142
 419.349467
 484.759788
 635.689730
 857.227242
 889.792732
 978.360720
 994.340291
1029.193293
1031.236416
1107.985143
1112.239915
1152.912854
1281.754328
1327.418031
1349.193376
1411.246800
1412.388587
1435.709782
1436.297397
1450.144894
1489.058096
1547.488707
1553.812480
1582.874714
 463.117332
 487.148122
 721.541261
 854.748971
 884.827476
 939.184964
 939.184964
1011.910647
1011.910647
1054.116991
1131.638766
1131.638766
1345.899143
1345.899143
1390.207331
1390.207331
1410.383522
1439.119232
1454.266987
1454.266987
1481.049326
1538.073884
1538.310160
1581.295785
 518.400496
 564.636983
 827.748576
 846.314964
 846.314964
 894.484249
 894.484249
 895.464063
 981.352213
1086.834239
1086.834239
1147.702997
1370.586146
1382.391427
1401.472741
1401.472741
1447.356363
1447.356363
1465.013639
1466.168006
1466.168006
1514.869724
1520.442844
1570.081745
 612.559036
 668.573769
 730.048177
 779.649289
 845.935010
 862.286850
 916.930370
 930.410920
 947.408296
1018.801630
1119.182823
1142.546534
1376.512174
1388.134523
1409.957472
1438.312362
1447.782488
1462.130639
1467.092136
1476.224116
1485.487899
1497.844375
1506.601419
1545.507696
 612.559036
 668.573769
 730.048177
 779.649289
 845.935010
 862.286850
 916.930370
 930.410920
 947.408296
1018.801630
1119.182823
1142.546534
1376.512174
1388.134523
1409.957472
1438.312362
1447.782488
1462.130639
1467.092136
1476.224116
1485.487899
1497.844375
1506.601419
1545.507696
 518.400496
 564.636983
 827.748576
 846.314964
 846.314964
 894.484249
 894.484249
 895.464063
 981.352213
1086.834239
1086.834239
1147.702997
1370.586146
1382.391427
1401.472741
1401.472741
1447.356363
1447.356363
1465.013639
1466.168006
1466.168006
1514.869724
1520.442844
1570.081745
 463.117332
 487.148122
 721.541261
 854.748971
 884.827476
 939.184964
 939.184964
1011.910647
1011.910647
1054.116991
1131.638766
1131.638766
1345.899143
1345.899143
1390.207331
1390.207331
1410.383522
1439.119232
1454.266987
1454.266987
1481.049326
1538.073884
1538.310160
1581.295785
 419.349467
 484.759788
 635.689730
 857.227242
 889.792732
 978.360720
 994.340291
1029.193293
1031.236416
1107.985143
1112.239915
1152.912854
1281.754328
1327.418031
1349.193376
1411.246800
1412.388587
1435.709782
1436.297397
1450.144894
1489.058096
1547.488707
1553.812480
1582.874714
 481.006364
 585.413431
 748.095946
 853.875910
 853.875910
 931.109421
 931.109421
 934.072065
1044.899146
1044.899146
1076.775869
1139.126131
1330.211422
1348.465242
1397.883084
1397.883084
1453.146317
1453.146317
1467.167434
1467.167434
1470.037721
1523.717615
1538.120178
1569.309740
 518.400496
 564.636983
 827.748576
 846.314964
 846.314964
 894.484249
 894.484249
 895.464063
 981.352213
1086.834239
1086.834239
1147.702997
1370.586146
1382.391427
1401.472741
1401.472741
1447.356363
1447.356363
1465.013639
1466.168006
1466.168006
1514.869724
1520.442844
1570.081745
 583.648374
 583.648374
 829.839986
 829.839986
 829.839986
 866.905976
 866.905976
 866.905976
 924.188302
1128.615072
1128.615072
1128.615072
1404.404029
1404.404029
1404.404029
1442.968016
1442.968016
1442.968016
1462.099497
1462.099497
1462.099497
1497.431508
1497.431508
1560.823810
 650.882751
 664.326639
 749.515170
 751.441425
 814.155688
 814.155688
 856.627361
 856.627361
1013.426151
1083.651350
1153.811906
1153.811906
1403.356094
1403.356094
1440.102276
1445.795219
1445.795219
1455.507021
1455.507021
1462.027039
1472.051013
1476.180550
1499.344331
1537.569584
 650.882751
 664.326639
 749.515170
 751.441425
 814.155688
 814.155688
 856.627361
 856.627361
1013.426151
1083.651350
1153.811906
1153.811906
1403.356094
1403.356094
1440.102276
1445.795219
1445.795219
1455.507021
1455.507021
1462.027039
1472.051013
1476.180550
1499.344331
1537.569584
 583.648374
 583.648374
 829.839986
 829.839986
 829.839986
 866.905976
 866.905976
 866.905976
 924.188302
1128.615072
1128.615072
1128.615072
1404.404029
1404.404029
1404.404029
1442.968016
1442.968016
1442.968016
1462.099497
1462.099497
1462.099497
1497.431508
1497.431508
1560.823810
 518.400496
 564.636983
 827.748576
 846.314964
 846.314964
 894.484249
 894.484249
 895.464063
 981.352213
1086.834239
1086.834239
1147.702997
1370.586146
1382.391427
1401.472741
1401.472741
1447.356363
1447.356363
1465.013639
1466.168006
1466.168006
1514.869724
1520.442844
1570.081745
 481.006364
 585.413431
 748.095946
 853.875910
 853.875910
 931.109421
 931.109421
 934.072065
1044.899146
1044.899146
1076.775869
1139.126131
1330.211422
1348.465242
1397.883084
1397.883084
1453.146317
1453.146317
1467.167434
1467.167434
1470.037721
1523.717615
1538.120178
1569.309740
 589.177255
 702.109637
 719.288187
 820.316376
 859.331605
 861.972093
 888.380711
 960.194069
 982.934937
1033.972578
1068.060376
1102.169349
1355.574682
1377.955681
1390.425821
1433.369303
1451.502141
1469.292953
1475.990195
1487.191586
1492.158424
1507.798940
1515.439292
1544.087661
 612.559036
 668.573769
 730.048177
 779.649289
 845.935010
 862.286850
 916.930370
 930.410920
 947.408296
1018.801630
1119.182823
1142.546534
1376.512174
1388.134523
1409.957472
1438.312362
1447.782488
1462.130639
1467.092136
1476.224116
1485.487899
1497.844375
1506.601419
1545.507696
 650.882751
 664.326639
 749.515170
 751.441425
 814.155688
 814.155688
 856.627361
 856.627361
1013.426151
1083.651350
1153.811906
1153.811906
1403.356094
1403.356094
1440.102276
1445.795219
1445.795219
1455.507021
1455.507021
1462.027039
1472.051013
1476.180550
1499.344331
1537.569584
 687.077680
 714.497856
 748.470048
 748.470048
 774.115681
 778.740980
 778.740980
 813.087212
1085.820191
1134.935107
1134.935107
1160.375156
1417.230295
1429.100000
1429.100000
1445.039370
1450.430297
1450.430297
1452.004672
1458.914160
1468.092794
1485.514167
1485.514167
1517.386754
 687.077680
 714.497856
 748.470048
 748.470048
 774.115681
 778.740980
 778.740980
 813.087212
1085.820191
1134.935107
1134.935107
1160.375156
1417.230295
1429.100000
1429.100000
1445.039370
1450.430297
1450.430297
1452.004672
1458.914160
1468.092794
1485.514167
1485.514167
1517.386754
 650.882751
 664.326639
 749.515170
 751.441425
 814.155688
 814.155688
 856.627361
 856.627361
1013.426151
1083.651350
1153.811906
1153.811906
1403.356094
1403.356094
1440.102276
1445.795219
1445.795219
1455.507021
1455.507021
1462.027039
1472.051013
1476.180550
1499.344331
1537.569584
 612.559036
 668.573769
 730.048177
 779.649289
 845.935010
 862.286850
 916.930370
 930.410920
 947.408296
1018.801630
1119.182823
1142.546534
1376.512174
1388.134523
1409.957472
1438.312362
1447.782488
1462.130639
1467.092136
1476.224116
1485.487899
1497.844375
1506.601419
1545.507696
 589.177255
 702.109637
 719.288187
 820.316376
 859.331605
 861.972093
 888.380711
 960.194069
 982.934937
1033.972578
1068.060376
1102.169349
1355.574682
1377.955681
1390.425821
1433.369303
1451.502141
1469.292953
1475.990195
1487.191586
1492.158424
1507.798940
1515.439292
1544.087661
 589.177255
 702.109637
 719.288187
 820.316376
 859.331605
 861.972093
 888.380711
 960.194069
 982.934937
1033.972578
1068.060376
1102.169349
1355.574682
1377.955681
1390.425821
1433.369303
1451.502141
1469.292953
1475.990195
1487.191586
1492.158424
1507.798940
1515.439292
1544.087661
 612.559036
 668.573769
 730.048177
 779.649289
 845.935010
 862.286850
 916.930370
 930.410920
 947.408296
1018.801630
1119.182823
1142.546534
1376.512174
1388.134523
1409.957472
1438.312362
1447.782488
1462.130639
1467.092136
1476.224116
1485.487899
1497.844375
1506.601419
1545.507696
 650.882751
 664.326639
 749.515170
 751.441425
 814.155688
 814.155688
 856.627361
 856.627361
1013.426151
1083.651350
1153.811906
1153.811906
1403.356094
1403.356094
1440.102276
1445.795219
1445.795219
1455.507021
1455.507021
1462.027039
1472.051013
1476.180550
1499.344331
1537.569584
 687.077680
 714.497856
 748.470048
 748.470048
 774.115681
 778.740980
 778.740980
 813.087212
1085.820191
1134.935107
1134.935107
1160.375156
1417.230295
1429.100000
1429.100000
1445.039370
1450.430297
1450.430297
1452.004672
1458.914160
1468.092794
1485.514167
1485.514167
1517.386754
 687.077680
 714.497856
 748.470048
 748.470048
 774.115681
 778.740980
 778.740980
 813.087212
1085.820191
1134.935107
1134.935107
1160.375156
1417.230295
1429.100000
1429.100000
1445.039370
1450.430297
1450.430297
1452.004672
1458.914160
1468.092794
1485.514167
1485.514167
1517.386754
 650.882751
 664.326639
 749.515170
 751.441425
 814.155688
 814.155688
 856.627361
 856.627361
1013.426151
1083.651350
1153.811906
1153.811906
1403.356094
1403.356094
1440.102276
1445.795219
1445.795219
1455.507021
1455.507021
1462.027039
1472.051013
1476.180550
1499.344331
1537.569584
 612.559036
 668.573769
 730.048177
 779.649289
 845.935010
 862.286850
 916.930370
 930.410920
 947.408296
1018.801630
1119.182823
1142.546534
1376.512174
1388.134523
1409.957472
1438.312362
1447.782488
1462.130639
1467.092136
1476.224116
1485.487899
1497.844375
1506.601419
1545.507696
 589.177255
 702.109637
 719.288187
 820.316376
 859.331605
 861.972093
 888.380711
 960.194069
 982.934937
1033.972578
1068.060376
1102.169349
1355.574682
1377.955681
1390.425821
1433.369303
1451.502141
1469.292953
1475.990195
1487.191586
1492.158424
1507.798940
1515.439292
1544.087661
 481.006364
 585.413431
 748.095946
 853.875910
 853.875910
 931.109421
 931.109421
 934.072065
1044.899146
1044.899146
1076.775869
1139.126131
1330.211422
1348.465242
1397.883084
1397.883084
1453.146317
1453.146317
1467.167434
1467.167434
1470.037721
1523.717615
1538.120178
1569.309740
 518.400496
 564.636983
 827.748576
 846.314964
 846.314964
 894.484249
 894.484249
 895.464063
 981.352213
1086.834239
1086.834239
1147.702997
1370.586146
1382.391427
1401.472741
1401.472741
1447.356363
1447.356363
1465.013639
1466.168006
1466.168006
1514.869724
1520.442844
1570.081745
 583.648374
 583.648374
 829.839986
 829.839986
 829.839986
 866.905976
 866.905976
 866.905976
 924.188302
1128.615072
1128.615072
1128.615072
1404.404029
1404.404029
1404.404029
1442.968016
1442.968016
1442.968016
1462.099497
1462.099497
1462.099497
1497.431508
1497.431508
1560.823810
 650.882751
 664.326639
 749.515170
 751.441425
 814.155688
 814.155688
 856.627361
 856.627361
1013.426151
1083.651350
1153.811906
1153.811906
1403.356094
1403.356094
1440.102276
1445.795219
1445.795219
1455.507021
1455.507021
1462.027039
1472.051013
1476.180550
1499.344331
1537.569584
 650.882751
 664.326639
 749.515170
 751.441425
 814.155688
 814.155688
 856.627361
 856.627361
1013.426151
1083.651350
1153.811906
1153.811906
1403.356094
1403.356094
1440.102276
1445.795219
1445.795219
1455.507021
1455.507021
1462.027039
1472.051013
1476.180550
1499.344331
1537.569584
 583.648374
 583.648374
 829.839986
 829.839986
 829.839986
 866.905976
 866.905976
 866.905976
 924.188302
1128.615072
1128.615072
1128.615072
1404.404029
1404.404029
1404.404029
1442.968016
1442.968016
1442.968016
1462.099497
1462.099497
1462.099497
1497.431508
1497.431508
1560.823810
 518.400496
 564.636983
 827.748576
 846.314964
 846.314964
 894.484249
 894.484249
 895.464063
 981.352213
1086.834239
1086.834239
1147.702997
1370.586146
1382.391427
1401.472741
1401.472741
1447.356363
1447.356363
1465.013639
1466.168006
1466.168006
1514.869724
1520.442844
1570.081745
 481.006364
 585.413431
 748.095946
 853.875910
 853.875910
 931.109421
 931.109421
 934.072065
1044.899146
1044.899146
1076.775869
1139.126131
1330.211422
1348.465242
1397.883084
1397.883084
1453.146317
1453.146317
1467.167434
1467.167434
1470.037721
1523.717615
1538.120178
1569.309740
 419.349467
 484.759788
 635.689730
 857.227242
 889.792732
 978.360720
 994.340291
1029.193293
1031.236416
1107.985143
1112.239915
1152.912854
1281.754328
1327.418031
1349.193376
1411.246800
1412.388587
1435.709782
1436.297397
1450.144894
1489.058096
1547.488707
1553.812480
1582.874714
 463.117332
 487.148122
 721.541261
 854.748971
 884.827476
 939.184964
 939.184964
1011.910647
1011.910647
1054.116991
1131.638766
1131.638766
1345.899143
1345.899143
1390.207331
1390.207331
1410.383522
1439.119232
1454.266987
1454.266987
1481.049326
1538.073884
1538.310160
1581.295785
 518.400496
 564.636983
 827.748576
 846.314964
 846.314964
 894.484249
 894.484249
 895.464063
 981.352213
1086.834239
1086.834239
1147.702997
1370.586146
1382.391427
1401.472741
1401.472741
1447.356363
1447.356363
1465.013639
1466.168006
1466.168006
1514.869724
1520.442844
1570.081745
 612.559036
 668.573769
 730.048177
 779.649289
 845.935010
 862.286850
 916.930370
 930.410920
 947.408296
1018.801630
1119.182823
1142.546534
1376.512174
1388.134523
1409.957472
1438.312362
1447.782488
1462.130639
1467.092136
1476.224116
1485.487899
1497.844375
1506.601419
1545.507696
 612.559036
 668.573769
 730.048177
 779.649289
 845.935010
 862.286850
 916.930370
 930.410920
 947.408296
1018.801630
1119.182823
1142.546534
1376.512174
1388.134523
1409.957472
1438.312362
1447.782488
1462.130639
1467.092136
1476.224116
1485.487899
1497.844375
1506.601419
1545.507696
 518.400496
 564.636983
 827.748576
 846.314964
 846.314964
 894.484249
 894.484249
 895.464063
 981.352213
1086.834239
1086.834239
1147.702997
1370.586146
1382.391427
1401.472741
1401.472741
1447.356363
1447.356363
1465.013639
1466.168006
1466.168006
1514.869724
1520.442844
1570.081745
 463.117332
 487.148122
 721.541261
 854.748971
 884.827476
 939.184964
 939.184964
1011.910647
1011.910647
1054.116991
1131.638766
1131.638766
1345.899143
1345.899143
1390.207331
1390.207331
1410.383522
1439.119232
1454.266987
1454.266987
1481.049326
1538.073884
1538.310160
1581.295785
 419.349467
 484.759788
 635.689730
 857.227242
 889.792732
 978.360720
 994.340291
1029.193293
1031.236416
1107.985143
1112.239915
1152.912854
1281.754328
1327.418031
1349.193376
1411.246800
1412.388587
1435.709782
1436.297397
1450.144894
1489.058096
1547.488707
1553.812480
1582.874714
 414.095010
 426.141445
 543.659924
 861.789454
 867.665978
1025.136620
1060.075016
1060.075016
1115.673062
1115.673062
1148.327667
1148.327667
1242.374972
1242.374972
1379.404593
1379.404593
1418.055581
1418.055581
1419.666877
1424.121933
1500.089307
1561.656791
1561.880494
1587.137142
 419.349467
 484.759788
 635.689730
 857.227242
 889.792732
 978.360720
 994.340291
1029.193293
1031.236416
1107.985143
1112.239915
1152.912854
1281.754328
1327.418031
1349.193376
1411.246800
1412.388587
1435.709782
1436.297397
1450.144894
1489.058096
1547.488707
1553.812480
1582.874714
 481.006364
 585.413431
 748.095946
 853.875910
 853.875910
 931.109421
 931.109421
 934.072065
1044.899146
1044.899146
1076.775869
1139.126131
1330.211422
1348.465242
1397.883084
1397.883084
1453.146317
1453.146317
1467.167434
1467.167434
1470.037721
1523.717615
1538.120178
1569.309740
 589.177255
 702.109637
 719.288187
 820.316376
 859.331605
 861.972093
 888.380711
 960.194069
 982.934937
1033.972578
1068.060376
1102.169349
1355.574682
1377.955681
1390.425821
1433.369303
1451.502141
1469.292953
1475.990195
1487.191586
1492.158424
1507.798940
1515.439292
1544.087661
 589.177255
 702.109637
 719.288187
 820.316376
 859.331605
 861.972093
 888.380711
 960.194069
 982.934937
1033.972578
1068.060376
1102.169349
1355.574682
1377.955681
1390.425821
1433.369303
1451.502141
1469.292953
1475.990195
1487.191586
1492.158424
1507.798940
1515.439292
1544.087661
 481.006364
 585.413431
 748.095946
 853.875910
 853.875910
 931.109421
 931.109421
 934.072065
1044.899146
1044.899146
1076.775869
1139.126131
1330.211422
1348.465242
1397.883084
1397.883084
1453.146317
1453.146317
1467.167434
1467.167434
1470.037721
1523.717615
1538.120178
1569.309740
 419.349467
 484.759788
 635.689730
 857.227242
 889.792732
 978.360720
 994.340291
1029.193293
1031.236416
1107.985143
1112.239915
1152.912854
1281.754328
1327.418031
1349.193376
1411.246800
1412.388587
1435.709782
1436.297397
1450.144894
1489.058096
1547.488707
1553.812480
1582.874714
 414.095010
 426.141445
 543.659924
 861.789454
 867.665978
1025.136620
1060.075016
1060.075016
1115.673062
1115.673062
1148.327667
1148.327667
1242.374972
1242.374972
1379.404593
1379.404593
1418.055581
1418.055581
1419.666877
1424.121933
1500.089307
1561.656791
1561.880494
1587.137142
 575.242474
 580.173848
 716.428842
 726.617634
 727.753257
 878.439544
1070.419544
1070.419544
1108.998389
1108.998389
1135.489971
1135.489971
1219.874731
1219.874731
1396.768293
1396.768293
1428.358205
1428.358205
1478.332576
1481.272373
1525.929712
1527.385861
1540.671109
1568.903574
 566.368775
 623.848469
 716.361913
 760.765691
 779.227486
 912.828249
 977.676544
 980.160319
1053.669224
1081.163707
1111.619201
1134.904285
1285.478931
1305.585076
1383.199643
1407.972215
1446.228898
1455.398037
1468.995879
1483.825790
1513.870252
1523.359800
1529.847305
1561.413324
 589.177255
 702.109637
 719.288187
 820.316376
 859.331605
 861.972093
 888.380711
 960.194069
 982.934937
1033.972578
1068.060376
1102.169349
1355.574682
1377.955681
1390.425821
1433.369303
1451.502141
1469.292953
1475.990195
1487.191586
1492.158424
1507.798940
1515.439292
1544.087661
 653.735240
 749.536831
 749.536831
 796.881509
 808.144255
 894.192097
 894.192097
 938.484691
 969.456845
1009.323590
1009.323590
1057.200548
1401.851105
1425.185860
1428.403192
1428.403192
1463.740647
1470.888235
1470.888235
1487.388593
1491.168290
1491.168290
1501.590307
1516.534230
 653.735240
 749.536831
 749.536831
 796.881509
 808.144255
 894.192097
 894.192097
 938.484691
 969.456845
1009.323590
1009.323590
1057.200548
1401.851105
1425.185860
1428.403192
1428.403192
1463.740647
1470.888235
1470.888235
1487.388593
1491.168290
1491.168290
1501.590307
1516.534230
 589.177255
 702.109637
 719.288187
 820.316376
 859.331605
 861.972093
 888.380711
 960.194069
 982.934937
1033.972578
1068.060376
1102.169349
1355.574682
1377.955681
1390.425821
1433.369303
1451.502141
1469.292953
1475.990195
1487.191586
1492.158424
1507.798940
1515.439292
1544.087661
 566.368775
 623.848469
 716.361913
 760.765691
 779.227486
 912.828249
 977.676544
 980.160319
1053.669224
1081.163707
1111.619201
1134.904285
1285.478931
1305.585076
1383.199643
1407.972215
1446.228898
1455.398037
1468.995879
1483.825790
1513.870252
1523.359800
1529.847305
1561.413324
 575.242474
 580.173848
 716.428842
 726.617634
 727.753257
 878.439544
1070.419544
1070.419544
1108.998389
1108.998389
1135.489971
1135.489971
1219.874731
1219.874731
1396.768293
1396.768293
1428.358205
1428.358205
1478.332576
1481.272373
1525.929712
1527.385861
1540.671109
1568.903574
 566.368775
 623.848469
 716.361913
 760.765691
 779.227486
 912.828249
 977.676544
 980.160319
1053.669224
1081.163707
1111.619201
1134.904285
1285.478931
1305.585076
1383.199643
1407.972215
1446.228898
1455.398037
1468.995879
1483.825790
1513.870252
1523.359800
1529.847305
1561.413324
 594.242618
 612.502950
 737.641073
 739.973686
 846.614479
 931.932433
 931.932433
 959.513793
1000.212888
1000.212888
1141.411368
1141.411368
1334.828034
1334.828034
1404.259079
1404.259079
1456.089975
1456.089975
1462.112437
1480.859424
1505.229235
1511.922659
1522.132643
1557.817975
 612.559036
 668.573769
 730.048177
 779.649289
 845.935010
 862.286850
 916.930370
 930.410920
 947.408296
1018.801630
1119.182823
1142.546534
1376.512174
1388.134523
1409.957472
1438.312362
1447.782488
1462.130639
1467.092136
1476.224116
1485.487899
1497.844375
1506.601419
1545.507696
 665.475898
 747.379569
 749.132728
 749.132728
 796.109734
 832.526983
 832.526983
 890.497848
1009.605211
1074.356794
1074.356794
1117.915688
1407.412680
1428.700229
1428.700229
1435.378633
1459.702288
1464.144925
1464.144925
1476.622450
1481.377708
1487.985745
1487.985745
1521.714793
 665.475898
 747.379569
 749.132728
 749.132728
 796.109734
 832.526983
 832.526983
 890.497848
1009.605211
1074.356794
1074.356794
1117.915688
1407.412680
1428.700229
1428.700229
1435.378633
1459.702288
1464.144925
1464.144925
1476.622450
1481.377708
1487.985745
1487.985745
1521.714793
 612.559036
 668.573769
 730.048177
 779.649289
 845.935010
 862.286850
 916.930370
 930.410920
 947.408296
1018.801630
1119.182823
1142.546534
1376.512174
1388.134523
1409.957472
1438.312362
1447.782488
1462.130639
1467.092136
1476.224116
1485.487899
1497.844375
1506.601419
1545.507696
 594.242618
 612.502950
 737.641073
 739.973686
 846.614479
 931.932433
 931.932433
 959.513793
1000.212888
1000.212888
1141.411368
1141.411368
1334.828034
1334.828034
1404.259079
1404.259079
1456.089975
1456.089975
1462.112437
1480.859424
1505.229235
1511.922659
1522.132643
1557.817975
 566.368775
 623.848469
 716.361913
 760.765691
 779.227486
 912.828249
 977.676544
 980.160319
1053.669224
1081.163707
1111.619201
1134.904285
1285.478931
1305.585076
1383.199643
1407.972215
1446.228898
1455.398037
1468.995879
1483.825790
1513.870252
1523.359800
1529.847305
1561.413324
 589.177255
 702.109637
 719.288187
 820.316376
 859.331605
 861.972093
 888.380711
 960.194069
 982.934937
1033.972578
1068.060376
1102.169349
1355.574682
1377.955681
1390.425821
1433.369303
1451.502141
1469.292953
1475.990195
1487.191586
1492.158424
1507.798940
1515.439292
1544.087661
 612.559036
 668.573769
 730.048177
 779.649289
 845.935010
 862.286850
 916.930370
 930.410920
 947.408296
1018.801630
1119.182823
1142.546534
1376.512174
1388.134523
1409.957472
1438.312362
1447.782488
1462.130639
1467.092136
1476.224116
1485.487899
1497.844375
1506.601419
1545.507696
 650.882751
 664.326639
 749.515170
 751.441425
 814.155688
 814.155688
 856.627361
 856.627361
1013.426151
1083.651350
1153.811906
1153.811906
1403.356094
1403.356094
1440.102276
1445.795219
1445.795219
1455.507021
1455.507021
1462.027039
1472.051013
1476.180550
1499.344331
1537.569584
 687.077680
 714.497856
 748.470048
 748.470048
 774.115681
 778.740980
 778.740980
 813.087212
1085.820191
1134.935107
1134.935107
1160.375156
1417.230295
1429.100000
1429.100000
1445.039370
1450.430297
1450.430297
1452.004672
1458.914160
1468.092794
1485.514167
1485.514167
1517.386754
 687.077680
 714.497856
 748.470048
 748.470048
 774.115681
 778.740980
 778.740980
 813.087212
1085.820191
1134.935107
1134.935107
1160.375156
1417.230295
1429.100000
1429.100000
1445.039370
1450.430297
1450.430297
1452.004672
1458.914160
1468.092794
1485.514167
1485.514167
1517.386754
 650.882751
 664.326639
 749.515170
 751.441425
 814.155688
 814.155688
 856.627361
 856.627361
1013.426151
1083.651350
1153.811906
1153.811906
1403.356094
1403.356094
1440.102276
1445.795219
1445.795219
1455.507021
1455.507021
1462.027039
1472.051013
1476.180550
1499.344331
1537.569584
 612.559036
 668.573769
 730.048177
 779.649289
 845.935010
 862.286850
 916.930370
 930.410920
 947.408296
1018.801630
1119.182823
1142.546534
1376.512174
1388.134523
1409.957472
1438.312362
1447.782488
1462.130639
1467.092136
1476.224116
1485.487899
1497.844375
1506.601419
1545.507696
 589.177255
 702.109637
 719.288187
 820.316376
 859.331605
 861.972093
 888.380711
 960.194069
 982.934937
1033.972578
1068.060376
1102.169349
1355.574682
1377.955681
1390.425821
1433.369303
1451.502141
1469.292953
1475.990195
1487.191586
1492.158424
1507.798940
1515.439292
1544.087661
 653.735240
 749.536831
 749.536831
 796.881509
 808.144255
 894.192097
 894.192097
 938.484691
 969.456845
1009.323590
1009.323590
1057.200548
1401.851105
1425.185860
1428.403192
1428.403192
1463.740647
1470.888235
1470.888235
1487.388593
1491.168290
1491.168290
1501.590307
1516.534230
 665.475898
 747.379569
 749.132728
 749.132728
 796.109734
 832.526983
 832.526983
 890.497848
1009.605211
1074.356794
1074.356794
1117.915688
1407.412680
1428.700229
1428.700229
1435.378633
1459.702288
1464.144925
1464.144925
1476.622450
1481.377708
1487.985745
1487.985745
1521.714793
 687.077680
 714.497856
 748.470048
 748.470048
 774.115681
 778.740980
 778.740980
 813.087212
1085.820191
1134.935107
1134.935107
1160.375156
1417.230295
1429.100000
1429.100000
1445.039370
1450.430297
1450.430297
1452.004672
1458.914160
1468.092794
1485.514167
1485.514167
1517.386754
 715.214383
 715.214383
 745.717337
 745.717337
 745.717337
 750.708893
 750.708893
 750.708893
1145.163913
1172.130970
1172.130970
1172.130970
1429.269784
1429.269784
1429.269784
1437.841604
1437.841604
1437.841604
1441.440954
1441.440954
1484.520134
1484.520134
1484.520134
1504.026238
 715.214383
 715.214383
 745.717337
 745.717337
 745.717337
 750.708893
 750.708893
 750.708893
1145.163913
1172.130970
1172.130970
1172.130970
1429.269784
1429.269784
1429.269784
1437.841604
1437.841604
1437.841604
1441.440954
1441.440954
1484.520134
1484.520134
1484.520134
1504.026238
 687.077680
 714.497856
 748.470048
 748.470048
 774.115681
 778.740980
 778.740980
 813.087212
1085.820191
1134.935107
1134.935107
1160.375156
1417.230295
1429.100000
1429.100000
1445.039370
1450.430297
1450.430297
1452.004672
1458.914160
1468.092794
1485.514167
1485.514167
1517.386754
 665.475898
 747.379569
 749.132728
 749.132728
 796.109734
 832.526983
 832.526983
 890.497848
1009.605211
1074.356794
1074.356794
1117.915688
1407.412680
1428.700229
1428.700229
1435.378633
1459.702288
1464.144925
1464.144925
1476.622450
1481.377708
1487.985745
1487.985745
1521.714793
 653.735240
 749.536831
 749.536831
 796.881509
 808.144255
 894.192097
 894.192097
 938.484691
 969.456845
1009.323590
1009.323590
1057.200548
1401.851105
1425.185860
1428.403192
1428.403192
1463.740647
1470.888235
1470.888235
1487.388593
1491.168290
1491.168290
1501.590307
1516.534230
 653.735240
 749.536831
 749.536831
 796.881509
 808.144255
 894.192097
 894.192097
 938.484691
 969.456845
1009.323590
1009.323590
1057.200548
1401.851105
1425.185860
1428.403192
1428.403192
1463.740647
1470.888235
1470.888235
1487.388593
1491.168290
1491.168290
1501.590307
1516.534230
 665.475898
 747.379569
 749.132728
 749.132728
 796.109734
 832.526983
 832.526983
 890.497848
1009.605211
1074.356794
1074.356794
1117.915688
1407.412680
1428.700229
1428.700229
1435.378633
1459.702288
1464.144925
1464.144925
1476.622450
1481.377708
1487.985745
1487.985745
1521.714793
 687.077680
 714.497856
 748.470048
 748.470048
 774.115681
 778.740980
 778.740980
 813.087212
1085.820191
1134.935107
1134.935107
1160.375156
1417.230295
1429.100000
1429.100000
1445.039370
1450.430297
1450.430297
1452.004672
1458.914160
1468.092794
1485.514167
1485.514167
1517.386754
 715.214383
 715.214383
 745.717337
 745.717337
 745.717337
 750.708893
 750.708893
 750.708893
1145.163913
1172.130970
1172.130970
1172.130970
1429.269784
1429.269784
1429.269784
1437.841604
1437.841604
1437.841604
1441.440954
1441.440954
1484.520134
1484.520134
1484.520134
1504.026238
 715.214383
 715.214383
 745.717337
 745.717337
 745.717337
 750.708893
 750.708893
 750.708893
1145.163913
1172.130970
1172.130970
1172.130970
1429.269784
1429.269784
1429.269784
1437.841604
1437.841604
1437.841604
1441.440954
1441.440954
1484.520134
1484.520134
1484.520134
1504.026238
 687.077680
 714.497856
 748.470048
 748.470048
 774.115681
 778.740980
 778.740980
 813.087212
1085.820191
1134.935107
1134.935107
1160.375156
1417.230295
1429.100000
1429.100000
1445.039370
1450.430297
1450.430297
1452.004672
1458.914160
1468.092794
1485.514167
1485.514167
1517.386754
 665.475898
 747.379569
 749.132728
 749.132728
 796.109734
 832.526983
 832.526983
 890.497848
1009.605211
1074.356794
1074.356794
1117.915688
1407.412680
1428.700229
1428.700229
1435.378633
1459.702288
1464.144925
1464.144925
1476.622450
1481.377708
1487.985745
1487.985745
1521.714793
 653.735240
 749.536831
 749.536831
 796.881509
 808.144255
 894.192097
 894.192097
 938.484691
 969.456845
1009.323590
1009.323590
1057.200548
1401.851105
1425.185860
1428.403192
1428.403192
1463.740647
1470.888235
1470.888235
1487.388593
1491.168290
1491.168290
1501.590307
1516.534230
 589.177255
 702.109637
 719.288187
 820.316376
 859.331605
 861.972093
 888.380711
 960.194069
 982.934937
1033.972578
1068.060376
1102.169349
1355.574682
1377.955681
1390.425821
1433.369303
1451.502141
1469.292953
1475.990195
1487.191586
1492.158424
1507.798940
1515.439292
1544.087661
 612.559036
 668.573769
 730.048177
 779.649289
 845.935010
 862.286850
 916.930370
 930.410920
 947.408296
1018.801630
1119.182823
1142.546534
1376.512174
1388.134523
1409.957472
1438.312362
1447.782488
1462.130639
1467.092136
1476.224116
1485.487899
1497.844375
1506.601419
1545.507696
 650.882751
 664.326639
 749.515170
 751.441425
 814.155688
 814.155688
 856.627361
 856.627361
1013.426151
1083.651350
1153.811906
1153.811906
1403.356094
1403.356094
1440.102276
1445.795219
1445.795219
1455.507021
1455.507021
1462.027039
1472.051013
1476.180550
1499.344331
1537.569584
 687.077680
 714.497856
 748.470048
 748.470048
 774.115681
 778.740980
 778.740980
 813.087212
1085.820191
1134.935107
1134.935107
1160.375156
1417.230295
1429.100000
1429.100000
1445.039370
1450.430297
1450.430297
1452.004672
1458.914160
1468.092794
1485.514167
1485.514167
1517.386754
 687.077680
 714.497856
 748.470048
 748.470048
 774.115681
 778.740980
 778.740980
 813.087212
1085.820191
1134.935107
1134.935107
1160.375156
1417.230295
1429.100000
1429.100000
1445.039370
1450.430297
1450.430297
1452.004672
1458.914160
1468.092794
1485.514167
1485.514167
1517.386754
 650.882751
 664.326639
 749.515170
 751.441425
 814.155688
 814.155688
 856.627361
 856.627361
1013.426151
1083.651350
1153.811906
1153.811906
1403.356094
1403.356094
1440.102276
1445.795219
1445.795219
1455.507021
1455.507021
1462.027039
1472.051013
1476.180550
1499.344331
1537.569584
 612.559036
 668.573769
 730.048177
 779.649289
 845.935010
 862.286850
 916.930370
 930.410920
 947.408296
1018.801630
1119.182823
1142.546534
1376.512174
1388.134523
1409.957472
1438.312362
1447.782488
1462.130639
1467.092136
1476.224116
1485.487899
1497.844375
1506.601419
1545.507696
 589.177255
 702.109637
 719.288187
 820.316376
 859.331605
 861.972093
 888.380711
 960.194069
 982.934937
1033.972578
1068.060376
1102.169349
1355.574682
1377.955681
1390.425821
1433.369303
1451.502141
1469.292953
1475.990195
1487.191586
1492.158424
1507.798940
1515.439292
1544.087661
 566.368775
 623.848469
 716.361913
 760.765691
 779.227486
 912.828249
 977.676544
 980.160319
1053.669224
1081.163707
1111.619201
1134.904285
1285.478931
1305.585076
1383.199643
1407.972215
1446.228898
1455.398037
1468.995879
1483.825790
1513.870252
1523.359800
1529.847305
1561.413324
 594.242618
 612.502950
 737.641073
 739.973686
 846.614479
 931.932433
 931.932433
 959.513793
1000.212888
1000.212888
1141.411368
1141.411368
1334.828034
1334.828034
1404.259079
1404.259079
1456.089975
1456.089975
1462.112437
1480.859424
1505.229235
1511.922659
1522.132643
1557.817975
 612.559036
 668.573769
 730.048177
 779.649289
 845.935010
 862.286850
 916.930370
 930.410920
 947.408296
1018.801630
1119.182823
1142.546534
1376.512174
1388.134523
1409.957472
1438.312362
1447.782488
1462.130639
1467.092136
1476.224116
1485.487899
1497.844375
1506.601419
1545.507696
 665.475898
 747.379569
 749.132728
 749.132728
 796.109734
 832.526983
 832.526983
 890.497848
1009.605211
1074.356794
1074.356794
1117.915688
1407.412680
1428.700229
1428.700229
1435.378633
1459.702288
1464.144925
1464.144925
1476.622450
1481.377708
1487.985745
1487.985745
1521.714793
 665.475898
 747.379569
 749.132728
 749.132728
 796.109734
 832.526983
 832.526983
 890.497848
1009.605211
1074.356794
1074.356794
1117.915688
1407.412680
1428.700229
1428.700229
1435.378633
1459.702288
1464.144925
1464.144925
1476.622450
1481.377708
1487.985745
1487.985745
1521.714793
 612.559036
 668.573769
 730.048177
 779.649289
 845.935010
 862.286850
 916.930370
 930.410920
 947.408296
1018.801630
1119.182823
1142.546534
1376.512174
1388.134523
1409.957472
1438.312362
1447.782488
1462.130639
1467.092136
1476.224116
1485.487899
1497.844375
1506.601419
1545.507696
 594.242618
 612.502950
 737.641073
 739.973686
 846.614479
 931.932433
 931.932433
 959.513793
1000.212888
1000.212888
1141.411368
1141.411368
1334.828034
1334.828034
1404.259079
1404.259079
1456.089975
1456.089975
1462.112437
1480.859424
1505.229235
1511.922659
1522.132643
1557.817975
 566.368775
 623.848469
 716.361913
 760.765691
 779.227486
 912.828249
 977.676544
 980.160319
1053.669224
1081.163707
1111.619201
1134.904285
1285.478931
1305.585076
1383.199643
1407.972215
1446.228898
1455.398037
1468.995879
1483.825790
1513.870252
1523.359800
1529.847305
1561.413324
 575.242474
 580.173848
 716.428842
 726.617634
 727.753257
 878.439544
1070.419544
1070.419544
1108.998389
1108.998389
1135.489971
1135.489971
1219.874731
1219.874731
1396.768293
1396.768293
1428.358205
1428.358205
1478.332576
1481.272373
1525.929712
1527.385861
1540.671109
1568.903574
 566.368775
 623.848469
 716.361913
 760.765691
 779.227486
 912.828249
 977.676544
 980.160319
1053.669224
1081.163707
1111.619201
1134.904285
1285.478931
1305.585076
1383.199643
1407.972215
1446.228898
1455.398037
1468.995879
1483.825790
1513.870252
1523.359800
1529.847305
1561.413324
 589.177255
 702.109637
 719.288187
 820.316376
 859.331605
 861.972093
 888.380711
 960.194069
 982.934937
1033.972578
1068.060376
1102.169349
1355.574682
1377.955681
1390.425821
1433.369303
1451.502141
1469.292953
1475.990195
1487.191586
1492.158424
1507.798940
1515.439292
1544.087661
 653.735240
 749.536831
 749.536831
 796.881509
 808.144255
 894.192097
 894.192097
 938.484691
 969.456845
1009.323590
1009.323590
1057.200548
1401.851105
1425.185860
1428.403192
1428.403192
1463.740647
1470.888235
1470.888235
1487.388593
1491.168290
1491.168290
1501.590307
1516.534230
 653.735240
 749.536831
 749.536831
 796.881509
 808.144255
 894.192097
 894.192097
 938.484691
 969.456845
1009.323590
1009.323590
1057.200548
1401.851105
1425.185860
1428.403192
1428.403192
1463.740647
1470.888235
1470.888235
1487.388593
1491.168290
1491.168290
1501.590307
1516.534230
 589.177255
 702.109637
 719.288187
 820.316376
 859.331605
 861.972093
 888.380711
 960.194069
 982.934937
1033.972578
1068.060376
1102.169349
1355.574682
1377.955681
1390.425821
1433.369303
1451.502141
1469.292953
1475.990195
1487.191586
1492.158424
1507.798940
1515.439292
1544.087661
 566.368775
 623.848469
 716.361913
 760.765691
 779.227486
 912.828249
 977.676544
 980.160319
1053.669224
1081.163707
1111.619201
1134.904285
1285.478931
1305.585076
1383.199643
1407.972215
1446.228898
1455.398037
1468.995879
1483.825790
1513.870252
1523.359800
1529.847305
1561.413324
 575.242474
 580.173848
 716.428842
 726.617634
 727.753257
 878.439544
1070.419544
1070.419544
1108.998389
1108.998389
1135.489971
1135.489971
1219.874731
1219.874731
1396.768293
1396.768293
1428.358205
1428.358205
1478.332576
1481.272373
1525.929712
1527.385861
1540.671109
1568.903574
