 124.741659
 124.741659
 195.670581
1037.841675
1037.841675
1037.841675
1049.579516
1049.579516
1049.579516
1186.571471
1186.571471
1186.571471
1227.364203
1227.364203
1227.364203
1255.062176
1255.062176
1255.062176
1320.910264
1320.910264
1320.910264
1530.904115
1530.904115
1535.291331
 244.557879
 260.216231
 351.182350
 949.477323
 957.577791
1030.204750
1030.204750
1063.080648
1063.080648
1106.455480
1142.045617
1142.045617
1214.061985
1214.061985
1287.131763
1287.131763
1290.331909
1297.517026
1336.677625
1336.677625
1386.715987
1518.813267
1519.404492
1531.837585
 400.240842
 410.975665
 521.104055
 832.560888
 837.501047
 984.535197
1029.446196
1029.446196
1075.519227
1075.519227
1100.453348
1100.453348
1192.506361
1192.506361
1316.824347
1316.824347
1352.588557
1352.588557
1357.113196
1361.639940
1439.360909
1496.297774
1496.312555
1522.168990
 555.153546
 559.546757
 687.437051
 701.156489
 702.068474
 843.393078
1037.285496
1037.285496
1065.535034
1065.535034
1087.750396
1087.750396
1177.843403
1177.843403
1333.368302
1333.368302
1361.388662
1361.388662
1414.945825
1417.711592
1461.499722
1462.705782
1478.135107
1504.962924
 555.153546
 559.546757
 687.437051
 701.156489
 702.068474
 843.393078
1037.285496
1037.285496
1065.535034
1065.535034
1087.750396
1087.750396
1177.843403
1177.843403
1333.368302
1333.368302
1361.388662
1361.388662
1414.945825
1417.711592
1461.499722
1462.705782
1478.135107
1504.962924
 400.240842
 410.975665
 521.104055
 832.560888
 837.501047
 984.535197
1029.446196
1029.446196
1075.519227
1075.519227
1100.453348
1100.453348
1192.506361
1192.506361
1316.824347
1316.824347
1352.588557
1352.588557
1357.113196
1361.639940
1439.360909
1496.297774
1496.312555
1522.168990
 244.557879
 260.216231
 351.182350
 949.477323
 957.577791
1030.204750
1030.204750
1063.080648
1063.080648
1106.455480
1142.045617
1142.045617
1214.061985
1214.061985
1287.131763
1287.131763
1290.331909
1297.517026
1336.677625
1336.677625
1386.715987
1518.813267
1519.404492
1531.837585
 124.741659
 124.741659
 195.670581
1037.841675
1037.841675
1037.841675
1049.579516
1049.579516
1049.579516
1186.571471
1186.571471
1186.571471
1227.364203
1227.364203
1227.364203
1255.062176
1255.062176
1255.062176
1320.910264
1320.910264
1320.910264
1530.904115
1530.904115
1535.291331
 244.557879
 260.216231
 351.182350
 949.477323
 957.577791
1030.204750
1030.204750
1063.080648
1063.080648
1106.455480
1142.045617
1142.045617
1214.061985
1214.061985
1287.131763
1287.131763
1290.331909
1297.517026
1336.677625
1336.677625
1386.715987
1518.813267
1519.404492
1531.837585
 292.858665
 342.734363
 468.949619
 947.426137
 947.426137
 971.660752
 971.660752
 996.224392
1082.074170
1084.179657
1084.179657
1115.839633
1244.218915
1260.420401
1284.208271
1284.208271
1320.968136
1320.968136
1363.956796
1382.167961
1382.167961
1504.864255
1508.854506
1529.615940
 408.446724
 467.009183
 607.994221
 829.409570
 857.670686
 948.402193
 968.997608
 990.210454
 990.748863
1064.017781
1066.076361
1102.554742
1234.834414
1271.419896
1290.263747
1348.831473
1350.099474
1372.151261
1373.533352
1382.373014
1429.436710
1481.523957
1488.378181
1519.273964
 549.642385
 600.847699
 693.636230
 732.883852
 746.306559
 875.446713
 949.046308
 953.516232
1013.035989
1038.299247
1064.428481
1083.321705
1239.547824
1255.022033
1323.619629
1348.555693
1378.472219
1387.150705
1405.157818
1419.395473
1448.740586
1458.342842
1469.182684
1499.277982
 549.642385
 600.847699
 693.636230
 732.883852
 746.306559
 875.446713
 949.046308
 953.516232
1013.035989
1038.299247
1064.428481
1083.321705
1239.547824
1255.022033
1323.619629
1348.555693
1378.472219
1387.150705
1405.157818
1419.395473
1448.740586
1458.342842
1469.182684
1499.277982
 408.446724
 467.009183
 607.994221
 829.409570
 857.670686
 948.402193
 968.997608
 990.210454
 990.748863
1064.017781
1066.076361
1102.554742
1234.834414
1271.419896
1290.263747
1348.831473
1350.099474
1372.151261
1373.533352
1382.373014
1429.436710
1481.523957
1488.378181
1519.273964
 292.858665
 342.734363
 468.949619
 947.426137
 947.426137
 971.660752
 971.660752
 996.224392
1082.074170
1084.179657
1084.179657
1115.839633
1244.218915
1260.420401
1284.208271
1284.208271
1320.968136
1320.968136
1363.956796
1382.167961
1382.167961
1504.864255
1508.854506
1529.615940
 244.557879
 260.216231
 351.182350
 949.477323
 957.577791
1030.204750
1030.204750
1063.080648
1063.080648
1106.455480
1142.045617
1142.045617
1214.061985
1214.061985
1287.131763
1287.131763
1290.331909
1297.517026
1336.677625
1336.677625
1386.715987
1518.813267
1519.404492
1531.837585
 400.240842
 410.975665
 521.104055
 832.560888
 837.501047
 984.535197
1029.446196
1029.446196
1075.519227
1075.519227
1100.453348
1100.453348
1192.506361
1192.506361
1316.824347
1316.824347
1352.588557
1352.588557
1357.113196
1361.639940
1439.360909
1496.297774
1496.312555
1522.168990
 408.446724
 467.009183
 607.994221
 829.409570
 857.670686
 948.402193
 968.997608
 990.210454
 990.748863
1064.017781
1066.076361
1102.554742
1234.834414
1271.419896
1290.263747
1348.831473
1350.099474
1372.151261
1373.533352
1382.373014
1429.436710
1481.523957
1488.378181
1519.273964
 469.993702
 563.139620
 715.379109
 828.433533
 828.433533
 895.659598
 895.659598
 911.458383
1002.436595
1002.436595
1032.845439
1085.910128
1281.242118
1292.317902
1336.535268
1336.535268
1387.999241
1387.999241
1401.301912
1409.343878
1409.343878
1457.526009
1472.732518
1507.639037
 574.662483
 674.935045
 699.526385
 788.602114
 822.380315
 838.834119
 866.408600
 919.969820
 943.974699
 992.397433
1022.571612
1052.149185
1298.342901
1318.204622
1338.368208
1378.857682
1386.931163
1401.772895
1407.418144
1421.417963
1426.268470
1449.989702
1450.489541
1484.686721
 574.662483
 674.935045
 699.526385
 788.602114
 822.380315
 838.834119
 866.408600
 919.969820
 943.974699
 992.397433
1022.571612
1052.149185
1298.342901
1318.204622
1338.368208
1378.857682
1386.931163
1401.772895
1407.418144
1421.417963
1426.268470
1449.989702
1450.489541
1484.686721
 469.993702
 563.139620
 715.379109
 828.433533
 828.433533
 895.659598
 895.659598
 911.458383
1002.436595
1002.436595
1032.845439
1085.910128
1281.242118
1292.317902
1336.535268
1336.535268
1387.999241
1387.999241
1401.301912
1409.343878
1409.343878
1457.526009
1472.732518
1507.639037
 408.446724
 467.009183
 607.994221
 829.409570
 857.670686
 948.402193
 968.997608
 990.210454
 990.748863
1064.017781
1066.076361
1102.554742
1234.834414
1271.419896
1290.263747
1348.831473
1350.099474
1372.151261
1373.533352
1382.373014
1429.436710
1481.523957
1488.378181
1519.273964
 400.240842
 410.975665
 521.104055
 832.560888
 837.501047
 984.535197
1029.446196
1029.446196
1075.519227
1075.519227
1100.453348
1100.453348
1192.506361
1192.506361
1316.824347
1316.824347
1352.588557
1352.588557
1357.113196
1361.639940
1439.360909
1496.297774
1496.312555
1522.168990
 555.153546
 559.546757
 687.437051
 701.156489
 702.068474
 843.393078
1037.285496
1037.285496
1065.535034
1065.535034
1087.750396
1087.750396
1177.843403
1177.843403
1333.368302
1333.368302
1361.388662
1361.388662
1414.945825
1417.711592
1461.499722
1462.705782
1478.135107
1504.962924
 549.642385
 600.847699
 693.636230
 732.883852
 746.306559
 875.446713
 949.046308
 953.516232
1013.035989
1038.299247
1064.428481
1083.321705
1239.547824
1255.022033
1323.619629
1348.555693
1378.472219
1387.150705
1405.157818
1419.395473
1448.740586
1458.342842
1469.182684
1499.277982
 574.662483
 674.935045
 699.526385
 788.602114
 822.380315
 838.834119
 866.408600
 919.969820
 943.974699
 992.397433
1022.571612
1052.149185
1298.342901
1318.204622
1338.368208
1378.857682
1386.931163
1401.772895
1407.418144
1421.417963
1426.268470
1449.989702
1450.489541
1484.686721
 638.594562
 731.216849
 731.216849
 765.078231
 789.065538
 858.230348
 858.230348
 898.099335
 929.991847
 966.119805
 966.119805
1010.633916
1335.129845
1362.894493
1362.894493
1377.677384
1397.417264
1415.084463
1415.084463
1419.574925
1427.082963
1427.082963
1436.764734
1459.252843
 638.594562
 731.216849
 731.216849
 765.078231
 789.065538
 858.230348
 858.230348
 898.099335
 929.991847
 966.119805
 966.119805
1010.633916
1335.129845
1362.894493
1362.894493
1377.677384
1397.417264
1415.084463
1415.084463
1419.574925
1427.082963
1427.082963
1436.764734
1459.252843
 574.662483
 674.935045
 699.526385
 788.602114
 822.380315
 838.834119
 866.408600
 919.969820
 943.974699
 992.397433
1022.571612
1052.149185
1298.342901
1318.204622
1338.368208
1378.857682
1386.931163
1401.772895
1407.418144
1421.417963
1426.268470
1449.989702
1450.489541
1484.686721
 549.642385
 600.847699
 693.636230
 732.883852
 746.306559
 875.446713
 949.046308
 953.516232
1013.035989
1038.299247
1064.428481
1083.321705
1239.547824
1255.022033
1323.619629
1348.555693
1378.472219
1387.150705
1405.157818
1419.395473
1448.740586
1458.342842
1469.182684
1499.277982
 555.153546
 559.546757
 687.437051
 701.156489
 702.068474
 843.393078
1037.285496
1037.285496
1065.535034
1065.535034
1087.750396
1087.750396
1177.843403
1177.843403
1333.368302
1333.368302
1361.388662
1361.388662
1414.945825
1417.711592
1461.499722
1462.705782
1478.135107
1504.962924
 555.153546
 559.546757
 687.437051
 701.156489
 702.068474
 843.393078
1037.285496
1037.285496
1065.535034
1065.535034
1087.750396
1087.750396
1177.843403
1177.843403
1333.368302
1333.368302
1361.388662
1361.388662
1414.945825
1417.711592
1461.499722
1462.705782
1478.135107
1504.962924
 549.642385
 600.847699
 693.636230
 732.883852
 746.306559
 875.446713
 949.046308
 953.516232
1013.035989
1038.299247
1064.428481
1083.321705
1239.547824
1255.022033
1323.619629
1348.555693
1378.472219
1387.150705
1405.157818
1419.395473
1448.740586
1458.342842
1469.182684
1499.277982
 574.662483
 674.935045
 699.526385
 788.602114
 822.380315
 838.834119
 866.408600
 919.969820
 943.974699
 992.397433
1022.571612
1052.149185
1298.342901
1318.204622
1338.368208
1378.857682
1386.931163
1401.772895
1407.418144
1421.417963
1426.268470
1449.989702
1450.489541
1484.686721
 638.594562
 731.216849
 731.216849
 765.078231
 789.065538
 858.230348
 858.230348
 898.099335
 929.991847
 966.119805
 966.119805
1010.633916
1335.129845
1362.894493
1362.894493
1377.677384
1397.417264
1415.084463
1415.084463
1419.574925
1427.082963
1427.082963
1436.764734
1459.252843
 638.594562
 731.216849
 731.216849
 765.078231
 789.065538
 858.230348
 858.230348
 898.099335
 929.991847
 966.119805
 966.119805
1010.633916
1335.129845
1362.894493
1362.894493
1377.677384
1397.417264
1415.084463
1415.084463
1419.574925
1427.082963
1427.082963
1436.764734
1459.252843
 574.662483
 674.935045
 699.526385
 788.602114
 822.380315
 838.834119
 866.408600
 919.969820
 943.974699
 992.397433
1022.571612
1052.149185
1298.342901
1318.204622
1338.368208
1378.857682
1386.931163
1401.772895
1407.418144
1421.417963
1426.268470
1449.989702
1450.489541
1484.686721
 549.642385
 600.847699
 693.636230
 732.883852
 746.306559
 875.446713
 949.046308
 953.516232
1013.035989
1038.299247
1064.428481
1083.321705
1239.547824
1255.022033
1323.619629
1348.555693
1378.472219
1387.150705
1405.157818
1419.395473
1448.740586
1458.342842
1469.182684
1499.277982
 555.153546
 559.546757
 687.437051
 701.156489
 702.068474
 843.393078
1037.285496
1037.285496
1065.535034
1065.535034
1087.750396
1087.750396
1177.843403
1177.843403
1333.368302
1333.368302
1361.388662
1361.388662
1414.945825
1417.711592
1461.499722
1462.705782
1478.135107
1504.962924
 400.240842
 410.975665
 521.104055
 832.560888
 837.501047
 984.535197
1029.446196
1029.446196
1075.519227
1075.519227
1100.453348
1100.453348
1192.506361
1192.506361
1316.824347
1316.824347
1352.588557
1352.588557
1357.113196
1361.639940
1439.360909
1496.297774
1496.312555
1522.168990
 408.446724
 467.009183
 607.994221
 829.409570
 857.670686
 948.402193
 968.997608
 990.210454
 990.748863
1064.017781
1066.076361
1102.554742
1234.834414
1271.419896
1290.263747
1348.831473
1350.099474
1372.151261
1373.533352
1382.373014
1429.436710
1481.523957
1488.378181
1519.273964
 469.993702
 563.139620
 715.379109
 828.433533
 828.433533
 895.659598
 895.659598
 911.458383
1002.436595
1002.436595
1032.845439
1085.910128
1281.242118
1292.317902
1336.535268
1336.535268
1387.999241
1387.999241
1401.301912
1409.343878
1409.343878
1457.526009
1472.732518
1507.639037
 574.662483
 674.935045
 699.526385
 788.602114
 822.380315
 838.834119
 866.408600
 919.969820
 943.974699
 992.397433
1022.571612
1052.149185
1298.342901
1318.204622
1338.368208
1378.857682
1386.931163
1401.772895
1407.418144
1421.417963
1426.268470
1449.989702
1450.489541
1484.686721
 574.662483
 674.935045
 699.526385
 788.602114
 822.380315
 838.834119
 866.408600
 919.969820
 943.974699
 992.397433
1022.571612
1052.149185
1298.342901
1318.204622
1338.368208
1378.857682
1386.931163
1401.772895
1407.418144
1421.417963
1426.268470
1449.989702
1450.489541
1484.686721
 469.993702
 563.139620
 715.379109
 828.433533
 828.433533
 895.659598
 895.659598
 911.458383
1002.436595
1002.436595
1032.845439
1085.910128
1281.242118
1292.317902
1336.535268
1336.535268
1387.999241
1387.999241
1401.301912
1409.343878
1409.343878
1457.526009
1472.732518
1507.639037
 408.446724
 467.009183
 607.994221
 829.409570
 857.670686
 948.402193
 968.997608
 990.210454
 990.748863
1064.017781
1066.076361
1102.554742
1234.834414
1271.419896
1290.263747
1348.831473
1350.099474
1372.151261
1373.533352
1382.373014
1429.436710
1481.523957
1488.378181
1519.273964
 400.240842
 410.975665
 521.104055
 832.560888
 837.501047
 984.535197
1029.446196
1029.446196
1075.519227
1075.519227
1100.453348
1100.453348
1192.506361
1192.506361
1316.824347
1316.824347
1352.588557
1352.588557
1357.113196
1361.639940
1439.360909
1496.297774
1496.312555
1522.168990
 244.557879
 260.216231
 351.182350
 949.477323
 957.577791
1030.204750
1030.204750
1063.080648
1063.080648
1106.455480
1142.045617
1142.045617
1214.061985
1214.061985
1287.131763
1287.131763
1290.331909
1297.517026
1336.677625
1336.677625
1386.715987
1518.813267
1519.404492
1531.837585
 292.858665
 342.734363
 468.949619
 947.426137
 947.426137
 971.660752
 971.660752
 996.224392
1082.074170
1084.179657
1084.179657
1115.839633
1244.218915
1260.420401
1284.208271
1284.208271
1320.968136
1320.968136
1363.956796
1382.167961
1382.167961
1504.864255
1508.854506
1529.615940
 408.446724
 467.009183
 607.994221
 829.409570
 857.670686
 948.402193
 968.997608
 990.210454
 990.748863
1064.017781
1066.076361
1102.554742
1234.834414
1271.419896
1290.263747
1348.831473
1350.099474
1372.151261
1373.533352
1382.373014
1429.436710
1481.523957
1488.378181
1519.273964
 549.642385
 600.847699
 693.636230
 732.883852
 746.306559
 875.446713
 949.046308
 953.516232
1013.035989
1038.299247
1064.428481
1083.321705
1239.547824
1255.022033
1323.619629
1348.555693
1378.472219
1387.150705
1405.157818
1419.395473
1448.740586
1458.342842
1469.182684
1499.277982
 549.642385
 600.847699
 693.636230
 732.883852
 746.306559
 875.446713
 949.046308
 953.516232
1013.035989
1038.299247
1064.428481
1083.321705
1239.547824
1255.022033
1323.619629
1348.555693
1378.472219
1387.150705
1405.157818
1419.395473
1448.740586
1458.342842
1469.182684
1499.277982
 408.446724
 467.009183
 607.994221
 829.409570
 857.670686
 948.402193
 968.997608
 990.210454
 990.748863
1064.017781
1066.076361
1102.554742
1234.834414
1271.419896
1290.263747
1348.831473
1350.099474
1372.151261
1373.533352
1382.373014
1429.436710
1481.523957
1488.378181
1519.273964
 292.858665
 342.734363
 468.949619
 947.426137
 947.426137
 971.660752
 971.660752
 996.224392
1082.074170
1084.179657
1084.179657
1115.839633
1244.218915
1260.420401
1284.208271
1284.208271
1320.968136
1320.968136
1363.956796
1382.167961
1382.167961
1504.864255
1508.854506
1529.615940
 244.557879
 260.216231
 351.182350
 949.477323
 957.577791
1030.204750
1030.204750
1063.080648
1063.080648
1106.455480
1142.045617
1142.045617
1214.061985
1214.061985
1287.131763
1287.131763
1290.331909
1297.517026
1336.677625
1336.677625
1386.715987
1518.813267
1519.404492
1531.837585
 124.741659
 124.741659
 195.670581
1037.841675
1037.841675
1037.841675
1049.579516
1049.579516
1049.579516
1186.571471
1186.571471
1186.571471
1227.364203
1227.364203
1227.364203
1255.062176
1255.062176
1255.062176
1320.910264
1320.910264
1320.910264
1530.904115
1530.904115
1535.291331
 244.557879
 260.216231
 351.182350
 949.477323
 957.577791
1030.204750
1030.204750
1063.080648
1063.080648
1106.455480
1142.045617
1142.045617
1214.061985
1214.061985
1287.131763
1287.131763
1290.331909
1297.517026
1336.677625
1336.677625
1386.715987
1518.813267
1519.404492
1531.837585
 400.240842
 410.975665
 521.104055
 832.560888
 837.501047
 984.535197
1029.446196
1029.446196
1075.519227
1075.519227
1100.453348
1100.453348
1192.506361
1192.506361
1316.824347
1316.824347
1352.588557
1352.588557
1357.113196
1361.639940
1439.360909
1496.297774
1496.312555
1522.168990
 555.153546
 559.546757
 687.437051
 701.156489
 702.068474
 843.393078
1037.285496
1037.285496
1065.535034
1065.535034
1087.750396
1087.750396
1177.843403
1177.843403
1333.368302
1333.368302
1361.388662
1361.388662
1414.945825
1417.711592
1461.499722
1462.705782
1478.135107
1504.962924
 555.153546
 559.546757
 687.437051
 701.156489
 702.068474
 843.393078
1037.285496
1037.285496
1065.535034
1065.535034
1087.750396
1087.750396
1177.843403
1177.843403
1333.368302
1333.368302
1361.388662
1361.388662
1414.945825
1417.711592
1461.499722
1462.705782
1478.135107
1504.962924
 400.240842
 410.975665
 521.104055
 832.560888
 837.501047
 984.535197
1029.446196
1029.446196
1075.519227
1075.519227
1100.453348
1100.453348
1192.506361
1192.506361
1316.824347
1316.824347
1352.588557
1352.588557
1357.113196
1361.639940
1439.360909
1496.297774
1496.312555
1522.168990
 244.557879
 260.216231
 351.182350
 949.477323
 957.577791
1030.204750
1030.204750
1063.080648
1063.080648
1106.455480
1142.045617
1142.045617
1214.061985
1214.061985
1287.131763
1287.131763
1290.331909
1297.517026
1336.677625
1336.677625
1386.715987
1518.813267
1519.404492
1531.837585
 124.741659
 124.741659
 195.670581
1037.841675
1037.841675
1037.841675
1049.579516
1049.579516
1049.579516
1186.571471
1186.571471
1186.571471
1227.364203
1227.364203
1227.364203
1255.062176
1255.062176
1255.062176
1320.910264
1320.910264
1320.910264
1530.904115
1530.904115
1535.291331
 244.557879
 260.216231
 351.182350
 949.477323
 957.577791
1030.204750
1030.204750
1063.080648
1063.080648
1106.455480
1142.045617
1142.045617
1214.061985
1214.061985
1287.131763
1287.131763
1290.331909
1297.517026
1336.677625
1336.677625
1386.715987
1518.813267
1519.404492
1531.837585
 292.858665
 342.734363
 468.949619
 947.426137
 947.426137
 971.660752
 971.660752
 996.224392
1082.074170
1084.179657
1084.179657
1115.839633
1244.218915
1260.420401
1284.208271
1284.208271
1320.968136
1320.968136
1363.956796
1382.167961
1382.167961
1504.864255
1508.854506
1529.615940
 408.446724
 467.009183
 607.994221
 829.409570
 857.670686
 948.402193
 968.997608
 990.210454
 990.748863
1064.017781
1066.076361
1102.554742
1234.834414
1271.419896
1290.263747
1348.831473
1350.099474
1372.151261
1373.533352
1382.373014
1429.436710
1481.523957
1488.378181
1519.273964
 549.642385
 600.847699
 693.636230
 732.883852
 746.306559
 875.446713
 949.046308
 953.516232
1013.035989
1038.299247
1064.428481
1083.321705
1239.547824
1255.022033
1323.619629
1348.555693
1378.472219
1387.150705
1405.157818
1419.395473
1448.740586
1458.342842
1469.182684
1499.277982
 549.642385
 600.847699
 693.636230
 732.883852
 746.306559
 875.446713
 949.046308
 953.516232
1013.035989
1038.299247
1064.428481
1083.321705
1239.547824
1255.022033
1323.619629
1348.555693
1378.472219
1387.150705
1405.157818
1419.395473
1448.740586
1458.342842
1469.182684
1499.277982
 408.446724
 467.009183
 607.994221
 829.409570
 857.670686
 948.402193
 968.997608
 990.210454
 990.748863
1064.017781
1066.076361
1102.554742
1234.834414
1271.419896
1290.263747
1348.831473
1350.099474
1372.151261
1373.533352
1382.373014
1429.436710
1481.523957
1488.378181
1519.273964
 292.858665
 342.734363
 468.949619
 947.426137
 947.426137
 971.660752
 971.660752
 996.224392
1082.074170
1084.179657
1084.179657
1115.839633
1244.218915
1260.420401
1284.208271
1284.208271
1320.968136
1320.968136
1363.956796
1382.167961
1382.167961
1504.864255
1508.854506
1529.615940
 244.557879
 260.216231
 351.182350
 949.477323
 957.577791
1030.204750
1030.204750
1063.080648
1063.080648
1106.455480
1142.045617
1142.045617
1214.061985
1214.061985
1287.131763
1287.131763
1290.331909
1297.517026
1336.677625
1336.677625
1386.715987
1518.813267
1519.404492
1531.837585
 292.858665
 342.734363
 468.949619
 947.426137
 947.426137
 971.660752
 971.660752
 996.224392
1082.074170
1084.179657
1084.179657
1115.839633
1244.218915
1260.420401
1284.208271
1284.208271
1320.968136
1320.968136
1363.956796
1382.167961
1382.167961
1504.864255
1508.854506
1529.615940
 363.987270
 363.987270
 567.146904
 927.890992
 927.890992
 927.890992
 980.659477
 980.659477
 980.659477
1079.513703
1079.513703
1079.513703
1290.382464
1290.382464
1290.382464
1322.500067
1322.500067
1322.500067
1385.497938
1385.497938
1385.497938
1494.112126
1494.112126
1528.594310
 450.740175
 472.252207
 688.455252
 828.245761
 853.749501
 913.214071
 913.214071
 974.551515
 974.551515
1009.954603
1081.772210
1081.772210
1286.928201
1286.928201
1336.098022
1336.098022
1346.599777
1376.951995
1387.962022
1387.962022
1422.177164
1472.235915
1472.610684
1518.772741
 576.635968
 593.011690
 714.097514
 715.833633
 808.681644
 906.326398
 906.326398
 917.825199
 964.508799
 964.508799
1087.208264
1087.208264
1281.313905
1281.313905
1349.212160
1349.212160
1387.752520
1387.752520
1398.013099
1415.180017
1440.447022
1445.819241
1463.714534
1497.292168
 576.635968
 593.011690
 714.097514
 715.833633
 808.681644
 906.326398
 906.326398
 917.825199
 964.508799
 964.508799
1087.208264
1087.208264
1281.313905
1281.313905
1349.212160
1349.212160
1387.752520
1387.752520
1398.013099
1415.180017
1440.447022
1445.819241
1463.714534
1497.292168
 450.740175
 472.252207
 688.455252
 828.245761
 853.749501
 913.214071
 913.214071
 974.551515
 974.551515
1009.954603
1081.772210
1081.772210
1286.928201
1286.928201
1336.098022
1336.098022
1346.599777
1376.951995
1387.962022
1387.962022
1422.177164
1472.235915
1472.610684
1518.772741
 363.987270
 363.987270
 567.146904
 927.890992
 927.890992
 927.890992
 980.659477
 980.659477
 980.659477
1079.513703
1079.513703
1079.513703
1290.382464
1290.382464
1290.382464
1322.500067
1322.500067
1322.500067
1385.497938
1385.497938
1385.497938
1494.112126
1494.112126
1528.594310
 292.858665
 342.734363
 468.949619
 947.426137
 947.426137
 971.660752
 971.660752
 996.224392
1082.074170
1084.179657
1084.179657
1115.839633
1244.218915
1260.420401
1284.208271
1284.208271
1320.968136
1320.968136
1363.956796
1382.167961
1382.167961
1504.864255
1508.854506
1529.615940
 408.446724
 467.009183
 607.994221
 829.409570
 857.670686
 948.402193
 968.997608
 990.210454
 990.748863
1064.017781
1066.076361
1102.554742
1234.834414
1271.419896
1290.263747
1348.831473
1350.099474
1372.151261
1373.533352
1382.373014
1429.436710
1481.523957
1488.378181
1519.273964
 450.740175
 472.252207
 688.455252
 828.245761
 853.749501
 913.214071
 913.214071
 974.551515
 974.551515
1009.954603
1081.772210
1081.772210
1286.928201
1286.928201
1336.098022
1336.098022
1346.599777
1376.951995
1387.962022
1387.962022
1422.177164
1472.235915
1472.610684
1518.772741
 505.823880
 547.081887
 789.165987
 822.003086
 822.003086
 863.840076
 863.840076
 872.605265
 946.190056
1038.048896
1038.048896
1092.278952
1304.310474
1338.006019
1338.006019
1338.559034
1386.022414
1386.022414
1397.592454
1407.740544
1407.740544
1448.823778
1454.959263
1509.361209
 597.145211
 646.984864
 709.966294
 753.880390
 823.604163
 840.632889
 885.613039
 887.218078
 914.472031
 972.178079
1065.640831
1085.964244
1314.621810
1326.173771
1361.051108
1382.956019
1386.632702
1395.125956
1399.823445
1409.504941
1419.753478
1432.092807
1451.511963
1487.285902
 597.145211
 646.984864
 709.966294
 753.880390
 823.604163
 840.632889
 885.613039
 887.218078
 914.472031
 972.178079
1065.640831
1085.964244
1314.621810
1326.173771
1361.051108
1382.956019
1386.632702
1395.125956
1399.823445
1409.504941
1419.753478
1432.092807
1451.511963
1487.285902
 505.823880
 547.081887
 789.165987
 822.003086
 822.003086
 863.840076
 863.840076
 872.605265
 946.190056
1038.048896
1038.048896
1092.278952
1304.310474
1338.006019
1338.006019
1338.559034
1386.022414
1386.022414
1397.592454
1407.740544
1407.740544
1448.823778
1454.959263
1509.361209
 450.740175
 472.252207
 688.455252
 828.245761
 853.749501
 913.214071
 913.214071
 974.551515
 974.551515
1009.954603
1081.772210
1081.772210
1286.928201
1286.928201
1336.098022
1336.098022
1346.599777
1376.951995
1387.962022
1387.962022
1422.177164
1472.235915
1472.610684
1518.772741
 408.446724
 467.009183
 607.994221
 829.409570
 857.670686
 948.402193
 968.997608
 990.210454
 990.748863
1064.017781
1066.076361
1102.554742
1234.834414
1271.419896
1290.263747
1348.831473
1350.099474
1372.151261
1373.533352
1382.373014
1429.436710
1481.523957
1488.378181
1519.273964
 549.642385
 600.847699
 693.636230
 732.883852
 746.306559
 875.446713
 949.046308
 953.516232
1013.035989
1038.299247
1064.428481
1083.321705
1239.547824
1255.022033
1323.619629
1348.555693
1378.472219
1387.150705
1405.157818
1419.395473
1448.740586
1458.342842
1469.182684
1499.277982
 576.635968
 593.011690
 714.097514
 715.833633
 808.681644
 906.326398
 906.326398
 917.825199
 964.508799
 964.508799
1087.208264
1087.208264
1281.313905
1281.313905
1349.212160
1349.212160
1387.752520
1387.752520
1398.013099
1415.180017
1440.447022
1445.819241
1463.714534
1497.292168
 597.145211
 646.984864
 709.966294
 753.880390
 823.604163
 840.632889
 885.613039
 887.218078
 914.472031
 972.178079
1065.640831
1085.964244
1314.621810
1326.173771
1361.051108
1382.956019
1386.632702
1395.125956
1399.823445
1409.504941
1419.753478
1432.092807
1451.511963
1487.285902
 649.952038
 722.531485
 730.869706
 730.869706
 777.228765
 804.420059
 804.420059
 859.961107
 961.884921
1023.115270
1023.115270
1062.943852
1340.789029
1362.971779
1362.971779
1383.700161
1393.390370
1400.759338
1400.759338
1413.919776
1416.233238
1432.930669
1432.930669
1465.920743
 649.952038
 722.531485
 730.869706
 730.869706
 777.228765
 804.420059
 804.420059
 859.961107
 961.884921
1023.115270
1023.115270
1062.943852
1340.789029
1362.971779
1362.971779
1383.700161
1393.390370
1400.759338
1400.759338
1413.919776
1416.233238
1432.930669
1432.930669
1465.920743
 597.145211
 646.984864
 709.966294
 753.880390
 823.604163
 840.632889
 885.613039
 887.218078
 914.472031
 972.178079
1065.640831
1085.964244
1314.621810
1326.173771
1361.051108
1382.956019
1386.632702
1395.125956
1399.823445
1409.504941
1419.753478
1432.092807
1451.511963
1487.285902
 576.635968
 593.011690
 714.097514
 715.833633
 808.681644
 906.326398
 906.326398
 917.825199
 964.508799
 964.508799
1087.208264
1087.208264
1281.313905
1281.313905
1349.212160
1349.212160
1387.752520
1387.752520
1398.013099
1415.180017
1440.447022
1445.819241
1463.714534
1497.292168
 549.642385
 600.847699
 693.636230
 732.883852
 746.306559
 875.446713
 949.046308
 953.516232
1013.035989
1038.299247
1064.428481
1083.321705
1239.547824
1255.022033
1323.619629
1348.555693
1378.472219
1387.150705
1405.157818
1419.395473
1448.740586
1458.342842
1469.182684
1499.277982
 549.642385
 600.847699
 693.636230
 732.883852
 746.306559
 875.446713
 949.046308
 953.516232
1013.035989
1038.299247
1064.428481
1083.321705
1239.547824
1255.022033
1323.619629
1348.555693
1378.472219
1387.150705
1405.157818
1419.395473
1448.740586
1458.342842
1469.182684
1499.277982
 576.635968
 593.011690
 714.097514
 715.833633
 808.681644
 906.326398
 906.326398
 917.825199
 964.508799
 964.508799
1087.208264
1087.208264
1281.313905
1281.313905
1349.212160
1349.212160
1387.752520
1387.752520
1398.013099
1415.180017
1440.447022
1445.819241
1463.714534
1497.292168
 597.145211
 646.984864
 709.966294
 753.880390
 823.604163
 840.632889
 885.613039
 887.218078
 914.472031
 972.178079
1065.640831
1085.964244
1314.621810
1326.173771
1361.051108
1382.956019
1386.632702
1395.125956
1399.823445
1409.504941
1419.753478
1432.092807
1451.511963
1487.285902
 649.952038
 722.531485
 730.869706
 730.869706
 777.228765
 804.420059
 804.420059
 859.961107
 961.884921
1023.115270
1023.115270
1062.943852
1340.789029
1362.971779
1362.971779
1383.700161
1393.390370
1400.759338
1400.759338
1413.919776
1416.233238
1432.930669
1432.930669
1465.920743
 649.952038
 722.531485
 730.869706
 730.869706
 777.228765
 804.420059
 804.420059
 859.961107
 961.884921
1023.115270
1023.115270
1062.943852
1340.789029
1362.971779
1362.971779
1383.700161
1393.390370
1400.759338
1400.759338
1413.919776
1416.233238
1432.930669
1432.930669
1465.920743
 597.145211
 646.984864
 709.966294
 753.880390
 823.604163
 840.632889
 885.613039
 887.218078
 914.472031
 972.178079
1065.640831
1085.964244
1314.621810
1326.173771
1361.051108
1382.956019
1386.632702
1395.125956
1399.823445
1409.504941
1419.753478
1432.092807
1451.511963
1487.285902
 576.635968
 593.011690
 714.097514
 715.833633
 808.681644
 906.326398
 906.326398
 917.825199
 964.508799
 964.508799
1087.208264
1087.208264
1281.313905
1281.313905
1349.212160
1349.212160
1387.752520
1387.752520
1398.013099
1415.180017
1440.447022
1445.819241
1463.714534
1497.292168
 549.642385
 600.847699
 693.636230
 732.883852
 746.306559
 875.446713
 949.046308
 953.516232
1013.035989
1038.299247
1064.428481
1083.321705
1239.547824
1255.022033
1323.619629
1348.555693
1378.472219
1387.150705
1405.157818
1419.395473
1448.740586
1458.342842
1469.182684
1499.277982
 408.446724
 467.009183
 607.994221
 829.409570
 857.670686
 948.402193
 968.997608
 990.210454
 990.748863
1064.017781
1066.076361
1102.554742
1234.834414
1271.419896
1290.263747
1348.831473
1350.099474
1372.151261
1373.533352
1382.373014
1429.436710
1481.523957
1488.378181
1519.273964
 450.740175
 472.252207
 688.455252
 828.245761
 853.749501
 913.214071
 913.214071
 974.551515
 974.551515
1009.954603
1081.772210
1081.772210
1286.928201
1286.928201
1336.098022
1336.098022
1346.599777
1376.951995
1387.962022
1387.962022
1422.177164
1472.235915
1472.610684
1518.772741
 505.823880
 547.081887
 789.165987
 822.003086
 822.003086
 863.840076
 863.840076
 872.605265
 946.190056
1038.048896
1038.048896
1092.278952
1304.310474
1338.006019
1338.006019
1338.559034
1386.022414
1386.022414
1397.592454
1407.740544
1407.740544
1448.823778
1454.959263
1509.361209
 597.145211
 646.984864
 709.966294
 753.880390
 823.604163
 840.632889
 885.613039
 887.218078
 914.472031
 972.178079
1065.640831
1085.964244
1314.621810
1326.173771
1361.051108
1382.956019
1386.632702
1395.125956
1399.823445
1409.504941
1419.753478
1432.092807
1451.511963
1487.285902
 597.145211
 646.984864
 709.966294
 753.880390
 823.604163
 840.632889
 885.613039
 887.218078
 914.472031
 972.178079
1065.640831
1085.964244
1314.621810
1326.173771
1361.051108
1382.956019
1386.632702
1395.125956
1399.823445
1409.504941
1419.753478
1432.092807
1451.511963
1487.285902
 505.823880
 547.081887
 789.165987
 822.003086
 822.003086
 863.840076
 863.840076
 872.605265
 946.190056
1038.048896
1038.048896
1092.278952
1304.310474
1338.006019
1338.006019
1338.559034
1386.022414
1386.022414
1397.592454
1407.740544
1407.740544
1448.823778
1454.959263
1509.361209
 450.740175
 472.252207
 688.455252
 828.245761
 853.749501
 913.214071
 913.214071
 974.551515
 974.551515
1009.954603
1081.772210
1081.772210
1286.928201
1286.928201
1336.098022
1336.098022
1346.599777
1376.951995
1387.962022
1387.962022
1422.177164
1472.235915
1472.610684
1518.772741
 408.446724
 467.009183
 607.994221
 829.409570
 857.670686
 948.402193
 968.997608
 990.210454
 990.748863
1064.017781
1066.076361
1102.554742
1234.834414
1271.419896
1290.263747
1348.831473
1350.099474
1372.151261
1373.533352
1382.373014
1429.436710
1481.523957
1488.378181
1519.273964
 292.858665
 342.734363
 468.949619
 947.426137
 947.426137
 971.660752
 971.660752
 996.224392
1082.074170
1084.179657
1084.179657
1115.839633
1244.218915
1260.420401
1284.208271
1284.208271
1320.968136
1320.968136
1363.956796
1382.167961
1382.167961
1504.864255
1508.854506
1529.615940
 363.987270
 363.987270
 567.146904
 927.890992
 927.890992
 927.890992
 980.659477
 980.659477
 980.659477
1079.513703
1079.513703
1079.513703
1290.382464
1290.382464
1290.382464
1322.500067
1322.500067
1322.500067
1385.497938
1385.497938
1385.497938
1494.112126
1494.112126
1528.594310
 450.740175
 472.252207
 688.455252
 828.245761
 853.749501
 913.214071
 913.214071
 974.551515
 974.551515
1009.954603
1081.772210
1081.772210
1286.928201
1286.928201
1336.098022
1336.098022
1346.599777
1376.951995
1387.962022
1387.962022
1422.177164
1472.235915
1472.610684
1518.772741
 576.635968
 593.011690
 714.097514
 715.833633
 808.681644
 906.326398
 906.326398
 917.825199
 964.508799
 964.508799
1087.208264
1087.208264
1281.313905
1281.313905
1349.212160
1349.212160
1387.752520
1387.752520
1398.013099
1415.180017
1440.447022
1445.819241
1463.714534
1497.292168
 576.635968
 593.011690
 714.097514
 715.833633
 808.681644
 906.326398
 906.326398
 917.825199
 964.508799
 964.508799
1087.208264
1087.208264
1281.313905
1281.313905
1349.212160
1349.212160
1387.752520
1387.752520
1398.013099
1415.180017
1440.447022
1445.819241
1463.714534
1497.292168
 450.740175
 472.252207
 688.455252
 828.245761
 853.749501
 913.214071
 913.214071
 974.551515
 974.551515
1009.954603
1081.772210
1081.772210
1286.928201
1286.928201
1336.098022
1336.098022
1346.599777
1376.951995
1387.962022
1387.962022
1422.177164
1472.235915
1472.610684
1518.772741
 363.987270
 363.987270
 567.146904
 927.890992
 927.890992
 927.890992
 980.659477
 980.659477
 980.659477
1079.513703
1079.513703
1079.513703
1290.382464
1290.382464
1290.382464
1322.500067
1322.500067
1322.500067
1385.497938
1385.497938
1385.497938
1494.112126
1494.112126
1528.594310
 292.858665
 342.734363
 468.949619
 947.426137
 947.426137
 971.660752
 971.660752
 996.224392
1082.074170
1084.179657
1084.179657
1115.839633
1244.218915
1260.420401
1284.208271
1284.208271
1320.968136
1320.968136
1363.956796
1382.167961
1382.167961
1504.864255
1508.854506
1529.615940
 244.557879
 260.216231
 351.182350
 949.477323
 957.577791
1030.204750
1030.204750
1063.080648
1063.080648
1106.455480
1142.045617
1142.045617
1214.061985
1214.061985
1287.131763
1287.131763
1290.331909
1297.517026
1336.677625
1336.677625
1386.715987
1518.813267
1519.404492
1531.837585
 292.858665
 342.734363
 468.949619
 947.426137
 947.426137
 971.660752
 971.660752
 996.224392
1082.074170
1084.179657
1084.179657
1115.839633
1244.218915
1260.420401
1284.208271
1284.208271
1320.968136
1320.968136
1363.956796
1382.167961
1382.167961
1504.864255
1508.854506
1529.615940
 408.446724
 467.009183
 607.994221
 829.409570
 857.670686
 948.402193
 968.997608
 990.210454
 990.748863
1064.017781
1066.076361
1102.554742
1234.834414
1271.419896
1290.263747
1348.831473
1350.099474
1372.151261
1373.533352
1382.373014
1429.436710
1481.523957
1488.378181
1519.273964
 549.642385
 600.847699
 693.636230
 732.883852
 746.306559
 875.446713
 949.046308
 953.516232
1013.035989
1038.299247
1064.428481
1083.321705
1239.547824
1255.022033
1323.619629
1348.555693
1378.472219
1387.150705
1405.157818
1419.395473
1448.740586
1458.342842
1469.182684
1499.277982
 549.642385
 600.847699
 693.636230
 732.883852
 746.306559
 875.446713
 949.046308
 953.516232
1013.035989
1038.299247
1064.428481
1083.321705
1239.547824
1255.022033
1323.619629
1348.555693
1378.472219
1387.150705
1405.157818
1419.395473
1448.740586
1458.342842
1469.182684
1499.277982
 408.446724
 467.009183
 607.994221
 829.409570
 857.670686
 948.402193
 968.997608
 990.210454
 990.748863
1064.017781
1066.076361
1102.554742
1234.834414
1271.419896
1290.263747
1348.831473
1350.099474
1372.151261
1373.533352
1382.373014
1429.436710
1481.523957
1488.378181
1519.273964
 292.858665
 342.734363
 468.949619
 947.426137
 947.426137
 971.660752
 971.660752
 996.224392
1082.074170
1084.179657
1084.179657
1115.839633
1244.218915
1260.420401
1284.208271
1284.208271
1320.968136
1320.968136
1363.956796
1382.167961
1382.167961
1504.864255
1508.854506
1529.615940
 244.557879
 260.216231
 351.182350
 949.477323
 957.577791
1030.204750
1030.204750
1063.080648
1063.080648
1106.455480
1142.045617
1142.045617
1214.061985
1214.061985
1287.131763
1287.131763
1290.331909
1297.517026
1336.677625
1336.677625
1386.715987
1518.813267
1519.404492
1531.837585
 400.240842
 410.975665
 521.104055
 832.560888
 837.501047
 984.535197
1029.446196
1029.446196
1075.519227
1075.519227
1100.453348
1100.453348
1192.506361
1192.506361
1316.824347
1316.824347
1352.588557
1352.588557
1357.113196
1361.639940
1439.360909
1496.297774
1496.312555
1522.168990
 408.446724
 467.009183
 607.994221
 829.409570
 857.670686
 948.402193
 968.997608
 990.210454
 990.748863
1064.017781
1066.076361
1102.554742
1234.834414
1271.419896
1290.263747
1348.831473
1350.099474
1372.151261
1373.533352
1382.373014
1429.436710
1481.523957
1488.378181
1519.273964
 469.993702
 563.139620
 715.379109
 828.433533
 828.433533
 895.659598
 895.659598
 911.458383
1002.436595
1002.436595
1032.845439
1085.910128
1281.242118
1292.317902
1336.535268
1336.535268
1387.999241
1387.999241
1401.301912
1409.343878
1409.343878
1457.526009
1472.732518
1507.639037
 574.662483
 674.935045
 699.526385
 788.602114
 822.380315
 838.834119
 866.408600
 919.969820
 943.974699
 992.397433
1022.571612
1052.149185
1298.342901
1318.204622
1338.368208
1378.857682
1386.931163
1401.772895
1407.418144
1421.417963
1426.268470
1449.989702
1450.489541
1484.686721
 574.662483
 674.935045
 699.526385
 788.602114
 822.380315
 838.834119
 866.408600
 919.969820
 943.974699
 992.397433
1022.571612
1052.149185
1298.342901
1318.204622
1338.368208
1378.857682
1386.931163
1401.772895
1407.418144
1421.417963
1426.268470
1449.989702
1450.489541
1484.686721
 469.993702
 563.139620
 715.379109
 828.433533
 828.433533
 895.659598
 895.659598
 911.458383
1002.436595
1002.436595
1032.845439
1085.910128
1281.242118
1292.317902
1336.535268
1336.535268
1387.999241
1387.999241
1401.301912
1409.343878
1409.343878
1457.526009
1472.732518
1507.639037
 408.446724
 467.009183
 607.994221
 829.409570
 857.670686
 948.402193
 968.997608
 990.210454
 990.748863
1064.017781
1066.076361
1102.554742
1234.834414
1271.419896
1290.263747
1348.831473
1350.099474
1372.151261
1373.533352
1382.373014
1429.436710
1481.523957
1488.378181
1519.273964
 400.240842
 410.975665
 521.104055
 832.560888
 837.501047
 984.535197
1029.446196
1029.446196
1075.519227
1075.519227
1100.453348
1100.453348
1192.506361
1192.506361
1316.824347
1316.824347
1352.588557
1352.588557
1357.113196
1361.639940
1439.360909
1496.297774
1496.312555
1522.168990
 408.446724
 467.009183
 607.994221
 829.409570
 857.670686
 948.402193
 968.997608
 990.210454
 990.748863
1064.017781
1066.076361
1102.554742
1234.834414
1271.419896
1290.263747
1348.831473
1350.099474
1372.151261
1373.533352
1382.373014
1429.436710
1481.523957
1488.378181
1519.273964
 450.740175
 472.252207
 688.455252
 828.245761
 853.749501
 913.214071
 913.214071
 974.551515
 974.551515
1009.954603
1081.772210
1081.772210
1286.928201
1286.928201
1336.098022
1336.098022
1346.599777
1376.951995
1387.962022
1387.962022
1422.177164
1472.235915
1472.610684
1518.772741
 505.823880
 547.081887
 789.165987
 822.003086
 822.003086
 863.840076
 863.840076
 872.605265
 946.190056
1038.048896
1038.048896
1092.278952
1304.310474
1338.006019
1338.006019
1338.559034
1386.022414
1386.022414
1397.592454
1407.740544
1407.740544
1448.823778
1454.959263
1509.361209
 597.145211
 646.984864
 709.966294
 753.880390
 823.604163
 840.632889
 885.613039
 887.218078
 914.472031
 972.178079
1065.640831
1085.964244
1314.621810
1326.173771
1361.051108
1382.956019
1386.632702
1395.125956
1399.823445
1409.504941
1419.753478
1432.092807
1451.511963
1487.285902
 597.145211
 646.984864
 709.966294
 753.880390
 823.604163
 840.632889
 885.613039
 887.218078
 914.472031
 972.178079
1065.640831
1085.964244
1314.621810
1326.173771
1361.051108
1382.956019
1386.632702
1395.125956
1399.823445
1409.504941
1419.753478
1432.092807
1451.511963
1487.285902
 505.823880
 547.081887
 789.165987
 822.003086
 822.003086
 863.840076
 863.840076
 872.605265
 946.190056
1038.048896
1038.048896
1092.278952
1304.310474
1338.006019
1338.006019
1338.559034
1386.022414
1386.022414
1397.592454
1407.740544
1407.740544
1448.823778
1454.959263
1509.361209
 450.740175
 472.252207
 688.455252
 828.245761
 853.749501
 913.214071
 913.214071
 974.551515
 974.551515
1009.954603
1081.772210
1081.772210
1286.928201
1286.928201
1336.098022
1336.098022
1346.599777
1376.951995
1387.962022
1387.962022
1422.177164
1472.235915
1472.610684
1518.772741
 408.446724
 467.009183
 607.994221
 829.409570
 857.670686
 948.402193
 968.997608
 990.210454
 990.748863
1064.017781
1066.076361
1102.554742
1234.834414
1271.419896
1290.263747
1348.831473
1350.099474
1372.151261
1373.533352
1382.373014
1429.436710
1481.523957
1488.378181
1519.273964
 469.993702
 563.139620
 715.379109
 828.433533
 828.433533
 895.659598
 895.659598
 911.458383
1002.436595
1002.436595
1032.845439
1085.910128
1281.242118
1292.317902
1336.535268
1336.535268
1387.999241
1387.999241
1401.301912
1409.343878
1409.343878
1457.526009
1472.732518
1507.639037
 505.823880
 547.081887
 789.165987
 822.003086
 822.003086
 863.840076
 863.840076
 872.605265
 946.190056
1038.048896
1038.048896
1092.278952
1304.310474
1338.006019
1338.006019
1338.559034
1386.022414
1386.022414
1397.592454
1407.740544
1407.740544
1448.823778
1454.959263
1509.361209
 568.528371
 568.528371
 807.609488
 807.609488
 807.609488
 839.484734
 839.484734
 839.484734
 879.653760
1073.594334
1073.594334
1073.594334
1338.865629
1338.865629
1338.865629
1384.496130
1384.496130
1384.496130
1404.828367
1404.828367
1404.828367
1431.640713
1431.640713
1502.062277
 634.363557
 646.381501
 729.038997
 730.434983
 793.605093
 793.605093
 830.566241
 830.566241
 963.952824
1030.629242
1094.711464
1094.711464
1338.260195
1338.260195
1374.753124
1384.900526
1384.900526
1394.737045
1401.989163
1401.989163
1406.542158
1409.851848
1447.339433
1481.686199
 634.363557
 646.381501
 729.038997
 730.434983
 793.605093
 793.605093
 830.566241
 830.566241
 963.952824
1030.629242
1094.711464
1094.711464
1338.260195
1338.260195
1374.753124
1384.900526
1384.900526
1394.737045
1401.989163
1401.989163
1406.542158
1409.851848
1447.339433
1481.686199
 568.528371
 568.528371
 807.609488
 807.609488
 807.609488
 839.484734
 839.484734
 839.484734
 879.653760
1073.594334
1073.594334
1073.594334
1338.865629
1338.865629
1338.865629
1384.496130
1384.496130
1384.496130
1404.828367
1404.828367
1404.828367
1431.640713
1431.640713
1502.062277
 505.823880
 547.081887
 789.165987
 822.003086
 822.003086
 863.840076
 863.840076
 872.605265
 946.190056
1038.048896
1038.048896
1092.278952
1304.310474
1338.006019
1338.006019
1338.559034
1386.022414
1386.022414
1397.592454
1407.740544
1407.740544
1448.823778
1454.959263
1509.361209
 469.993702
 563.139620
 715.379109
 828.433533
 828.433533
 895.659598
 895.659598
 911.458383
1002.436595
1002.436595
1032.845439
1085.910128
1281.242118
1292.317902
1336.535268
1336.535268
1387.999241
1387.999241
1401.301912
1409.343878
1409.343878
1457.526009
1472.732518
1507.639037
 574.662483
 674.935045
 699.526385
 788.602114
 822.380315
 838.834119
 866.408600
 919.969820
 943.974699
 992.397433
1022.571612
1052.149185
1298.342901
1318.204622
1338.368208
1378.857682
1386.931163
1401.772895
1407.418144
1421.417963
1426.268470
1449.989702
1450.489541
1484.686721
 597.145211
 646.984864
 709.966294
 753.880390
 823.604163
 840.632889
 885.613039
 887.218078
 914.472031
 972.178079
1065.640831
1085.964244
1314.621810
1326.173771
1361.051108
1382.956019
1386.632702
1395.125956
1399.823445
1409.504941
1419.753478
1432.092807
1451.511963
1487.285902
 634.363557
 646.381501
 729.038997
 730.434983
 793.605093
 793.605093
 830.566241
 830.566241
 963.952824
1030.629242
1094.711464
1094.711464
1338.260195
1338.260195
1374.753124
1384.900526
1384.900526
1394.737045
1401.989163
1401.989163
1406.542158
1409.851848
1447.339433
1481.686199
 670.878308
 695.159025
 730.301255
 730.301255
 755.656604
 756.958544
 756.958544
 789.775275
1031.129650
1076.753859
1076.753859
1099.665662
1350.743215
1363.042258
1363.042258
1379.831549
1383.666919
1383.666919
1385.702821
1393.010416
1419.915423
1436.312200
1436.312200
1464.594025
 670.878308
 695.159025
 730.301255
 730.301255
 755.656604
 756.958544
 756.958544
 789.775275
1031.129650
1076.753859
1076.753859
1099.665662
1350.743215
1363.042258
1363.042258
1379.831549
1383.666919
1383.666919
1385.702821
1393.010416
1419.915423
1436.312200
1436.312200
1464.594025
 634.363557
 646.381501
 729.038997
 730.434983
 793.605093
 793.605093
 830.566241
 830.566241
 963.952824
1030.629242
1094.711464
1094.711464
1338.260195
1338.260195
1374.753124
1384.900526
1384.900526
1394.737045
1401.989163
1401.989163
1406.542158
1409.851848
1447.339433
1481.686199
 597.145211
 646.984864
 709.966294
 753.880390
 823.604163
 840.632889
 885.613039
 887.218078
 914.472031
 972.178079
1065.640831
1085.964244
1314.621810
1326.173771
1361.051108
1382.956019
1386.632702
1395.125956
1399.823445
1409.504941
1419.753478
1432.092807
1451.511963
1487.285902
 574.662483
 674.935045
 699.526385
 788.602114
 822.380315
 838.834119
 866.408600
 919.969820
 943.974699
 992.397433
1022.571612
1052.149185
1298.342901
1318.204622
1338.368208
1378.857682
1386.931163
1401.772895
1407.418144
1421.417963
1426.268470
1449.989702
1450.489541
1484.686721
 574.662483
 674.935045
 699.526385
 788.602114
 822.380315
 838.834119
 866.408600
 919.969820
 943.974699
 992.397433
1022.571612
1052.149185
1298.342901
1318.204622
1338.368208
1378.857682
1386.931163
1401.772895
1407.418144
1421.417963
1426.268470
1449.989702
1450.489541
1484.686721
 597.145211
 646.984864
 709.966294
 753.880390
 823.604163
 840.632889
 885.613039
 887.218078
 914.472031
 972.178079
1065.640831
1085.964244
1314.621810
1326.173771
1361.051108
1382.956019
1386.632702
1395.125956
1399.823445
1409.504941
1419.753478
1432.092807
1451.511963
1487.285902
 634.363557
 646.381501
 729.038997
 730.434983
 793.605093
 793.605093
 830.566241
 830.566241
 963.952824
1030.629242
1094.711464
1094.711464
1338.260195
1338.260195
1374.753124
1384.900526
1384.900526
1394.737045
1401.989163
1401.989163
1406.542158
1409.851848
1447.339433
1481.686199
 670.878308
 695.159025
 730.301255
 730.301255
 755.656604
 756.958544
 756.958544
 789.775275
1031.129650
1076.753859
1076.753859
1099.665662
1350.743215
1363.042258
1363.042258
1379.831549
1383.666919
1383.666919
1385.702821
1393.010416
1419.915423
1436.312200
1436.312200
1464.594025
 670.878308
 695.159025
 730.301255
 730.301255
 755.656604
 756.958544
 756.958544
 789.775275
1031.129650
1076.753859
1076.753859
1099.665662
1350.743215
1363.042258
1363.042258
1379.831549
1383.666919
1383.666919
1385.702821
1393.010416
1419.915423
1436.312200
1436.312200
1464.594025
 634.363557
 646.381501
 729.038997
 730.434983
 793.605093
 793.605093
 830.566241
 830.566241
 963.952824
1030.629242
1094.711464
1094.711464
1338.260195
1338.260195
1374.753124
1384.900526
1384.900526
1394.737045
1401.989163
1401.989163
1406.542158
1409.851848
1447.339433
1481.686199
 597.145211
 646.984864
 709.966294
 753.880390
 823.604163
 840.632889
 885.613039
 887.218078
 914.472031
 972.178079
1065.640831
1085.964244
1314.621810
1326.173771
1361.051108
1382.956019
1386.632702
1395.125956
1399.823445
1409.504941
1419.753478
1432.092807
1451.511963
1487.285902
 574.662483
 674.935045
 699.526385
 788.602114
 822.380315
 838.834119
 866.408600
 919.969820
 943.974699
 992.397433
1022.571612
1052.149185
1298.342901
1318.204622
1338.368208
1378.857682
1386.931163
1401.772895
1407.418144
1421.417963
1426.268470
1449.989702
1450.489541
1484.686721
 469.993702
 563.139620
 715.379109
 828.433533
 828.433533
 895.659598
 895.659598
 911.458383
1002.436595
1002.436595
1032.845439
1085.910128
1281.242118
1292.317902
1336.535268
1336.535268
1387.999241
1387.999241
1401.301912
1409.343878
1409.343878
1457.526009
1472.732518
1507.639037
 505.823880
 547.081887
 789.165987
 822.003086
 822.003086
 863.840076
 863.840076
 872.605265
 946.190056
1038.048896
1038.048896
1092.278952
1304.310474
1338.006019
1338.006019
1338.559034
1386.022414
1386.022414
1397.592454
1407.740544
1407.740544
1448.823778
1454.959263
1509.361209
 568.528371
 568.528371
 807.609488
 807.609488
 807.609488
 839.484734
 839.484734
 839.484734
 879.653760
1073.594334
1073.594334
1073.594334
1338.865629
1338.865629
1338.865629
1384.496130
1384.496130
1384.496130
1404.828367
1404.828367
1404.828367
1431.640713
1431.640713
1502.062277
 634.363557
 646.381501
 729.038997
 730.434983
 793.605093
 793.605093
 830.566241
 830.566241
 963.952824
1030.629242
1094.711464
1094.711464
1338.260195
1338.260195
1374.753124
1384.900526
1384.900526
1394.737045
1401.989163
1401.989163
1406.542158
1409.851848
1447.339433
1481.686199
 634.363557
 646.381501
 729.038997
 730.434983
 793.605093
 793.605093
 830.566241
 830.566241
 963.952824
1030.629242
1094.711464
1094.711464
1338.260195
1338.260195
1374.753124
1384.900526
1384.900526
1394.737045
1401.989163
1401.989163
1406.542158
1409.851848
1447.339433
1481.686199
 568.528371
 568.528371
 807.609488
 807.609488
 807.609488
 839.484734
 839.484734
 839.484734
 879.653760
1073.594334
1073.594334
1073.594334
1338.865629
1338.865629
1338.865629
1384.496130
1384.496130
1384.496130
1404.828367
1404.828367
1404.828367
1431.640713
1431.640713
1502.062277
 505.823880
 547.081887
 789.165987
 822.003086
 822.003086
 863.840076
 863.840076
 872.605265
 946.190056
1038.048896
1038.048896
1092.278952
1304.310474
1338.006019
1338.006019
1338.559034
1386.022414
1386.022414
1397.592454
1407.740544
1407.740544
1448.823778
1454.959263
1509.361209
 469.993702
 563.139620
 715.379109
 828.433533
 828.433533
 895.659598
 895.659598
 911.458383
1002.436595
1002.436595
1032.845439
1085.910128
1281.242118
1292.317902
1336.535268
1336.535268
1387.999241
1387.999241
1401.301912
1409.343878
1409.343878
1457.526009
1472.732518
1507.639037
 408.446724
 467.009183
 607.994221
 829.409570
 857.670686
 948.402193
 968.997608
 990.210454
 990.748863
1064.017781
1066.076361
1102.554742
1234.834414
1271.419896
1290.263747
1348.831473
1350.099474
1372.151261
1373.533352
1382.373014
1429.436710
1481.523957
1488.378181
1519.273964
 450.740175
 472.252207
 688.455252
 828.245761
 853.749501
 913.214071
 913.214071
 974.551515
 974.551515
1009.954603
1081.772210
1081.772210
1286.928201
1286.928201
1336.098022
1336.098022
1346.599777
1376.951995
1387.962022
1387.962022
1422.177164
1472.235915
1472.610684
1518.772741
 505.823880
 547.081887
 789.165987
 822.003086
 822.003086
 863.840076
 863.840076
 872.605265
 946.190056
1038.048896
1038.048896
1092.278952
1304.310474
1338.006019
1338.006019
1338.559034
1386.022414
1386.022414
1397.592454
1407.740544
1407.740544
1448.823778
1454.959263
1509.361209
 597.145211
 646.984864
 709.966294
 753.880390
 823.604163
 840.632889
 885.613039
 887.218078
 914.472031
 972.178079
1065.640831
1085.964244
1314.621810
1326.173771
1361.051108
1382.956019
1386.632702
1395.125956
1399.823445
1409.504941
1419.753478
1432.092807
1451.511963
1487.285902
 597.145211
 646.984864
 709.966294
 753.880390
 823.604163
 840.632889
 885.613039
 887.218078
 914.472031
 972.178079
1065.640831
1085.964244
1314.621810
1326.173771
1361.051108
1382.956019
1386.632702
1395.125956
1399.823445
1409.504941
1419.753478
1432.092807
1451.511963
1487.285902
 505.823880
 547.081887
 789.165987
 822.003086
 822.003086
 863.840076
 863.840076
 872.605265
 946.190056
1038.048896
1038.048896
1092.278952
1304.310474
1338.006019
1338.006019
1338.559034
1386.022414
1386.022414
1397.592454
1407.740544
1407.740544
1448.823778
1454.959263
1509.361209
 450.740175
 472.252207
 688.455252
 828.245761
 853.749501
 913.214071
 913.214071
 974.551515
 974.551515
1009.954603
1081.772210
1081.772210
1286.928201
1286.928201
1336.098022
1336.098022
1346.599777
1376.951995
1387.962022
1387.962022
1422.177164
1472.235915
1472.610684
1518.772741
 408.446724
 467.009183
 607.994221
 829.409570
 857.670686
 948.402193
 968.997608
 990.210454
 990.748863
1064.017781
1066.076361
1102.554742
1234.834414
1271.419896
1290.263747
1348.831473
1350.099474
1372.151261
1373.533352
1382.373014
1429.436710
1481.523957
1488.378181
1519.273964
 400.240842
 410.975665
 521.104055
 832.560888
 837.501047
 984.535197
1029.446196
1029.446196
1075.519227
1075.519227
1100.453348
1100.453348
1192.506361
1192.506361
1316.824347
1316.824347
1352.588557
1352.588557
1357.113196
1361.639940
1439.360909
1496.297774
1496.312555
1522.168990
 408.446724
 467.009183
 607.994221
 829.409570
 857.670686
 948.402193
 968.997608
 990.210454
 990.748863
1064.017781
1066.076361
1102.554742
1234.834414
1271.419896
1290.263747
1348.831473
1350.099474
1372.151261
1373.533352
1382.373014
1429.436710
1481.523957
1488.378181
1519.273964
 469.993702
 563.139620
 715.379109
 828.433533
 828.433533
 895.659598
 895.659598
 911.458383
1002.436595
1002.436595
1032.845439
1085.910128
1281.242118
1292.317902
1336.535268
1336.535268
1387.999241
1387.999241
1401.301912
1409.343878
1409.343878
1457.526009
1472.732518
1507.639037
 574.662483
 674.935045
 699.526385
 788.602114
 822.380315
 838.834119
 866.408600
 919.969820
 943.974699
 992.397433
1022.571612
1052.149185
1298.342901
1318.204622
1338.368208
1378.857682
1386.931163
1401.772895
1407.418144
1421.417963
1426.268470
1449.989702
1450.489541
1484.686721
 574.662483
 674.935045
 699.526385
 788.602114
 822.380315
 838.834119
 866.408600
 919.969820
 943.974699
 992.397433
1022.571612
1052.149185
1298.342901
1318.204622
1338.368208
1378.857682
1386.931163
1401.772895
1407.418144
1421.417963
1426.268470
1449.989702
1450.489541
1484.686721
 469.993702
 563.139620
 715.379109
 828.433533
 828.433533
 895.659598
 895.659598
 911.458383
1002.436595
1002.436595
1032.845439
1085.910128
1281.242118
1292.317902
1336.535268
1336.535268
1387.999241
1387.999241
1401.301912
1409.343878
1409.343878
1457.526009
1472.732518
1507.639037
 408.446724
 467.009183
 607.994221
 829.409570
 857.670686
 948.402193
 968.997608
 990.210454
 990.748863
1064.017781
1066.076361
1102.554742
1234.834414
1271.419896
1290.263747
1348.831473
1350.099474
1372.151261
1373.533352
1382.373014
1429.436710
1481.523957
1488.378181
1519.273964
 400.240842
 410.975665
 521.104055
 832.560888
 837.501047
 984.535197
1029.446196
1029.446196
1075.519227
1075.519227
1100.453348
1100.453348
1192.506361
1192.506361
1316.824347
1316.824347
1352.588557
1352.588557
1357.113196
1361.639940
1439.360909
1496.297774
1496.312555
1522.168990
 555.153546
 559.546757
 687.437051
 701.156489
 702.068474
 843.393078
1037.285496
1037.285496
1065.535034
1065.535034
1087.750396
1087.750396
1177.843403
1177.843403
1333.368302
1333.368302
1361.388662
1361.388662
1414.945825
1417.711592
1461.499722
1462.705782
1478.135107
1504.962924
 549.642385
 600.847699
 693.636230
 732.883852
 746.306559
 875.446713
 949.046308
 953.516232
1013.035989
1038.299247
1064.428481
1083.321705
1239.547824
1255.022033
1323.619629
1348.555693
1378.472219
1387.150705
1405.157818
1419.395473
1448.740586
1458.342842
1469.182684
1499.277982
 574.662483
 674.935045
 699.526385
 788.602114
 822.380315
 838.834119
 866.408600
 919.969820
 943.974699
 992.397433
1022.571612
1052.149185
1298.342901
1318.204622
1338.368208
1378.857682
1386.931163
1401.772895
1407.418144
1421.417963
1426.268470
1449.989702
1450.489541
1484.686721
 638.594562
 731.216849
 731.216849
 765.078231
 789.065538
 858.230348
 858.230348
 898.099335
 929.991847
 966.119805
 966.119805
1010.633916
1335.129845
1362.894493
1362.894493
1377.677384
1397.417264
1415.084463
1415.084463
1419.574925
1427.082963
1427.082963
1436.764734
1459.252843
 638.594562
 731.216849
 731.216849
 765.078231
 789.065538
 858.230348
 858.230348
 898.099335
 929.991847
 966.119805
 966.119805
1010.633916
1335.129845
1362.894493
1362.894493
1377.677384
1397.417264
1415.084463
1415.084463
1419.574925
1427.082963
1427.082963
1436.764734
1459.252843
 574.662483
 674.935045
 699.526385
 788.602114
 822.380315
 838.834119
 866.408600
 919.969820
 943.974699
 992.397433
1022.571612
1052.149185
1298.342901
1318.204622
1338.368208
1378.857682
1386.931163
1401.772895
1407.418144
1421.417963
1426.268470
1449.989702
1450.489541
1484.686721
 549.642385
 600.847699
 693.636230
 732.883852
 746.306559
 875.446713
 949.046308
 953.516232
1013.035989
1038.299247
1064.428481
1083.321705
1239.547824
1255.022033
1323.619629
1348.555693
1378.472219
1387.150705
1405.157818
1419.395473
1448.740586
1458.342842
1469.182684
1499.277982
 555.153546
 559.546757
 687.437051
 701.156489
 702.068474
 843.393078
1037.285496
1037.285496
1065.535034
1065.535034
1087.750396
1087.750396
1177.843403
1177.843403
1333.368302
1333.368302
1361.388662
1361.388662
1414.945825
1417.711592
1461.499722
1462.705782
1478.135107
1504.962924
 549.642385
 600.847699
 693.636230
 732.883852
 746.306559
 875.446713
 949.046308
 953.516232
1013.035989
1038.299247
1064.428481
1083.321705
1239.547824
1255.022033
1323.619629
1348.555693
1378.472219
1387.150705
1405.157818
1419.395473
1448.740586
1458.342842
1469.182684
1499.277982
 576.635968
 593.011690
 714.097514
 715.833633
 808.681644
 906.326398
 906.326398
 917.825199
 964.508799
 964.508799
1087.208264
1087.208264
1281.313905
1281.313905
1349.212160
1349.212160
1387.752520
1387.752520
1398.013099
1415.180017
1440.447022
1445.819241
1463.714534
1497.292168
 597.145211
 646.984864
 709.966294
 753.880390
 823.604163
 840.632889
 885.613039
 887.218078
 914.472031
 972.178079
1065.640831
1085.964244
1314.621810
1326.173771
1361.051108
1382.956019
1386.632702
1395.125956
1399.823445
1409.504941
1419.753478
1432.092807
1451.511963
1487.285902
 649.952038
 722.531485
 730.869706
 730.869706
 777.228765
 804.420059
 804.420059
 859.961107
 961.884921
1023.115270
1023.115270
1062.943852
1340.789029
1362.971779
1362.971779
1383.700161
1393.390370
1400.759338
1400.759338
1413.919776
1416.233238
1432.930669
1432.930669
1465.920743
 649.952038
 722.531485
 730.869706
 730.869706
 777.228765
 804.420059
 804.420059
 859.961107
 961.884921
1023.115270
1023.115270
1062.943852
1340.789029
1362.971779
1362.971779
1383.700161
1393.390370
1400.759338
1400.759338
1413.919776
1416.233238
1432.930669
1432.930669
1465.920743
 597.145211
 646.984864
 709.966294
 753.880390
 823.604163
 840.632889
 885.613039
 887.218078
 914.472031
 972.178079
1065.640831
1085.964244
1314.621810
1326.173771
1361.051108
1382.956019
1386.632702
1395.125956
1399.823445
1409.504941
1419.753478
1432.092807
1451.511963
1487.285902
 576.635968
 593.011690
 714.097514
 715.833633
 808.681644
 906.326398
 906.326398
 917.825199
 964.508799
 964.508799
1087.208264
1087.208264
1281.313905
1281.313905
1349.212160
1349.212160
1387.752520
1387.752520
1398.013099
1415.180017
1440.447022
1445.819241
1463.714534
1497.292168
 549.642385
 600.847699
 693.636230
 732.883852
 746.306559
 875.446713
 949.046308
 953.516232
1013.035989
1038.299247
1064.428481
1083.321705
1239.547824
1255.022033
1323.619629
1348.555693
1378.472219
1387.150705
1405.157818
1419.395473
1448.740586
1458.342842
1469.182684
1499.277982
 574.662483
 674.935045
 699.526385
 788.602114
 822.380315
 838.834119
 866.408600
 919.969820
 943.974699
 992.397433
1022.571612
1052.149185
1298.342901
1318.204622
1338.368208
1378.857682
1386.931163
1401.772895
1407.418144
1421.417963
1426.268470
1449.989702
1450.489541
1484.686721
 597.145211
 646.984864
 709.966294
 753.880390
 823.604163
 840.632889
 885.613039
 887.218078
 914.472031
 972.178079
1065.640831
1085.964244
1314.621810
1326.173771
1361.051108
1382.956019
1386.632702
1395.125956
1399.823445
1409.504941
1419.753478
1432.092807
1451.511963
1487.285902
 634.363557
 646.381501
 729.038997
 730.434983
 793.605093
 793.605093
 830.566241
 830.566241
 963.952824
1030.629242
1094.711464
1094.711464
1338.260195
1338.260195
1374.753124
1384.900526
1384.900526
1394.737045
1401.989163
1401.989163
1406.542158
1409.851848
1447.339433
1481.686199
 670.878308
 695.159025
 730.301255
 730.301255
 755.656604
 756.958544
 756.958544
 789.775275
1031.129650
1076.753859
1076.753859
1099.665662
1350.743215
1363.042258
1363.042258
1379.831549
1383.666919
1383.666919
1385.702821
1393.010416
1419.915423
1436.312200
1436.312200
1464.594025
 670.878308
 695.159025
 730.301255
 730.301255
 755.656604
 756.958544
 756.958544
 789.775275
1031.129650
1076.753859
1076.753859
1099.665662
1350.743215
1363.042258
1363.042258
1379.831549
1383.666919
1383.666919
1385.702821
1393.010416
1419.915423
1436.312200
1436.312200
1464.594025
 634.363557
 646.381501
 729.038997
 730.434983
 793.605093
 793.605093
 830.566241
 830.566241
 963.952824
1030.629242
1094.711464
1094.711464
1338.260195
1338.260195
1374.753124
1384.900526
1384.900526
1394.737045
1401.989163
1401.989163
1406.542158
1409.851848
1447.339433
1481.686199
 597.145211
 646.984864
 709.966294
 753.880390
 823.604163
 840.632889
 885.613039
 887.218078
 914.472031
 972.178079
1065.640831
1085.964244
1314.621810
1326.173771
1361.051108
1382.956019
1386.632702
1395.125956
1399.823445
1409.504941
1419.753478
1432.092807
1451.511963
1487.285902
 574.662483
 674.935045
 699.526385
 788.602114
 822.380315
 838.834119
 866.408600
 919.969820
 943.974699
 992.397433
1022.571612
1052.149185
1298.342901
1318.204622
1338.368208
1378.857682
1386.931163
1401.772895
1407.418144
1421.417963
1426.268470
1449.989702
1450.489541
1484.686721
 638.594562
 731.216849
 731.216849
 765.078231
 789.065538
 858.230348
 858.230348
 898.099335
 929.991847
 966.119805
 966.119805
1010.633916
1335.129845
1362.894493
1362.894493
1377.677384
1397.417264
1415.084463
1415.084463
1419.574925
1427.082963
1427.082963
1436.764734
1459.252843
 649.952038
 722.531485
 730.869706
 730.869706
 777.228765
 804.420059
 804.420059
 859.961107
 961.884921
1023.115270
1023.115270
1062.943852
1340.789029
1362.971779
1362.971779
1383.700161
1393.390370
1400.759338
1400.759338
1413.919776
1416.233238
1432.930669
1432.930669
1465.920743
 670.878308
 695.159025
 730.301255
 730.301255
 755.656604
 756.958544
 756.958544
 789.775275
1031.129650
1076.753859
1076.753859
1099.665662
1350.743215
1363.042258
1363.042258
1379.831549
1383.666919
1383.666919
1385.702821
1393.010416
1419.915423
1436.312200
1436.312200
1464.594025
 698.197050
 698.197050
 727.902628
 727.902628
 727.902628
 732.217588
 732.217588
 732.217588
1085.003698
1109.508512
1109.508512
1109.508512
1362.894855
1362.894855
1362.894855
1370.908777
1370.908777
1370.908777
1375.125597
1375.125597
1437.800014
1437.800014
1437.800014
1454.509720
 698.197050
 698.197050
 727.902628
 727.902628
 727.902628
 732.217588
 732.217588
 732.217588
1085.003698
1109.508512
1109.508512
1109.508512
1362.894855
1362.894855
1362.894855
1370.908777
1370.908777
1370.908777
1375.125597
1375.125597
1437.800014
1437.800014
1437.800014
1454.509720
 670.878308
 695.159025
 730.301255
 730.301255
 755.656604
 756.958544
 756.958544
 789.775275
1031.129650
1076.753859
1076.753859
1099.665662
1350.743215
1363.042258
1363.042258
1379.831549
1383.666919
1383.666919
1385.702821
1393.010416
1419.915423
1436.312200
1436.312200
1464.594025
 649.952038
 722.531485
 730.869706
 730.869706
 777.228765
 804.420059
 804.420059
 859.961107
 961.884921
1023.115270
1023.115270
1062.943852
1340.789029
1362.971779
1362.971779
1383.700161
1393.390370
1400.759338
1400.759338
1413.919776
1416.233238
1432.930669
1432.930669
1465.920743
 638.594562
 731.216849
 731.216849
 765.078231
 789.065538
 858.230348
 858.230348
 898.099335
 929.991847
 966.119805
 966.119805
1010.633916
1335.129845
1362.894493
1362.894493
1377.677384
1397.417264
1415.084463
1415.084463
1419.574925
1427.082963
1427.082963
1436.764734
1459.252843
 638.594562
 731.216849
 731.216849
 765.078231
 789.065538
 858.230348
 858.230348
 898.099335
 929.991847
 966.119805
 966.119805
1010.633916
1335.129845
1362.894493
1362.894493
1377.677384
1397.417264
1415.084463
1415.084463
1419.574925
1427.082963
1427.082963
1436.764734
1459.252843
 649.952038
 722.531485
 730.869706
 730.869706
 777.228765
 804.420059
 804.420059
 859.961107
 961.884921
1023.115270
1023.115270
1062.943852
1340.789029
1362.971779
1362.971779
1383.700161
1393.390370
1400.759338
1400.759338
1413.919776
1416.233238
1432.930669
1432.930669
1465.920743
 670.878308
 695.159025
 730.301255
 730.301255
 755.656604
 756.958544
 756.958544
 789.775275
1031.129650
1076.753859
1076.753859
1099.665662
1350.743215
1363.042258
1363.042258
1379.831549
1383.666919
1383.666919
1385.702821
1393.010416
1419.915423
1436.312200
1436.312200
1464.594025
 698.197050
 698.197050
 727.902628
 727.902628
 727.902628
 732.217588
 732.217588
 732.217588
1085.003698
1109.508512
1109.508512
1109.508512
1362.894855
1362.894855
1362.894855
1370.908777
1370.908777
1370.908777
1375.125597
1375.125597
1437.800014
1437.800014
1437.800014
1454.509720
 698.197050
 698.197050
 727.902628
 727.902628
 727.902628
 732.217588
 732.217588
 732.217588
1085.003698
1109.508512
1109.508512
1109.508512
1362.894855
1362.894855
1362.894855
1370.908777
1370.908777
1370.908777
1375.125597
1375.125597
1437.800014
1437.800014
1437.800014
1454.509720
 670.878308
 695.159025
 730.301255
 730.301255
 755.656604
 756.958544
 756.958544
 789.775275
1031.129650
1076.753859
1076.753859
1099.665662
1350.743215
1363.042258
1363.042258
1379.831549
1383.666919
1383.666919
1385.702821
1393.010416
1419.915423
1436.312200
1436.312200
1464.594025
 649.952038
 722.531485
 730.869706
 730.869706
 777.228765
 804.420059
 804.420059
 859.961107
 961.884921
1023.115270
1023.115270
1062.943852
1340.789029
1362.971779
1362.971779
1383.700161
1393.390370
1400.759338
1400.759338
1413.919776
1416.233238
1432.930669
1432.930669
1465.920743
 638.594562
 731.216849
 731.216849
 765.078231
 789.065538
 858.230348
 858.230348
 898.099335
 929.991847
 966.119805
 966.119805
1010.633916
1335.129845
1362.894493
1362.894493
1377.677384
1397.417264
1415.084463
1415.084463
1419.574925
1427.082963
1427.082963
1436.764734
1459.252843
 574.662483
 674.935045
 699.526385
 788.602114
 822.380315
 838.834119
 866.408600
 919.969820
 943.974699
 992.397433
1022.571612
1052.149185
1298.342901
1318.204622
1338.368208
1378.857682
1386.931163
1401.772895
1407.418144
1421.417963
1426.268470
1449.989702
1450.489541
1484.686721
 597.145211
 646.984864
 709.966294
 753.880390
 823.604163
 840.632889
 885.613039
 887.218078
 914.472031
 972.178079
1065.640831
1085.964244
1314.621810
1326.173771
1361.051108
1382.956019
1386.632702
1395.125956
1399.823445
1409.504941
1419.753478
1432.092807
1451.511963
1487.285902
 634.363557
 646.381501
 729.038997
 730.434983
 793.605093
 793.605093
 830.566241
 830.566241
 963.952824
1030.629242
1094.711464
1094.711464
1338.260195
1338.260195
1374.753124
1384.900526
1384.900526
1394.737045
1401.989163
1401.989163
1406.542158
1409.851848
1447.339433
1481.686199
 670.878308
 695.159025
 730.301255
 730.301255
 755.656604
 756.958544
 756.958544
 789.775275
1031.129650
1076.753859
1076.753859
1099.665662
1350.743215
1363.042258
1363.042258
1379.831549
1383.666919
1383.666919
1385.702821
1393.010416
1419.915423
1436.312200
1436.312200
1464.594025
 670.878308
 695.159025
 730.301255
 730.301255
 755.656604
 756.958544
 756.958544
 789.775275
1031.129650
1076.753859
1076.753859
1099.665662
1350.743215
1363.042258
1363.042258
1379.831549
1383.666919
1383.666919
1385.702821
1393.010416
1419.915423
1436.312200
1436.312200
1464.594025
 634.363557
 646.381501
 729.038997
 730.434983
 793.605093
 793.605093
 830.566241
 830.566241
 963.952824
1030.629242
1094.711464
1094.711464
1338.260195
1338.260195
1374.753124
1384.900526
1384.900526
1394.737045
1401.989163
1401.989163
1406.542158
1409.851848
1447.339433
1481.686199
 597.145211
 646.984864
 709.966294
 753.880390
 823.604163
 840.632889
 885.613039
 887.218078
 914.472031
 972.178079
1065.640831
1085.964244
1314.621810
1326.173771
1361.051108
1382.956019
1386.632702
1395.125956
1399.823445
1409.504941
1419.753478
1432.092807
1451.511963
1487.285902
 574.662483
 674.935045
 699.526385
 788.602114
 822.380315
 838.834119
 866.408600
 919.969820
 943.974699
 992.397433
1022.571612
1052.149185
1298.342901
1318.204622
1338.368208
1378.857682
1386.931163
1401.772895
1407.418144
1421.417963
1426.268470
1449.989702
1450.489541
1484.686721
 549.642385
 600.847699
 693.636230
 732.883852
 746.306559
 875.446713
 949.046308
 953.516232
1013.035989
1038.299247
1064.428481
1083.321705
1239.547824
1255.022033
1323.619629
1348.555693
1378.472219
1387.150705
1405.157818
1419.395473
1448.740586
1458.342842
1469.182684
1499.277982
 576.635968
 593.011690
 714.097514
 715.833633
 808.681644
 906.326398
 906.326398
 917.825199
 964.508799
 964.508799
1087.208264
1087.208264
1281.313905
1281.313905
1349.212160
1349.212160
1387.752520
1387.752520
1398.013099
1415.180017
1440.447022
1445.819241
1463.714534
1497.292168
 597.145211
 646.984864
 709.966294
 753.880390
 823.604163
 840.632889
 885.613039
 887.218078
 914.472031
 972.178079
1065.640831
1085.964244
1314.621810
1326.173771
1361.051108
1382.956019
1386.632702
1395.125956
1399.823445
1409.504941
1419.753478
1432.092807
1451.511963
1487.285902
 649.952038
 722.531485
 730.869706
 730.869706
 777.228765
 804.420059
 804.420059
 859.961107
 961.884921
1023.115270
1023.115270
1062.943852
1340.789029
1362.971779
1362.971779
1383.700161
1393.390370
1400.759338
1400.759338
1413.919776
1416.233238
1432.930669
1432.930669
1465.920743
 649.952038
 722.531485
 730.869706
 730.869706
 777.228765
 804.420059
 804.420059
 859.961107
 961.884921
1023.115270
1023.115270
1062.943852
1340.789029
1362.971779
1362.971779
1383.700161
1393.390370
1400.759338
1400.759338
1413.919776
1416.233238
1432.930669
1432.930669
1465.920743
 597.145211
 646.984864
 709.966294
 753.880390
 823.604163
 840.632889
 885.613039
 887.218078
 914.472031
 972.178079
1065.640831
1085.964244
1314.621810
1326.173771
1361.051108
1382.956019
1386.632702
1395.125956
1399.823445
1409.504941
1419.753478
1432.092807
1451.511963
1487.285902
 576.635968
 593.011690
 714.097514
 715.833633
 808.681644
 906.326398
 906.326398
 917.825199
 964.508799
 964.508799
1087.208264
1087.208264
1281.313905
1281.313905
1349.212160
1349.212160
1387.752520
1387.752520
1398.013099
1415.180017
1440.447022
1445.819241
1463.714534
1497.292168
 549.642385
 600.847699
 693.636230
 732.883852
 746.306559
 875.446713
 949.046308
 953.516232
1013.035989
1038.299247
1064.428481
1083.321705
1239.547824
1255.022033
1323.619629
1348.555693
1378.472219
1387.150705
1405.157818
1419.395473
1448.740586
1458.342842
1469.182684
1499.277982
 555.153546
 559.546757
 687.437051
 701.156489
 702.068474
 843.393078
1037.285496
1037.285496
1065.535034
1065.535034
1087.750396
1087.750396
1177.843403
1177.843403
1333.368302
1333.368302
1361.388662
1361.388662
1414.945825
1417.711592
1461.499722
1462.705782
1478.135107
1504.962924
 549.642385
 600.847699
 693.636230
 732.883852
 746.306559
 875.446713
 949.046308
 953.516232
1013.035989
1038.299247
1064.428481
1083.321705
1239.547824
1255.022033
1323.619629
1348.555693
1378.472219
1387.150705
1405.157818
1419.395473
1448.740586
1458.342842
1469.182684
1499.277982
 574.662483
 674.935045
 699.526385
 788.602114
 822.380315
 838.834119
 866.408600
 919.969820
 943.974699
 992.397433
1022.571612
1052.149185
1298.342901
1318.204622
1338.368208
1378.857682
1386.931163
1401.772895
1407.418144
1421.417963
1426.268470
1449.989702
1450.489541
1484.686721
 638.594562
 731.216849
 731.216849
 765.078231
 789.065538
 858.230348
 858.230348
 898.099335
 929.991847
 966.119805
 966.119805
1010.633916
1335.129845
1362.894493
1362.894493
1377.677384
1397.417264
1415.084463
1415.084463
1419.574925
1427.082963
1427.082963
1436.764734
1459.252843
 638.594562
 731.216849
 731.216849
 765.078231
 789.065538
 858.230348
 858.230348
 898.099335
 929.991847
 966.119805
 966.119805
1010.633916
1335.129845
1362.894493
1362.894493
1377.677384
1397.417264
1415.084463
1415.084463
1419.574925
1427.082963
1427.082963
1436.764734
1459.252843
 574.662483
 674.935045
 699.526385
 788.602114
 822.380315
 838.834119
 866.408600
 919.969820
 943.974699
 992.397433
1022.571612
1052.149185
1298.342901
1318.204622
1338.368208
1378.857682
1386.931163
1401.772895
1407.418144
1421.417963
1426.268470
1449.989702
1450.489541
1484.686721
 549.642385
 600.847699
 693.636230
 732.883852
 746.306559
 875.446713
 949.046308
 953.516232
1013.035989
1038.299247
1064.428481
1083.321705
1239.547824
1255.022033
1323.619629
1348.555693
1378.472219
1387.150705
1405.157818
1419.395473
1448.740586
1458.342842
1469.182684
1499.277982
 555.153546
 559.546757
 687.437051
 701.156489
 702.068474
 843.393078
1037.285496
1037.285496
1065.535034
1065.535034
1087.750396
1087.750396
1177.843403
1177.843403
1333.368302
1333.368302
1361.388662
1361.388662
1414.945825
1417.711592
1461.499722
1462.705782
1478.135107
1504.962924
