 122.117865
 122.117865
 188.979241
1017.270199
1017.270199
1017.270199
1027.441073
1027.441073
1027.441073
1146.571892
1146.571892
1146.571892
1180.292398
1180.292398
1180.292398
1214.157242
1214.157242
1214.157242
1280.691464
1280.691464
1280.691464
1483.847352
1483.847352
1488.382819
 239.134811
 253.437766
 339.794182
 926.591265
 933.489946
1009.430708
1009.430708
1037.716827
1037.716827
1074.046977
1105.026708
1105.026708
1171.608129
1171.608129
1245.142893
1245.142893
1246.306461
1253.993050
1293.291333
1293.291333
1345.260183
1471.885412
1472.604045
1485.269969
 390.223186
 399.953836
 504.999535
 811.089069
 815.383219
 955.693105
1006.990747
1006.990747
1045.880810
1045.880810
1066.395126
1066.395126
1156.529316
1156.529316
1273.622889
1273.622889
1306.816199
1306.816199
1313.117698
1317.640355
1396.352257
1449.802704
1450.013070
1476.117077
 540.574634
 544.523924
 666.786358
 682.553155
 683.351518
 818.467211
1012.786727
1012.786727
1034.498412
1034.498412
1053.800368
1053.800368
1146.789599
1146.789599
1289.723696
1289.723696
1314.384559
1314.384559
1370.200681
1372.801513
1415.912964
1416.907571
1433.825815
1459.648117
 540.574634
 544.523924
 666.786358
 682.553155
 683.351518
 818.467211
1012.786727
1012.786727
1034.498412
1034.498412
1053.800368
1053.800368
1146.789599
1146.789599
1289.723696
1289.723696
1314.384559
1314.384559
1370.200681
1372.801513
1415.912964
1416.907571
1433.825815
1459.648117
 390.223186
 399.953836
 504.999535
 811.089069
 815.383219
 955.693105
1006.990747
1006.990747
1045.880810
1045.880810
1066.395126
1066.395126
1156.529316
1156.529316
1273.622889
1273.622889
1306.816199
1306.816199
1313.117698
1317.640355
1396.352257
1449.802704
1450.013070
1476.117077
 239.134811
 253.437766
 339.794182
 926.591265
 933.489946
1009.430708
1009.430708
1037.716827
1037.716827
1074.046977
1105.026708
1105.026708
1171.608129
1171.608129
1245.142893
1245.142893
1246.306461
1253.993050
1293.291333
1293.291333
1345.260183
1471.885412
1472.604045
1485.269969
 122.117865
 122.117865
 188.979241
1017.270199
1017.270199
1017.270199
1027.441073
1027.441073
1027.441073
1146.571892
1146.571892
1146.571892
1180.292398
1180.292398
1180.292398
1214.157242
1214.157242
1214.157242
1280.691464
1280.691464
1280.691464
1483.847352
1483.847352
1488.382819
 239.134811
 253.437766
 339.794182
 926.591265
 933.489946
1009.430708
1009.430708
1037.716827
1037.716827
1074.046977
1105.026708
1105.026708
1171.608129
1171.608129
1245.142893
1245.142893
1246.306461
1253.993050
1293.291333
1293.291333
1345.260183
1471.885412
1472.604045
1485.269969
 287.856964
 333.582331
 453.240029
 925.050537
 925.050537
 945.668910
 945.668910
 977.676051
1049.506523
1052.695633
1052.695633
1082.088116
1196.419215
1228.774678
1241.270788
1241.270788
1276.872502
1276.872502
1317.531094
1340.461982
1340.461982
1457.858009
1462.198252
1483.691940
 400.614071
 454.139861
 588.108758
 809.090418
 834.210260
 926.478698
 950.768410
 960.938533
 962.709930
1032.663423
1032.778911
1066.531488
1197.257646
1230.902408
1252.827228
1304.586796
1306.021702
1327.300777
1330.671101
1334.612464
1387.525247
1434.713772
1442.029411
1474.248861
 537.581177
 584.148132
 677.162843
 712.595030
 722.710051
 848.705225
 928.291909
 934.320664
 983.683061
1007.529953
1030.665474
1046.528841
1203.931298
1217.343854
1284.262693
1308.488810
1330.714512
1339.036718
1359.930042
1373.856127
1402.535925
1412.347489
1426.372858
1455.340330
 537.581177
 584.148132
 677.162843
 712.595030
 722.710051
 848.705225
 928.291909
 934.320664
 983.683061
1007.529953
1030.665474
1046.528841
1203.931298
1217.343854
1284.262693
1308.488810
1330.714512
1339.036718
1359.930042
1373.856127
1402.535925
1412.347489
1426.372858
1455.340330
 400.614071
 454.139861
 588.108758
 809.090418
 834.210260
 926.478698
 950.768410
 960.938533
 962.709930
1032.663423
1032.778911
1066.531488
1197.257646
1230.902408
1252.827228
1304.586796
1306.021702
1327.300777
1330.671101
1334.612464
1387.525247
1434.713772
1442.029411
1474.248861
 287.856964
 333.582331
 453.240029
 925.050537
 925.050537
 945.668910
 945.668910
 977.676051
1049.506523
1052.695633
1052.695633
1082.088116
1196.419215
1228.774678
1241.270788
1241.270788
1276.872502
1276.872502
1317.531094
1340.461982
1340.461982
1457.858009
1462.198252
1483.691940
 239.134811
 253.437766
 339.794182
 926.591265
 933.489946
1009.430708
1009.430708
1037.716827
1037.716827
1074.046977
1105.026708
1105.026708
1171.608129
1171.608129
1245.142893
1245.142893
1246.306461
1253.993050
1293.291333
1293.291333
1345.260183
1471.885412
1472.604045
1485.269969
 390.223186
 399.953836
 504.999535
 811.089069
 815.383219
 955.693105
1006.990747
1006.990747
1045.880810
1045.880810
1066.395126
1066.395126
1156.529316
1156.529316
1273.622889
1273.622889
1306.816199
1306.816199
1313.117698
1317.640355
1396.352257
1449.802704
1450.013070
1476.117077
 400.614071
 454.139861
 588.108758
 809.090418
 834.210260
 926.478698
 950.768410
 960.938533
 962.709930
1032.663423
1032.778911
1066.531488
1197.257646
1230.902408
1252.827228
1304.586796
1306.021702
1327.300777
1330.671101
1334.612464
1387.525247
1434.713772
1442.029411
1474.248861
 462.101195
 547.006671
 691.854267
 810.006887
 810.006887
 869.882836
 869.882836
 895.267056
 972.015169
 972.015169
1001.279714
1047.975066
1233.407810
1265.381616
1292.510595
1292.510595
1341.704517
1341.704517
1352.785516
1369.544610
1369.544610
1410.538132
1426.436271
1464.037693
 564.250799
 655.247150
 685.301483
 765.594443
 795.816302
 822.193695
 850.669395
 891.085388
 915.754528
 962.423467
 989.964129
1016.359665
1253.843433
1274.232194
1305.318490
1340.949958
1341.717181
1354.415421
1359.059326
1374.960866
1379.469101
1403.687540
1410.244642
1442.776244
 564.250799
 655.247150
 685.301483
 765.594443
 795.816302
 822.193695
 850.669395
 891.085388
 915.754528
 962.423467
 989.964129
1016.359665
1253.843433
1274.232194
1305.318490
1340.949958
1341.717181
1354.415421
1359.059326
1374.960866
1379.469101
1403.687540
1410.244642
1442.776244
 462.101195
 547.006671
 691.854267
 810.006887
 810.006887
 869.882836
 869.882836
 895.267056
 972.015169
 972.015169
1001.279714
1047.975066
1233.407810
1265.381616
1292.510595
1292.510595
1341.704517
1341.704517
1352.785516
1369.544610
1369.544610
1410.538132
1426.436271
1464.037693
 400.614071
 454.139861
 588.108758
 809.090418
 834.210260
 926.478698
 950.768410
 960.938533
 962.709930
1032.663423
1032.778911
1066.531488
1197.257646
1230.902408
1252.827228
1304.586796
1306.021702
1327.300777
1330.671101
1334.612464
1387.525247
1434.713772
1442.029411
1474.248861
 390.223186
 399.953836
 504.999535
 811.089069
 815.383219
 955.693105
1006.990747
1006.990747
1045.880810
1045.880810
1066.395126
1066.395126
1156.529316
1156.529316
1273.622889
1273.622889
1306.816199
1306.816199
1313.117698
1317.640355
1396.352257
1449.802704
1450.013070
1476.117077
 540.574634
 544.523924
 666.786358
 682.553155
 683.351518
 818.467211
1012.786727
1012.786727
1034.498412
1034.498412
1053.800368
1053.800368
1146.789599
1146.789599
1289.723696
1289.723696
1314.384559
1314.384559
1370.200681
1372.801513
1415.912964
1416.907571
1433.825815
1459.648117
 537.581177
 584.148132
 677.162843
 712.595030
 722.710051
 848.705225
 928.291909
 934.320664
 983.683061
1007.529953
1030.665474
1046.528841
1203.931298
1217.343854
1284.262693
1308.488810
1330.714512
1339.036718
1359.930042
1373.856127
1402.535925
1412.347489
1426.372858
1455.340330
 564.250799
 655.247150
 685.301483
 765.594443
 795.816302
 822.193695
 850.669395
 891.085388
 915.754528
 962.423467
 989.964129
1016.359665
1253.843433
1274.232194
1305.318490
1340.949958
1341.717181
1354.415421
1359.059326
1374.960866
1379.469101
1403.687540
1410.244642
1442.776244
 627.755705
 718.090303
 718.090303
 742.058512
 775.418002
 832.195808
 832.195808
 869.051363
 901.455842
 935.080368
 935.080368
 977.244934
1287.683281
1316.122845
1316.122845
1343.844716
1350.300409
1371.669346
1371.669346
1372.062967
1386.154596
1386.154596
1390.367801
1419.439434
 627.755705
 718.090303
 718.090303
 742.058512
 775.418002
 832.195808
 832.195808
 869.051363
 901.455842
 935.080368
 935.080368
 977.244934
1287.683281
1316.122845
1316.122845
1343.844716
1350.300409
1371.669346
1371.669346
1372.062967
1386.154596
1386.154596
1390.367801
1419.439434
 564.250799
 655.247150
 685.301483
 765.594443
 795.816302
 822.193695
 850.669395
 891.085388
 915.754528
 962.423467
 989.964129
1016.359665
1253.843433
1274.232194
1305.318490
1340.949958
1341.717181
1354.415421
1359.059326
1374.960866
1379.469101
1403.687540
1410.244642
1442.776244
 537.581177
 584.148132
 677.162843
 712.595030
 722.710051
 848.705225
 928.291909
 934.320664
 983.683061
1007.529953
1030.665474
1046.528841
1203.931298
1217.343854
1284.262693
1308.488810
1330.714512
1339.036718
1359.930042
1373.856127
1402.535925
1412.347489
1426.372858
1455.340330
 540.574634
 544.523924
 666.786358
 682.553155
 683.351518
 818.467211
1012.786727
1012.786727
1034.498412
1034.498412
1053.800368
1053.800368
1146.789599
1146.789599
1289.723696
1289.723696
1314.384559
1314.384559
1370.200681
1372.801513
1415.912964
1416.907571
1433.825815
1459.648117
 540.574634
 544.523924
 666.786358
 682.553155
 683.351518
 818.467211
1012.786727
1012.786727
1034.498412
1034.498412
1053.800368
1053.800368
1146.789599
1146.789599
1289.723696
1289.723696
1314.384559
1314.384559
1370.200681
1372.801513
1415.912964
1416.907571
1433.825815
1459.648117
 537.581177
 584.148132
 677.162843
 712.595030
 722.710051
 848.705225
 928.291909
 934.320664
 983.683061
1007.529953
1030.665474
1046.528841
1203.931298
1217.343854
1284.262693
1308.488810
1330.714512
1339.036718
1359.930042
1373.856127
1402.535925
1412.347489
1426.372858
1455.340330
 564.250799
 655.247150
 685.301483
 765.594443
 795.816302
 822.193695
 850.669395
 891.085388
 915.754528
 962.423467
 989.964129
1016.359665
1253.843433
1274.232194
1305.318490
1340.949958
1341.717181
1354.415421
1359.059326
1374.960866
1379.469101
1403.687540
1410.244642
1442.776244
 627.755705
 718.090303
 718.090303
 742.058512
 775.418002
 832.195808
 832.195808
 869.051363
 901.455842
 935.080368
 935.080368
 977.244934
1287.683281
1316.122845
1316.122845
1343.844716
1350.300409
1371.669346
1371.669346
1372.062967
1386.154596
1386.154596
1390.367801
1419.439434
 627.755705
 718.090303
 718.090303
 742.058512
 775.418002
 832.195808
 832.195808
 869.051363
 901.455842
 935.080368
 935.080368
 977.244934
1287.683281
1316.122845
1316.122845
1343.844716
1350.300409
1371.669346
1371.669346
1372.062967
1386.154596
1386.154596
1390.367801
1419.439434
 564.250799
 655.247150
 685.301483
 765.594443
 795.816302
 822.193695
 850.669395
 891.085388
 915.754528
 962.423467
 989.964129
1016.359665
1253.843433
1274.232194
1305.318490
1340.949958
1341.717181
1354.415421
1359.059326
1374.960866
1379.469101
1403.687540
1410.244642
1442.776244
 537.581177
 584.148132
 677.162843
 712.595030
 722.710051
 848.705225
 928.291909
 934.320664
 983.683061
1007.529953
1030.665474
1046.528841
1203.931298
1217.343854
1284.262693
1308.488810
1330.714512
1339.036718
1359.930042
1373.856127
1402.535925
1412.347489
1426.372858
1455.340330
 540.574634
 544.523924
 666.786358
 682.553155
 683.351518
 818.467211
1012.786727
1012.786727
1034.498412
1034.498412
1053.800368
1053.800368
1146.789599
1146.789599
1289.723696
1289.723696
1314.384559
1314.384559
1370.200681
1372.801513
1415.912964
1416.907571
1433.825815
1459.648117
 390.223186
 399.953836
 504.999535
 811.089069
 815.383219
 955.693105
1006.990747
1006.990747
1045.880810
1045.880810
1066.395126
1066.395126
1156.529316
1156.529316
1273.622889
1273.622889
1306.816199
1306.816199
1313.117698
1317.640355
1396.352257
1449.802704
1450.013070
1476.117077
 400.614071
 454.139861
 588.108758
 809.090418
 834.210260
 926.478698
 950.768410
 960.938533
 962.709930
1032.663423
1032.778911
1066.531488
1197.257646
1230.902408
1252.827228
1304.586796
1306.021702
1327.300777
1330.671101
1334.612464
1387.525247
1434.713772
1442.029411
1474.248861
 462.101195
 547.006671
 691.854267
 810.006887
 810.006887
 869.882836
 869.882836
 895.267056
 972.015169
 972.015169
1001.279714
1047.975066
1233.407810
1265.381616
1292.510595
1292.510595
1341.704517
1341.704517
1352.785516
1369.544610
1369.544610
1410.538132
1426.436271
1464.037693
 564.250799
 655.247150
 685.301483
 765.594443
 795.816302
 822.193695
 850.669395
 891.085388
 915.754528
 962.423467
 989.964129
1016.359665
1253.843433
1274.232194
1305.318490
1340.949958
1341.717181
1354.415421
1359.059326
1374.960866
1379.469101
1403.687540
1410.244642
1442.776244
 564.250799
 655.247150
 685.301483
 765.594443
 795.816302
 822.193695
 850.669395
 891.085388
 915.754528
 962.423467
 989.964129
1016.359665
1253.843433
1274.232194
1305.318490
1340.949958
1341.717181
1354.415421
1359.059326
1374.960866
1379.469101
1403.687540
1410.244642
1442.776244
 462.101195
 547.006671
 691.854267
 810.006887
 810.006887
 869.882836
 869.882836
 895.267056
 972.015169
 972.015169
1001.279714
1047.975066
1233.407810
1265.381616
1292.510595
1292.510595
1341.704517
1341.704517
1352.785516
1369.544610
1369.544610
1410.538132
1426.436271
1464.037693
 400.614071
 454.139861
 588.108758
 809.090418
 834.210260
 926.478698
 950.768410
 960.938533
 962.709930
1032.663423
1032.778911
1066.531488
1197.257646
1230.902408
1252.827228
1304.586796
1306.021702
1327.300777
1330.671101
1334.612464
1387.525247
1434.713772
1442.029411
1474.248861
 390.223186
 399.953836
 504.999535
 811.089069
 815.383219
 955.693105
1006.990747
1006.990747
1045.880810
1045.880810
1066.395126
1066.395126
1156.529316
1156.529316
1273.622889
1273.622889
1306.816199
1306.816199
1313.117698
1317.640355
1396.352257
1449.802704
1450.013070
1476.117077
 239.134811
 253.437766
 339.794182
 926.591265
 933.489946
1009.430708
1009.430708
1037.716827
1037.716827
1074.046977
1105.026708
1105.026708
1171.608129
1171.608129
1245.142893
1245.142893
1246.306461
1253.993050
1293.291333
1293.291333
1345.260183
1471.885412
1472.604045
1485.269969
 287.856964
 333.582331
 453.240029
 925.050537
 925.050537
 945.668910
 945.668910
 977.676051
1049.506523
1052.695633
1052.695633
1082.088116
1196.419215
1228.774678
1241.270788
1241.270788
1276.872502
1276.872502
1317.531094
1340.461982
1340.461982
1457.858009
1462.198252
1483.691940
 400.614071
 454.139861
 588.108758
 809.090418
 834.210260
 926.478698
 950.768410
 960.938533
 962.709930
1032.663423
1032.778911
1066.531488
1197.257646
1230.902408
1252.827228
1304.586796
1306.021702
1327.300777
1330.671101
1334.612464
1387.525247
1434.713772
1442.029411
1474.248861
 537.581177
 584.148132
 677.162843
 712.595030
 722.710051
 848.705225
 928.291909
 934.320664
 983.683061
1007.529953
1030.665474
1046.528841
1203.931298
1217.343854
1284.262693
1308.488810
1330.714512
1339.036718
1359.930042
1373.856127
1402.535925
1412.347489
1426.372858
1455.340330
 537.581177
 584.148132
 677.162843
 712.595030
 722.710051
 848.705225
 928.291909
 934.320664
 983.683061
1007.529953
1030.665474
1046.528841
1203.931298
1217.343854
1284.262693
1308.488810
1330.714512
1339.036718
1359.930042
1373.856127
1402.535925
1412.347489
1426.372858
1455.340330
 400.614071
 454.139861
 588.108758
 809.090418
 834.210260
 926.478698
 950.768410
 960.938533
 962.709930
1032.663423
1032.778911
1066.531488
1197.257646
1230.902408
1252.827228
1304.586796
1306.021702
1327.300777
1330.671101
1334.612464
1387.525247
1434.713772
1442.029411
1474.248861
 287.856964
 333.582331
 453.240029
 925.050537
 925.050537
 945.668910
 945.668910
 977.676051
1049.506523
1052.695633
1052.695633
1082.088116
1196.419215
1228.774678
1241.270788
1241.270788
1276.872502
1276.872502
1317.531094
1340.461982
1340.461982
1457.858009
1462.198252
1483.691940
 239.134811
 253.437766
 339.794182
 926.591265
 933.489946
1009.430708
1009.430708
1037.716827
1037.716827
1074.046977
1105.026708
1105.026708
1171.608129
1171.608129
1245.142893
1245.142893
1246.306461
1253.993050
1293.291333
1293.291333
1345.260183
1471.885412
1472.604045
1485.269969
 122.117865
 122.117865
 188.979241
1017.270199
1017.270199
1017.270199
1027.441073
1027.441073
1027.441073
1146.571892
1146.571892
1146.571892
1180.292398
1180.292398
1180.292398
1214.157242
1214.157242
1214.157242
1280.691464
1280.691464
1280.691464
1483.847352
1483.847352
1488.382819
 239.134811
 253.437766
 339.794182
 926.591265
 933.489946
1009.430708
1009.430708
1037.716827
1037.716827
1074.046977
1105.026708
1105.026708
1171.608129
1171.608129
1245.142893
1245.142893
1246.306461
1253.993050
1293.291333
1293.291333
1345.260183
1471.885412
1472.604045
1485.269969
 390.223186
 399.953836
 504.999535
 811.089069
 815.383219
 955.693105
1006.990747
1006.990747
1045.880810
1045.880810
1066.395126
1066.395126
1156.529316
1156.529316
1273.622889
1273.622889
1306.816199
1306.816199
1313.117698
1317.640355
1396.352257
1449.802704
1450.013070
1476.117077
 540.574634
 544.523924
 666.786358
 682.553155
 683.351518
 818.467211
1012.786727
1012.786727
1034.498412
1034.498412
1053.800368
1053.800368
1146.789599
1146.789599
1289.723696
1289.723696
1314.384559
1314.384559
1370.200681
1372.801513
1415.912964
1416.907571
1433.825815
1459.648117
 540.574634
 544.523924
 666.786358
 682.553155
 683.351518
 818.467211
1012.786727
1012.786727
1034.498412
1034.498412
1053.800368
1053.800368
1146.789599
1146.789599
1289.723696
1289.723696
1314.384559
1314.384559
1370.200681
1372.801513
1415.912964
1416.907571
1433.825815
1459.648117
 390.223186
 399.953836
 504.999535
 811.089069
 815.383219
 955.693105
1006.990747
1006.990747
1045.880810
1045.880810
1066.395126
1066.395126
1156.529316
1156.529316
1273.622889
1273.622889
1306.816199
1306.816199
1313.117698
1317.640355
1396.352257
1449.802704
1450.013070
1476.117077
 239.134811
 253.437766
 339.794182
 926.591265
 933.489946
1009.430708
1009.430708
1037.716827
1037.716827
1074.046977
1105.026708
1105.026708
1171.608129
1171.608129
1245.142893
1245.142893
1246.306461
1253.993050
1293.291333
1293.291333
1345.260183
1471.885412
1472.604045
1485.269969
 122.117865
 122.117865
 188.979241
1017.270199
1017.270199
1017.270199
1027.441073
1027.441073
1027.441073
1146.571892
1146.571892
1146.571892
1180.292398
1180.292398
1180.292398
1214.157242
1214.157242
1214.157242
1280.691464
1280.691464
1280.691464
1483.847352
1483.847352
1488.382819
 239.134811
 253.437766
 339.794182
 926.591265
 933.489946
1009.430708
1009.430708
1037.716827
1037.716827
1074.046977
1105.026708
1105.026708
1171.608129
1171.608129
1245.142893
1245.142893
1246.306461
1253.993050
1293.291333
1293.291333
1345.260183
1471.885412
1472.604045
1485.269969
 287.856964
 333.582331
 453.240029
 925.050537
 925.050537
 945.668910
 945.668910
 977.676051
1049.506523
1052.695633
1052.695633
1082.088116
1196.419215
1228.774678
1241.270788
1241.270788
1276.872502
1276.872502
1317.531094
1340.461982
1340.461982
1457.858009
1462.198252
1483.691940
 400.614071
 454.139861
 588.108758
 809.090418
 834.210260
 926.478698
 950.768410
 960.938533
 962.709930
1032.663423
1032.778911
1066.531488
1197.257646
1230.902408
1252.827228
1304.586796
1306.021702
1327.300777
1330.671101
1334.612464
1387.525247
1434.713772
1442.029411
1474.248861
 537.581177
 584.148132
 677.162843
 712.595030
 722.710051
 848.705225
 928.291909
 934.320664
 983.683061
1007.529953
1030.665474
1046.528841
1203.931298
1217.343854
1284.262693
1308.488810
1330.714512
1339.036718
1359.930042
1373.856127
1402.535925
1412.347489
1426.372858
1455.340330
 537.581177
 584.148132
 677.162843
 712.595030
 722.710051
 848.705225
 928.291909
 934.320664
 983.683061
1007.529953
1030.665474
1046.528841
1203.931298
1217.343854
1284.262693
1308.488810
1330.714512
1339.036718
1359.930042
1373.856127
1402.535925
1412.347489
1426.372858
1455.340330
 400.614071
 454.139861
 588.108758
 809.090418
 834.210260
 926.478698
 950.768410
 960.938533
 962.709930
1032.663423
1032.778911
1066.531488
1197.257646
1230.902408
1252.827228
1304.586796
1306.021702
1327.300777
1330.671101
1334.612464
1387.525247
1434.713772
1442.029411
1474.248861
 287.856964
 333.582331
 453.240029
 925.050537
 925.050537
 945.668910
 945.668910
 977.676051
1049.506523
1052.695633
1052.695633
1082.088116
1196.419215
1228.774678
1241.270788
1241.270788
1276.872502
1276.872502
1317.531094
1340.461982
1340.461982
1457.858009
1462.198252
1483.691940
 239.134811
 253.437766
 339.794182
 926.591265
 933.489946
1009.430708
1009.430708
1037.716827
1037.716827
1074.046977
1105.026708
1105.026708
1171.608129
1171.608129
1245.142893
1245.142893
1246.306461
1253.993050
1293.291333
1293.291333
1345.260183
1471.885412
1472.604045
1485.269969
 287.856964
 333.582331
 453.240029
 925.050537
 925.050537
 945.668910
 945.668910
 977.676051
1049.506523
1052.695633
1052.695633
1082.088116
1196.419215
1228.774678
1241.270788
1241.270788
1276.872502
1276.872502
1317.531094
1340.461982
1340.461982
1457.858009
1462.198252
1483.691940
 356.545636
 356.545636
 547.388119
 907.753341
 907.753341
 907.753341
 952.927910
 952.927910
 952.927910
1047.015396
1047.015396
1047.015396
1244.838667
1244.838667
1244.838667
1283.597306
1283.597306
1283.597306
1341.863198
1341.863198
1341.863198
1447.313642
1447.313642
1483.312568
 441.853557
 461.471014
 664.639911
 808.863605
 831.280472
 894.330018
 894.330018
 947.609890
 947.609890
 978.280706
1045.991549
1045.991549
1243.299929
1243.299929
1298.998455
1298.998455
1301.612160
1332.210732
1342.047113
1342.047113
1381.459999
1425.356471
1426.208596
1474.558866
 564.000690
 578.859683
 696.946880
 698.465642
 781.403525
 887.812231
 887.812231
 887.879939
 938.935296
 938.935296
1048.482780
1048.482780
1240.437865
1240.437865
1312.853489
1312.853489
1339.691977
1339.691977
1352.706159
1368.542583
1394.580068
1398.926775
1422.588288
1454.540331
 564.000690
 578.859683
 696.946880
 698.465642
 781.403525
 887.812231
 887.812231
 887.879939
 938.935296
 938.935296
1048.482780
1048.482780
1240.437865
1240.437865
1312.853489
1312.853489
1339.691977
1339.691977
1352.706159
1368.542583
1394.580068
1398.926775
1422.588288
1454.540331
 441.853557
 461.471014
 664.639911
 808.863605
 831.280472
 894.330018
 894.330018
 947.609890
 947.609890
 978.280706
1045.991549
1045.991549
1243.299929
1243.299929
1298.998455
1298.998455
1301.612160
1332.210732
1342.047113
1342.047113
1381.459999
1425.356471
1426.208596
1474.558866
 356.545636
 356.545636
 547.388119
 907.753341
 907.753341
 907.753341
 952.927910
 952.927910
 952.927910
1047.015396
1047.015396
1047.015396
1244.838667
1244.838667
1244.838667
1283.597306
1283.597306
1283.597306
1341.863198
1341.863198
1341.863198
1447.313642
1447.313642
1483.312568
 287.856964
 333.582331
 453.240029
 925.050537
 925.050537
 945.668910
 945.668910
 977.676051
1049.506523
1052.695633
1052.695633
1082.088116
1196.419215
1228.774678
1241.270788
1241.270788
1276.872502
1276.872502
1317.531094
1340.461982
1340.461982
1457.858009
1462.198252
1483.691940
 400.614071
 454.139861
 588.108758
 809.090418
 834.210260
 926.478698
 950.768410
 960.938533
 962.709930
1032.663423
1032.778911
1066.531488
1197.257646
1230.902408
1252.827228
1304.586796
1306.021702
1327.300777
1330.671101
1334.612464
1387.525247
1434.713772
1442.029411
1474.248861
 441.853557
 461.471014
 664.639911
 808.863605
 831.280472
 894.330018
 894.330018
 947.609890
 947.609890
 978.280706
1045.991549
1045.991549
1243.299929
1243.299929
1298.998455
1298.998455
1301.612160
1332.210732
1342.047113
1342.047113
1381.459999
1425.356471
1426.208596
1474.558866
 496.792750
 534.396440
 761.376140
 804.373958
 804.373958
 841.759824
 841.759824
 856.119456
 920.964237
1002.984554
1002.984554
1052.658551
1257.278869
1292.737744
1292.737744
1306.546746
1340.073414
1340.073414
1350.871986
1369.490844
1369.490844
1401.948484
1408.545867
1466.484983
 586.086772
 631.376053
 695.514536
 735.259705
 807.535648
 825.080782
 856.115737
 863.101159
 890.851584
 938.628897
1027.254716
1045.559172
1268.787534
1280.979865
1326.548522
1336.931572
1343.933908
1353.886899
1355.136316
1362.256288
1373.070136
1385.523427
1412.777500
1446.249969
 586.086772
 631.376053
 695.514536
 735.259705
 807.535648
 825.080782
 856.115737
 863.101159
 890.851584
 938.628897
1027.254716
1045.559172
1268.787534
1280.979865
1326.548522
1336.931572
1343.933908
1353.886899
1355.136316
1362.256288
1373.070136
1385.523427
1412.777500
1446.249969
 496.792750
 534.396440
 761.376140
 804.373958
 804.373958
 841.759824
 841.759824
 856.119456
 920.964237
1002.984554
1002.984554
1052.658551
1257.278869
1292.737744
1292.737744
1306.546746
1340.073414
1340.073414
1350.871986
1369.490844
1369.490844
1401.948484
1408.545867
1466.484983
 441.853557
 461.471014
 664.639911
 808.863605
 831.280472
 894.330018
 894.330018
 947.609890
 947.609890
 978.280706
1045.991549
1045.991549
1243.299929
1243.299929
1298.998455
1298.998455
1301.612160
1332.210732
1342.047113
1342.047113
1381.459999
1425.356471
1426.208596
1474.558866
 400.614071
 454.139861
 588.108758
 809.090418
 834.210260
 926.478698
 950.768410
 960.938533
 962.709930
1032.663423
1032.778911
1066.531488
1197.257646
1230.902408
1252.827228
1304.586796
1306.021702
1327.300777
1330.671101
1334.612464
1387.525247
1434.713772
1442.029411
1474.248861
 537.581177
 584.148132
 677.162843
 712.595030
 722.710051
 848.705225
 928.291909
 934.320664
 983.683061
1007.529953
1030.665474
1046.528841
1203.931298
1217.343854
1284.262693
1308.488810
1330.714512
1339.036718
1359.930042
1373.856127
1402.535925
1412.347489
1426.372858
1455.340330
 564.000690
 578.859683
 696.946880
 698.465642
 781.403525
 887.812231
 887.812231
 887.879939
 938.935296
 938.935296
1048.482780
1048.482780
1240.437865
1240.437865
1312.853489
1312.853489
1339.691977
1339.691977
1352.706159
1368.542583
1394.580068
1398.926775
1422.588288
1454.540331
 586.086772
 631.376053
 695.514536
 735.259705
 807.535648
 825.080782
 856.115737
 863.101159
 890.851584
 938.628897
1027.254716
1045.559172
1268.787534
1280.979865
1326.548522
1336.931572
1343.933908
1353.886899
1355.136316
1362.256288
1373.070136
1385.523427
1412.777500
1446.249969
 638.835605
 704.587099
 717.785006
 717.785006
 763.714155
 784.150496
 784.150496
 837.997043
 927.532940
 986.284387
 986.284387
1023.558430
1293.423348
1316.124314
1316.124314
1342.999892
1346.282114
1354.471080
1354.471080
1369.861269
1373.735390
1395.714949
1395.714949
1426.866836
 638.835605
 704.587099
 717.785006
 717.785006
 763.714155
 784.150496
 784.150496
 837.997043
 927.532940
 986.284387
 986.284387
1023.558430
1293.423348
1316.124314
1316.124314
1342.999892
1346.282114
1354.471080
1354.471080
1369.861269
1373.735390
1395.714949
1395.714949
1426.866836
 586.086772
 631.376053
 695.514536
 735.259705
 807.535648
 825.080782
 856.115737
 863.101159
 890.851584
 938.628897
1027.254716
1045.559172
1268.787534
1280.979865
1326.548522
1336.931572
1343.933908
1353.886899
1355.136316
1362.256288
1373.070136
1385.523427
1412.777500
1446.249969
 564.000690
 578.859683
 696.946880
 698.465642
 781.403525
 887.812231
 887.812231
 887.879939
 938.935296
 938.935296
1048.482780
1048.482780
1240.437865
1240.437865
1312.853489
1312.853489
1339.691977
1339.691977
1352.706159
1368.542583
1394.580068
1398.926775
1422.588288
1454.540331
 537.581177
 584.148132
 677.162843
 712.595030
 722.710051
 848.705225
 928.291909
 934.320664
 983.683061
1007.529953
1030.665474
1046.528841
1203.931298
1217.343854
1284.262693
1308.488810
1330.714512
1339.036718
1359.930042
1373.856127
1402.535925
1412.347489
1426.372858
1455.340330
 537.581177
 584.148132
 677.162843
 712.595030
 722.710051
 848.705225
 928.291909
 934.320664
 983.683061
1007.529953
1030.665474
1046.528841
1203.931298
1217.343854
1284.262693
1308.488810
1330.714512
1339.036718
1359.930042
1373.856127
1402.535925
1412.347489
1426.372858
1455.340330
 564.000690
 578.859683
 696.946880
 698.465642
 781.403525
 887.812231
 887.812231
 887.879939
 938.935296
 938.935296
1048.482780
1048.482780
1240.437865
1240.437865
1312.853489
1312.853489
1339.691977
1339.691977
1352.706159
1368.542583
1394.580068
1398.926775
1422.588288
1454.540331
 586.086772
 631.376053
 695.514536
 735.259705
 807.535648
 825.080782
 856.115737
 863.101159
 890.851584
 938.628897
1027.254716
1045.559172
1268.787534
1280.979865
1326.548522
1336.931572
1343.933908
1353.886899
1355.136316
1362.256288
1373.070136
1385.523427
1412.777500
1446.249969
 638.835605
 704.587099
 717.785006
 717.785006
 763.714155
 784.150496
 784.150496
 837.997043
 927.532940
 986.284387
 986.284387
1023.558430
1293.423348
1316.124314
1316.124314
1342.999892
1346.282114
1354.471080
1354.471080
1369.861269
1373.735390
1395.714949
1395.714949
1426.866836
 638.835605
 704.587099
 717.785006
 717.785006
 763.714155
 784.150496
 784.150496
 837.997043
 927.532940
 986.284387
 986.284387
1023.558430
1293.423348
1316.124314
1316.124314
1342.999892
1346.282114
1354.471080
1354.471080
1369.861269
1373.735390
1395.714949
1395.714949
1426.866836
 586.086772
 631.376053
 695.514536
 735.259705
 807.535648
 825.080782
 856.115737
 863.101159
 890.851584
 938.628897
1027.254716
1045.559172
1268.787534
1280.979865
1326.548522
1336.931572
1343.933908
1353.886899
1355.136316
1362.256288
1373.070136
1385.523427
1412.777500
1446.249969
 564.000690
 578.859683
 696.946880
 698.465642
 781.403525
 887.812231
 887.812231
 887.879939
 938.935296
 938.935296
1048.482780
1048.482780
1240.437865
1240.437865
1312.853489
1312.853489
1339.691977
1339.691977
1352.706159
1368.542583
1394.580068
1398.926775
1422.588288
1454.540331
 537.581177
 584.148132
 677.162843
 712.595030
 722.710051
 848.705225
 928.291909
 934.320664
 983.683061
1007.529953
1030.665474
1046.528841
1203.931298
1217.343854
1284.262693
1308.488810
1330.714512
1339.036718
1359.930042
1373.856127
1402.535925
1412.347489
1426.372858
1455.340330
 400.614071
 454.139861
 588.108758
 809.090418
 834.210260
 926.478698
 950.768410
 960.938533
 962.709930
1032.663423
1032.778911
1066.531488
1197.257646
1230.902408
1252.827228
1304.586796
1306.021702
1327.300777
1330.671101
1334.612464
1387.525247
1434.713772
1442.029411
1474.248861
 441.853557
 461.471014
 664.639911
 808.863605
 831.280472
 894.330018
 894.330018
 947.609890
 947.609890
 978.280706
1045.991549
1045.991549
1243.299929
1243.299929
1298.998455
1298.998455
1301.612160
1332.210732
1342.047113
1342.047113
1381.459999
1425.356471
1426.208596
1474.558866
 496.792750
 534.396440
 761.376140
 804.373958
 804.373958
 841.759824
 841.759824
 856.119456
 920.964237
1002.984554
1002.984554
1052.658551
1257.278869
1292.737744
1292.737744
1306.546746
1340.073414
1340.073414
1350.871986
1369.490844
1369.490844
1401.948484
1408.545867
1466.484983
 586.086772
 631.376053
 695.514536
 735.259705
 807.535648
 825.080782
 856.115737
 863.101159
 890.851584
 938.628897
1027.254716
1045.559172
1268.787534
1280.979865
1326.548522
1336.931572
1343.933908
1353.886899
1355.136316
1362.256288
1373.070136
1385.523427
1412.777500
1446.249969
 586.086772
 631.376053
 695.514536
 735.259705
 807.535648
 825.080782
 856.115737
 863.101159
 890.851584
 938.628897
1027.254716
1045.559172
1268.787534
1280.979865
1326.548522
1336.931572
1343.933908
1353.886899
1355.136316
1362.256288
1373.070136
1385.523427
1412.777500
1446.249969
 496.792750
 534.396440
 761.376140
 804.373958
 804.373958
 841.759824
 841.759824
 856.119456
 920.964237
1002.984554
1002.984554
1052.658551
1257.278869
1292.737744
1292.737744
1306.546746
1340.073414
1340.073414
1350.871986
1369.490844
1369.490844
1401.948484
1408.545867
1466.484983
 441.853557
 461.471014
 664.639911
 808.863605
 831.280472
 894.330018
 894.330018
 947.609890
 947.609890
 978.280706
1045.991549
1045.991549
1243.299929
1243.299929
1298.998455
1298.998455
1301.612160
1332.210732
1342.047113
1342.047113
1381.459999
1425.356471
1426.208596
1474.558866
 400.614071
 454.139861
 588.108758
 809.090418
 834.210260
 926.478698
 950.768410
 960.938533
 962.709930
1032.663423
1032.778911
1066.531488
1197.257646
1230.902408
1252.827228
1304.586796
1306.021702
1327.300777
1330.671101
1334.612464
1387.525247
1434.713772
1442.029411
1474.248861
 287.856964
 333.582331
 453.240029
 925.050537
 925.050537
 945.668910
 945.668910
 977.676051
1049.506523
1052.695633
1052.695633
1082.088116
1196.419215
1228.774678
1241.270788
1241.270788
1276.872502
1276.872502
1317.531094
1340.461982
1340.461982
1457.858009
1462.198252
1483.691940
 356.545636
 356.545636
 547.388119
 907.753341
 907.753341
 907.753341
 952.927910
 952.927910
 952.927910
1047.015396
1047.015396
1047.015396
1244.838667
1244.838667
1244.838667
1283.597306
1283.597306
1283.597306
1341.863198
1341.863198
1341.863198
1447.313642
1447.313642
1483.312568
 441.853557
 461.471014
 664.639911
 808.863605
 831.280472
 894.330018
 894.330018
 947.609890
 947.609890
 978.280706
1045.991549
1045.991549
1243.299929
1243.299929
1298.998455
1298.998455
1301.612160
1332.210732
1342.047113
1342.047113
1381.459999
1425.356471
1426.208596
1474.558866
 564.000690
 578.859683
 696.946880
 698.465642
 781.403525
 887.812231
 887.812231
 887.879939
 938.935296
 938.935296
1048.482780
1048.482780
1240.437865
1240.437865
1312.853489
1312.853489
1339.691977
1339.691977
1352.706159
1368.542583
1394.580068
1398.926775
1422.588288
1454.540331
 564.000690
 578.859683
 696.946880
 698.465642
 781.403525
 887.812231
 887.812231
 887.879939
 938.935296
 938.935296
1048.482780
1048.482780
1240.437865
1240.437865
1312.853489
1312.853489
1339.691977
1339.691977
1352.706159
1368.542583
1394.580068
1398.926775
1422.588288
1454.540331
 441.853557
 461.471014
 664.639911
 808.863605
 831.280472
 894.330018
 894.330018
 947.609890
 947.609890
 978.280706
1045.991549
1045.991549
1243.299929
1243.299929
1298.998455
1298.998455
1301.612160
1332.210732
1342.047113
1342.047113
1381.459999
1425.356471
1426.208596
1474.558866
 356.545636
 356.545636
 547.388119
 907.753341
 907.753341
 907.753341
 952.927910
 952.927910
 952.927910
1047.015396
1047.015396
1047.015396
1244.838667
1244.838667
1244.838667
1283.597306
1283.597306
1283.597306
1341.863198
1341.863198
1341.863198
1447.313642
1447.313642
1483.312568
 287.856964
 333.582331
 453.240029
 925.050537
 925.050537
 945.668910
 945.668910
 977.676051
1049.506523
1052.695633
1052.695633
1082.088116
1196.419215
1228.774678
1241.270788
1241.270788
1276.872502
1276.872502
1317.531094
1340.461982
1340.461982
1457.858009
1462.198252
1483.691940
 239.134811
 253.437766
 339.794182
 926.591265
 933.489946
1009.430708
1009.430708
1037.716827
1037.716827
1074.046977
1105.026708
1105.026708
1171.608129
1171.608129
1245.142893
1245.142893
1246.306461
1253.993050
1293.291333
1293.291333
1345.260183
1471.885412
1472.604045
1485.269969
 287.856964
 333.582331
 453.240029
 925.050537
 925.050537
 945.668910
 945.668910
 977.676051
1049.506523
1052.695633
1052.695633
1082.088116
1196.419215
1228.774678
1241.270788
1241.270788
1276.872502
1276.872502
1317.531094
1340.461982
1340.461982
1457.858009
1462.198252
1483.691940
 400.614071
 454.139861
 588.108758
 809.090418
 834.210260
 926.478698
 950.768410
 960.938533
 962.709930
1032.663423
1032.778911
1066.531488
1197.257646
1230.902408
1252.827228
1304.586796
1306.021702
1327.300777
1330.671101
1334.612464
1387.525247
1434.713772
1442.029411
1474.248861
 537.581177
 584.148132
 677.162843
 712.595030
 722.710051
 848.705225
 928.291909
 934.320664
 983.683061
1007.529953
1030.665474
1046.528841
1203.931298
1217.343854
1284.262693
1308.488810
1330.714512
1339.036718
1359.930042
1373.856127
1402.535925
1412.347489
1426.372858
1455.340330
 537.581177
 584.148132
 677.162843
 712.595030
 722.710051
 848.705225
 928.291909
 934.320664
 983.683061
1007.529953
1030.665474
1046.528841
1203.931298
1217.343854
1284.262693
1308.488810
1330.714512
1339.036718
1359.930042
1373.856127
1402.535925
1412.347489
1426.372858
1455.340330
 400.614071
 454.139861
 588.108758
 809.090418
 834.210260
 926.478698
 950.768410
 960.938533
 962.709930
1032.663423
1032.778911
1066.531488
1197.257646
1230.902408
1252.827228
1304.586796
1306.021702
1327.300777
1330.671101
1334.612464
1387.525247
1434.713772
1442.029411
1474.248861
 287.856964
 333.582331
 453.240029
 925.050537
 925.050537
 945.668910
 945.668910
 977.676051
1049.506523
1052.695633
1052.695633
1082.088116
1196.419215
1228.774678
1241.270788
1241.270788
1276.872502
1276.872502
1317.531094
1340.461982
1340.461982
1457.858009
1462.198252
1483.691940
 239.134811
 253.437766
 339.794182
 926.591265
 933.489946
1009.430708
1009.430708
1037.716827
1037.716827
1074.046977
1105.026708
1105.026708
1171.608129
1171.608129
1245.142893
1245.142893
1246.306461
1253.993050
1293.291333
1293.291333
1345.260183
1471.885412
1472.604045
1485.269969
 390.223186
 399.953836
 504.999535
 811.089069
 815.383219
 955.693105
1006.990747
1006.990747
1045.880810
1045.880810
1066.395126
1066.395126
1156.529316
1156.529316
1273.622889
1273.622889
1306.816199
1306.816199
1313.117698
1317.640355
1396.352257
1449.802704
1450.013070
1476.117077
 400.614071
 454.139861
 588.108758
 809.090418
 834.210260
 926.478698
 950.768410
 960.938533
 962.709930
1032.663423
1032.778911
1066.531488
1197.257646
1230.902408
1252.827228
1304.586796
1306.021702
1327.300777
1330.671101
1334.612464
1387.525247
1434.713772
1442.029411
1474.248861
 462.101195
 547.006671
 691.854267
 810.006887
 810.006887
 869.882836
 869.882836
 895.267056
 972.015169
 972.015169
1001.279714
1047.975066
1233.407810
1265.381616
1292.510595
1292.510595
1341.704517
1341.704517
1352.785516
1369.544610
1369.544610
1410.538132
1426.436271
1464.037693
 564.250799
 655.247150
 685.301483
 765.594443
 795.816302
 822.193695
 850.669395
 891.085388
 915.754528
 962.423467
 989.964129
1016.359665
1253.843433
1274.232194
1305.318490
1340.949958
1341.717181
1354.415421
1359.059326
1374.960866
1379.469101
1403.687540
1410.244642
1442.776244
 564.250799
 655.247150
 685.301483
 765.594443
 795.816302
 822.193695
 850.669395
 891.085388
 915.754528
 962.423467
 989.964129
1016.359665
1253.843433
1274.232194
1305.318490
1340.949958
1341.717181
1354.415421
1359.059326
1374.960866
1379.469101
1403.687540
1410.244642
1442.776244
 462.101195
 547.006671
 691.854267
 810.006887
 810.006887
 869.882836
 869.882836
 895.267056
 972.015169
 972.015169
1001.279714
1047.975066
1233.407810
1265.381616
1292.510595
1292.510595
1341.704517
1341.704517
1352.785516
1369.544610
1369.544610
1410.538132
1426.436271
1464.037693
 400.614071
 454.139861
 588.108758
 809.090418
 834.210260
 926.478698
 950.768410
 960.938533
 962.709930
1032.663423
1032.778911
1066.531488
1197.257646
1230.902408
1252.827228
1304.586796
1306.021702
1327.300777
1330.671101
1334.612464
1387.525247
1434.713772
1442.029411
1474.248861
 390.223186
 399.953836
 504.999535
 811.089069
 815.383219
 955.693105
1006.990747
1006.990747
1045.880810
1045.880810
1066.395126
1066.395126
1156.529316
1156.529316
1273.622889
1273.622889
1306.816199
1306.816199
1313.117698
1317.640355
1396.352257
1449.802704
1450.013070
1476.117077
 400.614071
 454.139861
 588.108758
 809.090418
 834.210260
 926.478698
 950.768410
 960.938533
 962.709930
1032.663423
1032.778911
1066.531488
1197.257646
1230.902408
1252.827228
1304.586796
1306.021702
1327.300777
1330.671101
1334.612464
1387.525247
1434.713772
1442.029411
1474.248861
 441.853557
 461.471014
 664.639911
 808.863605
 831.280472
 894.330018
 894.330018
 947.609890
 947.609890
 978.280706
1045.991549
1045.991549
1243.299929
1243.299929
1298.998455
1298.998455
1301.612160
1332.210732
1342.047113
1342.047113
1381.459999
1425.356471
1426.208596
1474.558866
 496.792750
 534.396440
 761.376140
 804.373958
 804.373958
 841.759824
 841.759824
 856.119456
 920.964237
1002.984554
1002.984554
1052.658551
1257.278869
1292.737744
1292.737744
1306.546746
1340.073414
1340.073414
1350.871986
1369.490844
1369.490844
1401.948484
1408.545867
1466.484983
 586.086772
 631.376053
 695.514536
 735.259705
 807.535648
 825.080782
 856.115737
 863.101159
 890.851584
 938.628897
1027.254716
1045.559172
1268.787534
1280.979865
1326.548522
1336.931572
1343.933908
1353.886899
1355.136316
1362.256288
1373.070136
1385.523427
1412.777500
1446.249969
 586.086772
 631.376053
 695.514536
 735.259705
 807.535648
 825.080782
 856.115737
 863.101159
 890.851584
 938.628897
1027.254716
1045.559172
1268.787534
1280.979865
1326.548522
1336.931572
1343.933908
1353.886899
1355.136316
1362.256288
1373.070136
1385.523427
1412.777500
1446.249969
 496.792750
 534.396440
 761.376140
 804.373958
 804.373958
 841.759824
 841.759824
 856.119456
 920.964237
1002.984554
1002.984554
1052.658551
1257.278869
1292.737744
1292.737744
1306.546746
1340.073414
1340.073414
1350.871986
1369.490844
1369.490844
1401.948484
1408.545867
1466.484983
 441.853557
 461.471014
 664.639911
 808.863605
 831.280472
 894.330018
 894.330018
 947.609890
 947.609890
 978.280706
1045.991549
1045.991549
1243.299929
1243.299929
1298.998455
1298.998455
1301.612160
1332.210732
1342.047113
1342.047113
1381.459999
1425.356471
1426.208596
1474.558866
 400.614071
 454.139861
 588.108758
 809.090418
 834.210260
 926.478698
 950.768410
 960.938533
 962.709930
1032.663423
1032.778911
1066.531488
1197.257646
1230.902408
1252.827228
1304.586796
1306.021702
1327.300777
1330.671101
1334.612464
1387.525247
1434.713772
1442.029411
1474.248861
 462.101195
 547.006671
 691.854267
 810.006887
 810.006887
 869.882836
 869.882836
 895.267056
 972.015169
 972.015169
1001.279714
1047.975066
1233.407810
1265.381616
1292.510595
1292.510595
1341.704517
1341.704517
1352.785516
1369.544610
1369.544610
1410.538132
1426.436271
1464.037693
 496.792750
 534.396440
 761.376140
 804.373958
 804.373958
 841.759824
 841.759824
 856.119456
 920.964237
1002.984554
1002.984554
1052.658551
1257.278869
1292.737744
1292.737744
1306.546746
1340.073414
1340.073414
1350.871986
1369.490844
1369.490844
1401.948484
1408.545867
1466.484983
 557.641684
 557.641684
 791.526289
 791.526289
 791.526289
 819.868930
 819.868930
 819.868930
 847.561604
1034.116980
1034.116980
1034.116980
1292.419749
1292.419749
1292.419749
1338.029652
1338.029652
1338.029652
1369.400915
1369.400915
1369.400915
1384.964383
1384.964383
1460.623514
 622.525511
 633.428462
 714.231428
 715.419572
 778.828791
 778.828791
 811.930979
 811.930979
 928.320547
 992.493321
1052.484681
1052.484681
1291.638752
1291.638752
1328.438668
1336.827951
1336.827951
1346.961701
1360.090372
1362.754096
1369.327588
1369.327588
1410.721160
1442.329217
 622.525511
 633.428462
 714.231428
 715.419572
 778.828791
 778.828791
 811.930979
 811.930979
 928.320547
 992.493321
1052.484681
1052.484681
1291.638752
1291.638752
1328.438668
1336.827951
1336.827951
1346.961701
1360.090372
1362.754096
1369.327588
1369.327588
1410.721160
1442.329217
 557.641684
 557.641684
 791.526289
 791.526289
 791.526289
 819.868930
 819.868930
 819.868930
 847.561604
1034.116980
1034.116980
1034.116980
1292.419749
1292.419749
1292.419749
1338.029652
1338.029652
1338.029652
1369.400915
1369.400915
1369.400915
1384.964383
1384.964383
1460.623514
 496.792750
 534.396440
 761.376140
 804.373958
 804.373958
 841.759824
 841.759824
 856.119456
 920.964237
1002.984554
1002.984554
1052.658551
1257.278869
1292.737744
1292.737744
1306.546746
1340.073414
1340.073414
1350.871986
1369.490844
1369.490844
1401.948484
1408.545867
1466.484983
 462.101195
 547.006671
 691.854267
 810.006887
 810.006887
 869.882836
 869.882836
 895.267056
 972.015169
 972.015169
1001.279714
1047.975066
1233.407810
1265.381616
1292.510595
1292.510595
1341.704517
1341.704517
1352.785516
1369.544610
1369.544610
1410.538132
1426.436271
1464.037693
 564.250799
 655.247150
 685.301483
 765.594443
 795.816302
 822.193695
 850.669395
 891.085388
 915.754528
 962.423467
 989.964129
1016.359665
1253.843433
1274.232194
1305.318490
1340.949958
1341.717181
1354.415421
1359.059326
1374.960866
1379.469101
1403.687540
1410.244642
1442.776244
 586.086772
 631.376053
 695.514536
 735.259705
 807.535648
 825.080782
 856.115737
 863.101159
 890.851584
 938.628897
1027.254716
1045.559172
1268.787534
1280.979865
1326.548522
1336.931572
1343.933908
1353.886899
1355.136316
1362.256288
1373.070136
1385.523427
1412.777500
1446.249969
 622.525511
 633.428462
 714.231428
 715.419572
 778.828791
 778.828791
 811.930979
 811.930979
 928.320547
 992.493321
1052.484681
1052.484681
1291.638752
1291.638752
1328.438668
1336.827951
1336.827951
1346.961701
1360.090372
1362.754096
1369.327588
1369.327588
1410.721160
1442.329217
 659.273119
 681.245058
 717.284307
 717.284307
 741.328733
 741.328733
 742.433862
 773.084143
 991.802242
1035.047258
1035.047258
1056.306483
1303.489939
1316.069714
1316.069714
1332.442293
1336.137825
1336.137825
1338.601742
1346.207090
1386.871782
1401.773116
1401.773116
1427.459074
 659.273119
 681.245058
 717.284307
 717.284307
 741.328733
 741.328733
 742.433862
 773.084143
 991.802242
1035.047258
1035.047258
1056.306483
1303.489939
1316.069714
1316.069714
1332.442293
1336.137825
1336.137825
1338.601742
1346.207090
1386.871782
1401.773116
1401.773116
1427.459074
 622.525511
 633.428462
 714.231428
 715.419572
 778.828791
 778.828791
 811.930979
 811.930979
 928.320547
 992.493321
1052.484681
1052.484681
1291.638752
1291.638752
1328.438668
1336.827951
1336.827951
1346.961701
1360.090372
1362.754096
1369.327588
1369.327588
1410.721160
1442.329217
 586.086772
 631.376053
 695.514536
 735.259705
 807.535648
 825.080782
 856.115737
 863.101159
 890.851584
 938.628897
1027.254716
1045.559172
1268.787534
1280.979865
1326.548522
1336.931572
1343.933908
1353.886899
1355.136316
1362.256288
1373.070136
1385.523427
1412.777500
1446.249969
 564.250799
 655.247150
 685.301483
 765.594443
 795.816302
 822.193695
 850.669395
 891.085388
 915.754528
 962.423467
 989.964129
1016.359665
1253.843433
1274.232194
1305.318490
1340.949958
1341.717181
1354.415421
1359.059326
1374.960866
1379.469101
1403.687540
1410.244642
1442.776244
 564.250799
 655.247150
 685.301483
 765.594443
 795.816302
 822.193695
 850.669395
 891.085388
 915.754528
 962.423467
 989.964129
1016.359665
1253.843433
1274.232194
1305.318490
1340.949958
1341.717181
1354.415421
1359.059326
1374.960866
1379.469101
1403.687540
1410.244642
1442.776244
 586.086772
 631.376053
 695.514536
 735.259705
 807.535648
 825.080782
 856.115737
 863.101159
 890.851584
 938.628897
1027.254716
1045.559172
1268.787534
1280.979865
1326.548522
1336.931572
1343.933908
1353.886899
1355.136316
1362.256288
1373.070136
1385.523427
1412.777500
1446.249969
 622.525511
 633.428462
 714.231428
 715.419572
 778.828791
 778.828791
 811.930979
 811.930979
 928.320547
 992.493321
1052.484681
1052.484681
1291.638752
1291.638752
1328.438668
1336.827951
1336.827951
1346.961701
1360.090372
1362.754096
1369.327588
1369.327588
1410.721160
1442.329217
 659.273119
 681.245058
 717.284307
 717.284307
 741.328733
 741.328733
 742.433862
 773.084143
 991.802242
1035.047258
1035.047258
1056.306483
1303.489939
1316.069714
1316.069714
1332.442293
1336.137825
1336.137825
1338.601742
1346.207090
1386.871782
1401.773116
1401.773116
1427.459074
 659.273119
 681.245058
 717.284307
 717.284307
 741.328733
 741.328733
 742.433862
 773.084143
 991.802242
1035.047258
1035.047258
1056.306483
1303.489939
1316.069714
1316.069714
1332.442293
1336.137825
1336.137825
1338.601742
1346.207090
1386.871782
1401.773116
1401.773116
1427.459074
 622.525511
 633.428462
 714.231428
 715.419572
 778.828791
 778.828791
 811.930979
 811.930979
 928.320547
 992.493321
1052.484681
1052.484681
1291.638752
1291.638752
1328.438668
1336.827951
1336.827951
1346.961701
1360.090372
1362.754096
1369.327588
1369.327588
1410.721160
1442.329217
 586.086772
 631.376053
 695.514536
 735.259705
 807.535648
 825.080782
 856.115737
 863.101159
 890.851584
 938.628897
1027.254716
1045.559172
1268.787534
1280.979865
1326.548522
1336.931572
1343.933908
1353.886899
1355.136316
1362.256288
1373.070136
1385.523427
1412.777500
1446.249969
 564.250799
 655.247150
 685.301483
 765.594443
 795.816302
 822.193695
 850.669395
 891.085388
 915.754528
 962.423467
 989.964129
1016.359665
1253.843433
1274.232194
1305.318490
1340.949958
1341.717181
1354.415421
1359.059326
1374.960866
1379.469101
1403.687540
1410.244642
1442.776244
 462.101195
 547.006671
 691.854267
 810.006887
 810.006887
 869.882836
 869.882836
 895.267056
 972.015169
 972.015169
1001.279714
1047.975066
1233.407810
1265.381616
1292.510595
1292.510595
1341.704517
1341.704517
1352.785516
1369.544610
1369.544610
1410.538132
1426.436271
1464.037693
 496.792750
 534.396440
 761.376140
 804.373958
 804.373958
 841.759824
 841.759824
 856.119456
 920.964237
1002.984554
1002.984554
1052.658551
1257.278869
1292.737744
1292.737744
1306.546746
1340.073414
1340.073414
1350.871986
1369.490844
1369.490844
1401.948484
1408.545867
1466.484983
 557.641684
 557.641684
 791.526289
 791.526289
 791.526289
 819.868930
 819.868930
 819.868930
 847.561604
1034.116980
1034.116980
1034.116980
1292.419749
1292.419749
1292.419749
1338.029652
1338.029652
1338.029652
1369.400915
1369.400915
1369.400915
1384.964383
1384.964383
1460.623514
 622.525511
 633.428462
 714.231428
 715.419572
 778.828791
 778.828791
 811.930979
 811.930979
 928.320547
 992.493321
1052.484681
1052.484681
1291.638752
1291.638752
1328.438668
1336.827951
1336.827951
1346.961701
1360.090372
1362.754096
1369.327588
1369.327588
1410.721160
1442.329217
 622.525511
 633.428462
 714.231428
 715.419572
 778.828791
 778.828791
 811.930979
 811.930979
 928.320547
 992.493321
1052.484681
1052.484681
1291.638752
1291.638752
1328.438668
1336.827951
1336.827951
1346.961701
1360.090372
1362.754096
1369.327588
1369.327588
1410.721160
1442.329217
 557.641684
 557.641684
 791.526289
 791.526289
 791.526289
 819.868930
 819.868930
 819.868930
 847.561604
1034.116980
1034.116980
1034.116980
1292.419749
1292.419749
1292.419749
1338.029652
1338.029652
1338.029652
1369.400915
1369.400915
1369.400915
1384.964383
1384.964383
1460.623514
 496.792750
 534.396440
 761.376140
 804.373958
 804.373958
 841.759824
 841.759824
 856.119456
 920.964237
1002.984554
1002.984554
1052.658551
1257.278869
1292.737744
1292.737744
1306.546746
1340.073414
1340.073414
1350.871986
1369.490844
1369.490844
1401.948484
1408.545867
1466.484983
 462.101195
 547.006671
 691.854267
 810.006887
 810.006887
 869.882836
 869.882836
 895.267056
 972.015169
 972.015169
1001.279714
1047.975066
1233.407810
1265.381616
1292.510595
1292.510595
1341.704517
1341.704517
1352.785516
1369.544610
1369.544610
1410.538132
1426.436271
1464.037693
 400.614071
 454.139861
 588.108758
 809.090418
 834.210260
 926.478698
 950.768410
 960.938533
 962.709930
1032.663423
1032.778911
1066.531488
1197.257646
1230.902408
1252.827228
1304.586796
1306.021702
1327.300777
1330.671101
1334.612464
1387.525247
1434.713772
1442.029411
1474.248861
 441.853557
 461.471014
 664.639911
 808.863605
 831.280472
 894.330018
 894.330018
 947.609890
 947.609890
 978.280706
1045.991549
1045.991549
1243.299929
1243.299929
1298.998455
1298.998455
1301.612160
1332.210732
1342.047113
1342.047113
1381.459999
1425.356471
1426.208596
1474.558866
 496.792750
 534.396440
 761.376140
 804.373958
 804.373958
 841.759824
 841.759824
 856.119456
 920.964237
1002.984554
1002.984554
1052.658551
1257.278869
1292.737744
1292.737744
1306.546746
1340.073414
1340.073414
1350.871986
1369.490844
1369.490844
1401.948484
1408.545867
1466.484983
 586.086772
 631.376053
 695.514536
 735.259705
 807.535648
 825.080782
 856.115737
 863.101159
 890.851584
 938.628897
1027.254716
1045.559172
1268.787534
1280.979865
1326.548522
1336.931572
1343.933908
1353.886899
1355.136316
1362.256288
1373.070136
1385.523427
1412.777500
1446.249969
 586.086772
 631.376053
 695.514536
 735.259705
 807.535648
 825.080782
 856.115737
 863.101159
 890.851584
 938.628897
1027.254716
1045.559172
1268.787534
1280.979865
1326.548522
1336.931572
1343.933908
1353.886899
1355.136316
1362.256288
1373.070136
1385.523427
1412.777500
1446.249969
 496.792750
 534.396440
 761.376140
 804.373958
 804.373958
 841.759824
 841.759824
 856.119456
 920.964237
1002.984554
1002.984554
1052.658551
1257.278869
1292.737744
1292.737744
1306.546746
1340.073414
1340.073414
1350.871986
1369.490844
1369.490844
1401.948484
1408.545867
1466.484983
 441.853557
 461.471014
 664.639911
 808.863605
 831.280472
 894.330018
 894.330018
 947.609890
 947.609890
 978.280706
1045.991549
1045.991549
1243.299929
1243.299929
1298.998455
1298.998455
1301.612160
1332.210732
1342.047113
1342.047113
1381.459999
1425.356471
1426.208596
1474.558866
 400.614071
 454.139861
 588.108758
 809.090418
 834.210260
 926.478698
 950.768410
 960.938533
 962.709930
1032.663423
1032.778911
1066.531488
1197.257646
1230.902408
1252.827228
1304.586796
1306.021702
1327.300777
1330.671101
1334.612464
1387.525247
1434.713772
1442.029411
1474.248861
 390.223186
 399.953836
 504.999535
 811.089069
 815.383219
 955.693105
1006.990747
1006.990747
1045.880810
1045.880810
1066.395126
1066.395126
1156.529316
1156.529316
1273.622889
1273.622889
1306.816199
1306.816199
1313.117698
1317.640355
1396.352257
1449.802704
1450.013070
1476.117077
 400.614071
 454.139861
 588.108758
 809.090418
 834.210260
 926.478698
 950.768410
 960.938533
 962.709930
1032.663423
1032.778911
1066.531488
1197.257646
1230.902408
1252.827228
1304.586796
1306.021702
1327.300777
1330.671101
1334.612464
1387.525247
1434.713772
1442.029411
1474.248861
 462.101195
 547.006671
 691.854267
 810.006887
 810.006887
 869.882836
 869.882836
 895.267056
 972.015169
 972.015169
1001.279714
1047.975066
1233.407810
1265.381616
1292.510595
1292.510595
1341.704517
1341.704517
1352.785516
1369.544610
1369.544610
1410.538132
1426.436271
1464.037693
 564.250799
 655.247150
 685.301483
 765.594443
 795.816302
 822.193695
 850.669395
 891.085388
 915.754528
 962.423467
 989.964129
1016.359665
1253.843433
1274.232194
1305.318490
1340.949958
1341.717181
1354.415421
1359.059326
1374.960866
1379.469101
1403.687540
1410.244642
1442.776244
 564.250799
 655.247150
 685.301483
 765.594443
 795.816302
 822.193695
 850.669395
 891.085388
 915.754528
 962.423467
 989.964129
1016.359665
1253.843433
1274.232194
1305.318490
1340.949958
1341.717181
1354.415421
1359.059326
1374.960866
1379.469101
1403.687540
1410.244642
1442.776244
 462.101195
 547.006671
 691.854267
 810.006887
 810.006887
 869.882836
 869.882836
 895.267056
 972.015169
 972.015169
1001.279714
1047.975066
1233.407810
1265.381616
1292.510595
1292.510595
1341.704517
1341.704517
1352.785516
1369.544610
1369.544610
1410.538132
1426.436271
1464.037693
 400.614071
 454.139861
 588.108758
 809.090418
 834.210260
 926.478698
 950.768410
 960.938533
 962.709930
1032.663423
1032.778911
1066.531488
1197.257646
1230.902408
1252.827228
1304.586796
1306.021702
1327.300777
1330.671101
1334.612464
1387.525247
1434.713772
1442.029411
1474.248861
 390.223186
 399.953836
 504.999535
 811.089069
 815.383219
 955.693105
1006.990747
1006.990747
1045.880810
1045.880810
1066.395126
1066.395126
1156.529316
1156.529316
1273.622889
1273.622889
1306.816199
1306.816199
1313.117698
1317.640355
1396.352257
1449.802704
1450.013070
1476.117077
 540.574634
 544.523924
 666.786358
 682.553155
 683.351518
 818.467211
1012.786727
1012.786727
1034.498412
1034.498412
1053.800368
1053.800368
1146.789599
1146.789599
1289.723696
1289.723696
1314.384559
1314.384559
1370.200681
1372.801513
1415.912964
1416.907571
1433.825815
1459.648117
 537.581177
 584.148132
 677.162843
 712.595030
 722.710051
 848.705225
 928.291909
 934.320664
 983.683061
1007.529953
1030.665474
1046.528841
1203.931298
1217.343854
1284.262693
1308.488810
1330.714512
1339.036718
1359.930042
1373.856127
1402.535925
1412.347489
1426.372858
1455.340330
 564.250799
 655.247150
 685.301483
 765.594443
 795.816302
 822.193695
 850.669395
 891.085388
 915.754528
 962.423467
 989.964129
1016.359665
1253.843433
1274.232194
1305.318490
1340.949958
1341.717181
1354.415421
1359.059326
1374.960866
1379.469101
1403.687540
1410.244642
1442.776244
 627.755705
 718.090303
 718.090303
 742.058512
 775.418002
 832.195808
 832.195808
 869.051363
 901.455842
 935.080368
 935.080368
 977.244934
1287.683281
1316.122845
1316.122845
1343.844716
1350.300409
1371.669346
1371.669346
1372.062967
1386.154596
1386.154596
1390.367801
1419.439434
 627.755705
 718.090303
 718.090303
 742.058512
 775.418002
 832.195808
 832.195808
 869.051363
 901.455842
 935.080368
 935.080368
 977.244934
1287.683281
1316.122845
1316.122845
1343.844716
1350.300409
1371.669346
1371.669346
1372.062967
1386.154596
1386.154596
1390.367801
1419.439434
 564.250799
 655.247150
 685.301483
 765.594443
 795.816302
 822.193695
 850.669395
 891.085388
 915.754528
 962.423467
 989.964129
1016.359665
1253.843433
1274.232194
1305.318490
1340.949958
1341.717181
1354.415421
1359.059326
1374.960866
1379.469101
1403.687540
1410.244642
1442.776244
 537.581177
 584.148132
 677.162843
 712.595030
 722.710051
 848.705225
 928.291909
 934.320664
 983.683061
1007.529953
1030.665474
1046.528841
1203.931298
1217.343854
1284.262693
1308.488810
1330.714512
1339.036718
1359.930042
1373.856127
1402.535925
1412.347489
1426.372858
1455.340330
 540.574634
 544.523924
 666.786358
 682.553155
 683.351518
 818.467211
1012.786727
1012.786727
1034.498412
1034.498412
1053.800368
1053.800368
1146.789599
1146.789599
1289.723696
1289.723696
1314.384559
1314.384559
1370.200681
1372.801513
1415.912964
1416.907571
1433.825815
1459.648117
 537.581177
 584.148132
 677.162843
 712.595030
 722.710051
 848.705225
 928.291909
 934.320664
 983.683061
1007.529953
1030.665474
1046.528841
1203.931298
1217.343854
1284.262693
1308.488810
1330.714512
1339.036718
1359.930042
1373.856127
1402.535925
1412.347489
1426.372858
1455.340330
 564.000690
 578.859683
 696.946880
 698.465642
 781.403525
 887.812231
 887.812231
 887.879939
 938.935296
 938.935296
1048.482780
1048.482780
1240.437865
1240.437865
1312.853489
1312.853489
1339.691977
1339.691977
1352.706159
1368.542583
1394.580068
1398.926775
1422.588288
1454.540331
 586.086772
 631.376053
 695.514536
 735.259705
 807.535648
 825.080782
 856.115737
 863.101159
 890.851584
 938.628897
1027.254716
1045.559172
1268.787534
1280.979865
1326.548522
1336.931572
1343.933908
1353.886899
1355.136316
1362.256288
1373.070136
1385.523427
1412.777500
1446.249969
 638.835605
 704.587099
 717.785006
 717.785006
 763.714155
 784.150496
 784.150496
 837.997043
 927.532940
 986.284387
 986.284387
1023.558430
1293.423348
1316.124314
1316.124314
1342.999892
1346.282114
1354.471080
1354.471080
1369.861269
1373.735390
1395.714949
1395.714949
1426.866836
 638.835605
 704.587099
 717.785006
 717.785006
 763.714155
 784.150496
 784.150496
 837.997043
 927.532940
 986.284387
 986.284387
1023.558430
1293.423348
1316.124314
1316.124314
1342.999892
1346.282114
1354.471080
1354.471080
1369.861269
1373.735390
1395.714949
1395.714949
1426.866836
 586.086772
 631.376053
 695.514536
 735.259705
 807.535648
 825.080782
 856.115737
 863.101159
 890.851584
 938.628897
1027.254716
1045.559172
1268.787534
1280.979865
1326.548522
1336.931572
1343.933908
1353.886899
1355.136316
1362.256288
1373.070136
1385.523427
1412.777500
1446.249969
 564.000690
 578.859683
 696.946880
 698.465642
 781.403525
 887.812231
 887.812231
 887.879939
 938.935296
 938.935296
1048.482780
1048.482780
1240.437865
1240.437865
1312.853489
1312.853489
1339.691977
1339.691977
1352.706159
1368.542583
1394.580068
1398.926775
1422.588288
1454.540331
 537.581177
 584.148132
 677.162843
 712.595030
 722.710051
 848.705225
 928.291909
 934.320664
 983.683061
1007.529953
1030.665474
1046.528841
1203.931298
1217.343854
1284.262693
1308.488810
1330.714512
1339.036718
1359.930042
1373.856127
1402.535925
1412.347489
1426.372858
1455.340330
 564.250799
 655.247150
 685.301483
 765.594443
 795.816302
 822.193695
 850.669395
 891.085388
 915.754528
 962.423467
 989.964129
1016.359665
1253.843433
1274.232194
1305.318490
1340.949958
1341.717181
1354.415421
1359.059326
1374.960866
1379.469101
1403.687540
1410.244642
1442.776244
 586.086772
 631.376053
 695.514536
 735.259705
 807.535648
 825.080782
 856.115737
 863.101159
 890.851584
 938.628897
1027.254716
1045.559172
1268.787534
1280.979865
1326.548522
1336.931572
1343.933908
1353.886899
1355.136316
1362.256288
1373.070136
1385.523427
1412.777500
1446.249969
 622.525511
 633.428462
 714.231428
 715.419572
 778.828791
 778.828791
 811.930979
 811.930979
 928.320547
 992.493321
1052.484681
1052.484681
1291.638752
1291.638752
1328.438668
1336.827951
1336.827951
1346.961701
1360.090372
1362.754096
1369.327588
1369.327588
1410.721160
1442.329217
 659.273119
 681.245058
 717.284307
 717.284307
 741.328733
 741.328733
 742.433862
 773.084143
 991.802242
1035.047258
1035.047258
1056.306483
1303.489939
1316.069714
1316.069714
1332.442293
1336.137825
1336.137825
1338.601742
1346.207090
1386.871782
1401.773116
1401.773116
1427.459074
 659.273119
 681.245058
 717.284307
 717.284307
 741.328733
 741.328733
 742.433862
 773.084143
 991.802242
1035.047258
1035.047258
1056.306483
1303.489939
1316.069714
1316.069714
1332.442293
1336.137825
1336.137825
1338.601742
1346.207090
1386.871782
1401.773116
1401.773116
1427.459074
 622.525511
 633.428462
 714.231428
 715.419572
 778.828791
 778.828791
 811.930979
 811.930979
 928.320547
 992.493321
1052.484681
1052.484681
1291.638752
1291.638752
1328.438668
1336.827951
1336.827951
1346.961701
1360.090372
1362.754096
1369.327588
1369.327588
1410.721160
1442.329217
 586.086772
 631.376053
 695.514536
 735.259705
 807.535648
 825.080782
 856.115737
 863.101159
 890.851584
 938.628897
1027.254716
1045.559172
1268.787534
1280.979865
1326.548522
1336.931572
1343.933908
1353.886899
1355.136316
1362.256288
1373.070136
1385.523427
1412.777500
1446.249969
 564.250799
 655.247150
 685.301483
 765.594443
 795.816302
 822.193695
 850.669395
 891.085388
 915.754528
 962.423467
 989.964129
1016.359665
1253.843433
1274.232194
1305.318490
1340.949958
1341.717181
1354.415421
1359.059326
1374.960866
1379.469101
1403.687540
1410.244642
1442.776244
 627.755705
 718.090303
 718.090303
 742.058512
 775.418002
 832.195808
 832.195808
 869.051363
 901.455842
 935.080368
 935.080368
 977.244934
1287.683281
1316.122845
1316.122845
1343.844716
1350.300409
1371.669346
1371.669346
1372.062967
1386.154596
1386.154596
1390.367801
1419.439434
 638.835605
 704.587099
 717.785006
 717.785006
 763.714155
 784.150496
 784.150496
 837.997043
 927.532940
 986.284387
 986.284387
1023.558430
1293.423348
1316.124314
1316.124314
1342.999892
1346.282114
1354.471080
1354.471080
1369.861269
1373.735390
1395.714949
1395.714949
1426.866836
 659.273119
 681.245058
 717.284307
 717.284307
 741.328733
 741.328733
 742.433862
 773.084143
 991.802242
1035.047258
1035.047258
1056.306483
1303.489939
1316.069714
1316.069714
1332.442293
1336.137825
1336.137825
1338.601742
1346.207090
1386.871782
1401.773116
1401.773116
1427.459074
 686.001780
 686.001780
 715.135821
 715.135821
 715.135821
 718.998269
 718.998269
 718.998269
1041.891188
1064.792653
1064.792653
1064.792653
1315.733280
1315.733280
1315.733280
1323.351992
1323.351992
1323.351992
1328.012794
1328.012794
1404.665026
1404.665026
1404.665026
1419.541416
 686.001780
 686.001780
 715.135821
 715.135821
 715.135821
 718.998269
 718.998269
 718.998269
1041.891188
1064.792653
1064.792653
1064.792653
1315.733280
1315.733280
1315.733280
1323.351992
1323.351992
1323.351992
1328.012794
1328.012794
1404.665026
1404.665026
1404.665026
1419.541416
 659.273119
 681.245058
 717.284307
 717.284307
 741.328733
 741.328733
 742.433862
 773.084143
 991.802242
1035.047258
1035.047258
1056.306483
1303.489939
1316.069714
1316.069714
1332.442293
1336.137825
1336.137825
1338.601742
1346.207090
1386.871782
1401.773116
1401.773116
1427.459074
 638.835605
 704.587099
 717.785006
 717.785006
 763.714155
 784.150496
 784.150496
 837.997043
 927.532940
 986.284387
 986.284387
1023.558430
1293.423348
1316.124314
1316.124314
1342.999892
1346.282114
1354.471080
1354.471080
1369.861269
1373.735390
1395.714949
1395.714949
1426.866836
 627.755705
 718.090303
 718.090303
 742.058512
 775.418002
 832.195808
 832.195808
 869.051363
 901.455842
 935.080368
 935.080368
 977.244934
1287.683281
1316.122845
1316.122845
1343.844716
1350.300409
1371.669346
1371.669346
1372.062967
1386.154596
1386.154596
1390.367801
1419.439434
 627.755705
 718.090303
 718.090303
 742.058512
 775.418002
 832.195808
 832.195808
 869.051363
 901.455842
 935.080368
 935.080368
 977.244934
1287.683281
1316.122845
1316.122845
1343.844716
1350.300409
1371.669346
1371.669346
1372.062967
1386.154596
1386.154596
1390.367801
1419.439434
 638.835605
 704.587099
 717.785006
 717.785006
 763.714155
 784.150496
 784.150496
 837.997043
 927.532940
 986.284387
 986.284387
1023.558430
1293.423348
1316.124314
1316.124314
1342.999892
1346.282114
1354.471080
1354.471080
1369.861269
1373.735390
1395.714949
1395.714949
1426.866836
 659.273119
 681.245058
 717.284307
 717.284307
 741.328733
 741.328733
 742.433862
 773.084143
 991.802242
1035.047258
1035.047258
1056.306483
1303.489939
1316.069714
1316.069714
1332.442293
1336.137825
1336.137825
1338.601742
1346.207090
1386.871782
1401.773116
1401.773116
1427.459074
 686.001780
 686.001780
 715.135821
 715.135821
 715.135821
 718.998269
 718.998269
 718.998269
1041.891188
1064.792653
1064.792653
1064.792653
1315.733280
1315.733280
1315.733280
1323.351992
1323.351992
1323.351992
1328.012794
1328.012794
1404.665026
1404.665026
1404.665026
1419.541416
 686.001780
 686.001780
 715.135821
 715.135821
 715.135821
 718.998269
 718.998269
 718.998269
1041.891188
1064.792653
1064.792653
1064.792653
1315.733280
1315.733280
1315.733280
1323.351992
1323.351992
1323.351992
1328.012794
1328.012794
1404.665026
1404.665026
1404.665026
1419.541416
 659.273119
 681.245058
 717.284307
 717.284307
 741.328733
 741.328733
 742.433862
 773.084143
 991.802242
1035.047258
1035.047258
1056.306483
1303.489939
1316.069714
1316.069714
1332.442293
1336.137825
1336.137825
1338.601742
1346.207090
1386.871782
1401.773116
1401.773116
1427.459074
 638.835605
 704.587099
 717.785006
 717.785006
 763.714155
 784.150496
 784.150496
 837.997043
 927.532940
 986.284387
 986.284387
1023.558430
1293.423348
1316.124314
1316.124314
1342.999892
1346.282114
1354.471080
1354.471080
1369.861269
1373.735390
1395.714949
1395.714949
1426.866836
 627.755705
 718.090303
 718.090303
 742.058512
 775.418002
 832.195808
 832.195808
 869.051363
 901.455842
 935.080368
 935.080368
 977.244934
1287.683281
1316.122845
1316.122845
1343.844716
1350.300409
1371.669346
1371.669346
1372.062967
1386.154596
1386.154596
1390.367801
1419.439434
 564.250799
 655.247150
 685.301483
 765.594443
 795.816302
 822.193695
 850.669395
 891.085388
 915.754528
 962.423467
 989.964129
1016.359665
1253.843433
1274.232194
1305.318490
1340.949958
1341.717181
1354.415421
1359.059326
1374.960866
1379.469101
1403.687540
1410.244642
1442.776244
 586.086772
 631.376053
 695.514536
 735.259705
 807.535648
 825.080782
 856.115737
 863.101159
 890.851584
 938.628897
1027.254716
1045.559172
1268.787534
1280.979865
1326.548522
1336.931572
1343.933908
1353.886899
1355.136316
1362.256288
1373.070136
1385.523427
1412.777500
1446.249969
 622.525511
 633.428462
 714.231428
 715.419572
 778.828791
 778.828791
 811.930979
 811.930979
 928.320547
 992.493321
1052.484681
1052.484681
1291.638752
1291.638752
1328.438668
1336.827951
1336.827951
1346.961701
1360.090372
1362.754096
1369.327588
1369.327588
1410.721160
1442.329217
 659.273119
 681.245058
 717.284307
 717.284307
 741.328733
 741.328733
 742.433862
 773.084143
 991.802242
1035.047258
1035.047258
1056.306483
1303.489939
1316.069714
1316.069714
1332.442293
1336.137825
1336.137825
1338.601742
1346.207090
1386.871782
1401.773116
1401.773116
1427.459074
 659.273119
 681.245058
 717.284307
 717.284307
 741.328733
 741.328733
 742.433862
 773.084143
 991.802242
1035.047258
1035.047258
1056.306483
1303.489939
1316.069714
1316.069714
1332.442293
1336.137825
1336.137825
1338.601742
1346.207090
1386.871782
1401.773116
1401.773116
1427.459074
 622.525511
 633.428462
 714.231428
 715.419572
 778.828791
 778.828791
 811.930979
 811.930979
 928.320547
 992.493321
1052.484681
1052.484681
1291.638752
1291.638752
1328.438668
1336.827951
1336.827951
1346.961701
1360.090372
1362.754096
1369.327588
1369.327588
1410.721160
1442.329217
 586.086772
 631.376053
 695.514536
 735.259705
 807.535648
 825.080782
 856.115737
 863.101159
 890.851584
 938.628897
1027.254716
1045.559172
1268.787534
1280.979865
1326.548522
1336.931572
1343.933908
1353.886899
1355.136316
1362.256288
1373.070136
1385.523427
1412.777500
1446.249969
 564.250799
 655.247150
 685.301483
 765.594443
 795.816302
 822.193695
 850.669395
 891.085388
 915.754528
 962.423467
 989.964129
1016.359665
1253.843433
1274.232194
1305.318490
1340.949958
1341.717181
1354.415421
1359.059326
1374.960866
1379.469101
1403.687540
1410.244642
1442.776244
 537.581177
 584.148132
 677.162843
 712.595030
 722.710051
 848.705225
 928.291909
 934.320664
 983.683061
1007.529953
1030.665474
1046.528841
1203.931298
1217.343854
1284.262693
1308.488810
1330.714512
1339.036718
1359.930042
1373.856127
1402.535925
1412.347489
1426.372858
1455.340330
 564.000690
 578.859683
 696.946880
 698.465642
 781.403525
 887.812231
 887.812231
 887.879939
 938.935296
 938.935296
1048.482780
1048.482780
1240.437865
1240.437865
1312.853489
1312.853489
1339.691977
1339.691977
1352.706159
1368.542583
1394.580068
1398.926775
1422.588288
1454.540331
 586.086772
 631.376053
 695.514536
 735.259705
 807.535648
 825.080782
 856.115737
 863.101159
 890.851584
 938.628897
1027.254716
1045.559172
1268.787534
1280.979865
1326.548522
1336.931572
1343.933908
1353.886899
1355.136316
1362.256288
1373.070136
1385.523427
1412.777500
1446.249969
 638.835605
 704.587099
 717.785006
 717.785006
 763.714155
 784.150496
 784.150496
 837.997043
 927.532940
 986.284387
 986.284387
1023.558430
1293.423348
1316.124314
1316.124314
1342.999892
1346.282114
1354.471080
1354.471080
1369.861269
1373.735390
1395.714949
1395.714949
1426.866836
 638.835605
 704.587099
 717.785006
 717.785006
 763.714155
 784.150496
 784.150496
 837.997043
 927.532940
 986.284387
 986.284387
1023.558430
1293.423348
1316.124314
1316.124314
1342.999892
1346.282114
1354.471080
1354.471080
1369.861269
1373.735390
1395.714949
1395.714949
1426.866836
 586.086772
 631.376053
 695.514536
 735.259705
 807.535648
 825.080782
 856.115737
 863.101159
 890.851584
 938.628897
1027.254716
1045.559172
1268.787534
1280.979865
1326.548522
1336.931572
1343.933908
1353.886899
1355.136316
1362.256288
1373.070136
1385.523427
1412.777500
1446.249969
 564.000690
 578.859683
 696.946880
 698.465642
 781.403525
 887.812231
 887.812231
 887.879939
 938.935296
 938.935296
1048.482780
1048.482780
1240.437865
1240.437865
1312.853489
1312.853489
1339.691977
1339.691977
1352.706159
1368.542583
1394.580068
1398.926775
1422.588288
1454.540331
 537.581177
 584.148132
 677.162843
 712.595030
 722.710051
 848.705225
 928.291909
 934.320664
 983.683061
1007.529953
1030.665474
1046.528841
1203.931298
1217.343854
1284.262693
1308.488810
1330.714512
1339.036718
1359.930042
1373.856127
1402.535925
1412.347489
1426.372858
1455.340330
 540.574634
 544.523924
 666.786358
 682.553155
 683.351518
 818.467211
1012.786727
1012.786727
1034.498412
1034.498412
1053.800368
1053.800368
1146.789599
1146.789599
1289.723696
1289.723696
1314.384559
1314.384559
1370.200681
1372.801513
1415.912964
1416.907571
1433.825815
1459.648117
 537.581177
 584.148132
 677.162843
 712.595030
 722.710051
 848.705225
 928.291909
 934.320664
 983.683061
1007.529953
1030.665474
1046.528841
1203.931298
1217.343854
1284.262693
1308.488810
1330.714512
1339.036718
1359.930042
1373.856127
1402.535925
1412.347489
1426.372858
1455.340330
 564.250799
 655.247150
 685.301483
 765.594443
 795.816302
 822.193695
 850.669395
 891.085388
 915.754528
 962.423467
 989.964129
1016.359665
1253.843433
1274.232194
1305.318490
1340.949958
1341.717181
1354.415421
1359.059326
1374.960866
1379.469101
1403.687540
1410.244642
1442.776244
 627.755705
 718.090303
 718.090303
 742.058512
 775.418002
 832.195808
 832.195808
 869.051363
 901.455842
 935.080368
 935.080368
 977.244934
1287.683281
1316.122845
1316.122845
1343.844716
1350.300409
1371.669346
1371.669346
1372.062967
1386.154596
1386.154596
1390.367801
1419.439434
 627.755705
 718.090303
 718.090303
 742.058512
 775.418002
 832.195808
 832.195808
 869.051363
 901.455842
 935.080368
 935.080368
 977.244934
1287.683281
1316.122845
1316.122845
1343.844716
1350.300409
1371.669346
1371.669346
1372.062967
1386.154596
1386.154596
1390.367801
1419.439434
 564.250799
 655.247150
 685.301483
 765.594443
 795.816302
 822.193695
 850.669395
 891.085388
 915.754528
 962.423467
 989.964129
1016.359665
1253.843433
1274.232194
1305.318490
1340.949958
1341.717181
1354.415421
1359.059326
1374.960866
1379.469101
1403.687540
1410.244642
1442.776244
 537.581177
 584.148132
 677.162843
 712.595030
 722.710051
 848.705225
 928.291909
 934.320664
 983.683061
1007.529953
1030.665474
1046.528841
1203.931298
1217.343854
1284.262693
1308.488810
1330.714512
1339.036718
1359.930042
1373.856127
1402.535925
1412.347489
1426.372858
1455.340330
 540.574634
 544.523924
 666.786358
 682.553155
 683.351518
 818.467211
1012.786727
1012.786727
1034.498412
1034.498412
1053.800368
1053.800368
1146.789599
1146.789599
1289.723696
1289.723696
1314.384559
1314.384559
1370.200681
1372.801513
1415.912964
1416.907571
1433.825815
1459.648117
