 125.635547
 125.635547
 197.952531
1044.767599
1044.767599
1044.767599
1056.996148
1056.996148
1056.996148
1200.203215
1200.203215
1200.203215
1243.618923
1243.618923
1243.618923
1269.286492
1269.286492
1269.286492
1334.818600
1334.818600
1334.818600
1547.084080
1547.084080
1551.422333
 246.406482
 262.517547
 355.075115
 957.146913
 965.650953
1037.215933
1037.215933
1071.555089
1071.555089
1117.601024
1154.740288
1154.740288
1228.550702
1228.550702
1301.779648
1301.779648
1305.593795
1312.589020
1351.756434
1351.756434
1400.994663
1534.949476
1535.499908
1547.854395
 403.647438
 414.713198
 526.621214
 839.795955
 844.962071
 994.444466
1037.014099
1037.014099
1085.482349
1085.482349
1112.147770
1112.147770
1204.742836
1204.742836
1331.926766
1331.926766
1368.469153
1368.469153
1372.317925
1376.835078
1454.163269
1512.243378
1512.290493
1538.010850
 560.100897
 564.634720
 694.521301
 707.445211
 708.405051
 851.951185
1045.500702
1045.500702
1076.171064
1076.171064
1099.414851
1099.414851
1188.249790
1188.249790
1348.657871
1348.657871
1377.657563
1377.657563
1430.375685
1433.189738
1477.198398
1478.470232
1493.381234
1520.553010
 560.100897
 564.634720
 694.521301
 707.445211
 708.405051
 851.951185
1045.500702
1045.500702
1076.171064
1076.171064
1099.414851
1099.414851
1188.249790
1188.249790
1348.657871
1348.657871
1377.657563
1377.657563
1430.375685
1433.189738
1477.198398
1478.470232
1493.381234
1520.553010
 403.647438
 414.713198
 526.621214
 839.795955
 844.962071
 994.444466
1037.014099
1037.014099
1085.482349
1085.482349
1112.147770
1112.147770
1204.742836
1204.742836
1331.926766
1331.926766
1368.469153
1368.469153
1372.317925
1376.835078
1454.163269
1512.243378
1512.290493
1538.010850
 246.406482
 262.517547
 355.075115
 957.146913
 965.650953
1037.215933
1037.215933
1071.555089
1071.555089
1117.601024
1154.740288
1154.740288
1228.550702
1228.550702
1301.779648
1301.779648
1305.593795
1312.589020
1351.756434
1351.756434
1400.994663
1534.949476
1535.499908
1547.854395
 125.635547
 125.635547
 197.952531
1044.767599
1044.767599
1044.767599
1056.996148
1056.996148
1056.996148
1200.203215
1200.203215
1200.203215
1243.618923
1243.618923
1243.618923
1269.286492
1269.286492
1269.286492
1334.818600
1334.818600
1334.818600
1547.084080
1547.084080
1551.422333
 246.406482
 262.517547
 355.075115
 957.146913
 965.650953
1037.215933
1037.215933
1071.555089
1071.555089
1117.601024
1154.740288
1154.740288
1228.550702
1228.550702
1301.779648
1301.779648
1305.593795
1312.589020
1351.756434
1351.756434
1400.994663
1534.949476
1535.499908
1547.854395
 294.567207
 345.843543
 474.310557
 954.945079
 954.945079
 980.402940
 980.402940
1002.536888
1092.935532
1095.001405
1095.001405
1127.494049
1260.649202
1271.423847
1298.986772
1298.986772
1336.218350
1336.218350
1380.009631
1396.632774
1396.632774
1521.024931
1524.903006
1545.417896
 411.120480
 471.379183
 614.784396
 836.278711
 865.602622
 955.804385
 975.214617
1000.236442
1000.242041
1074.766668
1077.415963
1114.886458
1246.841112
1285.194726
1304.058309
1364.038493
1365.280205
1387.621549
1388.617578
1398.862058
1443.922024
1497.616354
1504.328848
1534.773963
 553.750523
 606.513580
 699.230083
 739.758422
 754.372162
 884.597672
 956.093149
 960.057438
1023.021947
1048.807224
1075.984367
1095.932847
1251.156461
1267.602433
1337.762840
1362.758652
1394.958212
1403.758024
1420.721208
1435.088239
1464.627305
1474.183826
1483.946635
1514.413485
 553.750523
 606.513580
 699.230083
 739.758422
 754.372162
 884.597672
 956.093149
 960.057438
1023.021947
1048.807224
1075.984367
1095.932847
1251.156461
1267.602433
1337.762840
1362.758652
1394.958212
1403.758024
1420.721208
1435.088239
1464.627305
1474.183826
1483.946635
1514.413485
 411.120480
 471.379183
 614.784396
 836.278711
 865.602622
 955.804385
 975.214617
1000.236442
1000.242041
1074.766668
1077.415963
1114.886458
1246.841112
1285.194726
1304.058309
1364.038493
1365.280205
1387.621549
1388.617578
1398.862058
1443.922024
1497.616354
1504.328848
1534.773963
 294.567207
 345.843543
 474.310557
 954.945079
 954.945079
 980.402940
 980.402940
1002.536888
1092.935532
1095.001405
1095.001405
1127.494049
1260.649202
1271.423847
1298.986772
1298.986772
1336.218350
1336.218350
1380.009631
1396.632774
1396.632774
1521.024931
1524.903006
1545.417896
 246.406482
 262.517547
 355.075115
 957.146913
 965.650953
1037.215933
1037.215933
1071.555089
1071.555089
1117.601024
1154.740288
1154.740288
1228.550702
1228.550702
1301.779648
1301.779648
1305.593795
1312.589020
1351.756434
1351.756434
1400.994663
1534.949476
1535.499908
1547.854395
 403.647438
 414.713198
 526.621214
 839.795955
 844.962071
 994.444466
1037.014099
1037.014099
1085.482349
1085.482349
1112.147770
1112.147770
1204.742836
1204.742836
1331.926766
1331.926766
1368.469153
1368.469153
1372.317925
1376.835078
1454.163269
1512.243378
1512.290493
1538.010850
 411.120480
 471.379183
 614.784396
 836.278711
 865.602622
 955.804385
 975.214617
1000.236442
1000.242041
1074.766668
1077.415963
1114.886458
1246.841112
1285.194726
1304.058309
1364.038493
1365.280205
1387.621549
1388.617578
1398.862058
1443.922024
1497.616354
1504.328848
1534.773963
 472.691817
 568.620908
 723.405206
 834.693595
 834.693595
 904.397181
 904.397181
 916.996073
1012.837883
1012.837883
1043.619206
1098.917145
1297.660917
1301.565860
1351.581073
1351.581073
1403.922376
1403.922376
1418.036120
1423.243323
1423.243323
1473.676164
1488.669242
1522.660122
 578.219797
 681.623095
 704.376460
 796.411757
 831.444502
 844.510634
 871.790325
 929.832343
 953.561831
1002.607655
1033.717761
1064.396550
1313.031172
1333.042188
1350.334442
1391.873168
1402.710214
1418.190011
1424.108283
1437.433111
1442.349171
1464.405083
1465.936612
1499.141547
 578.219797
 681.623095
 704.376460
 796.411757
 831.444502
 844.510634
 871.790325
 929.832343
 953.561831
1002.607655
1033.717761
1064.396550
1313.031172
1333.042188
1350.334442
1391.873168
1402.710214
1418.190011
1424.108283
1437.433111
1442.349171
1464.405083
1465.936612
1499.141547
 472.691817
 568.620908
 723.405206
 834.693595
 834.693595
 904.397181
 904.397181
 916.996073
1012.837883
1012.837883
1043.619206
1098.917145
1297.660917
1301.565860
1351.581073
1351.581073
1403.922376
1403.922376
1418.036120
1423.243323
1423.243323
1473.676164
1488.669242
1522.660122
 411.120480
 471.379183
 614.784396
 836.278711
 865.602622
 955.804385
 975.214617
1000.236442
1000.242041
1074.766668
1077.415963
1114.886458
1246.841112
1285.194726
1304.058309
1364.038493
1365.280205
1387.621549
1388.617578
1398.862058
1443.922024
1497.616354
1504.328848
1534.773963
 403.647438
 414.713198
 526.621214
 839.795955
 844.962071
 994.444466
1037.014099
1037.014099
1085.482349
1085.482349
1112.147770
1112.147770
1204.742836
1204.742836
1331.926766
1331.926766
1368.469153
1368.469153
1372.317925
1376.835078
1454.163269
1512.243378
1512.290493
1538.010850
 560.100897
 564.634720
 694.521301
 707.445211
 708.405051
 851.951185
1045.500702
1045.500702
1076.171064
1076.171064
1099.414851
1099.414851
1188.249790
1188.249790
1348.657871
1348.657871
1377.657563
1377.657563
1430.375685
1433.189738
1477.198398
1478.470232
1493.381234
1520.553010
 553.750523
 606.513580
 699.230083
 739.758422
 754.372162
 884.597672
 956.093149
 960.057438
1023.021947
1048.807224
1075.984367
1095.932847
1251.156461
1267.602433
1337.762840
1362.758652
1394.958212
1403.758024
1420.721208
1435.088239
1464.627305
1474.183826
1483.946635
1514.413485
 578.219797
 681.623095
 704.376460
 796.411757
 831.444502
 844.510634
 871.790325
 929.832343
 953.561831
1002.607655
1033.717761
1064.396550
1313.031172
1333.042188
1350.334442
1391.873168
1402.710214
1418.190011
1424.108283
1437.433111
1442.349171
1464.405083
1465.936612
1499.141547
 642.302251
 735.704618
 735.704618
 772.902433
 793.736008
 867.078255
 867.078255
 908.008086
 939.696427
 976.715211
 976.715211
1022.045212
1351.421343
1378.925912
1378.925912
1389.259659
1413.604776
1429.096601
1429.096601
1436.053864
1442.202943
1442.202943
1452.674306
1473.067907
 642.302251
 735.704618
 735.704618
 772.902433
 793.736008
 867.078255
 867.078255
 908.008086
 939.696427
 976.715211
 976.715211
1022.045212
1351.421343
1378.925912
1378.925912
1389.259659
1413.604776
1429.096601
1429.096601
1436.053864
1442.202943
1442.202943
1452.674306
1473.067907
 578.219797
 681.623095
 704.376460
 796.411757
 831.444502
 844.510634
 871.790325
 929.832343
 953.561831
1002.607655
1033.717761
1064.396550
1313.031172
1333.042188
1350.334442
1391.873168
1402.710214
1418.190011
1424.108283
1437.433111
1442.349171
1464.405083
1465.936612
1499.141547
 553.750523
 606.513580
 699.230083
 739.758422
 754.372162
 884.597672
 956.093149
 960.057438
1023.021947
1048.807224
1075.984367
1095.932847
1251.156461
1267.602433
1337.762840
1362.758652
1394.958212
1403.758024
1420.721208
1435.088239
1464.627305
1474.183826
1483.946635
1514.413485
 560.100897
 564.634720
 694.521301
 707.445211
 708.405051
 851.951185
1045.500702
1045.500702
1076.171064
1076.171064
1099.414851
1099.414851
1188.249790
1188.249790
1348.657871
1348.657871
1377.657563
1377.657563
1430.375685
1433.189738
1477.198398
1478.470232
1493.381234
1520.553010
 560.100897
 564.634720
 694.521301
 707.445211
 708.405051
 851.951185
1045.500702
1045.500702
1076.171064
1076.171064
1099.414851
1099.414851
1188.249790
1188.249790
1348.657871
1348.657871
1377.657563
1377.657563
1430.375685
1433.189738
1477.198398
1478.470232
1493.381234
1520.553010
 553.750523
 606.513580
 699.230083
 739.758422
 754.372162
 884.597672
 956.093149
 960.057438
1023.021947
1048.807224
1075.984367
1095.932847
1251.156461
1267.602433
1337.762840
1362.758652
1394.958212
1403.758024
1420.721208
1435.088239
1464.627305
1474.183826
1483.946635
1514.413485
 578.219797
 681.623095
 704.376460
 796.411757
 831.444502
 844.510634
 871.790325
 929.832343
 953.561831
1002.607655
1033.717761
1064.396550
1313.031172
1333.042188
1350.334442
1391.873168
1402.710214
1418.190011
1424.108283
1437.433111
1442.349171
1464.405083
1465.936612
1499.141547
 642.302251
 735.704618
 735.704618
 772.902433
 793.736008
 867.078255
 867.078255
 908.008086
 939.696427
 976.715211
 976.715211
1022.045212
1351.421343
1378.925912
1378.925912
1389.259659
1413.604776
1429.096601
1429.096601
1436.053864
1442.202943
1442.202943
1452.674306
1473.067907
 642.302251
 735.704618
 735.704618
 772.902433
 793.736008
 867.078255
 867.078255
 908.008086
 939.696427
 976.715211
 976.715211
1022.045212
1351.421343
1378.925912
1378.925912
1389.259659
1413.604776
1429.096601
1429.096601
1436.053864
1442.202943
1442.202943
1452.674306
1473.067907
 578.219797
 681.623095
 704.376460
 796.411757
 831.444502
 844.510634
 871.790325
 929.832343
 953.561831
1002.607655
1033.717761
1064.396550
1313.031172
1333.042188
1350.334442
1391.873168
1402.710214
1418.190011
1424.108283
1437.433111
1442.349171
1464.405083
1465.936612
1499.141547
 553.750523
 606.513580
 699.230083
 739.758422
 754.372162
 884.597672
 956.093149
 960.057438
1023.021947
1048.807224
1075.984367
1095.932847
1251.156461
1267.602433
1337.762840
1362.758652
1394.958212
1403.758024
1420.721208
1435.088239
1464.627305
1474.183826
1483.946635
1514.413485
 560.100897
 564.634720
 694.521301
 707.445211
 708.405051
 851.951185
1045.500702
1045.500702
1076.171064
1076.171064
1099.414851
1099.414851
1188.249790
1188.249790
1348.657871
1348.657871
1377.657563
1377.657563
1430.375685
1433.189738
1477.198398
1478.470232
1493.381234
1520.553010
 403.647438
 414.713198
 526.621214
 839.795955
 844.962071
 994.444466
1037.014099
1037.014099
1085.482349
1085.482349
1112.147770
1112.147770
1204.742836
1204.742836
1331.926766
1331.926766
1368.469153
1368.469153
1372.317925
1376.835078
1454.163269
1512.243378
1512.290493
1538.010850
 411.120480
 471.379183
 614.784396
 836.278711
 865.602622
 955.804385
 975.214617
1000.236442
1000.242041
1074.766668
1077.415963
1114.886458
1246.841112
1285.194726
1304.058309
1364.038493
1365.280205
1387.621549
1388.617578
1398.862058
1443.922024
1497.616354
1504.328848
1534.773963
 472.691817
 568.620908
 723.405206
 834.693595
 834.693595
 904.397181
 904.397181
 916.996073
1012.837883
1012.837883
1043.619206
1098.917145
1297.660917
1301.565860
1351.581073
1351.581073
1403.922376
1403.922376
1418.036120
1423.243323
1423.243323
1473.676164
1488.669242
1522.660122
 578.219797
 681.623095
 704.376460
 796.411757
 831.444502
 844.510634
 871.790325
 929.832343
 953.561831
1002.607655
1033.717761
1064.396550
1313.031172
1333.042188
1350.334442
1391.873168
1402.710214
1418.190011
1424.108283
1437.433111
1442.349171
1464.405083
1465.936612
1499.141547
 578.219797
 681.623095
 704.376460
 796.411757
 831.444502
 844.510634
 871.790325
 929.832343
 953.561831
1002.607655
1033.717761
1064.396550
1313.031172
1333.042188
1350.334442
1391.873168
1402.710214
1418.190011
1424.108283
1437.433111
1442.349171
1464.405083
1465.936612
1499.141547
 472.691817
 568.620908
 723.405206
 834.693595
 834.693595
 904.397181
 904.397181
 916.996073
1012.837883
1012.837883
1043.619206
1098.917145
1297.660917
1301.565860
1351.581073
1351.581073
1403.922376
1403.922376
1418.036120
1423.243323
1423.243323
1473.676164
1488.669242
1522.660122
 411.120480
 471.379183
 614.784396
 836.278711
 865.602622
 955.804385
 975.214617
1000.236442
1000.242041
1074.766668
1077.415963
1114.886458
1246.841112
1285.194726
1304.058309
1364.038493
1365.280205
1387.621549
1388.617578
1398.862058
1443.922024
1497.616354
1504.328848
1534.773963
 403.647438
 414.713198
 526.621214
 839.795955
 844.962071
 994.444466
1037.014099
1037.014099
1085.482349
1085.482349
1112.147770
1112.147770
1204.742836
1204.742836
1331.926766
1331.926766
1368.469153
1368.469153
1372.317925
1376.835078
1454.163269
1512.243378
1512.290493
1538.010850
 246.406482
 262.517547
 355.075115
 957.146913
 965.650953
1037.215933
1037.215933
1071.555089
1071.555089
1117.601024
1154.740288
1154.740288
1228.550702
1228.550702
1301.779648
1301.779648
1305.593795
1312.589020
1351.756434
1351.756434
1400.994663
1534.949476
1535.499908
1547.854395
 294.567207
 345.843543
 474.310557
 954.945079
 954.945079
 980.402940
 980.402940
1002.536888
1092.935532
1095.001405
1095.001405
1127.494049
1260.649202
1271.423847
1298.986772
1298.986772
1336.218350
1336.218350
1380.009631
1396.632774
1396.632774
1521.024931
1524.903006
1545.417896
 411.120480
 471.379183
 614.784396
 836.278711
 865.602622
 955.804385
 975.214617
1000.236442
1000.242041
1074.766668
1077.415963
1114.886458
1246.841112
1285.194726
1304.058309
1364.038493
1365.280205
1387.621549
1388.617578
1398.862058
1443.922024
1497.616354
1504.328848
1534.773963
 553.750523
 606.513580
 699.230083
 739.758422
 754.372162
 884.597672
 956.093149
 960.057438
1023.021947
1048.807224
1075.984367
1095.932847
1251.156461
1267.602433
1337.762840
1362.758652
1394.958212
1403.758024
1420.721208
1435.088239
1464.627305
1474.183826
1483.946635
1514.413485
 553.750523
 606.513580
 699.230083
 739.758422
 754.372162
 884.597672
 956.093149
 960.057438
1023.021947
1048.807224
1075.984367
1095.932847
1251.156461
1267.602433
1337.762840
1362.758652
1394.958212
1403.758024
1420.721208
1435.088239
1464.627305
1474.183826
1483.946635
1514.413485
 411.120480
 471.379183
 614.784396
 836.278711
 865.602622
 955.804385
 975.214617
1000.236442
1000.242041
1074.766668
1077.415963
1114.886458
1246.841112
1285.194726
1304.058309
1364.038493
1365.280205
1387.621549
1388.617578
1398.862058
1443.922024
1497.616354
1504.328848
1534.773963
 294.567207
 345.843543
 474.310557
 954.945079
 954.945079
 980.402940
 980.402940
1002.536888
1092.935532
1095.001405
1095.001405
1127.494049
1260.649202
1271.423847
1298.986772
1298.986772
1336.218350
1336.218350
1380.009631
1396.632774
1396.632774
1521.024931
1524.903006
1545.417896
 246.406482
 262.517547
 355.075115
 957.146913
 965.650953
1037.215933
1037.215933
1071.555089
1071.555089
1117.601024
1154.740288
1154.740288
1228.550702
1228.550702
1301.779648
1301.779648
1305.593795
1312.589020
1351.756434
1351.756434
1400.994663
1534.949476
1535.499908
1547.854395
 125.635547
 125.635547
 197.952531
1044.767599
1044.767599
1044.767599
1056.996148
1056.996148
1056.996148
1200.203215
1200.203215
1200.203215
1243.618923
1243.618923
1243.618923
1269.286492
1269.286492
1269.286492
1334.818600
1334.818600
1334.818600
1547.084080
1547.084080
1551.422333
 246.406482
 262.517547
 355.075115
 957.146913
 965.650953
1037.215933
1037.215933
1071.555089
1071.555089
1117.601024
1154.740288
1154.740288
1228.550702
1228.550702
1301.779648
1301.779648
1305.593795
1312.589020
1351.756434
1351.756434
1400.994663
1534.949476
1535.499908
1547.854395
 403.647438
 414.713198
 526.621214
 839.795955
 844.962071
 994.444466
1037.014099
1037.014099
1085.482349
1085.482349
1112.147770
1112.147770
1204.742836
1204.742836
1331.926766
1331.926766
1368.469153
1368.469153
1372.317925
1376.835078
1454.163269
1512.243378
1512.290493
1538.010850
 560.100897
 564.634720
 694.521301
 707.445211
 708.405051
 851.951185
1045.500702
1045.500702
1076.171064
1076.171064
1099.414851
1099.414851
1188.249790
1188.249790
1348.657871
1348.657871
1377.657563
1377.657563
1430.375685
1433.189738
1477.198398
1478.470232
1493.381234
1520.553010
 560.100897
 564.634720
 694.521301
 707.445211
 708.405051
 851.951185
1045.500702
1045.500702
1076.171064
1076.171064
1099.414851
1099.414851
1188.249790
1188.249790
1348.657871
1348.657871
1377.657563
1377.657563
1430.375685
1433.189738
1477.198398
1478.470232
1493.381234
1520.553010
 403.647438
 414.713198
 526.621214
 839.795955
 844.962071
 994.444466
1037.014099
1037.014099
1085.482349
1085.482349
1112.147770
1112.147770
1204.742836
1204.742836
1331.926766
1331.926766
1368.469153
1368.469153
1372.317925
1376.835078
1454.163269
1512.243378
1512.290493
1538.010850
 246.406482
 262.517547
 355.075115
 957.146913
 965.650953
1037.215933
1037.215933
1071.555089
1071.555089
1117.601024
1154.740288
1154.740288
1228.550702
1228.550702
1301.779648
1301.779648
1305.593795
1312.589020
1351.756434
1351.756434
1400.994663
1534.949476
1535.499908
1547.854395
 125.635547
 125.635547
 197.952531
1044.767599
1044.767599
1044.767599
1056.996148
1056.996148
1056.996148
1200.203215
1200.203215
1200.203215
1243.618923
1243.618923
1243.618923
1269.286492
1269.286492
1269.286492
1334.818600
1334.818600
1334.818600
1547.084080
1547.084080
1551.422333
 246.406482
 262.517547
 355.075115
 957.146913
 965.650953
1037.215933
1037.215933
1071.555089
1071.555089
1117.601024
1154.740288
1154.740288
1228.550702
1228.550702
1301.779648
1301.779648
1305.593795
1312.589020
1351.756434
1351.756434
1400.994663
1534.949476
1535.499908
1547.854395
 294.567207
 345.843543
 474.310557
 954.945079
 954.945079
 980.402940
 980.402940
1002.536888
1092.935532
1095.001405
1095.001405
1127.494049
1260.649202
1271.423847
1298.986772
1298.986772
1336.218350
1336.218350
1380.009631
1396.632774
1396.632774
1521.024931
1524.903006
1545.417896
 411.120480
 471.379183
 614.784396
 836.278711
 865.602622
 955.804385
 975.214617
1000.236442
1000.242041
1074.766668
1077.415963
1114.886458
1246.841112
1285.194726
1304.058309
1364.038493
1365.280205
1387.621549
1388.617578
1398.862058
1443.922024
1497.616354
1504.328848
1534.773963
 553.750523
 606.513580
 699.230083
 739.758422
 754.372162
 884.597672
 956.093149
 960.057438
1023.021947
1048.807224
1075.984367
1095.932847
1251.156461
1267.602433
1337.762840
1362.758652
1394.958212
1403.758024
1420.721208
1435.088239
1464.627305
1474.183826
1483.946635
1514.413485
 553.750523
 606.513580
 699.230083
 739.758422
 754.372162
 884.597672
 956.093149
 960.057438
1023.021947
1048.807224
1075.984367
1095.932847
1251.156461
1267.602433
1337.762840
1362.758652
1394.958212
1403.758024
1420.721208
1435.088239
1464.627305
1474.183826
1483.946635
1514.413485
 411.120480
 471.379183
 614.784396
 836.278711
 865.602622
 955.804385
 975.214617
1000.236442
1000.242041
1074.766668
1077.415963
1114.886458
1246.841112
1285.194726
1304.058309
1364.038493
1365.280205
1387.621549
1388.617578
1398.862058
1443.922024
1497.616354
1504.328848
1534.773963
 294.567207
 345.843543
 474.310557
 954.945079
 954.945079
 980.402940
 980.402940
1002.536888
1092.935532
1095.001405
1095.001405
1127.494049
1260.649202
1271.423847
1298.986772
1298.986772
1336.218350
1336.218350
1380.009631
1396.632774
1396.632774
1521.024931
1524.903006
1545.417896
 246.406482
 262.517547
 355.075115
 957.146913
 965.650953
1037.215933
1037.215933
1071.555089
1071.555089
1117.601024
1154.740288
1154.740288
1228.550702
1228.550702
1301.779648
1301.779648
1305.593795
1312.589020
1351.756434
1351.756434
1400.994663
1534.949476
1535.499908
1547.854395
 294.567207
 345.843543
 474.310557
 954.945079
 954.945079
 980.402940
 980.402940
1002.536888
1092.935532
1095.001405
1095.001405
1127.494049
1260.649202
1271.423847
1298.986772
1298.986772
1336.218350
1336.218350
1380.009631
1396.632774
1396.632774
1521.024931
1524.903006
1545.417896
 366.522595
 366.522595
 573.882545
 934.682162
 934.682162
 934.682162
 990.042725
 990.042725
 990.042725
1090.636818
1090.636818
1090.636818
1306.107280
1306.107280
1306.107280
1335.759418
1335.759418
1335.759418
1400.747609
1400.747609
1400.747609
1510.204462
1510.204462
1544.183325
 453.774745
 475.916848
 696.575684
 834.793353
 861.390083
 919.613555
 919.613555
 983.726498
 983.726498
1020.778407
1093.998252
1093.998252
1301.630395
1301.630395
1349.017970
1349.017970
1362.121975
1392.222537
1404.007502
1404.007502
1436.371678
1488.353775
1488.573222
1534.003004
 580.951455
 597.813177
 719.905044
 721.756484
 817.988283
 912.621933
 912.621933
 928.048924
 973.253145
 973.253145
1100.469925
1100.469925
1294.820172
1294.820172
1362.203087
1362.203087
1404.377536
1404.377536
1413.625076
1431.209359
1456.236100
1461.943123
1477.915709
1512.028632
 580.951455
 597.813177
 719.905044
 721.756484
 817.988283
 912.621933
 912.621933
 928.048924
 973.253145
 973.253145
1100.469925
1100.469925
1294.820172
1294.820172
1362.203087
1362.203087
1404.377536
1404.377536
1413.625076
1431.209359
1456.236100
1461.943123
1477.915709
1512.028632
 453.774745
 475.916848
 696.575684
 834.793353
 861.390083
 919.613555
 919.613555
 983.726498
 983.726498
1020.778407
1093.998252
1093.998252
1301.630395
1301.630395
1349.017970
1349.017970
1362.121975
1392.222537
1404.007502
1404.007502
1436.371678
1488.353775
1488.573222
1534.003004
 366.522595
 366.522595
 573.882545
 934.682162
 934.682162
 934.682162
 990.042725
 990.042725
 990.042725
1090.636818
1090.636818
1090.636818
1306.107280
1306.107280
1306.107280
1335.759418
1335.759418
1335.759418
1400.747609
1400.747609
1400.747609
1510.204462
1510.204462
1544.183325
 294.567207
 345.843543
 474.310557
 954.945079
 954.945079
 980.402940
 980.402940
1002.536888
1092.935532
1095.001405
1095.001405
1127.494049
1260.649202
1271.423847
1298.986772
1298.986772
1336.218350
1336.218350
1380.009631
1396.632774
1396.632774
1521.024931
1524.903006
1545.417896
 411.120480
 471.379183
 614.784396
 836.278711
 865.602622
 955.804385
 975.214617
1000.236442
1000.242041
1074.766668
1077.415963
1114.886458
1246.841112
1285.194726
1304.058309
1364.038493
1365.280205
1387.621549
1388.617578
1398.862058
1443.922024
1497.616354
1504.328848
1534.773963
 453.774745
 475.916848
 696.575684
 834.793353
 861.390083
 919.613555
 919.613555
 983.726498
 983.726498
1020.778407
1093.998252
1093.998252
1301.630395
1301.630395
1349.017970
1349.017970
1362.121975
1392.222537
1404.007502
1404.007502
1436.371678
1488.353775
1488.573222
1534.003004
 508.907691
 551.397645
 798.638227
 827.988078
 827.988078
 871.363064
 871.363064
 878.219394
 954.807451
1050.017279
1050.017279
1105.843055
1320.480058
1349.338256
1353.535175
1353.535175
1401.446977
1401.446977
1413.922270
1421.405641
1421.405641
1464.937103
1470.926502
1524.142923
 600.923113
 652.293323
 714.894474
 760.214745
 829.083948
 845.942364
 893.294145
 897.821393
 922.542814
 983.620838
1078.761440
1099.804451
1330.110385
1341.512156
1372.743027
1398.775497
1399.324958
1411.119337
1416.071221
1425.768287
1435.794990
1448.121249
1464.896522
1501.447475
 600.923113
 652.293323
 714.894474
 760.214745
 829.083948
 845.942364
 893.294145
 897.821393
 922.542814
 983.620838
1078.761440
1099.804451
1330.110385
1341.512156
1372.743027
1398.775497
1399.324958
1411.119337
1416.071221
1425.768287
1435.794990
1448.121249
1464.896522
1501.447475
 508.907691
 551.397645
 798.638227
 827.988078
 827.988078
 871.363064
 871.363064
 878.219394
 954.807451
1050.017279
1050.017279
1105.843055
1320.480058
1349.338256
1353.535175
1353.535175
1401.446977
1401.446977
1413.922270
1421.405641
1421.405641
1464.937103
1470.926502
1524.142923
 453.774745
 475.916848
 696.575684
 834.793353
 861.390083
 919.613555
 919.613555
 983.726498
 983.726498
1020.778407
1093.998252
1093.998252
1301.630395
1301.630395
1349.017970
1349.017970
1362.121975
1392.222537
1404.007502
1404.007502
1436.371678
1488.353775
1488.573222
1534.003004
 411.120480
 471.379183
 614.784396
 836.278711
 865.602622
 955.804385
 975.214617
1000.236442
1000.242041
1074.766668
1077.415963
1114.886458
1246.841112
1285.194726
1304.058309
1364.038493
1365.280205
1387.621549
1388.617578
1398.862058
1443.922024
1497.616354
1504.328848
1534.773963
 553.750523
 606.513580
 699.230083
 739.758422
 754.372162
 884.597672
 956.093149
 960.057438
1023.021947
1048.807224
1075.984367
1095.932847
1251.156461
1267.602433
1337.762840
1362.758652
1394.958212
1403.758024
1420.721208
1435.088239
1464.627305
1474.183826
1483.946635
1514.413485
 580.951455
 597.813177
 719.905044
 721.756484
 817.988283
 912.621933
 912.621933
 928.048924
 973.253145
 973.253145
1100.469925
1100.469925
1294.820172
1294.820172
1362.203087
1362.203087
1404.377536
1404.377536
1413.625076
1431.209359
1456.236100
1461.943123
1477.915709
1512.028632
 600.923113
 652.293323
 714.894474
 760.214745
 829.083948
 845.942364
 893.294145
 897.821393
 922.542814
 983.620838
1078.761440
1099.804451
1330.110385
1341.512156
1372.743027
1398.775497
1399.324958
1411.119337
1416.071221
1425.768287
1435.794990
1448.121249
1464.896522
1501.447475
 653.754018
 728.638199
 735.343394
 735.343394
 781.852023
 811.323381
 811.323381
 867.453007
 973.598559
1035.685685
1035.685685
1076.410574
1357.055070
1379.042406
1379.042406
1396.802897
1409.575034
1416.488796
1416.488796
1428.678846
1432.155832
1446.009282
1446.009282
1479.443583
 653.754018
 728.638199
 735.343394
 735.343394
 781.852023
 811.323381
 811.323381
 867.453007
 973.598559
1035.685685
1035.685685
1076.410574
1357.055070
1379.042406
1379.042406
1396.802897
1409.575034
1416.488796
1416.488796
1428.678846
1432.155832
1446.009282
1446.009282
1479.443583
 600.923113
 652.293323
 714.894474
 760.214745
 829.083948
 845.942364
 893.294145
 897.821393
 922.542814
 983.620838
1078.761440
1099.804451
1330.110385
1341.512156
1372.743027
1398.775497
1399.324958
1411.119337
1416.071221
1425.768287
1435.794990
1448.121249
1464.896522
1501.447475
 580.951455
 597.813177
 719.905044
 721.756484
 817.988283
 912.621933
 912.621933
 928.048924
 973.253145
 973.253145
1100.469925
1100.469925
1294.820172
1294.820172
1362.203087
1362.203087
1404.377536
1404.377536
1413.625076
1431.209359
1456.236100
1461.943123
1477.915709
1512.028632
 553.750523
 606.513580
 699.230083
 739.758422
 754.372162
 884.597672
 956.093149
 960.057438
1023.021947
1048.807224
1075.984367
1095.932847
1251.156461
1267.602433
1337.762840
1362.758652
1394.958212
1403.758024
1420.721208
1435.088239
1464.627305
1474.183826
1483.946635
1514.413485
 553.750523
 606.513580
 699.230083
 739.758422
 754.372162
 884.597672
 956.093149
 960.057438
1023.021947
1048.807224
1075.984367
1095.932847
1251.156461
1267.602433
1337.762840
1362.758652
1394.958212
1403.758024
1420.721208
1435.088239
1464.627305
1474.183826
1483.946635
1514.413485
 580.951455
 597.813177
 719.905044
 721.756484
 817.988283
 912.621933
 912.621933
 928.048924
 973.253145
 973.253145
1100.469925
1100.469925
1294.820172
1294.820172
1362.203087
1362.203087
1404.377536
1404.377536
1413.625076
1431.209359
1456.236100
1461.943123
1477.915709
1512.028632
 600.923113
 652.293323
 714.894474
 760.214745
 829.083948
 845.942364
 893.294145
 897.821393
 922.542814
 983.620838
1078.761440
1099.804451
1330.110385
1341.512156
1372.743027
1398.775497
1399.324958
1411.119337
1416.071221
1425.768287
1435.794990
1448.121249
1464.896522
1501.447475
 653.754018
 728.638199
 735.343394
 735.343394
 781.852023
 811.323381
 811.323381
 867.453007
 973.598559
1035.685685
1035.685685
1076.410574
1357.055070
1379.042406
1379.042406
1396.802897
1409.575034
1416.488796
1416.488796
1428.678846
1432.155832
1446.009282
1446.009282
1479.443583
 653.754018
 728.638199
 735.343394
 735.343394
 781.852023
 811.323381
 811.323381
 867.453007
 973.598559
1035.685685
1035.685685
1076.410574
1357.055070
1379.042406
1379.042406
1396.802897
1409.575034
1416.488796
1416.488796
1428.678846
1432.155832
1446.009282
1446.009282
1479.443583
 600.923113
 652.293323
 714.894474
 760.214745
 829.083948
 845.942364
 893.294145
 897.821393
 922.542814
 983.620838
1078.761440
1099.804451
1330.110385
1341.512156
1372.743027
1398.775497
1399.324958
1411.119337
1416.071221
1425.768287
1435.794990
1448.121249
1464.896522
1501.447475
 580.951455
 597.813177
 719.905044
 721.756484
 817.988283
 912.621933
 912.621933
 928.048924
 973.253145
 973.253145
1100.469925
1100.469925
1294.820172
1294.820172
1362.203087
1362.203087
1404.377536
1404.377536
1413.625076
1431.209359
1456.236100
1461.943123
1477.915709
1512.028632
 553.750523
 606.513580
 699.230083
 739.758422
 754.372162
 884.597672
 956.093149
 960.057438
1023.021947
1048.807224
1075.984367
1095.932847
1251.156461
1267.602433
1337.762840
1362.758652
1394.958212
1403.758024
1420.721208
1435.088239
1464.627305
1474.183826
1483.946635
1514.413485
 411.120480
 471.379183
 614.784396
 836.278711
 865.602622
 955.804385
 975.214617
1000.236442
1000.242041
1074.766668
1077.415963
1114.886458
1246.841112
1285.194726
1304.058309
1364.038493
1365.280205
1387.621549
1388.617578
1398.862058
1443.922024
1497.616354
1504.328848
1534.773963
 453.774745
 475.916848
 696.575684
 834.793353
 861.390083
 919.613555
 919.613555
 983.726498
 983.726498
1020.778407
1093.998252
1093.998252
1301.630395
1301.630395
1349.017970
1349.017970
1362.121975
1392.222537
1404.007502
1404.007502
1436.371678
1488.353775
1488.573222
1534.003004
 508.907691
 551.397645
 798.638227
 827.988078
 827.988078
 871.363064
 871.363064
 878.219394
 954.807451
1050.017279
1050.017279
1105.843055
1320.480058
1349.338256
1353.535175
1353.535175
1401.446977
1401.446977
1413.922270
1421.405641
1421.405641
1464.937103
1470.926502
1524.142923
 600.923113
 652.293323
 714.894474
 760.214745
 829.083948
 845.942364
 893.294145
 897.821393
 922.542814
 983.620838
1078.761440
1099.804451
1330.110385
1341.512156
1372.743027
1398.775497
1399.324958
1411.119337
1416.071221
1425.768287
1435.794990
1448.121249
1464.896522
1501.447475
 600.923113
 652.293323
 714.894474
 760.214745
 829.083948
 845.942364
 893.294145
 897.821393
 922.542814
 983.620838
1078.761440
1099.804451
1330.110385
1341.512156
1372.743027
1398.775497
1399.324958
1411.119337
1416.071221
1425.768287
1435.794990
1448.121249
1464.896522
1501.447475
 508.907691
 551.397645
 798.638227
 827.988078
 827.988078
 871.363064
 871.363064
 878.219394
 954.807451
1050.017279
1050.017279
1105.843055
1320.480058
1349.338256
1353.535175
1353.535175
1401.446977
1401.446977
1413.922270
1421.405641
1421.405641
1464.937103
1470.926502
1524.142923
 453.774745
 475.916848
 696.575684
 834.793353
 861.390083
 919.613555
 919.613555
 983.726498
 983.726498
1020.778407
1093.998252
1093.998252
1301.630395
1301.630395
1349.017970
1349.017970
1362.121975
1392.222537
1404.007502
1404.007502
1436.371678
1488.353775
1488.573222
1534.003004
 411.120480
 471.379183
 614.784396
 836.278711
 865.602622
 955.804385
 975.214617
1000.236442
1000.242041
1074.766668
1077.415963
1114.886458
1246.841112
1285.194726
1304.058309
1364.038493
1365.280205
1387.621549
1388.617578
1398.862058
1443.922024
1497.616354
1504.328848
1534.773963
 294.567207
 345.843543
 474.310557
 954.945079
 954.945079
 980.402940
 980.402940
1002.536888
1092.935532
1095.001405
1095.001405
1127.494049
1260.649202
1271.423847
1298.986772
1298.986772
1336.218350
1336.218350
1380.009631
1396.632774
1396.632774
1521.024931
1524.903006
1545.417896
 366.522595
 366.522595
 573.882545
 934.682162
 934.682162
 934.682162
 990.042725
 990.042725
 990.042725
1090.636818
1090.636818
1090.636818
1306.107280
1306.107280
1306.107280
1335.759418
1335.759418
1335.759418
1400.747609
1400.747609
1400.747609
1510.204462
1510.204462
1544.183325
 453.774745
 475.916848
 696.575684
 834.793353
 861.390083
 919.613555
 919.613555
 983.726498
 983.726498
1020.778407
1093.998252
1093.998252
1301.630395
1301.630395
1349.017970
1349.017970
1362.121975
1392.222537
1404.007502
1404.007502
1436.371678
1488.353775
1488.573222
1534.003004
 580.951455
 597.813177
 719.905044
 721.756484
 817.988283
 912.621933
 912.621933
 928.048924
 973.253145
 973.253145
1100.469925
1100.469925
1294.820172
1294.820172
1362.203087
1362.203087
1404.377536
1404.377536
1413.625076
1431.209359
1456.236100
1461.943123
1477.915709
1512.028632
 580.951455
 597.813177
 719.905044
 721.756484
 817.988283
 912.621933
 912.621933
 928.048924
 973.253145
 973.253145
1100.469925
1100.469925
1294.820172
1294.820172
1362.203087
1362.203087
1404.377536
1404.377536
1413.625076
1431.209359
1456.236100
1461.943123
1477.915709
1512.028632
 453.774745
 475.916848
 696.575684
 834.793353
 861.390083
 919.613555
 919.613555
 983.726498
 983.726498
1020.778407
1093.998252
1093.998252
1301.630395
1301.630395
1349.017970
1349.017970
1362.121975
1392.222537
1404.007502
1404.007502
1436.371678
1488.353775
1488.573222
1534.003004
 366.522595
 366.522595
 573.882545
 934.682162
 934.682162
 934.682162
 990.042725
 990.042725
 990.042725
1090.636818
1090.636818
1090.636818
1306.107280
1306.107280
1306.107280
1335.759418
1335.759418
1335.759418
1400.747609
1400.747609
1400.747609
1510.204462
1510.204462
1544.183325
 294.567207
 345.843543
 474.310557
 954.945079
 954.945079
 980.402940
 980.402940
1002.536888
1092.935532
1095.001405
1095.001405
1127.494049
1260.649202
1271.423847
1298.986772
1298.986772
1336.218350
1336.218350
1380.009631
1396.632774
1396.632774
1521.024931
1524.903006
1545.417896
 246.406482
 262.517547
 355.075115
 957.146913
 965.650953
1037.215933
1037.215933
1071.555089
1071.555089
1117.601024
1154.740288
1154.740288
1228.550702
1228.550702
1301.779648
1301.779648
1305.593795
1312.589020
1351.756434
1351.756434
1400.994663
1534.949476
1535.499908
1547.854395
 294.567207
 345.843543
 474.310557
 954.945079
 954.945079
 980.402940
 980.402940
1002.536888
1092.935532
1095.001405
1095.001405
1127.494049
1260.649202
1271.423847
1298.986772
1298.986772
1336.218350
1336.218350
1380.009631
1396.632774
1396.632774
1521.024931
1524.903006
1545.417896
 411.120480
 471.379183
 614.784396
 836.278711
 865.602622
 955.804385
 975.214617
1000.236442
1000.242041
1074.766668
1077.415963
1114.886458
1246.841112
1285.194726
1304.058309
1364.038493
1365.280205
1387.621549
1388.617578
1398.862058
1443.922024
1497.616354
1504.328848
1534.773963
 553.750523
 606.513580
 699.230083
 739.758422
 754.372162
 884.597672
 956.093149
 960.057438
1023.021947
1048.807224
1075.984367
1095.932847
1251.156461
1267.602433
1337.762840
1362.758652
1394.958212
1403.758024
1420.721208
1435.088239
1464.627305
1474.183826
1483.946635
1514.413485
 553.750523
 606.513580
 699.230083
 739.758422
 754.372162
 884.597672
 956.093149
 960.057438
1023.021947
1048.807224
1075.984367
1095.932847
1251.156461
1267.602433
1337.762840
1362.758652
1394.958212
1403.758024
1420.721208
1435.088239
1464.627305
1474.183826
1483.946635
1514.413485
 411.120480
 471.379183
 614.784396
 836.278711
 865.602622
 955.804385
 975.214617
1000.236442
1000.242041
1074.766668
1077.415963
1114.886458
1246.841112
1285.194726
1304.058309
1364.038493
1365.280205
1387.621549
1388.617578
1398.862058
1443.922024
1497.616354
1504.328848
1534.773963
 294.567207
 345.843543
 474.310557
 954.945079
 954.945079
 980.402940
 980.402940
1002.536888
1092.935532
1095.001405
1095.001405
1127.494049
1260.649202
1271.423847
1298.986772
1298.986772
1336.218350
1336.218350
1380.009631
1396.632774
1396.632774
1521.024931
1524.903006
1545.417896
 246.406482
 262.517547
 355.075115
 957.146913
 965.650953
1037.215933
1037.215933
1071.555089
1071.555089
1117.601024
1154.740288
1154.740288
1228.550702
1228.550702
1301.779648
1301.779648
1305.593795
1312.589020
1351.756434
1351.756434
1400.994663
1534.949476
1535.499908
1547.854395
 403.647438
 414.713198
 526.621214
 839.795955
 844.962071
 994.444466
1037.014099
1037.014099
1085.482349
1085.482349
1112.147770
1112.147770
1204.742836
1204.742836
1331.926766
1331.926766
1368.469153
1368.469153
1372.317925
1376.835078
1454.163269
1512.243378
1512.290493
1538.010850
 411.120480
 471.379183
 614.784396
 836.278711
 865.602622
 955.804385
 975.214617
1000.236442
1000.242041
1074.766668
1077.415963
1114.886458
1246.841112
1285.194726
1304.058309
1364.038493
1365.280205
1387.621549
1388.617578
1398.862058
1443.922024
1497.616354
1504.328848
1534.773963
 472.691817
 568.620908
 723.405206
 834.693595
 834.693595
 904.397181
 904.397181
 916.996073
1012.837883
1012.837883
1043.619206
1098.917145
1297.660917
1301.565860
1351.581073
1351.581073
1403.922376
1403.922376
1418.036120
1423.243323
1423.243323
1473.676164
1488.669242
1522.660122
 578.219797
 681.623095
 704.376460
 796.411757
 831.444502
 844.510634
 871.790325
 929.832343
 953.561831
1002.607655
1033.717761
1064.396550
1313.031172
1333.042188
1350.334442
1391.873168
1402.710214
1418.190011
1424.108283
1437.433111
1442.349171
1464.405083
1465.936612
1499.141547
 578.219797
 681.623095
 704.376460
 796.411757
 831.444502
 844.510634
 871.790325
 929.832343
 953.561831
1002.607655
1033.717761
1064.396550
1313.031172
1333.042188
1350.334442
1391.873168
1402.710214
1418.190011
1424.108283
1437.433111
1442.349171
1464.405083
1465.936612
1499.141547
 472.691817
 568.620908
 723.405206
 834.693595
 834.693595
 904.397181
 904.397181
 916.996073
1012.837883
1012.837883
1043.619206
1098.917145
1297.660917
1301.565860
1351.581073
1351.581073
1403.922376
1403.922376
1418.036120
1423.243323
1423.243323
1473.676164
1488.669242
1522.660122
 411.120480
 471.379183
 614.784396
 836.278711
 865.602622
 955.804385
 975.214617
1000.236442
1000.242041
1074.766668
1077.415963
1114.886458
1246.841112
1285.194726
1304.058309
1364.038493
1365.280205
1387.621549
1388.617578
1398.862058
1443.922024
1497.616354
1504.328848
1534.773963
 403.647438
 414.713198
 526.621214
 839.795955
 844.962071
 994.444466
1037.014099
1037.014099
1085.482349
1085.482349
1112.147770
1112.147770
1204.742836
1204.742836
1331.926766
1331.926766
1368.469153
1368.469153
1372.317925
1376.835078
1454.163269
1512.243378
1512.290493
1538.010850
 411.120480
 471.379183
 614.784396
 836.278711
 865.602622
 955.804385
 975.214617
1000.236442
1000.242041
1074.766668
1077.415963
1114.886458
1246.841112
1285.194726
1304.058309
1364.038493
1365.280205
1387.621549
1388.617578
1398.862058
1443.922024
1497.616354
1504.328848
1534.773963
 453.774745
 475.916848
 696.575684
 834.793353
 861.390083
 919.613555
 919.613555
 983.726498
 983.726498
1020.778407
1093.998252
1093.998252
1301.630395
1301.630395
1349.017970
1349.017970
1362.121975
1392.222537
1404.007502
1404.007502
1436.371678
1488.353775
1488.573222
1534.003004
 508.907691
 551.397645
 798.638227
 827.988078
 827.988078
 871.363064
 871.363064
 878.219394
 954.807451
1050.017279
1050.017279
1105.843055
1320.480058
1349.338256
1353.535175
1353.535175
1401.446977
1401.446977
1413.922270
1421.405641
1421.405641
1464.937103
1470.926502
1524.142923
 600.923113
 652.293323
 714.894474
 760.214745
 829.083948
 845.942364
 893.294145
 897.821393
 922.542814
 983.620838
1078.761440
1099.804451
1330.110385
1341.512156
1372.743027
1398.775497
1399.324958
1411.119337
1416.071221
1425.768287
1435.794990
1448.121249
1464.896522
1501.447475
 600.923113
 652.293323
 714.894474
 760.214745
 829.083948
 845.942364
 893.294145
 897.821393
 922.542814
 983.620838
1078.761440
1099.804451
1330.110385
1341.512156
1372.743027
1398.775497
1399.324958
1411.119337
1416.071221
1425.768287
1435.794990
1448.121249
1464.896522
1501.447475
 508.907691
 551.397645
 798.638227
 827.988078
 827.988078
 871.363064
 871.363064
 878.219394
 954.807451
1050.017279
1050.017279
1105.843055
1320.480058
1349.338256
1353.535175
1353.535175
1401.446977
1401.446977
1413.922270
1421.405641
1421.405641
1464.937103
1470.926502
1524.142923
 453.774745
 475.916848
 696.575684
 834.793353
 861.390083
 919.613555
 919.613555
 983.726498
 983.726498
1020.778407
1093.998252
1093.998252
1301.630395
1301.630395
1349.017970
1349.017970
1362.121975
1392.222537
1404.007502
1404.007502
1436.371678
1488.353775
1488.573222
1534.003004
 411.120480
 471.379183
 614.784396
 836.278711
 865.602622
 955.804385
 975.214617
1000.236442
1000.242041
1074.766668
1077.415963
1114.886458
1246.841112
1285.194726
1304.058309
1364.038493
1365.280205
1387.621549
1388.617578
1398.862058
1443.922024
1497.616354
1504.328848
1534.773963
 472.691817
 568.620908
 723.405206
 834.693595
 834.693595
 904.397181
 904.397181
 916.996073
1012.837883
1012.837883
1043.619206
1098.917145
1297.660917
1301.565860
1351.581073
1351.581073
1403.922376
1403.922376
1418.036120
1423.243323
1423.243323
1473.676164
1488.669242
1522.660122
 508.907691
 551.397645
 798.638227
 827.988078
 827.988078
 871.363064
 871.363064
 878.219394
 954.807451
1050.017279
1050.017279
1105.843055
1320.480058
1349.338256
1353.535175
1353.535175
1401.446977
1401.446977
1413.922270
1421.405641
1421.405641
1464.937103
1470.926502
1524.142923
 572.239953
 572.239953
 813.076773
 813.076773
 813.076773
 846.196813
 846.196813
 846.196813
 890.589777
1087.082006
1087.082006
1087.082006
1354.846098
1354.846098
1354.846098
1399.797973
1399.797973
1399.797973
1417.725905
1417.725905
1417.725905
1447.689293
1447.689293
1516.358931
 638.410419
 650.791083
 734.074248
 735.575360
 798.646474
 798.646474
 836.944511
 836.944511
 976.099474
1043.640248
1109.171426
1109.171426
1354.224780
1354.224780
1390.687414
1401.208058
1401.208058
1411.156640
1413.505180
1413.505180
1422.518585
1426.037604
1459.982684
1495.274216
 638.410419
 650.791083
 734.074248
 735.575360
 798.646474
 798.646474
 836.944511
 836.944511
 976.099474
1043.640248
1109.171426
1109.171426
1354.224780
1354.224780
1390.687414
1401.208058
1401.208058
1411.156640
1413.505180
1413.505180
1422.518585
1426.037604
1459.982684
1495.274216
 572.239953
 572.239953
 813.076773
 813.076773
 813.076773
 846.196813
 846.196813
 846.196813
 890.589777
1087.082006
1087.082006
1087.082006
1354.846098
1354.846098
1354.846098
1399.797973
1399.797973
1399.797973
1417.725905
1417.725905
1417.725905
1447.689293
1447.689293
1516.358931
 508.907691
 551.397645
 798.638227
 827.988078
 827.988078
 871.363064
 871.363064
 878.219394
 954.807451
1050.017279
1050.017279
1105.843055
1320.480058
1349.338256
1353.535175
1353.535175
1401.446977
1401.446977
1413.922270
1421.405641
1421.405641
1464.937103
1470.926502
1524.142923
 472.691817
 568.620908
 723.405206
 834.693595
 834.693595
 904.397181
 904.397181
 916.996073
1012.837883
1012.837883
1043.619206
1098.917145
1297.660917
1301.565860
1351.581073
1351.581073
1403.922376
1403.922376
1418.036120
1423.243323
1423.243323
1473.676164
1488.669242
1522.660122
 578.219797
 681.623095
 704.376460
 796.411757
 831.444502
 844.510634
 871.790325
 929.832343
 953.561831
1002.607655
1033.717761
1064.396550
1313.031172
1333.042188
1350.334442
1391.873168
1402.710214
1418.190011
1424.108283
1437.433111
1442.349171
1464.405083
1465.936612
1499.141547
 600.923113
 652.293323
 714.894474
 760.214745
 829.083948
 845.942364
 893.294145
 897.821393
 922.542814
 983.620838
1078.761440
1099.804451
1330.110385
1341.512156
1372.743027
1398.775497
1399.324958
1411.119337
1416.071221
1425.768287
1435.794990
1448.121249
1464.896522
1501.447475
 638.410419
 650.791083
 734.074248
 735.575360
 798.646474
 798.646474
 836.944511
 836.944511
 976.099474
1043.640248
1109.171426
1109.171426
1354.224780
1354.224780
1390.687414
1401.208058
1401.208058
1411.156640
1413.505180
1413.505180
1422.518585
1426.037604
1459.982684
1495.274216
 674.846426
 699.904480
 734.751856
 734.751856
 760.177989
 762.297405
 762.297405
 795.483892
1044.548672
1091.010127
1091.010127
1114.516660
1366.973722
1379.173508
1379.173508
1395.993639
1399.985917
1399.985917
1401.885056
1409.095366
1431.410013
1448.247503
1448.247503
1477.421609
 674.846426
 699.904480
 734.751856
 734.751856
 760.177989
 762.297405
 762.297405
 795.483892
1044.548672
1091.010127
1091.010127
1114.516660
1366.973722
1379.173508
1379.173508
1395.993639
1399.985917
1399.985917
1401.885056
1409.095366
1431.410013
1448.247503
1448.247503
1477.421609
 638.410419
 650.791083
 734.074248
 735.575360
 798.646474
 798.646474
 836.944511
 836.944511
 976.099474
1043.640248
1109.171426
1109.171426
1354.224780
1354.224780
1390.687414
1401.208058
1401.208058
1411.156640
1413.505180
1413.505180
1422.518585
1426.037604
1459.982684
1495.274216
 600.923113
 652.293323
 714.894474
 760.214745
 829.083948
 845.942364
 893.294145
 897.821393
 922.542814
 983.620838
1078.761440
1099.804451
1330.110385
1341.512156
1372.743027
1398.775497
1399.324958
1411.119337
1416.071221
1425.768287
1435.794990
1448.121249
1464.896522
1501.447475
 578.219797
 681.623095
 704.376460
 796.411757
 831.444502
 844.510634
 871.790325
 929.832343
 953.561831
1002.607655
1033.717761
1064.396550
1313.031172
1333.042188
1350.334442
1391.873168
1402.710214
1418.190011
1424.108283
1437.433111
1442.349171
1464.405083
1465.936612
1499.141547
 578.219797
 681.623095
 704.376460
 796.411757
 831.444502
 844.510634
 871.790325
 929.832343
 953.561831
1002.607655
1033.717761
1064.396550
1313.031172
1333.042188
1350.334442
1391.873168
1402.710214
1418.190011
1424.108283
1437.433111
1442.349171
1464.405083
1465.936612
1499.141547
 600.923113
 652.293323
 714.894474
 760.214745
 829.083948
 845.942364
 893.294145
 897.821393
 922.542814
 983.620838
1078.761440
1099.804451
1330.110385
1341.512156
1372.743027
1398.775497
1399.324958
1411.119337
1416.071221
1425.768287
1435.794990
1448.121249
1464.896522
1501.447475
 638.410419
 650.791083
 734.074248
 735.575360
 798.646474
 798.646474
 836.944511
 836.944511
 976.099474
1043.640248
1109.171426
1109.171426
1354.224780
1354.224780
1390.687414
1401.208058
1401.208058
1411.156640
1413.505180
1413.505180
1422.518585
1426.037604
1459.982684
1495.274216
 674.846426
 699.904480
 734.751856
 734.751856
 760.177989
 762.297405
 762.297405
 795.483892
1044.548672
1091.010127
1091.010127
1114.516660
1366.973722
1379.173508
1379.173508
1395.993639
1399.985917
1399.985917
1401.885056
1409.095366
1431.410013
1448.247503
1448.247503
1477.421609
 674.846426
 699.904480
 734.751856
 734.751856
 760.177989
 762.297405
 762.297405
 795.483892
1044.548672
1091.010127
1091.010127
1114.516660
1366.973722
1379.173508
1379.173508
1395.993639
1399.985917
1399.985917
1401.885056
1409.095366
1431.410013
1448.247503
1448.247503
1477.421609
 638.410419
 650.791083
 734.074248
 735.575360
 798.646474
 798.646474
 836.944511
 836.944511
 976.099474
1043.640248
1109.171426
1109.171426
1354.224780
1354.224780
1390.687414
1401.208058
1401.208058
1411.156640
1413.505180
1413.505180
1422.518585
1426.037604
1459.982684
1495.274216
 600.923113
 652.293323
 714.894474
 760.214745
 829.083948
 845.942364
 893.294145
 897.821393
 922.542814
 983.620838
1078.761440
1099.804451
1330.110385
1341.512156
1372.743027
1398.775497
1399.324958
1411.119337
1416.071221
1425.768287
1435.794990
1448.121249
1464.896522
1501.447475
 578.219797
 681.623095
 704.376460
 796.411757
 831.444502
 844.510634
 871.790325
 929.832343
 953.561831
1002.607655
1033.717761
1064.396550
1313.031172
1333.042188
1350.334442
1391.873168
1402.710214
1418.190011
1424.108283
1437.433111
1442.349171
1464.405083
1465.936612
1499.141547
 472.691817
 568.620908
 723.405206
 834.693595
 834.693595
 904.397181
 904.397181
 916.996073
1012.837883
1012.837883
1043.619206
1098.917145
1297.660917
1301.565860
1351.581073
1351.581073
1403.922376
1403.922376
1418.036120
1423.243323
1423.243323
1473.676164
1488.669242
1522.660122
 508.907691
 551.397645
 798.638227
 827.988078
 827.988078
 871.363064
 871.363064
 878.219394
 954.807451
1050.017279
1050.017279
1105.843055
1320.480058
1349.338256
1353.535175
1353.535175
1401.446977
1401.446977
1413.922270
1421.405641
1421.405641
1464.937103
1470.926502
1524.142923
 572.239953
 572.239953
 813.076773
 813.076773
 813.076773
 846.196813
 846.196813
 846.196813
 890.589777
1087.082006
1087.082006
1087.082006
1354.846098
1354.846098
1354.846098
1399.797973
1399.797973
1399.797973
1417.725905
1417.725905
1417.725905
1447.689293
1447.689293
1516.358931
 638.410419
 650.791083
 734.074248
 735.575360
 798.646474
 798.646474
 836.944511
 836.944511
 976.099474
1043.640248
1109.171426
1109.171426
1354.224780
1354.224780
1390.687414
1401.208058
1401.208058
1411.156640
1413.505180
1413.505180
1422.518585
1426.037604
1459.982684
1495.274216
 638.410419
 650.791083
 734.074248
 735.575360
 798.646474
 798.646474
 836.944511
 836.944511
 976.099474
1043.640248
1109.171426
1109.171426
1354.224780
1354.224780
1390.687414
1401.208058
1401.208058
1411.156640
1413.505180
1413.505180
1422.518585
1426.037604
1459.982684
1495.274216
 572.239953
 572.239953
 813.076773
 813.076773
 813.076773
 846.196813
 846.196813
 846.196813
 890.589777
1087.082006
1087.082006
1087.082006
1354.846098
1354.846098
1354.846098
1399.797973
1399.797973
1399.797973
1417.725905
1417.725905
1417.725905
1447.689293
1447.689293
1516.358931
 508.907691
 551.397645
 798.638227
 827.988078
 827.988078
 871.363064
 871.363064
 878.219394
 954.807451
1050.017279
1050.017279
1105.843055
1320.480058
1349.338256
1353.535175
1353.535175
1401.446977
1401.446977
1413.922270
1421.405641
1421.405641
1464.937103
1470.926502
1524.142923
 472.691817
 568.620908
 723.405206
 834.693595
 834.693595
 904.397181
 904.397181
 916.996073
1012.837883
1012.837883
1043.619206
1098.917145
1297.660917
1301.565860
1351.581073
1351.581073
1403.922376
1403.922376
1418.036120
1423.243323
1423.243323
1473.676164
1488.669242
1522.660122
 411.120480
 471.379183
 614.784396
 836.278711
 865.602622
 955.804385
 975.214617
1000.236442
1000.242041
1074.766668
1077.415963
1114.886458
1246.841112
1285.194726
1304.058309
1364.038493
1365.280205
1387.621549
1388.617578
1398.862058
1443.922024
1497.616354
1504.328848
1534.773963
 453.774745
 475.916848
 696.575684
 834.793353
 861.390083
 919.613555
 919.613555
 983.726498
 983.726498
1020.778407
1093.998252
1093.998252
1301.630395
1301.630395
1349.017970
1349.017970
1362.121975
1392.222537
1404.007502
1404.007502
1436.371678
1488.353775
1488.573222
1534.003004
 508.907691
 551.397645
 798.638227
 827.988078
 827.988078
 871.363064
 871.363064
 878.219394
 954.807451
1050.017279
1050.017279
1105.843055
1320.480058
1349.338256
1353.535175
1353.535175
1401.446977
1401.446977
1413.922270
1421.405641
1421.405641
1464.937103
1470.926502
1524.142923
 600.923113
 652.293323
 714.894474
 760.214745
 829.083948
 845.942364
 893.294145
 897.821393
 922.542814
 983.620838
1078.761440
1099.804451
1330.110385
1341.512156
1372.743027
1398.775497
1399.324958
1411.119337
1416.071221
1425.768287
1435.794990
1448.121249
1464.896522
1501.447475
 600.923113
 652.293323
 714.894474
 760.214745
 829.083948
 845.942364
 893.294145
 897.821393
 922.542814
 983.620838
1078.761440
1099.804451
1330.110385
1341.512156
1372.743027
1398.775497
1399.324958
1411.119337
1416.071221
1425.768287
1435.794990
1448.121249
1464.896522
1501.447475
 508.907691
 551.397645
 798.638227
 827.988078
 827.988078
 871.363064
 871.363064
 878.219394
 954.807451
1050.017279
1050.017279
1105.843055
1320.480058
1349.338256
1353.535175
1353.535175
1401.446977
1401.446977
1413.922270
1421.405641
1421.405641
1464.937103
1470.926502
1524.142923
 453.774745
 475.916848
 696.575684
 834.793353
 861.390083
 919.613555
 919.613555
 983.726498
 983.726498
1020.778407
1093.998252
1093.998252
1301.630395
1301.630395
1349.017970
1349.017970
1362.121975
1392.222537
1404.007502
1404.007502
1436.371678
1488.353775
1488.573222
1534.003004
 411.120480
 471.379183
 614.784396
 836.278711
 865.602622
 955.804385
 975.214617
1000.236442
1000.242041
1074.766668
1077.415963
1114.886458
1246.841112
1285.194726
1304.058309
1364.038493
1365.280205
1387.621549
1388.617578
1398.862058
1443.922024
1497.616354
1504.328848
1534.773963
 403.647438
 414.713198
 526.621214
 839.795955
 844.962071
 994.444466
1037.014099
1037.014099
1085.482349
1085.482349
1112.147770
1112.147770
1204.742836
1204.742836
1331.926766
1331.926766
1368.469153
1368.469153
1372.317925
1376.835078
1454.163269
1512.243378
1512.290493
1538.010850
 411.120480
 471.379183
 614.784396
 836.278711
 865.602622
 955.804385
 975.214617
1000.236442
1000.242041
1074.766668
1077.415963
1114.886458
1246.841112
1285.194726
1304.058309
1364.038493
1365.280205
1387.621549
1388.617578
1398.862058
1443.922024
1497.616354
1504.328848
1534.773963
 472.691817
 568.620908
 723.405206
 834.693595
 834.693595
 904.397181
 904.397181
 916.996073
1012.837883
1012.837883
1043.619206
1098.917145
1297.660917
1301.565860
1351.581073
1351.581073
1403.922376
1403.922376
1418.036120
1423.243323
1423.243323
1473.676164
1488.669242
1522.660122
 578.219797
 681.623095
 704.376460
 796.411757
 831.444502
 844.510634
 871.790325
 929.832343
 953.561831
1002.607655
1033.717761
1064.396550
1313.031172
1333.042188
1350.334442
1391.873168
1402.710214
1418.190011
1424.108283
1437.433111
1442.349171
1464.405083
1465.936612
1499.141547
 578.219797
 681.623095
 704.376460
 796.411757
 831.444502
 844.510634
 871.790325
 929.832343
 953.561831
1002.607655
1033.717761
1064.396550
1313.031172
1333.042188
1350.334442
1391.873168
1402.710214
1418.190011
1424.108283
1437.433111
1442.349171
1464.405083
1465.936612
1499.141547
 472.691817
 568.620908
 723.405206
 834.693595
 834.693595
 904.397181
 904.397181
 916.996073
1012.837883
1012.837883
1043.619206
1098.917145
1297.660917
1301.565860
1351.581073
1351.581073
1403.922376
1403.922376
1418.036120
1423.243323
1423.243323
1473.676164
1488.669242
1522.660122
 411.120480
 471.379183
 614.784396
 836.278711
 865.602622
 955.804385
 975.214617
1000.236442
1000.242041
1074.766668
1077.415963
1114.886458
1246.841112
1285.194726
1304.058309
1364.038493
1365.280205
1387.621549
1388.617578
1398.862058
1443.922024
1497.616354
1504.328848
1534.773963
 403.647438
 414.713198
 526.621214
 839.795955
 844.962071
 994.444466
1037.014099
1037.014099
1085.482349
1085.482349
1112.147770
1112.147770
1204.742836
1204.742836
1331.926766
1331.926766
1368.469153
1368.469153
1372.317925
1376.835078
1454.163269
1512.243378
1512.290493
1538.010850
 560.100897
 564.634720
 694.521301
 707.445211
 708.405051
 851.951185
1045.500702
1045.500702
1076.171064
1076.171064
1099.414851
1099.414851
1188.249790
1188.249790
1348.657871
1348.657871
1377.657563
1377.657563
1430.375685
1433.189738
1477.198398
1478.470232
1493.381234
1520.553010
 553.750523
 606.513580
 699.230083
 739.758422
 754.372162
 884.597672
 956.093149
 960.057438
1023.021947
1048.807224
1075.984367
1095.932847
1251.156461
1267.602433
1337.762840
1362.758652
1394.958212
1403.758024
1420.721208
1435.088239
1464.627305
1474.183826
1483.946635
1514.413485
 578.219797
 681.623095
 704.376460
 796.411757
 831.444502
 844.510634
 871.790325
 929.832343
 953.561831
1002.607655
1033.717761
1064.396550
1313.031172
1333.042188
1350.334442
1391.873168
1402.710214
1418.190011
1424.108283
1437.433111
1442.349171
1464.405083
1465.936612
1499.141547
 642.302251
 735.704618
 735.704618
 772.902433
 793.736008
 867.078255
 867.078255
 908.008086
 939.696427
 976.715211
 976.715211
1022.045212
1351.421343
1378.925912
1378.925912
1389.259659
1413.604776
1429.096601
1429.096601
1436.053864
1442.202943
1442.202943
1452.674306
1473.067907
 642.302251
 735.704618
 735.704618
 772.902433
 793.736008
 867.078255
 867.078255
 908.008086
 939.696427
 976.715211
 976.715211
1022.045212
1351.421343
1378.925912
1378.925912
1389.259659
1413.604776
1429.096601
1429.096601
1436.053864
1442.202943
1442.202943
1452.674306
1473.067907
 578.219797
 681.623095
 704.376460
 796.411757
 831.444502
 844.510634
 871.790325
 929.832343
 953.561831
1002.607655
1033.717761
1064.396550
1313.031172
1333.042188
1350.334442
1391.873168
1402.710214
1418.190011
1424.108283
1437.433111
1442.349171
1464.405083
1465.936612
1499.141547
 553.750523
 606.513580
 699.230083
 739.758422
 754.372162
 884.597672
 956.093149
 960.057438
1023.021947
1048.807224
1075.984367
1095.932847
1251.156461
1267.602433
1337.762840
1362.758652
1394.958212
1403.758024
1420.721208
1435.088239
1464.627305
1474.183826
1483.946635
1514.413485
 560.100897
 564.634720
 694.521301
 707.445211
 708.405051
 851.951185
1045.500702
1045.500702
1076.171064
1076.171064
1099.414851
1099.414851
1188.249790
1188.249790
1348.657871
1348.657871
1377.657563
1377.657563
1430.375685
1433.189738
1477.198398
1478.470232
1493.381234
1520.553010
 553.750523
 606.513580
 699.230083
 739.758422
 754.372162
 884.597672
 956.093149
 960.057438
1023.021947
1048.807224
1075.984367
1095.932847
1251.156461
1267.602433
1337.762840
1362.758652
1394.958212
1403.758024
1420.721208
1435.088239
1464.627305
1474.183826
1483.946635
1514.413485
 580.951455
 597.813177
 719.905044
 721.756484
 817.988283
 912.621933
 912.621933
 928.048924
 973.253145
 973.253145
1100.469925
1100.469925
1294.820172
1294.820172
1362.203087
1362.203087
1404.377536
1404.377536
1413.625076
1431.209359
1456.236100
1461.943123
1477.915709
1512.028632
 600.923113
 652.293323
 714.894474
 760.214745
 829.083948
 845.942364
 893.294145
 897.821393
 922.542814
 983.620838
1078.761440
1099.804451
1330.110385
1341.512156
1372.743027
1398.775497
1399.324958
1411.119337
1416.071221
1425.768287
1435.794990
1448.121249
1464.896522
1501.447475
 653.754018
 728.638199
 735.343394
 735.343394
 781.852023
 811.323381
 811.323381
 867.453007
 973.598559
1035.685685
1035.685685
1076.410574
1357.055070
1379.042406
1379.042406
1396.802897
1409.575034
1416.488796
1416.488796
1428.678846
1432.155832
1446.009282
1446.009282
1479.443583
 653.754018
 728.638199
 735.343394
 735.343394
 781.852023
 811.323381
 811.323381
 867.453007
 973.598559
1035.685685
1035.685685
1076.410574
1357.055070
1379.042406
1379.042406
1396.802897
1409.575034
1416.488796
1416.488796
1428.678846
1432.155832
1446.009282
1446.009282
1479.443583
 600.923113
 652.293323
 714.894474
 760.214745
 829.083948
 845.942364
 893.294145
 897.821393
 922.542814
 983.620838
1078.761440
1099.804451
1330.110385
1341.512156
1372.743027
1398.775497
1399.324958
1411.119337
1416.071221
1425.768287
1435.794990
1448.121249
1464.896522
1501.447475
 580.951455
 597.813177
 719.905044
 721.756484
 817.988283
 912.621933
 912.621933
 928.048924
 973.253145
 973.253145
1100.469925
1100.469925
1294.820172
1294.820172
1362.203087
1362.203087
1404.377536
1404.377536
1413.625076
1431.209359
1456.236100
1461.943123
1477.915709
1512.028632
 553.750523
 606.513580
 699.230083
 739.758422
 754.372162
 884.597672
 956.093149
 960.057438
1023.021947
1048.807224
1075.984367
1095.932847
1251.156461
1267.602433
1337.762840
1362.758652
1394.958212
1403.758024
1420.721208
1435.088239
1464.627305
1474.183826
1483.946635
1514.413485
 578.219797
 681.623095
 704.376460
 796.411757
 831.444502
 844.510634
 871.790325
 929.832343
 953.561831
1002.607655
1033.717761
1064.396550
1313.031172
1333.042188
1350.334442
1391.873168
1402.710214
1418.190011
1424.108283
1437.433111
1442.349171
1464.405083
1465.936612
1499.141547
 600.923113
 652.293323
 714.894474
 760.214745
 829.083948
 845.942364
 893.294145
 897.821393
 922.542814
 983.620838
1078.761440
1099.804451
1330.110385
1341.512156
1372.743027
1398.775497
1399.324958
1411.119337
1416.071221
1425.768287
1435.794990
1448.121249
1464.896522
1501.447475
 638.410419
 650.791083
 734.074248
 735.575360
 798.646474
 798.646474
 836.944511
 836.944511
 976.099474
1043.640248
1109.171426
1109.171426
1354.224780
1354.224780
1390.687414
1401.208058
1401.208058
1411.156640
1413.505180
1413.505180
1422.518585
1426.037604
1459.982684
1495.274216
 674.846426
 699.904480
 734.751856
 734.751856
 760.177989
 762.297405
 762.297405
 795.483892
1044.548672
1091.010127
1091.010127
1114.516660
1366.973722
1379.173508
1379.173508
1395.993639
1399.985917
1399.985917
1401.885056
1409.095366
1431.410013
1448.247503
1448.247503
1477.421609
 674.846426
 699.904480
 734.751856
 734.751856
 760.177989
 762.297405
 762.297405
 795.483892
1044.548672
1091.010127
1091.010127
1114.516660
1366.973722
1379.173508
1379.173508
1395.993639
1399.985917
1399.985917
1401.885056
1409.095366
1431.410013
1448.247503
1448.247503
1477.421609
 638.410419
 650.791083
 734.074248
 735.575360
 798.646474
 798.646474
 836.944511
 836.944511
 976.099474
1043.640248
1109.171426
1109.171426
1354.224780
1354.224780
1390.687414
1401.208058
1401.208058
1411.156640
1413.505180
1413.505180
1422.518585
1426.037604
1459.982684
1495.274216
 600.923113
 652.293323
 714.894474
 760.214745
 829.083948
 845.942364
 893.294145
 897.821393
 922.542814
 983.620838
1078.761440
1099.804451
1330.110385
1341.512156
1372.743027
1398.775497
1399.324958
1411.119337
1416.071221
1425.768287
1435.794990
1448.121249
1464.896522
1501.447475
 578.219797
 681.623095
 704.376460
 796.411757
 831.444502
 844.510634
 871.790325
 929.832343
 953.561831
1002.607655
1033.717761
1064.396550
1313.031172
1333.042188
1350.334442
1391.873168
1402.710214
1418.190011
1424.108283
1437.433111
1442.349171
1464.405083
1465.936612
1499.141547
 642.302251
 735.704618
 735.704618
 772.902433
 793.736008
 867.078255
 867.078255
 908.008086
 939.696427
 976.715211
 976.715211
1022.045212
1351.421343
1378.925912
1378.925912
1389.259659
1413.604776
1429.096601
1429.096601
1436.053864
1442.202943
1442.202943
1452.674306
1473.067907
 653.754018
 728.638199
 735.343394
 735.343394
 781.852023
 811.323381
 811.323381
 867.453007
 973.598559
1035.685685
1035.685685
1076.410574
1357.055070
1379.042406
1379.042406
1396.802897
1409.575034
1416.488796
1416.488796
1428.678846
1432.155832
1446.009282
1446.009282
1479.443583
 674.846426
 699.904480
 734.751856
 734.751856
 760.177989
 762.297405
 762.297405
 795.483892
1044.548672
1091.010127
1091.010127
1114.516660
1366.973722
1379.173508
1379.173508
1395.993639
1399.985917
1399.985917
1401.885056
1409.095366
1431.410013
1448.247503
1448.247503
1477.421609
 702.366089
 702.366089
 732.267001
 732.267001
 732.267001
 736.743053
 736.743053
 736.743053
1099.743037
1124.826178
1124.826178
1124.826178
1379.096239
1379.096239
1379.096239
1387.246065
1387.246065
1387.246065
1391.311475
1391.311475
1449.194392
1449.194392
1449.194392
1466.562876
 702.366089
 702.366089
 732.267001
 732.267001
 732.267001
 736.743053
 736.743053
 736.743053
1099.743037
1124.826178
1124.826178
1124.826178
1379.096239
1379.096239
1379.096239
1387.246065
1387.246065
1387.246065
1391.311475
1391.311475
1449.194392
1449.194392
1449.194392
1466.562876
 674.846426
 699.904480
 734.751856
 734.751856
 760.177989
 762.297405
 762.297405
 795.483892
1044.548672
1091.010127
1091.010127
1114.516660
1366.973722
1379.173508
1379.173508
1395.993639
1399.985917
1399.985917
1401.885056
1409.095366
1431.410013
1448.247503
1448.247503
1477.421609
 653.754018
 728.638199
 735.343394
 735.343394
 781.852023
 811.323381
 811.323381
 867.453007
 973.598559
1035.685685
1035.685685
1076.410574
1357.055070
1379.042406
1379.042406
1396.802897
1409.575034
1416.488796
1416.488796
1428.678846
1432.155832
1446.009282
1446.009282
1479.443583
 642.302251
 735.704618
 735.704618
 772.902433
 793.736008
 867.078255
 867.078255
 908.008086
 939.696427
 976.715211
 976.715211
1022.045212
1351.421343
1378.925912
1378.925912
1389.259659
1413.604776
1429.096601
1429.096601
1436.053864
1442.202943
1442.202943
1452.674306
1473.067907
 642.302251
 735.704618
 735.704618
 772.902433
 793.736008
 867.078255
 867.078255
 908.008086
 939.696427
 976.715211
 976.715211
1022.045212
1351.421343
1378.925912
1378.925912
1389.259659
1413.604776
1429.096601
1429.096601
1436.053864
1442.202943
1442.202943
1452.674306
1473.067907
 653.754018
 728.638199
 735.343394
 735.343394
 781.852023
 811.323381
 811.323381
 867.453007
 973.598559
1035.685685
1035.685685
1076.410574
1357.055070
1379.042406
1379.042406
1396.802897
1409.575034
1416.488796
1416.488796
1428.678846
1432.155832
1446.009282
1446.009282
1479.443583
 674.846426
 699.904480
 734.751856
 734.751856
 760.177989
 762.297405
 762.297405
 795.483892
1044.548672
1091.010127
1091.010127
1114.516660
1366.973722
1379.173508
1379.173508
1395.993639
1399.985917
1399.985917
1401.885056
1409.095366
1431.410013
1448.247503
1448.247503
1477.421609
 702.366089
 702.366089
 732.267001
 732.267001
 732.267001
 736.743053
 736.743053
 736.743053
1099.743037
1124.826178
1124.826178
1124.826178
1379.096239
1379.096239
1379.096239
1387.246065
1387.246065
1387.246065
1391.311475
1391.311475
1449.194392
1449.194392
1449.194392
1466.562876
 702.366089
 702.366089
 732.267001
 732.267001
 732.267001
 736.743053
 736.743053
 736.743053
1099.743037
1124.826178
1124.826178
1124.826178
1379.096239
1379.096239
1379.096239
1387.246065
1387.246065
1387.246065
1391.311475
1391.311475
1449.194392
1449.194392
1449.194392
1466.562876
 674.846426
 699.904480
 734.751856
 734.751856
 760.177989
 762.297405
 762.297405
 795.483892
1044.548672
1091.010127
1091.010127
1114.516660
1366.973722
1379.173508
1379.173508
1395.993639
1399.985917
1399.985917
1401.885056
1409.095366
1431.410013
1448.247503
1448.247503
1477.421609
 653.754018
 728.638199
 735.343394
 735.343394
 781.852023
 811.323381
 811.323381
 867.453007
 973.598559
1035.685685
1035.685685
1076.410574
1357.055070
1379.042406
1379.042406
1396.802897
1409.575034
1416.488796
1416.488796
1428.678846
1432.155832
1446.009282
1446.009282
1479.443583
 642.302251
 735.704618
 735.704618
 772.902433
 793.736008
 867.078255
 867.078255
 908.008086
 939.696427
 976.715211
 976.715211
1022.045212
1351.421343
1378.925912
1378.925912
1389.259659
1413.604776
1429.096601
1429.096601
1436.053864
1442.202943
1442.202943
1452.674306
1473.067907
 578.219797
 681.623095
 704.376460
 796.411757
 831.444502
 844.510634
 871.790325
 929.832343
 953.561831
1002.607655
1033.717761
1064.396550
1313.031172
1333.042188
1350.334442
1391.873168
1402.710214
1418.190011
1424.108283
1437.433111
1442.349171
1464.405083
1465.936612
1499.141547
 600.923113
 652.293323
 714.894474
 760.214745
 829.083948
 845.942364
 893.294145
 897.821393
 922.542814
 983.620838
1078.761440
1099.804451
1330.110385
1341.512156
1372.743027
1398.775497
1399.324958
1411.119337
1416.071221
1425.768287
1435.794990
1448.121249
1464.896522
1501.447475
 638.410419
 650.791083
 734.074248
 735.575360
 798.646474
 798.646474
 836.944511
 836.944511
 976.099474
1043.640248
1109.171426
1109.171426
1354.224780
1354.224780
1390.687414
1401.208058
1401.208058
1411.156640
1413.505180
1413.505180
1422.518585
1426.037604
1459.982684
1495.274216
 674.846426
 699.904480
 734.751856
 734.751856
 760.177989
 762.297405
 762.297405
 795.483892
1044.548672
1091.010127
1091.010127
1114.516660
1366.973722
1379.173508
1379.173508
1395.993639
1399.985917
1399.985917
1401.885056
1409.095366
1431.410013
1448.247503
1448.247503
1477.421609
 674.846426
 699.904480
 734.751856
 734.751856
 760.177989
 762.297405
 762.297405
 795.483892
1044.548672
1091.010127
1091.010127
1114.516660
1366.973722
1379.173508
1379.173508
1395.993639
1399.985917
1399.985917
1401.885056
1409.095366
1431.410013
1448.247503
1448.247503
1477.421609
 638.410419
 650.791083
 734.074248
 735.575360
 798.646474
 798.646474
 836.944511
 836.944511
 976.099474
1043.640248
1109.171426
1109.171426
1354.224780
1354.224780
1390.687414
1401.208058
1401.208058
1411.156640
1413.505180
1413.505180
1422.518585
1426.037604
1459.982684
1495.274216
 600.923113
 652.293323
 714.894474
 760.214745
 829.083948
 845.942364
 893.294145
 897.821393
 922.542814
 983.620838
1078.761440
1099.804451
1330.110385
1341.512156
1372.743027
1398.775497
1399.324958
1411.119337
1416.071221
1425.768287
1435.794990
1448.121249
1464.896522
1501.447475
 578.219797
 681.623095
 704.376460
 796.411757
 831.444502
 844.510634
 871.790325
 929.832343
 953.561831
1002.607655
1033.717761
1064.396550
1313.031172
1333.042188
1350.334442
1391.873168
1402.710214
1418.190011
1424.108283
1437.433111
1442.349171
1464.405083
1465.936612
1499.141547
 553.750523
 606.513580
 699.230083
 739.758422
 754.372162
 884.597672
 956.093149
 960.057438
1023.021947
1048.807224
1075.984367
1095.932847
1251.156461
1267.602433
1337.762840
1362.758652
1394.958212
1403.758024
1420.721208
1435.088239
1464.627305
1474.183826
1483.946635
1514.413485
 580.951455
 597.813177
 719.905044
 721.756484
 817.988283
 912.621933
 912.621933
 928.048924
 973.253145
 973.253145
1100.469925
1100.469925
1294.820172
1294.820172
1362.203087
1362.203087
1404.377536
1404.377536
1413.625076
1431.209359
1456.236100
1461.943123
1477.915709
1512.028632
 600.923113
 652.293323
 714.894474
 760.214745
 829.083948
 845.942364
 893.294145
 897.821393
 922.542814
 983.620838
1078.761440
1099.804451
1330.110385
1341.512156
1372.743027
1398.775497
1399.324958
1411.119337
1416.071221
1425.768287
1435.794990
1448.121249
1464.896522
1501.447475
 653.754018
 728.638199
 735.343394
 735.343394
 781.852023
 811.323381
 811.323381
 867.453007
 973.598559
1035.685685
1035.685685
1076.410574
1357.055070
1379.042406
1379.042406
1396.802897
1409.575034
1416.488796
1416.488796
1428.678846
1432.155832
1446.009282
1446.009282
1479.443583
 653.754018
 728.638199
 735.343394
 735.343394
 781.852023
 811.323381
 811.323381
 867.453007
 973.598559
1035.685685
1035.685685
1076.410574
1357.055070
1379.042406
1379.042406
1396.802897
1409.575034
1416.488796
1416.488796
1428.678846
1432.155832
1446.009282
1446.009282
1479.443583
 600.923113
 652.293323
 714.894474
 760.214745
 829.083948
 845.942364
 893.294145
 897.821393
 922.542814
 983.620838
1078.761440
1099.804451
1330.110385
1341.512156
1372.743027
1398.775497
1399.324958
1411.119337
1416.071221
1425.768287
1435.794990
1448.121249
1464.896522
1501.447475
 580.951455
 597.813177
 719.905044
 721.756484
 817.988283
 912.621933
 912.621933
 928.048924
 973.253145
 973.253145
1100.469925
1100.469925
1294.820172
1294.820172
1362.203087
1362.203087
1404.377536
1404.377536
1413.625076
1431.209359
1456.236100
1461.943123
1477.915709
1512.028632
 553.750523
 606.513580
 699.230083
 739.758422
 754.372162
 884.597672
 956.093149
 960.057438
1023.021947
1048.807224
1075.984367
1095.932847
1251.156461
1267.602433
1337.762840
1362.758652
1394.958212
1403.758024
1420.721208
1435.088239
1464.627305
1474.183826
1483.946635
1514.413485
 560.100897
 564.634720
 694.521301
 707.445211
 708.405051
 851.951185
1045.500702
1045.500702
1076.171064
1076.171064
1099.414851
1099.414851
1188.249790
1188.249790
1348.657871
1348.657871
1377.657563
1377.657563
1430.375685
1433.189738
1477.198398
1478.470232
1493.381234
1520.553010
 553.750523
 606.513580
 699.230083
 739.758422
 754.372162
 884.597672
 956.093149
 960.057438
1023.021947
1048.807224
1075.984367
1095.932847
1251.156461
1267.602433
1337.762840
1362.758652
1394.958212
1403.758024
1420.721208
1435.088239
1464.627305
1474.183826
1483.946635
1514.413485
 578.219797
 681.623095
 704.376460
 796.411757
 831.444502
 844.510634
 871.790325
 929.832343
 953.561831
1002.607655
1033.717761
1064.396550
1313.031172
1333.042188
1350.334442
1391.873168
1402.710214
1418.190011
1424.108283
1437.433111
1442.349171
1464.405083
1465.936612
1499.141547
 642.302251
 735.704618
 735.704618
 772.902433
 793.736008
 867.078255
 867.078255
 908.008086
 939.696427
 976.715211
 976.715211
1022.045212
1351.421343
1378.925912
1378.925912
1389.259659
1413.604776
1429.096601
1429.096601
1436.053864
1442.202943
1442.202943
1452.674306
1473.067907
 642.302251
 735.704618
 735.704618
 772.902433
 793.736008
 867.078255
 867.078255
 908.008086
 939.696427
 976.715211
 976.715211
1022.045212
1351.421343
1378.925912
1378.925912
1389.259659
1413.604776
1429.096601
1429.096601
1436.053864
1442.202943
1442.202943
1452.674306
1473.067907
 578.219797
 681.623095
 704.376460
 796.411757
 831.444502
 844.510634
 871.790325
 929.832343
 953.561831
1002.607655
1033.717761
1064.396550
1313.031172
1333.042188
1350.334442
1391.873168
1402.710214
1418.190011
1424.108283
1437.433111
1442.349171
1464.405083
1465.936612
1499.141547
 553.750523
 606.513580
 699.230083
 739.758422
 754.372162
 884.597672
 956.093149
 960.057438
1023.021947
1048.807224
1075.984367
1095.932847
1251.156461
1267.602433
1337.762840
1362.758652
1394.958212
1403.758024
1420.721208
1435.088239
1464.627305
1474.183826
1483.946635
1514.413485
 560.100897
 564.634720
 694.521301
 707.445211
 708.405051
 851.951185
1045.500702
1045.500702
1076.171064
1076.171064
1099.414851
1099.414851
1188.249790
1188.249790
1348.657871
1348.657871
1377.657563
1377.657563
1430.375685
1433.189738
1477.198398
1478.470232
1493.381234
1520.553010
