 126.539955
 126.539955
 200.262709
1051.744699
1051.744699
1051.744699
1064.451651
1064.451651
1064.451651
1213.986676
1213.986676
1213.986676
1260.164266
1260.164266
1260.164266
1283.815687
1283.815687
1283.815687
1349.000048
1349.000048
1349.000048
1563.529748
1563.529748
1567.819228
 248.277545
 264.842039
 359.020372
 964.848269
 973.757175
1044.285108
1044.285108
1080.059167
1080.059167
1128.930678
1167.619042
1167.619042
1243.212409
1243.212409
1316.772461
1316.772461
1321.162854
1327.956174
1367.159639
1367.159639
1415.520713
1551.350952
1551.861382
1564.136692
 407.091449
 418.486218
 532.218703
 847.077872
 852.475384
1004.512584
1044.638271
1044.638271
1095.495020
1095.495020
1124.023495
1124.023495
1217.126301
1217.126301
1347.391092
1347.391092
1384.672973
1384.672973
1387.809121
1392.311174
1469.215827
1528.441276
1528.548746
1554.116439
 565.097412
 569.767924
 701.713508
 713.784139
 714.797112
 860.643453
1053.757437
1053.757437
1086.960223
1086.960223
1111.259865
1111.259865
1198.714103
1198.714103
1364.323065
1364.323065
1394.240664
1394.240664
1446.080491
1448.939616
1493.166586
1494.501990
1508.882990
1536.403479
 565.097412
 569.767924
 701.713508
 713.784139
 714.797112
 860.643453
1053.757437
1053.757437
1086.960223
1086.960223
1111.259865
1111.259865
1198.714103
1198.714103
1364.323065
1364.323065
1394.240664
1394.240664
1446.080491
1448.939616
1493.166586
1494.501990
1508.882990
1536.403479
 407.091449
 418.486218
 532.218703
 847.077872
 852.475384
1004.512584
1044.638271
1044.638271
1095.495020
1095.495020
1124.023495
1124.023495
1217.126301
1217.126301
1347.391092
1347.391092
1384.672973
1384.672973
1387.809121
1392.311174
1469.215827
1528.441276
1528.548746
1554.116439
 248.277545
 264.842039
 359.020372
 964.848269
 973.757175
1044.285108
1044.285108
1080.059167
1080.059167
1128.930678
1167.619042
1167.619042
1243.212409
1243.212409
1316.772461
1316.772461
1321.162854
1327.956174
1367.159639
1367.159639
1415.520713
1551.350952
1551.861382
1564.136692
 126.539955
 126.539955
 200.262709
1051.744699
1051.744699
1051.744699
1064.451651
1064.451651
1064.451651
1213.986676
1213.986676
1213.986676
1260.164266
1260.164266
1260.164266
1283.815687
1283.815687
1283.815687
1349.000048
1349.000048
1349.000048
1563.529748
1563.529748
1567.819228
 248.277545
 264.842039
 359.020372
 964.848269
 973.757175
1044.285108
1044.285108
1080.059167
1080.059167
1128.930678
1167.619042
1167.619042
1243.212409
1243.212409
1316.772461
1316.772461
1321.162854
1327.956174
1367.159639
1367.159639
1415.520713
1551.350952
1551.861382
1564.136692
 296.298095
 348.985097
 479.739467
 962.504873
 962.504873
 989.194403
 989.194403
1008.923291
1103.805754
1105.999417
1105.999417
1139.365257
1277.343853
1282.674043
1314.008291
1314.008291
1351.760627
1351.760627
1396.366509
1411.398845
1411.398845
1537.450016
1541.218087
1561.485013
 413.828467
 475.793711
 621.662636
 843.203548
 873.599020
 963.263164
 981.509465
1009.804909
1010.421785
1085.675741
1088.888108
1127.389664
1258.631441
1299.116967
1318.502631
1379.502005
1380.720082
1403.368742
1404.108894
1415.651487
1458.683548
1513.971555
1520.548353
1550.537687
 557.906983
 612.234907
 704.881418
 746.695940
 762.546276
 893.876813
 963.212481
 966.677355
1033.120795
1059.452293
1087.700685
1108.731477
1262.666259
1280.215171
1352.416550
1377.397181
1411.743996
1420.666105
1436.545854
1451.054778
1480.774769
1490.297340
1498.975431
1529.811464
 557.906983
 612.234907
 704.881418
 746.695940
 762.546276
 893.876813
 963.212481
 966.677355
1033.120795
1059.452293
1087.700685
1108.731477
1262.666259
1280.215171
1352.416550
1377.397181
1411.743996
1420.666105
1436.545854
1451.054778
1480.774769
1490.297340
1498.975431
1529.811464
 413.828467
 475.793711
 621.662636
 843.203548
 873.599020
 963.263164
 981.509465
1009.804909
1010.421785
1085.675741
1088.888108
1127.389664
1258.631441
1299.116967
1318.502631
1379.502005
1380.720082
1403.368742
1404.108894
1415.651487
1458.683548
1513.971555
1520.548353
1550.537687
 296.298095
 348.985097
 479.739467
 962.504873
 962.504873
 989.194403
 989.194403
1008.923291
1103.805754
1105.999417
1105.999417
1139.365257
1277.343853
1282.674043
1314.008291
1314.008291
1351.760627
1351.760627
1396.366509
1411.398845
1411.398845
1537.450016
1541.218087
1561.485013
 248.277545
 264.842039
 359.020372
 964.848269
 973.757175
1044.285108
1044.285108
1080.059167
1080.059167
1128.930678
1167.619042
1167.619042
1243.212409
1243.212409
1316.772461
1316.772461
1321.162854
1327.956174
1367.159639
1367.159639
1415.520713
1551.350952
1551.861382
1564.136692
 407.091449
 418.486218
 532.218703
 847.077872
 852.475384
1004.512584
1044.638271
1044.638271
1095.495020
1095.495020
1124.023495
1124.023495
1217.126301
1217.126301
1347.391092
1347.391092
1384.672973
1384.672973
1387.809121
1392.311174
1469.215827
1528.441276
1528.548746
1554.116439
 413.828467
 475.793711
 621.662636
 843.203548
 873.599020
 963.263164
 981.509465
1009.804909
1010.421785
1085.675741
1088.888108
1127.389664
1258.631441
1299.116967
1318.502631
1379.502005
1380.720082
1403.368742
1404.108894
1415.651487
1458.683548
1513.971555
1520.548353
1550.537687
 475.426277
 574.159574
 731.532111
 841.019605
 841.019605
 913.216685
 913.216685
 922.610028
1023.380463
1023.380463
1054.530492
1112.119787
1310.961506
1314.334825
1366.821470
1366.821470
1420.094704
1420.094704
1435.067775
1437.497867
1437.497867
1490.088428
1504.876408
1537.942497
 581.824184
 688.380645
 709.286013
 804.299604
 840.623040
 850.258205
 877.245422
 939.822387
 963.249404
1012.938535
1045.013273
1076.814386
1327.516641
1347.955743
1362.941846
1405.278385
1418.730217
1434.916179
1441.098322
1453.730858
1458.688213
1478.590640
1482.157701
1513.856548
 581.824184
 688.380645
 709.286013
 804.299604
 840.623040
 850.258205
 877.245422
 939.822387
 963.249404
1012.938535
1045.013273
1076.814386
1327.516641
1347.955743
1362.941846
1405.278385
1418.730217
1434.916179
1441.098322
1453.730858
1458.688213
1478.590640
1482.157701
1513.856548
 475.426277
 574.159574
 731.532111
 841.019605
 841.019605
 913.216685
 913.216685
 922.610028
1023.380463
1023.380463
1054.530492
1112.119787
1310.961506
1314.334825
1366.821470
1366.821470
1420.094704
1420.094704
1435.067775
1437.497867
1437.497867
1490.088428
1504.876408
1537.942497
 413.828467
 475.793711
 621.662636
 843.203548
 873.599020
 963.263164
 981.509465
1009.804909
1010.421785
1085.675741
1088.888108
1127.389664
1258.631441
1299.116967
1318.502631
1379.502005
1380.720082
1403.368742
1404.108894
1415.651487
1458.683548
1513.971555
1520.548353
1550.537687
 407.091449
 418.486218
 532.218703
 847.077872
 852.475384
1004.512584
1044.638271
1044.638271
1095.495020
1095.495020
1124.023495
1124.023495
1217.126301
1217.126301
1347.391092
1347.391092
1384.672973
1384.672973
1387.809121
1392.311174
1469.215827
1528.441276
1528.548746
1554.116439
 565.097412
 569.767924
 701.713508
 713.784139
 714.797112
 860.643453
1053.757437
1053.757437
1086.960223
1086.960223
1111.259865
1111.259865
1198.714103
1198.714103
1364.323065
1364.323065
1394.240664
1394.240664
1446.080491
1448.939616
1493.166586
1494.501990
1508.882990
1536.403479
 557.906983
 612.234907
 704.881418
 746.695940
 762.546276
 893.876813
 963.212481
 966.677355
1033.120795
1059.452293
1087.700685
1108.731477
1262.666259
1280.215171
1352.416550
1377.397181
1411.743996
1420.666105
1436.545854
1451.054778
1480.774769
1490.297340
1498.975431
1529.811464
 581.824184
 688.380645
 709.286013
 804.299604
 840.623040
 850.258205
 877.245422
 939.822387
 963.249404
1012.938535
1045.013273
1076.814386
1327.516641
1347.955743
1362.941846
1405.278385
1418.730217
1434.916179
1441.098322
1453.730858
1458.688213
1478.590640
1482.157701
1513.856548
 646.061083
 740.253207
 740.253207
 780.810008
 798.471945
 876.019986
 876.019986
 918.040370
 949.507365
 987.446096
 987.446096
1033.608667
1367.969083
1395.189017
1395.189017
1401.031179
1430.051501
1442.984139
1442.984139
1452.850350
1457.997438
1457.997438
1468.798113
1487.197416
 646.061083
 740.253207
 740.253207
 780.810008
 798.471945
 876.019986
 876.019986
 918.040370
 949.507365
 987.446096
 987.446096
1033.608667
1367.969083
1395.189017
1395.189017
1401.031179
1430.051501
1442.984139
1442.984139
1452.850350
1457.997438
1457.997438
1468.798113
1487.197416
 581.824184
 688.380645
 709.286013
 804.299604
 840.623040
 850.258205
 877.245422
 939.822387
 963.249404
1012.938535
1045.013273
1076.814386
1327.516641
1347.955743
1362.941846
1405.278385
1418.730217
1434.916179
1441.098322
1453.730858
1458.688213
1478.590640
1482.157701
1513.856548
 557.906983
 612.234907
 704.881418
 746.695940
 762.546276
 893.876813
 963.212481
 966.677355
1033.120795
1059.452293
1087.700685
1108.731477
1262.666259
1280.215171
1352.416550
1377.397181
1411.743996
1420.666105
1436.545854
1451.054778
1480.774769
1490.297340
1498.975431
1529.811464
 565.097412
 569.767924
 701.713508
 713.784139
 714.797112
 860.643453
1053.757437
1053.757437
1086.960223
1086.960223
1111.259865
1111.259865
1198.714103
1198.714103
1364.323065
1364.323065
1394.240664
1394.240664
1446.080491
1448.939616
1493.166586
1494.501990
1508.882990
1536.403479
 565.097412
 569.767924
 701.713508
 713.784139
 714.797112
 860.643453
1053.757437
1053.757437
1086.960223
1086.960223
1111.259865
1111.259865
1198.714103
1198.714103
1364.323065
1364.323065
1394.240664
1394.240664
1446.080491
1448.939616
1493.166586
1494.501990
1508.882990
1536.403479
 557.906983
 612.234907
 704.881418
 746.695940
 762.546276
 893.876813
 963.212481
 966.677355
1033.120795
1059.452293
1087.700685
1108.731477
1262.666259
1280.215171
1352.416550
1377.397181
1411.743996
1420.666105
1436.545854
1451.054778
1480.774769
1490.297340
1498.975431
1529.811464
 581.824184
 688.380645
 709.286013
 804.299604
 840.623040
 850.258205
 877.245422
 939.822387
 963.249404
1012.938535
1045.013273
1076.814386
1327.516641
1347.955743
1362.941846
1405.278385
1418.730217
1434.916179
1441.098322
1453.730858
1458.688213
1478.590640
1482.157701
1513.856548
 646.061083
 740.253207
 740.253207
 780.810008
 798.471945
 876.019986
 876.019986
 918.040370
 949.507365
 987.446096
 987.446096
1033.608667
1367.969083
1395.189017
1395.189017
1401.031179
1430.051501
1442.984139
1442.984139
1452.850350
1457.997438
1457.997438
1468.798113
1487.197416
 646.061083
 740.253207
 740.253207
 780.810008
 798.471945
 876.019986
 876.019986
 918.040370
 949.507365
 987.446096
 987.446096
1033.608667
1367.969083
1395.189017
1395.189017
1401.031179
1430.051501
1442.984139
1442.984139
1452.850350
1457.997438
1457.997438
1468.798113
1487.197416
 581.824184
 688.380645
 709.286013
 804.299604
 840.623040
 850.258205
 877.245422
 939.822387
 963.249404
1012.938535
1045.013273
1076.814386
1327.516641
1347.955743
1362.941846
1405.278385
1418.730217
1434.916179
1441.098322
1453.730858
1458.688213
1478.590640
1482.157701
1513.856548
 557.906983
 612.234907
 704.881418
 746.695940
 762.546276
 893.876813
 963.212481
 966.677355
1033.120795
1059.452293
1087.700685
1108.731477
1262.666259
1280.215171
1352.416550
1377.397181
1411.743996
1420.666105
1436.545854
1451.054778
1480.774769
1490.297340
1498.975431
1529.811464
 565.097412
 569.767924
 701.713508
 713.784139
 714.797112
 860.643453
1053.757437
1053.757437
1086.960223
1086.960223
1111.259865
1111.259865
1198.714103
1198.714103
1364.323065
1364.323065
1394.240664
1394.240664
1446.080491
1448.939616
1493.166586
1494.501990
1508.882990
1536.403479
 407.091449
 418.486218
 532.218703
 847.077872
 852.475384
1004.512584
1044.638271
1044.638271
1095.495020
1095.495020
1124.023495
1124.023495
1217.126301
1217.126301
1347.391092
1347.391092
1384.672973
1384.672973
1387.809121
1392.311174
1469.215827
1528.441276
1528.548746
1554.116439
 413.828467
 475.793711
 621.662636
 843.203548
 873.599020
 963.263164
 981.509465
1009.804909
1010.421785
1085.675741
1088.888108
1127.389664
1258.631441
1299.116967
1318.502631
1379.502005
1380.720082
1403.368742
1404.108894
1415.651487
1458.683548
1513.971555
1520.548353
1550.537687
 475.426277
 574.159574
 731.532111
 841.019605
 841.019605
 913.216685
 913.216685
 922.610028
1023.380463
1023.380463
1054.530492
1112.119787
1310.961506
1314.334825
1366.821470
1366.821470
1420.094704
1420.094704
1435.067775
1437.497867
1437.497867
1490.088428
1504.876408
1537.942497
 581.824184
 688.380645
 709.286013
 804.299604
 840.623040
 850.258205
 877.245422
 939.822387
 963.249404
1012.938535
1045.013273
1076.814386
1327.516641
1347.955743
1362.941846
1405.278385
1418.730217
1434.916179
1441.098322
1453.730858
1458.688213
1478.590640
1482.157701
1513.856548
 581.824184
 688.380645
 709.286013
 804.299604
 840.623040
 850.258205
 877.245422
 939.822387
 963.249404
1012.938535
1045.013273
1076.814386
1327.516641
1347.955743
1362.941846
1405.278385
1418.730217
1434.916179
1441.098322
1453.730858
1458.688213
1478.590640
1482.157701
1513.856548
 475.426277
 574.159574
 731.532111
 841.019605
 841.019605
 913.216685
 913.216685
 922.610028
1023.380463
1023.380463
1054.530492
1112.119787
1310.961506
1314.334825
1366.821470
1366.821470
1420.094704
1420.094704
1435.067775
1437.497867
1437.497867
1490.088428
1504.876408
1537.942497
 413.828467
 475.793711
 621.662636
 843.203548
 873.599020
 963.263164
 981.509465
1009.804909
1010.421785
1085.675741
1088.888108
1127.389664
1258.631441
1299.116967
1318.502631
1379.502005
1380.720082
1403.368742
1404.108894
1415.651487
1458.683548
1513.971555
1520.548353
1550.537687
 407.091449
 418.486218
 532.218703
 847.077872
 852.475384
1004.512584
1044.638271
1044.638271
1095.495020
1095.495020
1124.023495
1124.023495
1217.126301
1217.126301
1347.391092
1347.391092
1384.672973
1384.672973
1387.809121
1392.311174
1469.215827
1528.441276
1528.548746
1554.116439
 248.277545
 264.842039
 359.020372
 964.848269
 973.757175
1044.285108
1044.285108
1080.059167
1080.059167
1128.930678
1167.619042
1167.619042
1243.212409
1243.212409
1316.772461
1316.772461
1321.162854
1327.956174
1367.159639
1367.159639
1415.520713
1551.350952
1551.861382
1564.136692
 296.298095
 348.985097
 479.739467
 962.504873
 962.504873
 989.194403
 989.194403
1008.923291
1103.805754
1105.999417
1105.999417
1139.365257
1277.343853
1282.674043
1314.008291
1314.008291
1351.760627
1351.760627
1396.366509
1411.398845
1411.398845
1537.450016
1541.218087
1561.485013
 413.828467
 475.793711
 621.662636
 843.203548
 873.599020
 963.263164
 981.509465
1009.804909
1010.421785
1085.675741
1088.888108
1127.389664
1258.631441
1299.116967
1318.502631
1379.502005
1380.720082
1403.368742
1404.108894
1415.651487
1458.683548
1513.971555
1520.548353
1550.537687
 557.906983
 612.234907
 704.881418
 746.695940
 762.546276
 893.876813
 963.212481
 966.677355
1033.120795
1059.452293
1087.700685
1108.731477
1262.666259
1280.215171
1352.416550
1377.397181
1411.743996
1420.666105
1436.545854
1451.054778
1480.774769
1490.297340
1498.975431
1529.811464
 557.906983
 612.234907
 704.881418
 746.695940
 762.546276
 893.876813
 963.212481
 966.677355
1033.120795
1059.452293
1087.700685
1108.731477
1262.666259
1280.215171
1352.416550
1377.397181
1411.743996
1420.666105
1436.545854
1451.054778
1480.774769
1490.297340
1498.975431
1529.811464
 413.828467
 475.793711
 621.662636
 843.203548
 873.599020
 963.263164
 981.509465
1009.804909
1010.421785
1085.675741
1088.888108
1127.389664
1258.631441
1299.116967
1318.502631
1379.502005
1380.720082
1403.368742
1404.108894
1415.651487
1458.683548
1513.971555
1520.548353
1550.537687
 296.298095
 348.985097
 479.739467
 962.504873
 962.504873
 989.194403
 989.194403
1008.923291
1103.805754
1105.999417
1105.999417
1139.365257
1277.343853
1282.674043
1314.008291
1314.008291
1351.760627
1351.760627
1396.366509
1411.398845
1411.398845
1537.450016
1541.218087
1561.485013
 248.277545
 264.842039
 359.020372
 964.848269
 973.757175
1044.285108
1044.285108
1080.059167
1080.059167
1128.930678
1167.619042
1167.619042
1243.212409
1243.212409
1316.772461
1316.772461
1321.162854
1327.956174
1367.159639
1367.159639
1415.520713
1551.350952
1551.861382
1564.136692
 126.539955
 126.539955
 200.262709
1051.744699
1051.744699
1051.744699
1064.451651
1064.451651
1064.451651
1213.986676
1213.986676
1213.986676
1260.164266
1260.164266
1260.164266
1283.815687
1283.815687
1283.815687
1349.000048
1349.000048
1349.000048
1563.529748
1563.529748
1567.819228
 248.277545
 264.842039
 359.020372
 964.848269
 973.757175
1044.285108
1044.285108
1080.059167
1080.059167
1128.930678
1167.619042
1167.619042
1243.212409
1243.212409
1316.772461
1316.772461
1321.162854
1327.956174
1367.159639
1367.159639
1415.520713
1551.350952
1551.861382
1564.136692
 407.091449
 418.486218
 532.218703
 847.077872
 852.475384
1004.512584
1044.638271
1044.638271
1095.495020
1095.495020
1124.023495
1124.023495
1217.126301
1217.126301
1347.391092
1347.391092
1384.672973
1384.672973
1387.809121
1392.311174
1469.215827
1528.441276
1528.548746
1554.116439
 565.097412
 569.767924
 701.713508
 713.784139
 714.797112
 860.643453
1053.757437
1053.757437
1086.960223
1086.960223
1111.259865
1111.259865
1198.714103
1198.714103
1364.323065
1364.323065
1394.240664
1394.240664
1446.080491
1448.939616
1493.166586
1494.501990
1508.882990
1536.403479
 565.097412
 569.767924
 701.713508
 713.784139
 714.797112
 860.643453
1053.757437
1053.757437
1086.960223
1086.960223
1111.259865
1111.259865
1198.714103
1198.714103
1364.323065
1364.323065
1394.240664
1394.240664
1446.080491
1448.939616
1493.166586
1494.501990
1508.882990
1536.403479
 407.091449
 418.486218
 532.218703
 847.077872
 852.475384
1004.512584
1044.638271
1044.638271
1095.495020
1095.495020
1124.023495
1124.023495
1217.126301
1217.126301
1347.391092
1347.391092
1384.672973
1384.672973
1387.809121
1392.311174
1469.215827
1528.441276
1528.548746
1554.116439
 248.277545
 264.842039
 359.020372
 964.848269
 973.757175
1044.285108
1044.285108
1080.059167
1080.059167
1128.930678
1167.619042
1167.619042
1243.212409
1243.212409
1316.772461
1316.772461
1321.162854
1327.956174
1367.159639
1367.159639
1415.520713
1551.350952
1551.861382
1564.136692
 126.539955
 126.539955
 200.262709
1051.744699
1051.744699
1051.744699
1064.451651
1064.451651
1064.451651
1213.986676
1213.986676
1213.986676
1260.164266
1260.164266
1260.164266
1283.815687
1283.815687
1283.815687
1349.000048
1349.000048
1349.000048
1563.529748
1563.529748
1567.819228
 248.277545
 264.842039
 359.020372
 964.848269
 973.757175
1044.285108
1044.285108
1080.059167
1080.059167
1128.930678
1167.619042
1167.619042
1243.212409
1243.212409
1316.772461
1316.772461
1321.162854
1327.956174
1367.159639
1367.159639
1415.520713
1551.350952
1551.861382
1564.136692
 296.298095
 348.985097
 479.739467
 962.504873
 962.504873
 989.194403
 989.194403
1008.923291
1103.805754
1105.999417
1105.999417
1139.365257
1277.343853
1282.674043
1314.008291
1314.008291
1351.760627
1351.760627
1396.366509
1411.398845
1411.398845
1537.450016
1541.218087
1561.485013
 413.828467
 475.793711
 621.662636
 843.203548
 873.599020
 963.263164
 981.509465
1009.804909
1010.421785
1085.675741
1088.888108
1127.389664
1258.631441
1299.116967
1318.502631
1379.502005
1380.720082
1403.368742
1404.108894
1415.651487
1458.683548
1513.971555
1520.548353
1550.537687
 557.906983
 612.234907
 704.881418
 746.695940
 762.546276
 893.876813
 963.212481
 966.677355
1033.120795
1059.452293
1087.700685
1108.731477
1262.666259
1280.215171
1352.416550
1377.397181
1411.743996
1420.666105
1436.545854
1451.054778
1480.774769
1490.297340
1498.975431
1529.811464
 557.906983
 612.234907
 704.881418
 746.695940
 762.546276
 893.876813
 963.212481
 966.677355
1033.120795
1059.452293
1087.700685
1108.731477
1262.666259
1280.215171
1352.416550
1377.397181
1411.743996
1420.666105
1436.545854
1451.054778
1480.774769
1490.297340
1498.975431
1529.811464
 413.828467
 475.793711
 621.662636
 843.203548
 873.599020
 963.263164
 981.509465
1009.804909
1010.421785
1085.675741
1088.888108
1127.389664
1258.631441
1299.116967
1318.502631
1379.502005
1380.720082
1403.368742
1404.108894
1415.651487
1458.683548
1513.971555
1520.548353
1550.537687
 296.298095
 348.985097
 479.739467
 962.504873
 962.504873
 989.194403
 989.194403
1008.923291
1103.805754
1105.999417
1105.999417
1139.365257
1277.343853
1282.674043
1314.008291
1314.008291
1351.760627
1351.760627
1396.366509
1411.398845
1411.398845
1537.450016
1541.218087
1561.485013
 248.277545
 264.842039
 359.020372
 964.848269
 973.757175
1044.285108
1044.285108
1080.059167
1080.059167
1128.930678
1167.619042
1167.619042
1243.212409
1243.212409
1316.772461
1316.772461
1321.162854
1327.956174
1367.159639
1367.159639
1415.520713
1551.350952
1551.861382
1564.136692
 296.298095
 348.985097
 479.739467
 962.504873
 962.504873
 989.194403
 989.194403
1008.923291
1103.805754
1105.999417
1105.999417
1139.365257
1277.343853
1282.674043
1314.008291
1314.008291
1351.760627
1351.760627
1396.366509
1411.398845
1411.398845
1537.450016
1541.218087
1561.485013
 369.087817
 369.087817
 580.700059
 941.522332
 941.522332
 941.522332
 999.505841
 999.505841
 999.505841
1101.916508
1101.916508
1101.916508
1322.118850
1322.118850
1322.118850
1349.189565
1349.189565
1349.189565
1416.358089
1416.358089
1416.358089
1526.561583
1526.561583
1560.037939
 456.848678
 479.620588
 704.795613
 841.391889
 869.115136
 926.073699
 926.073699
 993.009590
 993.009590
1031.745431
1106.383901
1106.383901
1316.377763
1316.377763
1362.310872
1362.310872
1377.924063
1407.676133
1420.411906
1420.411906
1450.907026
1504.735693
1504.801548
1549.497183
 585.323638
 602.661588
 725.763975
 727.752989
 827.411341
 918.986904
 918.986904
 938.403633
 982.117117
 982.117117
1113.922265
1113.922265
1308.245687
1308.245687
1375.695592
1375.695592
1421.308651
1421.308651
1429.509407
1447.496950
1472.293163
1478.331911
1492.381799
1527.025369
 585.323638
 602.661588
 725.763975
 727.752989
 827.411341
 918.986904
 918.986904
 938.403633
 982.117117
 982.117117
1113.922265
1113.922265
1308.245687
1308.245687
1375.695592
1375.695592
1421.308651
1421.308651
1429.509407
1447.496950
1472.293163
1478.331911
1492.381799
1527.025369
 456.848678
 479.620588
 704.795613
 841.391889
 869.115136
 926.073699
 926.073699
 993.009590
 993.009590
1031.745431
1106.383901
1106.383901
1316.377763
1316.377763
1362.310872
1362.310872
1377.924063
1407.676133
1420.411906
1420.411906
1450.907026
1504.735693
1504.801548
1549.497183
 369.087817
 369.087817
 580.700059
 941.522332
 941.522332
 941.522332
 999.505841
 999.505841
 999.505841
1101.916508
1101.916508
1101.916508
1322.118850
1322.118850
1322.118850
1349.189565
1349.189565
1349.189565
1416.358089
1416.358089
1416.358089
1526.561583
1526.561583
1560.037939
 296.298095
 348.985097
 479.739467
 962.504873
 962.504873
 989.194403
 989.194403
1008.923291
1103.805754
1105.999417
1105.999417
1139.365257
1277.343853
1282.674043
1314.008291
1314.008291
1351.760627
1351.760627
1396.366509
1411.398845
1411.398845
1537.450016
1541.218087
1561.485013
 413.828467
 475.793711
 621.662636
 843.203548
 873.599020
 963.263164
 981.509465
1009.804909
1010.421785
1085.675741
1088.888108
1127.389664
1258.631441
1299.116967
1318.502631
1379.502005
1380.720082
1403.368742
1404.108894
1415.651487
1458.683548
1513.971555
1520.548353
1550.537687
 456.848678
 479.620588
 704.795613
 841.391889
 869.115136
 926.073699
 926.073699
 993.009590
 993.009590
1031.745431
1106.383901
1106.383901
1316.377763
1316.377763
1362.310872
1362.310872
1377.924063
1407.676133
1420.411906
1420.411906
1450.907026
1504.735693
1504.801548
1549.497183
 512.031324
 555.761480
 808.224717
 834.034043
 834.034043
 878.976548
 878.976548
 883.899502
 963.538801
1062.136517
1062.136517
1119.599818
1336.913186
1360.224705
1369.291848
1369.291848
1416.837314
1416.837314
1430.608882
1435.660685
1435.660685
1481.312827
1487.159857
1539.187088
 604.750834
 657.660159
 719.883416
 766.619905
 834.631473
 851.320322
 901.072636
 908.553248
 930.721091
 995.204373
1092.057194
1113.845845
1345.640182
1356.968351
1384.716054
1412.037884
1414.850755
1427.723559
1432.714019
1442.306403
1452.094889
1464.419926
1478.535708
1515.868213
 604.750834
 657.660159
 719.883416
 766.619905
 834.631473
 851.320322
 901.072636
 908.553248
 930.721091
 995.204373
1092.057194
1113.845845
1345.640182
1356.968351
1384.716054
1412.037884
1414.850755
1427.723559
1432.714019
1442.306403
1452.094889
1464.419926
1478.535708
1515.868213
 512.031324
 555.761480
 808.224717
 834.034043
 834.034043
 878.976548
 878.976548
 883.899502
 963.538801
1062.136517
1062.136517
1119.599818
1336.913186
1360.224705
1369.291848
1369.291848
1416.837314
1416.837314
1430.608882
1435.660685
1435.660685
1481.312827
1487.159857
1539.187088
 456.848678
 479.620588
 704.795613
 841.391889
 869.115136
 926.073699
 926.073699
 993.009590
 993.009590
1031.745431
1106.383901
1106.383901
1316.377763
1316.377763
1362.310872
1362.310872
1377.924063
1407.676133
1420.411906
1420.411906
1450.907026
1504.735693
1504.801548
1549.497183
 413.828467
 475.793711
 621.662636
 843.203548
 873.599020
 963.263164
 981.509465
1009.804909
1010.421785
1085.675741
1088.888108
1127.389664
1258.631441
1299.116967
1318.502631
1379.502005
1380.720082
1403.368742
1404.108894
1415.651487
1458.683548
1513.971555
1520.548353
1550.537687
 557.906983
 612.234907
 704.881418
 746.695940
 762.546276
 893.876813
 963.212481
 966.677355
1033.120795
1059.452293
1087.700685
1108.731477
1262.666259
1280.215171
1352.416550
1377.397181
1411.743996
1420.666105
1436.545854
1451.054778
1480.774769
1490.297340
1498.975431
1529.811464
 585.323638
 602.661588
 725.763975
 727.752989
 827.411341
 918.986904
 918.986904
 938.403633
 982.117117
 982.117117
1113.922265
1113.922265
1308.245687
1308.245687
1375.695592
1375.695592
1421.308651
1421.308651
1429.509407
1447.496950
1472.293163
1478.331911
1492.381799
1527.025369
 604.750834
 657.660159
 719.883416
 766.619905
 834.631473
 851.320322
 901.072636
 908.553248
 930.721091
 995.204373
1092.057194
1113.845845
1345.640182
1356.968351
1384.716054
1412.037884
1414.850755
1427.723559
1432.714019
1442.306403
1452.094889
1464.419926
1478.535708
1515.868213
 657.608128
 734.814138
 739.877805
 739.877805
 786.539266
 818.307781
 818.307781
 875.038475
 985.455087
1048.414722
1048.414722
1090.059779
1373.578063
1395.353934
1395.353934
1409.738670
1426.018905
1432.327071
1432.327071
1444.087974
1448.321877
1459.504747
1459.504747
1493.242915
 657.608128
 734.814138
 739.877805
 739.877805
 786.539266
 818.307781
 818.307781
 875.038475
 985.455087
1048.414722
1048.414722
1090.059779
1373.578063
1395.353934
1395.353934
1409.738670
1426.018905
1432.327071
1432.327071
1444.087974
1448.321877
1459.504747
1459.504747
1493.242915
 604.750834
 657.660159
 719.883416
 766.619905
 834.631473
 851.320322
 901.072636
 908.553248
 930.721091
 995.204373
1092.057194
1113.845845
1345.640182
1356.968351
1384.716054
1412.037884
1414.850755
1427.723559
1432.714019
1442.306403
1452.094889
1464.419926
1478.535708
1515.868213
 585.323638
 602.661588
 725.763975
 727.752989
 827.411341
 918.986904
 918.986904
 938.403633
 982.117117
 982.117117
1113.922265
1113.922265
1308.245687
1308.245687
1375.695592
1375.695592
1421.308651
1421.308651
1429.509407
1447.496950
1472.293163
1478.331911
1492.381799
1527.025369
 557.906983
 612.234907
 704.881418
 746.695940
 762.546276
 893.876813
 963.212481
 966.677355
1033.120795
1059.452293
1087.700685
1108.731477
1262.666259
1280.215171
1352.416550
1377.397181
1411.743996
1420.666105
1436.545854
1451.054778
1480.774769
1490.297340
1498.975431
1529.811464
 557.906983
 612.234907
 704.881418
 746.695940
 762.546276
 893.876813
 963.212481
 966.677355
1033.120795
1059.452293
1087.700685
1108.731477
1262.666259
1280.215171
1352.416550
1377.397181
1411.743996
1420.666105
1436.545854
1451.054778
1480.774769
1490.297340
1498.975431
1529.811464
 585.323638
 602.661588
 725.763975
 727.752989
 827.411341
 918.986904
 918.986904
 938.403633
 982.117117
 982.117117
1113.922265
1113.922265
1308.245687
1308.245687
1375.695592
1375.695592
1421.308651
1421.308651
1429.509407
1447.496950
1472.293163
1478.331911
1492.381799
1527.025369
 604.750834
 657.660159
 719.883416
 766.619905
 834.631473
 851.320322
 901.072636
 908.553248
 930.721091
 995.204373
1092.057194
1113.845845
1345.640182
1356.968351
1384.716054
1412.037884
1414.850755
1427.723559
1432.714019
1442.306403
1452.094889
1464.419926
1478.535708
1515.868213
 657.608128
 734.814138
 739.877805
 739.877805
 786.539266
 818.307781
 818.307781
 875.038475
 985.455087
1048.414722
1048.414722
1090.059779
1373.578063
1395.353934
1395.353934
1409.738670
1426.018905
1432.327071
1432.327071
1444.087974
1448.321877
1459.504747
1459.504747
1493.242915
 657.608128
 734.814138
 739.877805
 739.877805
 786.539266
 818.307781
 818.307781
 875.038475
 985.455087
1048.414722
1048.414722
1090.059779
1373.578063
1395.353934
1395.353934
1409.738670
1426.018905
1432.327071
1432.327071
1444.087974
1448.321877
1459.504747
1459.504747
1493.242915
 604.750834
 657.660159
 719.883416
 766.619905
 834.631473
 851.320322
 901.072636
 908.553248
 930.721091
 995.204373
1092.057194
1113.845845
1345.640182
1356.968351
1384.716054
1412.037884
1414.850755
1427.723559
1432.714019
1442.306403
1452.094889
1464.419926
1478.535708
1515.868213
 585.323638
 602.661588
 725.763975
 727.752989
 827.411341
 918.986904
 918.986904
 938.403633
 982.117117
 982.117117
1113.922265
1113.922265
1308.245687
1308.245687
1375.695592
1375.695592
1421.308651
1421.308651
1429.509407
1447.496950
1472.293163
1478.331911
1492.381799
1527.025369
 557.906983
 612.234907
 704.881418
 746.695940
 762.546276
 893.876813
 963.212481
 966.677355
1033.120795
1059.452293
1087.700685
1108.731477
1262.666259
1280.215171
1352.416550
1377.397181
1411.743996
1420.666105
1436.545854
1451.054778
1480.774769
1490.297340
1498.975431
1529.811464
 413.828467
 475.793711
 621.662636
 843.203548
 873.599020
 963.263164
 981.509465
1009.804909
1010.421785
1085.675741
1088.888108
1127.389664
1258.631441
1299.116967
1318.502631
1379.502005
1380.720082
1403.368742
1404.108894
1415.651487
1458.683548
1513.971555
1520.548353
1550.537687
 456.848678
 479.620588
 704.795613
 841.391889
 869.115136
 926.073699
 926.073699
 993.009590
 993.009590
1031.745431
1106.383901
1106.383901
1316.377763
1316.377763
1362.310872
1362.310872
1377.924063
1407.676133
1420.411906
1420.411906
1450.907026
1504.735693
1504.801548
1549.497183
 512.031324
 555.761480
 808.224717
 834.034043
 834.034043
 878.976548
 878.976548
 883.899502
 963.538801
1062.136517
1062.136517
1119.599818
1336.913186
1360.224705
1369.291848
1369.291848
1416.837314
1416.837314
1430.608882
1435.660685
1435.660685
1481.312827
1487.159857
1539.187088
 604.750834
 657.660159
 719.883416
 766.619905
 834.631473
 851.320322
 901.072636
 908.553248
 930.721091
 995.204373
1092.057194
1113.845845
1345.640182
1356.968351
1384.716054
1412.037884
1414.850755
1427.723559
1432.714019
1442.306403
1452.094889
1464.419926
1478.535708
1515.868213
 604.750834
 657.660159
 719.883416
 766.619905
 834.631473
 851.320322
 901.072636
 908.553248
 930.721091
 995.204373
1092.057194
1113.845845
1345.640182
1356.968351
1384.716054
1412.037884
1414.850755
1427.723559
1432.714019
1442.306403
1452.094889
1464.419926
1478.535708
1515.868213
 512.031324
 555.761480
 808.224717
 834.034043
 834.034043
 878.976548
 878.976548
 883.899502
 963.538801
1062.136517
1062.136517
1119.599818
1336.913186
1360.224705
1369.291848
1369.291848
1416.837314
1416.837314
1430.608882
1435.660685
1435.660685
1481.312827
1487.159857
1539.187088
 456.848678
 479.620588
 704.795613
 841.391889
 869.115136
 926.073699
 926.073699
 993.009590
 993.009590
1031.745431
1106.383901
1106.383901
1316.377763
1316.377763
1362.310872
1362.310872
1377.924063
1407.676133
1420.411906
1420.411906
1450.907026
1504.735693
1504.801548
1549.497183
 413.828467
 475.793711
 621.662636
 843.203548
 873.599020
 963.263164
 981.509465
1009.804909
1010.421785
1085.675741
1088.888108
1127.389664
1258.631441
1299.116967
1318.502631
1379.502005
1380.720082
1403.368742
1404.108894
1415.651487
1458.683548
1513.971555
1520.548353
1550.537687
 296.298095
 348.985097
 479.739467
 962.504873
 962.504873
 989.194403
 989.194403
1008.923291
1103.805754
1105.999417
1105.999417
1139.365257
1277.343853
1282.674043
1314.008291
1314.008291
1351.760627
1351.760627
1396.366509
1411.398845
1411.398845
1537.450016
1541.218087
1561.485013
 369.087817
 369.087817
 580.700059
 941.522332
 941.522332
 941.522332
 999.505841
 999.505841
 999.505841
1101.916508
1101.916508
1101.916508
1322.118850
1322.118850
1322.118850
1349.189565
1349.189565
1349.189565
1416.358089
1416.358089
1416.358089
1526.561583
1526.561583
1560.037939
 456.848678
 479.620588
 704.795613
 841.391889
 869.115136
 926.073699
 926.073699
 993.009590
 993.009590
1031.745431
1106.383901
1106.383901
1316.377763
1316.377763
1362.310872
1362.310872
1377.924063
1407.676133
1420.411906
1420.411906
1450.907026
1504.735693
1504.801548
1549.497183
 585.323638
 602.661588
 725.763975
 727.752989
 827.411341
 918.986904
 918.986904
 938.403633
 982.117117
 982.117117
1113.922265
1113.922265
1308.245687
1308.245687
1375.695592
1375.695592
1421.308651
1421.308651
1429.509407
1447.496950
1472.293163
1478.331911
1492.381799
1527.025369
 585.323638
 602.661588
 725.763975
 727.752989
 827.411341
 918.986904
 918.986904
 938.403633
 982.117117
 982.117117
1113.922265
1113.922265
1308.245687
1308.245687
1375.695592
1375.695592
1421.308651
1421.308651
1429.509407
1447.496950
1472.293163
1478.331911
1492.381799
1527.025369
 456.848678
 479.620588
 704.795613
 841.391889
 869.115136
 926.073699
 926.073699
 993.009590
 993.009590
1031.745431
1106.383901
1106.383901
1316.377763
1316.377763
1362.310872
1362.310872
1377.924063
1407.676133
1420.411906
1420.411906
1450.907026
1504.735693
1504.801548
1549.497183
 369.087817
 369.087817
 580.700059
 941.522332
 941.522332
 941.522332
 999.505841
 999.505841
 999.505841
1101.916508
1101.916508
1101.916508
1322.118850
1322.118850
1322.118850
1349.189565
1349.189565
1349.189565
1416.358089
1416.358089
1416.358089
1526.561583
1526.561583
1560.037939
 296.298095
 348.985097
 479.739467
 962.504873
 962.504873
 989.194403
 989.194403
1008.923291
1103.805754
1105.999417
1105.999417
1139.365257
1277.343853
1282.674043
1314.008291
1314.008291
1351.760627
1351.760627
1396.366509
1411.398845
1411.398845
1537.450016
1541.218087
1561.485013
 248.277545
 264.842039
 359.020372
 964.848269
 973.757175
1044.285108
1044.285108
1080.059167
1080.059167
1128.930678
1167.619042
1167.619042
1243.212409
1243.212409
1316.772461
1316.772461
1321.162854
1327.956174
1367.159639
1367.159639
1415.520713
1551.350952
1551.861382
1564.136692
 296.298095
 348.985097
 479.739467
 962.504873
 962.504873
 989.194403
 989.194403
1008.923291
1103.805754
1105.999417
1105.999417
1139.365257
1277.343853
1282.674043
1314.008291
1314.008291
1351.760627
1351.760627
1396.366509
1411.398845
1411.398845
1537.450016
1541.218087
1561.485013
 413.828467
 475.793711
 621.662636
 843.203548
 873.599020
 963.263164
 981.509465
1009.804909
1010.421785
1085.675741
1088.888108
1127.389664
1258.631441
1299.116967
1318.502631
1379.502005
1380.720082
1403.368742
1404.108894
1415.651487
1458.683548
1513.971555
1520.548353
1550.537687
 557.906983
 612.234907
 704.881418
 746.695940
 762.546276
 893.876813
 963.212481
 966.677355
1033.120795
1059.452293
1087.700685
1108.731477
1262.666259
1280.215171
1352.416550
1377.397181
1411.743996
1420.666105
1436.545854
1451.054778
1480.774769
1490.297340
1498.975431
1529.811464
 557.906983
 612.234907
 704.881418
 746.695940
 762.546276
 893.876813
 963.212481
 966.677355
1033.120795
1059.452293
1087.700685
1108.731477
1262.666259
1280.215171
1352.416550
1377.397181
1411.743996
1420.666105
1436.545854
1451.054778
1480.774769
1490.297340
1498.975431
1529.811464
 413.828467
 475.793711
 621.662636
 843.203548
 873.599020
 963.263164
 981.509465
1009.804909
1010.421785
1085.675741
1088.888108
1127.389664
1258.631441
1299.116967
1318.502631
1379.502005
1380.720082
1403.368742
1404.108894
1415.651487
1458.683548
1513.971555
1520.548353
1550.537687
 296.298095
 348.985097
 479.739467
 962.504873
 962.504873
 989.194403
 989.194403
1008.923291
1103.805754
1105.999417
1105.999417
1139.365257
1277.343853
1282.674043
1314.008291
1314.008291
1351.760627
1351.760627
1396.366509
1411.398845
1411.398845
1537.450016
1541.218087
1561.485013
 248.277545
 264.842039
 359.020372
 964.848269
 973.757175
1044.285108
1044.285108
1080.059167
1080.059167
1128.930678
1167.619042
1167.619042
1243.212409
1243.212409
1316.772461
1316.772461
1321.162854
1327.956174
1367.159639
1367.159639
1415.520713
1551.350952
1551.861382
1564.136692
 407.091449
 418.486218
 532.218703
 847.077872
 852.475384
1004.512584
1044.638271
1044.638271
1095.495020
1095.495020
1124.023495
1124.023495
1217.126301
1217.126301
1347.391092
1347.391092
1384.672973
1384.672973
1387.809121
1392.311174
1469.215827
1528.441276
1528.548746
1554.116439
 413.828467
 475.793711
 621.662636
 843.203548
 873.599020
 963.263164
 981.509465
1009.804909
1010.421785
1085.675741
1088.888108
1127.389664
1258.631441
1299.116967
1318.502631
1379.502005
1380.720082
1403.368742
1404.108894
1415.651487
1458.683548
1513.971555
1520.548353
1550.537687
 475.426277
 574.159574
 731.532111
 841.019605
 841.019605
 913.216685
 913.216685
 922.610028
1023.380463
1023.380463
1054.530492
1112.119787
1310.961506
1314.334825
1366.821470
1366.821470
1420.094704
1420.094704
1435.067775
1437.497867
1437.497867
1490.088428
1504.876408
1537.942497
 581.824184
 688.380645
 709.286013
 804.299604
 840.623040
 850.258205
 877.245422
 939.822387
 963.249404
1012.938535
1045.013273
1076.814386
1327.516641
1347.955743
1362.941846
1405.278385
1418.730217
1434.916179
1441.098322
1453.730858
1458.688213
1478.590640
1482.157701
1513.856548
 581.824184
 688.380645
 709.286013
 804.299604
 840.623040
 850.258205
 877.245422
 939.822387
 963.249404
1012.938535
1045.013273
1076.814386
1327.516641
1347.955743
1362.941846
1405.278385
1418.730217
1434.916179
1441.098322
1453.730858
1458.688213
1478.590640
1482.157701
1513.856548
 475.426277
 574.159574
 731.532111
 841.019605
 841.019605
 913.216685
 913.216685
 922.610028
1023.380463
1023.380463
1054.530492
1112.119787
1310.961506
1314.334825
1366.821470
1366.821470
1420.094704
1420.094704
1435.067775
1437.497867
1437.497867
1490.088428
1504.876408
1537.942497
 413.828467
 475.793711
 621.662636
 843.203548
 873.599020
 963.263164
 981.509465
1009.804909
1010.421785
1085.675741
1088.888108
1127.389664
1258.631441
1299.116967
1318.502631
1379.502005
1380.720082
1403.368742
1404.108894
1415.651487
1458.683548
1513.971555
1520.548353
1550.537687
 407.091449
 418.486218
 532.218703
 847.077872
 852.475384
1004.512584
1044.638271
1044.638271
1095.495020
1095.495020
1124.023495
1124.023495
1217.126301
1217.126301
1347.391092
1347.391092
1384.672973
1384.672973
1387.809121
1392.311174
1469.215827
1528.441276
1528.548746
1554.116439
 413.828467
 475.793711
 621.662636
 843.203548
 873.599020
 963.263164
 981.509465
1009.804909
1010.421785
1085.675741
1088.888108
1127.389664
1258.631441
1299.116967
1318.502631
1379.502005
1380.720082
1403.368742
1404.108894
1415.651487
1458.683548
1513.971555
1520.548353
1550.537687
 456.848678
 479.620588
 704.795613
 841.391889
 869.115136
 926.073699
 926.073699
 993.009590
 993.009590
1031.745431
1106.383901
1106.383901
1316.377763
1316.377763
1362.310872
1362.310872
1377.924063
1407.676133
1420.411906
1420.411906
1450.907026
1504.735693
1504.801548
1549.497183
 512.031324
 555.761480
 808.224717
 834.034043
 834.034043
 878.976548
 878.976548
 883.899502
 963.538801
1062.136517
1062.136517
1119.599818
1336.913186
1360.224705
1369.291848
1369.291848
1416.837314
1416.837314
1430.608882
1435.660685
1435.660685
1481.312827
1487.159857
1539.187088
 604.750834
 657.660159
 719.883416
 766.619905
 834.631473
 851.320322
 901.072636
 908.553248
 930.721091
 995.204373
1092.057194
1113.845845
1345.640182
1356.968351
1384.716054
1412.037884
1414.850755
1427.723559
1432.714019
1442.306403
1452.094889
1464.419926
1478.535708
1515.868213
 604.750834
 657.660159
 719.883416
 766.619905
 834.631473
 851.320322
 901.072636
 908.553248
 930.721091
 995.204373
1092.057194
1113.845845
1345.640182
1356.968351
1384.716054
1412.037884
1414.850755
1427.723559
1432.714019
1442.306403
1452.094889
1464.419926
1478.535708
1515.868213
 512.031324
 555.761480
 808.224717
 834.034043
 834.034043
 878.976548
 878.976548
 883.899502
 963.538801
1062.136517
1062.136517
1119.599818
1336.913186
1360.224705
1369.291848
1369.291848
1416.837314
1416.837314
1430.608882
1435.660685
1435.660685
1481.312827
1487.159857
1539.187088
 456.848678
 479.620588
 704.795613
 841.391889
 869.115136
 926.073699
 926.073699
 993.009590
 993.009590
1031.745431
1106.383901
1106.383901
1316.377763
1316.377763
1362.310872
1362.310872
1377.924063
1407.676133
1420.411906
1420.411906
1450.907026
1504.735693
1504.801548
1549.497183
 413.828467
 475.793711
 621.662636
 843.203548
 873.599020
 963.263164
 981.509465
1009.804909
1010.421785
1085.675741
1088.888108
1127.389664
1258.631441
1299.116967
1318.502631
1379.502005
1380.720082
1403.368742
1404.108894
1415.651487
1458.683548
1513.971555
1520.548353
1550.537687
 475.426277
 574.159574
 731.532111
 841.019605
 841.019605
 913.216685
 913.216685
 922.610028
1023.380463
1023.380463
1054.530492
1112.119787
1310.961506
1314.334825
1366.821470
1366.821470
1420.094704
1420.094704
1435.067775
1437.497867
1437.497867
1490.088428
1504.876408
1537.942497
 512.031324
 555.761480
 808.224717
 834.034043
 834.034043
 878.976548
 878.976548
 883.899502
 963.538801
1062.136517
1062.136517
1119.599818
1336.913186
1360.224705
1369.291848
1369.291848
1416.837314
1416.837314
1430.608882
1435.660685
1435.660685
1481.312827
1487.159857
1539.187088
 575.996647
 575.996647
 818.603324
 818.603324
 818.603324
 853.003183
 853.003183
 853.003183
 901.656098
1100.746618
1100.746618
1100.746618
1371.093240
1371.093240
1371.093240
1414.714247
1414.714247
1414.714247
1431.493716
1431.493716
1431.493716
1464.000940
1464.000940
1530.914866
 642.511963
 655.251175
 739.164581
 740.789017
 803.751238
 803.751238
 843.413038
 843.413038
 988.392494
1056.812932
1123.839146
1123.839146
1370.403875
1370.403875
1406.887496
1417.322455
1417.322455
1425.717549
1425.717549
1427.841887
1438.759243
1442.484718
1472.861159
1509.114060
 642.511963
 655.251175
 739.164581
 740.789017
 803.751238
 803.751238
 843.413038
 843.413038
 988.392494
1056.812932
1123.839146
1123.839146
1370.403875
1370.403875
1406.887496
1417.322455
1417.322455
1425.717549
1425.717549
1427.841887
1438.759243
1442.484718
1472.861159
1509.114060
 575.996647
 575.996647
 818.603324
 818.603324
 818.603324
 853.003183
 853.003183
 853.003183
 901.656098
1100.746618
1100.746618
1100.746618
1371.093240
1371.093240
1371.093240
1414.714247
1414.714247
1414.714247
1431.493716
1431.493716
1431.493716
1464.000940
1464.000940
1530.914866
 512.031324
 555.761480
 808.224717
 834.034043
 834.034043
 878.976548
 878.976548
 883.899502
 963.538801
1062.136517
1062.136517
1119.599818
1336.913186
1360.224705
1369.291848
1369.291848
1416.837314
1416.837314
1430.608882
1435.660685
1435.660685
1481.312827
1487.159857
1539.187088
 475.426277
 574.159574
 731.532111
 841.019605
 841.019605
 913.216685
 913.216685
 922.610028
1023.380463
1023.380463
1054.530492
1112.119787
1310.961506
1314.334825
1366.821470
1366.821470
1420.094704
1420.094704
1435.067775
1437.497867
1437.497867
1490.088428
1504.876408
1537.942497
 581.824184
 688.380645
 709.286013
 804.299604
 840.623040
 850.258205
 877.245422
 939.822387
 963.249404
1012.938535
1045.013273
1076.814386
1327.516641
1347.955743
1362.941846
1405.278385
1418.730217
1434.916179
1441.098322
1453.730858
1458.688213
1478.590640
1482.157701
1513.856548
 604.750834
 657.660159
 719.883416
 766.619905
 834.631473
 851.320322
 901.072636
 908.553248
 930.721091
 995.204373
1092.057194
1113.845845
1345.640182
1356.968351
1384.716054
1412.037884
1414.850755
1427.723559
1432.714019
1442.306403
1452.094889
1464.419926
1478.535708
1515.868213
 642.511963
 655.251175
 739.164581
 740.789017
 803.751238
 803.751238
 843.413038
 843.413038
 988.392494
1056.812932
1123.839146
1123.839146
1370.403875
1370.403875
1406.887496
1417.322455
1417.322455
1425.717549
1425.717549
1427.841887
1438.759243
1442.484718
1472.861159
1509.114060
 678.868471
 704.708708
 739.262880
 739.262880
 764.760972
 767.706545
 767.706545
 801.271149
1058.135344
1105.457396
1105.457396
1129.582772
1383.462112
1395.558244
1395.558244
1412.299676
1416.554741
1416.554741
1418.326450
1425.438846
1443.215083
1460.417276
1460.417276
1490.492046
 678.868471
 704.708708
 739.262880
 739.262880
 764.760972
 767.706545
 767.706545
 801.271149
1058.135344
1105.457396
1105.457396
1129.582772
1383.462112
1395.558244
1395.558244
1412.299676
1416.554741
1416.554741
1418.326450
1425.438846
1443.215083
1460.417276
1460.417276
1490.492046
 642.511963
 655.251175
 739.164581
 740.789017
 803.751238
 803.751238
 843.413038
 843.413038
 988.392494
1056.812932
1123.839146
1123.839146
1370.403875
1370.403875
1406.887496
1417.322455
1417.322455
1425.717549
1425.717549
1427.841887
1438.759243
1442.484718
1472.861159
1509.114060
 604.750834
 657.660159
 719.883416
 766.619905
 834.631473
 851.320322
 901.072636
 908.553248
 930.721091
 995.204373
1092.057194
1113.845845
1345.640182
1356.968351
1384.716054
1412.037884
1414.850755
1427.723559
1432.714019
1442.306403
1452.094889
1464.419926
1478.535708
1515.868213
 581.824184
 688.380645
 709.286013
 804.299604
 840.623040
 850.258205
 877.245422
 939.822387
 963.249404
1012.938535
1045.013273
1076.814386
1327.516641
1347.955743
1362.941846
1405.278385
1418.730217
1434.916179
1441.098322
1453.730858
1458.688213
1478.590640
1482.157701
1513.856548
 581.824184
 688.380645
 709.286013
 804.299604
 840.623040
 850.258205
 877.245422
 939.822387
 963.249404
1012.938535
1045.013273
1076.814386
1327.516641
1347.955743
1362.941846
1405.278385
1418.730217
1434.916179
1441.098322
1453.730858
1458.688213
1478.590640
1482.157701
1513.856548
 604.750834
 657.660159
 719.883416
 766.619905
 834.631473
 851.320322
 901.072636
 908.553248
 930.721091
 995.204373
1092.057194
1113.845845
1345.640182
1356.968351
1384.716054
1412.037884
1414.850755
1427.723559
1432.714019
1442.306403
1452.094889
1464.419926
1478.535708
1515.868213
 642.511963
 655.251175
 739.164581
 740.789017
 803.751238
 803.751238
 843.413038
 843.413038
 988.392494
1056.812932
1123.839146
1123.839146
1370.403875
1370.403875
1406.887496
1417.322455
1417.322455
1425.717549
1425.717549
1427.841887
1438.759243
1442.484718
1472.861159
1509.114060
 678.868471
 704.708708
 739.262880
 739.262880
 764.760972
 767.706545
 767.706545
 801.271149
1058.135344
1105.457396
1105.457396
1129.582772
1383.462112
1395.558244
1395.558244
1412.299676
1416.554741
1416.554741
1418.326450
1425.438846
1443.215083
1460.417276
1460.417276
1490.492046
 678.868471
 704.708708
 739.262880
 739.262880
 764.760972
 767.706545
 767.706545
 801.271149
1058.135344
1105.457396
1105.457396
1129.582772
1383.462112
1395.558244
1395.558244
1412.299676
1416.554741
1416.554741
1418.326450
1425.438846
1443.215083
1460.417276
1460.417276
1490.492046
 642.511963
 655.251175
 739.164581
 740.789017
 803.751238
 803.751238
 843.413038
 843.413038
 988.392494
1056.812932
1123.839146
1123.839146
1370.403875
1370.403875
1406.887496
1417.322455
1417.322455
1425.717549
1425.717549
1427.841887
1438.759243
1442.484718
1472.861159
1509.114060
 604.750834
 657.660159
 719.883416
 766.619905
 834.631473
 851.320322
 901.072636
 908.553248
 930.721091
 995.204373
1092.057194
1113.845845
1345.640182
1356.968351
1384.716054
1412.037884
1414.850755
1427.723559
1432.714019
1442.306403
1452.094889
1464.419926
1478.535708
1515.868213
 581.824184
 688.380645
 709.286013
 804.299604
 840.623040
 850.258205
 877.245422
 939.822387
 963.249404
1012.938535
1045.013273
1076.814386
1327.516641
1347.955743
1362.941846
1405.278385
1418.730217
1434.916179
1441.098322
1453.730858
1458.688213
1478.590640
1482.157701
1513.856548
 475.426277
 574.159574
 731.532111
 841.019605
 841.019605
 913.216685
 913.216685
 922.610028
1023.380463
1023.380463
1054.530492
1112.119787
1310.961506
1314.334825
1366.821470
1366.821470
1420.094704
1420.094704
1435.067775
1437.497867
1437.497867
1490.088428
1504.876408
1537.942497
 512.031324
 555.761480
 808.224717
 834.034043
 834.034043
 878.976548
 878.976548
 883.899502
 963.538801
1062.136517
1062.136517
1119.599818
1336.913186
1360.224705
1369.291848
1369.291848
1416.837314
1416.837314
1430.608882
1435.660685
1435.660685
1481.312827
1487.159857
1539.187088
 575.996647
 575.996647
 818.603324
 818.603324
 818.603324
 853.003183
 853.003183
 853.003183
 901.656098
1100.746618
1100.746618
1100.746618
1371.093240
1371.093240
1371.093240
1414.714247
1414.714247
1414.714247
1431.493716
1431.493716
1431.493716
1464.000940
1464.000940
1530.914866
 642.511963
 655.251175
 739.164581
 740.789017
 803.751238
 803.751238
 843.413038
 843.413038
 988.392494
1056.812932
1123.839146
1123.839146
1370.403875
1370.403875
1406.887496
1417.322455
1417.322455
1425.717549
1425.717549
1427.841887
1438.759243
1442.484718
1472.861159
1509.114060
 642.511963
 655.251175
 739.164581
 740.789017
 803.751238
 803.751238
 843.413038
 843.413038
 988.392494
1056.812932
1123.839146
1123.839146
1370.403875
1370.403875
1406.887496
1417.322455
1417.322455
1425.717549
1425.717549
1427.841887
1438.759243
1442.484718
1472.861159
1509.114060
 575.996647
 575.996647
 818.603324
 818.603324
 818.603324
 853.003183
 853.003183
 853.003183
 901.656098
1100.746618
1100.746618
1100.746618
1371.093240
1371.093240
1371.093240
1414.714247
1414.714247
1414.714247
1431.493716
1431.493716
1431.493716
1464.000940
1464.000940
1530.914866
 512.031324
 555.761480
 808.224717
 834.034043
 834.034043
 878.976548
 878.976548
 883.899502
 963.538801
1062.136517
1062.136517
1119.599818
1336.913186
1360.224705
1369.291848
1369.291848
1416.837314
1416.837314
1430.608882
1435.660685
1435.660685
1481.312827
1487.159857
1539.187088
 475.426277
 574.159574
 731.532111
 841.019605
 841.019605
 913.216685
 913.216685
 922.610028
1023.380463
1023.380463
1054.530492
1112.119787
1310.961506
1314.334825
1366.821470
1366.821470
1420.094704
1420.094704
1435.067775
1437.497867
1437.497867
1490.088428
1504.876408
1537.942497
 413.828467
 475.793711
 621.662636
 843.203548
 873.599020
 963.263164
 981.509465
1009.804909
1010.421785
1085.675741
1088.888108
1127.389664
1258.631441
1299.116967
1318.502631
1379.502005
1380.720082
1403.368742
1404.108894
1415.651487
1458.683548
1513.971555
1520.548353
1550.537687
 456.848678
 479.620588
 704.795613
 841.391889
 869.115136
 926.073699
 926.073699
 993.009590
 993.009590
1031.745431
1106.383901
1106.383901
1316.377763
1316.377763
1362.310872
1362.310872
1377.924063
1407.676133
1420.411906
1420.411906
1450.907026
1504.735693
1504.801548
1549.497183
 512.031324
 555.761480
 808.224717
 834.034043
 834.034043
 878.976548
 878.976548
 883.899502
 963.538801
1062.136517
1062.136517
1119.599818
1336.913186
1360.224705
1369.291848
1369.291848
1416.837314
1416.837314
1430.608882
1435.660685
1435.660685
1481.312827
1487.159857
1539.187088
 604.750834
 657.660159
 719.883416
 766.619905
 834.631473
 851.320322
 901.072636
 908.553248
 930.721091
 995.204373
1092.057194
1113.845845
1345.640182
1356.968351
1384.716054
1412.037884
1414.850755
1427.723559
1432.714019
1442.306403
1452.094889
1464.419926
1478.535708
1515.868213
 604.750834
 657.660159
 719.883416
 766.619905
 834.631473
 851.320322
 901.072636
 908.553248
 930.721091
 995.204373
1092.057194
1113.845845
1345.640182
1356.968351
1384.716054
1412.037884
1414.850755
1427.723559
1432.714019
1442.306403
1452.094889
1464.419926
1478.535708
1515.868213
 512.031324
 555.761480
 808.224717
 834.034043
 834.034043
 878.976548
 878.976548
 883.899502
 963.538801
1062.136517
1062.136517
1119.599818
1336.913186
1360.224705
1369.291848
1369.291848
1416.837314
1416.837314
1430.608882
1435.660685
1435.660685
1481.312827
1487.159857
1539.187088
 456.848678
 479.620588
 704.795613
 841.391889
 869.115136
 926.073699
 926.073699
 993.009590
 993.009590
1031.745431
1106.383901
1106.383901
1316.377763
1316.377763
1362.310872
1362.310872
1377.924063
1407.676133
1420.411906
1420.411906
1450.907026
1504.735693
1504.801548
1549.497183
 413.828467
 475.793711
 621.662636
 843.203548
 873.599020
 963.263164
 981.509465
1009.804909
1010.421785
1085.675741
1088.888108
1127.389664
1258.631441
1299.116967
1318.502631
1379.502005
1380.720082
1403.368742
1404.108894
1415.651487
1458.683548
1513.971555
1520.548353
1550.537687
 407.091449
 418.486218
 532.218703
 847.077872
 852.475384
1004.512584
1044.638271
1044.638271
1095.495020
1095.495020
1124.023495
1124.023495
1217.126301
1217.126301
1347.391092
1347.391092
1384.672973
1384.672973
1387.809121
1392.311174
1469.215827
1528.441276
1528.548746
1554.116439
 413.828467
 475.793711
 621.662636
 843.203548
 873.599020
 963.263164
 981.509465
1009.804909
1010.421785
1085.675741
1088.888108
1127.389664
1258.631441
1299.116967
1318.502631
1379.502005
1380.720082
1403.368742
1404.108894
1415.651487
1458.683548
1513.971555
1520.548353
1550.537687
 475.426277
 574.159574
 731.532111
 841.019605
 841.019605
 913.216685
 913.216685
 922.610028
1023.380463
1023.380463
1054.530492
1112.119787
1310.961506
1314.334825
1366.821470
1366.821470
1420.094704
1420.094704
1435.067775
1437.497867
1437.497867
1490.088428
1504.876408
1537.942497
 581.824184
 688.380645
 709.286013
 804.299604
 840.623040
 850.258205
 877.245422
 939.822387
 963.249404
1012.938535
1045.013273
1076.814386
1327.516641
1347.955743
1362.941846
1405.278385
1418.730217
1434.916179
1441.098322
1453.730858
1458.688213
1478.590640
1482.157701
1513.856548
 581.824184
 688.380645
 709.286013
 804.299604
 840.623040
 850.258205
 877.245422
 939.822387
 963.249404
1012.938535
1045.013273
1076.814386
1327.516641
1347.955743
1362.941846
1405.278385
1418.730217
1434.916179
1441.098322
1453.730858
1458.688213
1478.590640
1482.157701
1513.856548
 475.426277
 574.159574
 731.532111
 841.019605
 841.019605
 913.216685
 913.216685
 922.610028
1023.380463
1023.380463
1054.530492
1112.119787
1310.961506
1314.334825
1366.821470
1366.821470
1420.094704
1420.094704
1435.067775
1437.497867
1437.497867
1490.088428
1504.876408
1537.942497
 413.828467
 475.793711
 621.662636
 843.203548
 873.599020
 963.263164
 981.509465
1009.804909
1010.421785
1085.675741
1088.888108
1127.389664
1258.631441
1299.116967
1318.502631
1379.502005
1380.720082
1403.368742
1404.108894
1415.651487
1458.683548
1513.971555
1520.548353
1550.537687
 407.091449
 418.486218
 532.218703
 847.077872
 852.475384
1004.512584
1044.638271
1044.638271
1095.495020
1095.495020
1124.023495
1124.023495
1217.126301
1217.126301
1347.391092
1347.391092
1384.672973
1384.672973
1387.809121
1392.311174
1469.215827
1528.441276
1528.548746
1554.116439
 565.097412
 569.767924
 701.713508
 713.784139
 714.797112
 860.643453
1053.757437
1053.757437
1086.960223
1086.960223
1111.259865
1111.259865
1198.714103
1198.714103
1364.323065
1364.323065
1394.240664
1394.240664
1446.080491
1448.939616
1493.166586
1494.501990
1508.882990
1536.403479
 557.906983
 612.234907
 704.881418
 746.695940
 762.546276
 893.876813
 963.212481
 966.677355
1033.120795
1059.452293
1087.700685
1108.731477
1262.666259
1280.215171
1352.416550
1377.397181
1411.743996
1420.666105
1436.545854
1451.054778
1480.774769
1490.297340
1498.975431
1529.811464
 581.824184
 688.380645
 709.286013
 804.299604
 840.623040
 850.258205
 877.245422
 939.822387
 963.249404
1012.938535
1045.013273
1076.814386
1327.516641
1347.955743
1362.941846
1405.278385
1418.730217
1434.916179
1441.098322
1453.730858
1458.688213
1478.590640
1482.157701
1513.856548
 646.061083
 740.253207
 740.253207
 780.810008
 798.471945
 876.019986
 876.019986
 918.040370
 949.507365
 987.446096
 987.446096
1033.608667
1367.969083
1395.189017
1395.189017
1401.031179
1430.051501
1442.984139
1442.984139
1452.850350
1457.997438
1457.997438
1468.798113
1487.197416
 646.061083
 740.253207
 740.253207
 780.810008
 798.471945
 876.019986
 876.019986
 918.040370
 949.507365
 987.446096
 987.446096
1033.608667
1367.969083
1395.189017
1395.189017
1401.031179
1430.051501
1442.984139
1442.984139
1452.850350
1457.997438
1457.997438
1468.798113
1487.197416
 581.824184
 688.380645
 709.286013
 804.299604
 840.623040
 850.258205
 877.245422
 939.822387
 963.249404
1012.938535
1045.013273
1076.814386
1327.516641
1347.955743
1362.941846
1405.278385
1418.730217
1434.916179
1441.098322
1453.730858
1458.688213
1478.590640
1482.157701
1513.856548
 557.906983
 612.234907
 704.881418
 746.695940
 762.546276
 893.876813
 963.212481
 966.677355
1033.120795
1059.452293
1087.700685
1108.731477
1262.666259
1280.215171
1352.416550
1377.397181
1411.743996
1420.666105
1436.545854
1451.054778
1480.774769
1490.297340
1498.975431
1529.811464
 565.097412
 569.767924
 701.713508
 713.784139
 714.797112
 860.643453
1053.757437
1053.757437
1086.960223
1086.960223
1111.259865
1111.259865
1198.714103
1198.714103
1364.323065
1364.323065
1394.240664
1394.240664
1446.080491
1448.939616
1493.166586
1494.501990
1508.882990
1536.403479
 557.906983
 612.234907
 704.881418
 746.695940
 762.546276
 893.876813
 963.212481
 966.677355
1033.120795
1059.452293
1087.700685
1108.731477
1262.666259
1280.215171
1352.416550
1377.397181
1411.743996
1420.666105
1436.545854
1451.054778
1480.774769
1490.297340
1498.975431
1529.811464
 585.323638
 602.661588
 725.763975
 727.752989
 827.411341
 918.986904
 918.986904
 938.403633
 982.117117
 982.117117
1113.922265
1113.922265
1308.245687
1308.245687
1375.695592
1375.695592
1421.308651
1421.308651
1429.509407
1447.496950
1472.293163
1478.331911
1492.381799
1527.025369
 604.750834
 657.660159
 719.883416
 766.619905
 834.631473
 851.320322
 901.072636
 908.553248
 930.721091
 995.204373
1092.057194
1113.845845
1345.640182
1356.968351
1384.716054
1412.037884
1414.850755
1427.723559
1432.714019
1442.306403
1452.094889
1464.419926
1478.535708
1515.868213
 657.608128
 734.814138
 739.877805
 739.877805
 786.539266
 818.307781
 818.307781
 875.038475
 985.455087
1048.414722
1048.414722
1090.059779
1373.578063
1395.353934
1395.353934
1409.738670
1426.018905
1432.327071
1432.327071
1444.087974
1448.321877
1459.504747
1459.504747
1493.242915
 657.608128
 734.814138
 739.877805
 739.877805
 786.539266
 818.307781
 818.307781
 875.038475
 985.455087
1048.414722
1048.414722
1090.059779
1373.578063
1395.353934
1395.353934
1409.738670
1426.018905
1432.327071
1432.327071
1444.087974
1448.321877
1459.504747
1459.504747
1493.242915
 604.750834
 657.660159
 719.883416
 766.619905
 834.631473
 851.320322
 901.072636
 908.553248
 930.721091
 995.204373
1092.057194
1113.845845
1345.640182
1356.968351
1384.716054
1412.037884
1414.850755
1427.723559
1432.714019
1442.306403
1452.094889
1464.419926
1478.535708
1515.868213
 585.323638
 602.661588
 725.763975
 727.752989
 827.411341
 918.986904
 918.986904
 938.403633
 982.117117
 982.117117
1113.922265
1113.922265
1308.245687
1308.245687
1375.695592
1375.695592
1421.308651
1421.308651
1429.509407
1447.496950
1472.293163
1478.331911
1492.381799
1527.025369
 557.906983
 612.234907
 704.881418
 746.695940
 762.546276
 893.876813
 963.212481
 966.677355
1033.120795
1059.452293
1087.700685
1108.731477
1262.666259
1280.215171
1352.416550
1377.397181
1411.743996
1420.666105
1436.545854
1451.054778
1480.774769
1490.297340
1498.975431
1529.811464
 581.824184
 688.380645
 709.286013
 804.299604
 840.623040
 850.258205
 877.245422
 939.822387
 963.249404
1012.938535
1045.013273
1076.814386
1327.516641
1347.955743
1362.941846
1405.278385
1418.730217
1434.916179
1441.098322
1453.730858
1458.688213
1478.590640
1482.157701
1513.856548
 604.750834
 657.660159
 719.883416
 766.619905
 834.631473
 851.320322
 901.072636
 908.553248
 930.721091
 995.204373
1092.057194
1113.845845
1345.640182
1356.968351
1384.716054
1412.037884
1414.850755
1427.723559
1432.714019
1442.306403
1452.094889
1464.419926
1478.535708
1515.868213
 642.511963
 655.251175
 739.164581
 740.789017
 803.751238
 803.751238
 843.413038
 843.413038
 988.392494
1056.812932
1123.839146
1123.839146
1370.403875
1370.403875
1406.887496
1417.322455
1417.322455
1425.717549
1425.717549
1427.841887
1438.759243
1442.484718
1472.861159
1509.114060
 678.868471
 704.708708
 739.262880
 739.262880
 764.760972
 767.706545
 767.706545
 801.271149
1058.135344
1105.457396
1105.457396
1129.582772
1383.462112
1395.558244
1395.558244
1412.299676
1416.554741
1416.554741
1418.326450
1425.438846
1443.215083
1460.417276
1460.417276
1490.492046
 678.868471
 704.708708
 739.262880
 739.262880
 764.760972
 767.706545
 767.706545
 801.271149
1058.135344
1105.457396
1105.457396
1129.582772
1383.462112
1395.558244
1395.558244
1412.299676
1416.554741
1416.554741
1418.326450
1425.438846
1443.215083
1460.417276
1460.417276
1490.492046
 642.511963
 655.251175
 739.164581
 740.789017
 803.751238
 803.751238
 843.413038
 843.413038
 988.392494
1056.812932
1123.839146
1123.839146
1370.403875
1370.403875
1406.887496
1417.322455
1417.322455
1425.717549
1425.717549
1427.841887
1438.759243
1442.484718
1472.861159
1509.114060
 604.750834
 657.660159
 719.883416
 766.619905
 834.631473
 851.320322
 901.072636
 908.553248
 930.721091
 995.204373
1092.057194
1113.845845
1345.640182
1356.968351
1384.716054
1412.037884
1414.850755
1427.723559
1432.714019
1442.306403
1452.094889
1464.419926
1478.535708
1515.868213
 581.824184
 688.380645
 709.286013
 804.299604
 840.623040
 850.258205
 877.245422
 939.822387
 963.249404
1012.938535
1045.013273
1076.814386
1327.516641
1347.955743
1362.941846
1405.278385
1418.730217
1434.916179
1441.098322
1453.730858
1458.688213
1478.590640
1482.157701
1513.856548
 646.061083
 740.253207
 740.253207
 780.810008
 798.471945
 876.019986
 876.019986
 918.040370
 949.507365
 987.446096
 987.446096
1033.608667
1367.969083
1395.189017
1395.189017
1401.031179
1430.051501
1442.984139
1442.984139
1452.850350
1457.997438
1457.997438
1468.798113
1487.197416
 657.608128
 734.814138
 739.877805
 739.877805
 786.539266
 818.307781
 818.307781
 875.038475
 985.455087
1048.414722
1048.414722
1090.059779
1373.578063
1395.353934
1395.353934
1409.738670
1426.018905
1432.327071
1432.327071
1444.087974
1448.321877
1459.504747
1459.504747
1493.242915
 678.868471
 704.708708
 739.262880
 739.262880
 764.760972
 767.706545
 767.706545
 801.271149
1058.135344
1105.457396
1105.457396
1129.582772
1383.462112
1395.558244
1395.558244
1412.299676
1416.554741
1416.554741
1418.326450
1425.438846
1443.215083
1460.417276
1460.417276
1490.492046
 706.591397
 706.591397
 736.690279
 736.690279
 736.690279
 741.332753
 741.332753
 741.332753
1114.681098
1140.366625
1140.366625
1140.366625
1395.556224
1395.556224
1395.556224
1403.844274
1403.844274
1403.844274
1407.756348
1407.756348
1460.776845
1460.776845
1460.776845
1478.830194
 706.591397
 706.591397
 736.690279
 736.690279
 736.690279
 741.332753
 741.332753
 741.332753
1114.681098
1140.366625
1140.366625
1140.366625
1395.556224
1395.556224
1395.556224
1403.844274
1403.844274
1403.844274
1407.756348
1407.756348
1460.776845
1460.776845
1460.776845
1478.830194
 678.868471
 704.708708
 739.262880
 739.262880
 764.760972
 767.706545
 767.706545
 801.271149
1058.135344
1105.457396
1105.457396
1129.582772
1383.462112
1395.558244
1395.558244
1412.299676
1416.554741
1416.554741
1418.326450
1425.438846
1443.215083
1460.417276
1460.417276
1490.492046
 657.608128
 734.814138
 739.877805
 739.877805
 786.539266
 818.307781
 818.307781
 875.038475
 985.455087
1048.414722
1048.414722
1090.059779
1373.578063
1395.353934
1395.353934
1409.738670
1426.018905
1432.327071
1432.327071
1444.087974
1448.321877
1459.504747
1459.504747
1493.242915
 646.061083
 740.253207
 740.253207
 780.810008
 798.471945
 876.019986
 876.019986
 918.040370
 949.507365
 987.446096
 987.446096
1033.608667
1367.969083
1395.189017
1395.189017
1401.031179
1430.051501
1442.984139
1442.984139
1452.850350
1457.997438
1457.997438
1468.798113
1487.197416
 646.061083
 740.253207
 740.253207
 780.810008
 798.471945
 876.019986
 876.019986
 918.040370
 949.507365
 987.446096
 987.446096
1033.608667
1367.969083
1395.189017
1395.189017
1401.031179
1430.051501
1442.984139
1442.984139
1452.850350
1457.997438
1457.997438
1468.798113
1487.197416
 657.608128
 734.814138
 739.877805
 739.877805
 786.539266
 818.307781
 818.307781
 875.038475
 985.455087
1048.414722
1048.414722
1090.059779
1373.578063
1395.353934
1395.353934
1409.738670
1426.018905
1432.327071
1432.327071
1444.087974
1448.321877
1459.504747
1459.504747
1493.242915
 678.868471
 704.708708
 739.262880
 739.262880
 764.760972
 767.706545
 767.706545
 801.271149
1058.135344
1105.457396
1105.457396
1129.582772
1383.462112
1395.558244
1395.558244
1412.299676
1416.554741
1416.554741
1418.326450
1425.438846
1443.215083
1460.417276
1460.417276
1490.492046
 706.591397
 706.591397
 736.690279
 736.690279
 736.690279
 741.332753
 741.332753
 741.332753
1114.681098
1140.366625
1140.366625
1140.366625
1395.556224
1395.556224
1395.556224
1403.844274
1403.844274
1403.844274
1407.756348
1407.756348
1460.776845
1460.776845
1460.776845
1478.830194
 706.591397
 706.591397
 736.690279
 736.690279
 736.690279
 741.332753
 741.332753
 741.332753
1114.681098
1140.366625
1140.366625
1140.366625
1395.556224
1395.556224
1395.556224
1403.844274
1403.844274
1403.844274
1407.756348
1407.756348
1460.776845
1460.776845
1460.776845
1478.830194
 678.868471
 704.708708
 739.262880
 739.262880
 764.760972
 767.706545
 767.706545
 801.271149
1058.135344
1105.457396
1105.457396
1129.582772
1383.462112
1395.558244
1395.558244
1412.299676
1416.554741
1416.554741
1418.326450
1425.438846
1443.215083
1460.417276
1460.417276
1490.492046
 657.608128
 734.814138
 739.877805
 739.877805
 786.539266
 818.307781
 818.307781
 875.038475
 985.455087
1048.414722
1048.414722
1090.059779
1373.578063
1395.353934
1395.353934
1409.738670
1426.018905
1432.327071
1432.327071
1444.087974
1448.321877
1459.504747
1459.504747
1493.242915
 646.061083
 740.253207
 740.253207
 780.810008
 798.471945
 876.019986
 876.019986
 918.040370
 949.507365
 987.446096
 987.446096
1033.608667
1367.969083
1395.189017
1395.189017
1401.031179
1430.051501
1442.984139
1442.984139
1452.850350
1457.997438
1457.997438
1468.798113
1487.197416
 581.824184
 688.380645
 709.286013
 804.299604
 840.623040
 850.258205
 877.245422
 939.822387
 963.249404
1012.938535
1045.013273
1076.814386
1327.516641
1347.955743
1362.941846
1405.278385
1418.730217
1434.916179
1441.098322
1453.730858
1458.688213
1478.590640
1482.157701
1513.856548
 604.750834
 657.660159
 719.883416
 766.619905
 834.631473
 851.320322
 901.072636
 908.553248
 930.721091
 995.204373
1092.057194
1113.845845
1345.640182
1356.968351
1384.716054
1412.037884
1414.850755
1427.723559
1432.714019
1442.306403
1452.094889
1464.419926
1478.535708
1515.868213
 642.511963
 655.251175
 739.164581
 740.789017
 803.751238
 803.751238
 843.413038
 843.413038
 988.392494
1056.812932
1123.839146
1123.839146
1370.403875
1370.403875
1406.887496
1417.322455
1417.322455
1425.717549
1425.717549
1427.841887
1438.759243
1442.484718
1472.861159
1509.114060
 678.868471
 704.708708
 739.262880
 739.262880
 764.760972
 767.706545
 767.706545
 801.271149
1058.135344
1105.457396
1105.457396
1129.582772
1383.462112
1395.558244
1395.558244
1412.299676
1416.554741
1416.554741
1418.326450
1425.438846
1443.215083
1460.417276
1460.417276
1490.492046
 678.868471
 704.708708
 739.262880
 739.262880
 764.760972
 767.706545
 767.706545
 801.271149
1058.135344
1105.457396
1105.457396
1129.582772
1383.462112
1395.558244
1395.558244
1412.299676
1416.554741
1416.554741
1418.326450
1425.438846
1443.215083
1460.417276
1460.417276
1490.492046
 642.511963
 655.251175
 739.164581
 740.789017
 803.751238
 803.751238
 843.413038
 843.413038
 988.392494
1056.812932
1123.839146
1123.839146
1370.403875
1370.403875
1406.887496
1417.322455
1417.322455
1425.717549
1425.717549
1427.841887
1438.759243
1442.484718
1472.861159
1509.114060
 604.750834
 657.660159
 719.883416
 766.619905
 834.631473
 851.320322
 901.072636
 908.553248
 930.721091
 995.204373
1092.057194
1113.845845
1345.640182
1356.968351
1384.716054
1412.037884
1414.850755
1427.723559
1432.714019
1442.306403
1452.094889
1464.419926
1478.535708
1515.868213
 581.824184
 688.380645
 709.286013
 804.299604
 840.623040
 850.258205
 877.245422
 939.822387
 963.249404
1012.938535
1045.013273
1076.814386
1327.516641
1347.955743
1362.941846
1405.278385
1418.730217
1434.916179
1441.098322
1453.730858
1458.688213
1478.590640
1482.157701
1513.856548
 557.906983
 612.234907
 704.881418
 746.695940
 762.546276
 893.876813
 963.212481
 966.677355
1033.120795
1059.452293
1087.700685
1108.731477
1262.666259
1280.215171
1352.416550
1377.397181
1411.743996
1420.666105
1436.545854
1451.054778
1480.774769
1490.297340
1498.975431
1529.811464
 585.323638
 602.661588
 725.763975
 727.752989
 827.411341
 918.986904
 918.986904
 938.403633
 982.117117
 982.117117
1113.922265
1113.922265
1308.245687
1308.245687
1375.695592
1375.695592
1421.308651
1421.308651
1429.509407
1447.496950
1472.293163
1478.331911
1492.381799
1527.025369
 604.750834
 657.660159
 719.883416
 766.619905
 834.631473
 851.320322
 901.072636
 908.553248
 930.721091
 995.204373
1092.057194
1113.845845
1345.640182
1356.968351
1384.716054
1412.037884
1414.850755
1427.723559
1432.714019
1442.306403
1452.094889
1464.419926
1478.535708
1515.868213
 657.608128
 734.814138
 739.877805
 739.877805
 786.539266
 818.307781
 818.307781
 875.038475
 985.455087
1048.414722
1048.414722
1090.059779
1373.578063
1395.353934
1395.353934
1409.738670
1426.018905
1432.327071
1432.327071
1444.087974
1448.321877
1459.504747
1459.504747
1493.242915
 657.608128
 734.814138
 739.877805
 739.877805
 786.539266
 818.307781
 818.307781
 875.038475
 985.455087
1048.414722
1048.414722
1090.059779
1373.578063
1395.353934
1395.353934
1409.738670
1426.018905
1432.327071
1432.327071
1444.087974
1448.321877
1459.504747
1459.504747
1493.242915
 604.750834
 657.660159
 719.883416
 766.619905
 834.631473
 851.320322
 901.072636
 908.553248
 930.721091
 995.204373
1092.057194
1113.845845
1345.640182
1356.968351
1384.716054
1412.037884
1414.850755
1427.723559
1432.714019
1442.306403
1452.094889
1464.419926
1478.535708
1515.868213
 585.323638
 602.661588
 725.763975
 727.752989
 827.411341
 918.986904
 918.986904
 938.403633
 982.117117
 982.117117
1113.922265
1113.922265
1308.245687
1308.245687
1375.695592
1375.695592
1421.308651
1421.308651
1429.509407
1447.496950
1472.293163
1478.331911
1492.381799
1527.025369
 557.906983
 612.234907
 704.881418
 746.695940
 762.546276
 893.876813
 963.212481
 966.677355
1033.120795
1059.452293
1087.700685
1108.731477
1262.666259
1280.215171
1352.416550
1377.397181
1411.743996
1420.666105
1436.545854
1451.054778
1480.774769
1490.297340
1498.975431
1529.811464
 565.097412
 569.767924
 701.713508
 713.784139
 714.797112
 860.643453
1053.757437
1053.757437
1086.960223
1086.960223
1111.259865
1111.259865
1198.714103
1198.714103
1364.323065
1364.323065
1394.240664
1394.240664
1446.080491
1448.939616
1493.166586
1494.501990
1508.882990
1536.403479
 557.906983
 612.234907
 704.881418
 746.695940
 762.546276
 893.876813
 963.212481
 966.677355
1033.120795
1059.452293
1087.700685
1108.731477
1262.666259
1280.215171
1352.416550
1377.397181
1411.743996
1420.666105
1436.545854
1451.054778
1480.774769
1490.297340
1498.975431
1529.811464
 581.824184
 688.380645
 709.286013
 804.299604
 840.623040
 850.258205
 877.245422
 939.822387
 963.249404
1012.938535
1045.013273
1076.814386
1327.516641
1347.955743
1362.941846
1405.278385
1418.730217
1434.916179
1441.098322
1453.730858
1458.688213
1478.590640
1482.157701
1513.856548
 646.061083
 740.253207
 740.253207
 780.810008
 798.471945
 876.019986
 876.019986
 918.040370
 949.507365
 987.446096
 987.446096
1033.608667
1367.969083
1395.189017
1395.189017
1401.031179
1430.051501
1442.984139
1442.984139
1452.850350
1457.997438
1457.997438
1468.798113
1487.197416
 646.061083
 740.253207
 740.253207
 780.810008
 798.471945
 876.019986
 876.019986
 918.040370
 949.507365
 987.446096
 987.446096
1033.608667
1367.969083
1395.189017
1395.189017
1401.031179
1430.051501
1442.984139
1442.984139
1452.850350
1457.997438
1457.997438
1468.798113
1487.197416
 581.824184
 688.380645
 709.286013
 804.299604
 840.623040
 850.258205
 877.245422
 939.822387
 963.249404
1012.938535
1045.013273
1076.814386
1327.516641
1347.955743
1362.941846
1405.278385
1418.730217
1434.916179
1441.098322
1453.730858
1458.688213
1478.590640
1482.157701
1513.856548
 557.906983
 612.234907
 704.881418
 746.695940
 762.546276
 893.876813
 963.212481
 966.677355
1033.120795
1059.452293
1087.700685
1108.731477
1262.666259
1280.215171
1352.416550
1377.397181
1411.743996
1420.666105
1436.545854
1451.054778
1480.774769
1490.297340
1498.975431
1529.811464
 565.097412
 569.767924
 701.713508
 713.784139
 714.797112
 860.643453
1053.757437
1053.757437
1086.960223
1086.960223
1111.259865
1111.259865
1198.714103
1198.714103
1364.323065
1364.323065
1394.240664
1394.240664
1446.080491
1448.939616
1493.166586
1494.501990
1508.882990
1536.403479
