 129.320347
 129.320347
 207.374508
1073.059363
1073.059363
1073.059363
1087.143596
1087.143596
1087.143596
1256.280202
1256.280202
1256.280202
1311.591433
1311.591433
1311.591433
1329.254096
1329.254096
1329.254096
1393.307781
1393.307781
1393.307781
1614.553200
1614.553200
1618.697376
 254.034968
 271.964989
 371.191123
 988.198632
 998.328999
1065.907941
1065.907941
1105.842571
1105.842571
1164.087626
1207.400081
1207.400081
1288.262771
1288.262771
1363.909547
1363.909547
1369.779953
1375.889391
1415.393919
1415.393919
1460.672374
1602.239005
1602.633976
1614.667986
 417.665510
 430.035175
 549.521659
 869.242177
 875.366910
1035.725955
1067.916906
1067.916906
1125.867708
1125.867708
1160.793814
1160.793814
1255.294061
1255.294061
1395.996296
1395.996296
1435.282872
1435.282872
1436.084470
1440.507332
1515.960799
1578.728430
1579.008225
1604.105931
 580.406743
 585.462267
 723.975304
 733.131716
 734.337285
 887.571872
1078.857981
1078.857981
1120.276605
1120.276605
1147.906849
1147.906849
1230.628879
1230.628879
1413.586985
1413.586985
1445.943534
1445.943534
1494.932208
1497.907751
1542.777945
1544.291519
1557.009204
1585.606019
 580.406743
 585.462267
 723.975304
 733.131716
 734.337285
 887.571872
1078.857981
1078.857981
1120.276605
1120.276605
1147.906849
1147.906849
1230.628879
1230.628879
1413.586985
1413.586985
1445.943534
1445.943534
1494.932208
1497.907751
1542.777945
1544.291519
1557.009204
1585.606019
 417.665510
 430.035175
 549.521659
 869.242177
 875.366910
1035.725955
1067.916906
1067.916906
1125.867708
1125.867708
1160.793814
1160.793814
1255.294061
1255.294061
1395.996296
1395.996296
1435.282872
1435.282872
1436.084470
1440.507332
1515.960799
1578.728430
1579.008225
1604.105931
 254.034968
 271.964989
 371.191123
 988.198632
 998.328999
1065.907941
1065.907941
1105.842571
1105.842571
1164.087626
1207.400081
1207.400081
1288.262771
1288.262771
1363.909547
1363.909547
1369.779953
1375.889391
1415.393919
1415.393919
1460.672374
1602.239005
1602.633976
1614.667986
 129.320347
 129.320347
 207.374508
1073.059363
1073.059363
1073.059363
1087.143596
1087.143596
1087.143596
1256.280202
1256.280202
1256.280202
1311.591433
1311.591433
1311.591433
1329.254096
1329.254096
1329.254096
1393.307781
1393.307781
1393.307781
1614.553200
1614.553200
1618.697376
 254.034968
 271.964989
 371.191123
 988.198632
 998.328999
1065.907941
1065.907941
1105.842571
1105.842571
1164.087626
1207.400081
1207.400081
1288.262771
1288.262771
1363.909547
1363.909547
1369.779953
1375.889391
1415.393919
1415.393919
1460.672374
1602.239005
1602.633976
1614.667986
 301.632752
 358.618503
 496.461792
 985.481494
 985.481494
1015.913321
1015.913321
1028.568712
1136.512297
1140.114491
1140.114491
1176.337253
1318.001616
1329.092746
1360.573242
1360.573242
1400.220840
1400.220840
1447.338445
1457.608439
1457.608439
1588.403527
1591.854425
1611.368137
 422.171014
 489.324976
 642.860569
 864.348115
 898.015274
 986.024576
1000.897110
1039.043228
1041.904686
1119.420926
1124.155180
1165.967826
1293.223702
1341.843735
1365.398296
1427.595491
1428.665268
1452.355263
1453.028562
1467.902444
1504.723892
1564.704968
1570.911244
1599.500834
 570.687313
 629.758419
 722.208980
 767.919541
 787.760682
 922.530334
 985.044465
 987.044839
1064.151994
1092.264003
1123.855727
1148.319956
1296.860689
1318.403356
1399.339216
1423.942598
1463.981716
1473.275794
1485.673324
1500.682788
1530.872004
1540.362237
1545.742084
1577.669115
 570.687313
 629.758419
 722.208980
 767.919541
 787.760682
 922.530334
 985.044465
 987.044839
1064.151994
1092.264003
1123.855727
1148.319956
1296.860689
1318.403356
1399.339216
1423.942598
1463.981716
1473.275794
1485.673324
1500.682788
1530.872004
1540.362237
1545.742084
1577.669115
 422.171014
 489.324976
 642.860569
 864.348115
 898.015274
 986.024576
1000.897110
1039.043228
1041.904686
1119.420926
1124.155180
1165.967826
1293.223702
1341.843735
1365.398296
1427.595491
1428.665268
1452.355263
1453.028562
1467.902444
1504.723892
1564.704968
1570.911244
1599.500834
 301.632752
 358.618503
 496.461792
 985.481494
 985.481494
1015.913321
1015.913321
1028.568712
1136.512297
1140.114491
1140.114491
1176.337253
1318.001616
1329.092746
1360.573242
1360.573242
1400.220840
1400.220840
1447.338445
1457.608439
1457.608439
1588.403527
1591.854425
1611.368137
 254.034968
 271.964989
 371.191123
 988.198632
 998.328999
1065.907941
1065.907941
1105.842571
1105.842571
1164.087626
1207.400081
1207.400081
1288.262771
1288.262771
1363.909547
1363.909547
1369.779953
1375.889391
1415.393919
1415.393919
1460.672374
1602.239005
1602.633976
1614.667986
 417.665510
 430.035175
 549.521659
 869.242177
 875.366910
1035.725955
1067.916906
1067.916906
1125.867708
1125.867708
1160.793814
1160.793814
1255.294061
1255.294061
1395.996296
1395.996296
1435.282872
1435.282872
1436.084470
1440.507332
1515.960799
1578.728430
1579.008225
1604.105931
 422.171014
 489.324976
 642.860569
 864.348115
 898.015274
 986.024576
1000.897110
1039.043228
1041.904686
1119.420926
1124.155180
1165.967826
1293.223702
1341.843735
1365.398296
1427.595491
1428.665268
1452.355263
1453.028562
1467.902444
1504.723892
1564.704968
1570.911244
1599.500834
 483.860513
 591.145792
 756.558827
 860.426482
 860.426482
 939.938141
 940.210424
 940.210424
1055.908983
1055.908983
1088.144767
1152.973150
1340.099190
1365.976287
1413.744426
1413.744426
1470.037284
1470.037284
1482.683028
1482.683028
1488.030678
1540.988990
1555.210623
1585.446283
 592.937300
 709.102049
 724.396446
 828.469850
 867.956813
 868.890881
 894.078288
 970.607524
 992.963663
1044.708959
1079.846770
1115.144178
1369.129254
1393.059774
1405.415376
1448.139478
1468.301899
1486.992927
1493.945860
1504.408386
1509.343104
1522.875588
1532.552884
1559.655234
 592.937300
 709.102049
 724.396446
 828.469850
 867.956813
 868.890881
 894.078288
 970.607524
 992.963663
1044.708959
1079.846770
1115.144178
1369.129254
1393.059774
1405.415376
1448.139478
1468.301899
1486.992927
1493.945860
1504.408386
1509.343104
1522.875588
1532.552884
1559.655234
 483.860513
 591.145792
 756.558827
 860.426482
 860.426482
 939.938141
 940.210424
 940.210424
1055.908983
1055.908983
1088.144767
1152.973150
1340.099190
1365.976287
1413.744426
1413.744426
1470.037284
1470.037284
1482.683028
1482.683028
1488.030678
1540.988990
1555.210623
1585.446283
 422.171014
 489.324976
 642.860569
 864.348115
 898.015274
 986.024576
1000.897110
1039.043228
1041.904686
1119.420926
1124.155180
1165.967826
1293.223702
1341.843735
1365.398296
1427.595491
1428.665268
1452.355263
1453.028562
1467.902444
1504.723892
1564.704968
1570.911244
1599.500834
 417.665510
 430.035175
 549.521659
 869.242177
 875.366910
1035.725955
1067.916906
1067.916906
1125.867708
1125.867708
1160.793814
1160.793814
1255.294061
1255.294061
1395.996296
1395.996296
1435.282872
1435.282872
1436.084470
1440.507332
1515.960799
1578.728430
1579.008225
1604.105931
 580.406743
 585.462267
 723.975304
 733.131716
 734.337285
 887.571872
1078.857981
1078.857981
1120.276605
1120.276605
1147.906849
1147.906849
1230.628879
1230.628879
1413.586985
1413.586985
1445.943534
1445.943534
1494.932208
1497.907751
1542.777945
1544.291519
1557.009204
1585.606019
 570.687313
 629.758419
 722.208980
 767.919541
 787.760682
 922.530334
 985.044465
 987.044839
1064.151994
1092.264003
1123.855727
1148.319956
1296.860689
1318.403356
1399.339216
1423.942598
1463.981716
1473.275794
1485.673324
1500.682788
1530.872004
1540.362237
1545.742084
1577.669115
 592.937300
 709.102049
 724.396446
 828.469850
 867.956813
 868.890881
 894.078288
 970.607524
 992.963663
1044.708959
1079.846770
1115.144178
1369.129254
1393.059774
1405.415376
1448.139478
1468.301899
1486.992927
1493.945860
1504.408386
1509.343104
1522.875588
1532.552884
1559.655234
 657.662368
 754.286270
 754.286270
 805.069961
 813.095597
 903.450292
 903.450292
 948.928637
 979.626280
1020.504087
1020.504087
1069.264684
1419.239864
1437.619319
1445.390498
1445.390498
1481.037437
1485.123254
1485.123254
1505.177692
1508.444173
1508.444173
1518.222963
1531.879317
 657.662368
 754.286270
 754.286270
 805.069961
 813.095597
 903.450292
 903.450292
 948.928637
 979.626280
1020.504087
1020.504087
1069.264684
1419.239864
1437.619319
1445.390498
1445.390498
1481.037437
1485.123254
1485.123254
1505.177692
1508.444173
1508.444173
1518.222963
1531.879317
 592.937300
 709.102049
 724.396446
 828.469850
 867.956813
 868.890881
 894.078288
 970.607524
 992.963663
1044.708959
1079.846770
1115.144178
1369.129254
1393.059774
1405.415376
1448.139478
1468.301899
1486.992927
1493.945860
1504.408386
1509.343104
1522.875588
1532.552884
1559.655234
 570.687313
 629.758419
 722.208980
 767.919541
 787.760682
 922.530334
 985.044465
 987.044839
1064.151994
1092.264003
1123.855727
1148.319956
1296.860689
1318.403356
1399.339216
1423.942598
1463.981716
1473.275794
1485.673324
1500.682788
1530.872004
1540.362237
1545.742084
1577.669115
 580.406743
 585.462267
 723.975304
 733.131716
 734.337285
 887.571872
1078.857981
1078.857981
1120.276605
1120.276605
1147.906849
1147.906849
1230.628879
1230.628879
1413.586985
1413.586985
1445.943534
1445.943534
1494.932208
1497.907751
1542.777945
1544.291519
1557.009204
1585.606019
 580.406743
 585.462267
 723.975304
 733.131716
 734.337285
 887.571872
1078.857981
1078.857981
1120.276605
1120.276605
1147.906849
1147.906849
1230.628879
1230.628879
1413.586985
1413.586985
1445.943534
1445.943534
1494.932208
1497.907751
1542.777945
1544.291519
1557.009204
1585.606019
 570.687313
 629.758419
 722.208980
 767.919541
 787.760682
 922.530334
 985.044465
 987.044839
1064.151994
1092.264003
1123.855727
1148.319956
1296.860689
1318.403356
1399.339216
1423.942598
1463.981716
1473.275794
1485.673324
1500.682788
1530.872004
1540.362237
1545.742084
1577.669115
 592.937300
 709.102049
 724.396446
 828.469850
 867.956813
 868.890881
 894.078288
 970.607524
 992.963663
1044.708959
1079.846770
1115.144178
1369.129254
1393.059774
1405.415376
1448.139478
1468.301899
1486.992927
1493.945860
1504.408386
1509.343104
1522.875588
1532.552884
1559.655234
 657.662368
 754.286270
 754.286270
 805.069961
 813.095597
 903.450292
 903.450292
 948.928637
 979.626280
1020.504087
1020.504087
1069.264684
1419.239864
1437.619319
1445.390498
1445.390498
1481.037437
1485.123254
1485.123254
1505.177692
1508.444173
1508.444173
1518.222963
1531.879317
 657.662368
 754.286270
 754.286270
 805.069961
 813.095597
 903.450292
 903.450292
 948.928637
 979.626280
1020.504087
1020.504087
1069.264684
1419.239864
1437.619319
1445.390498
1445.390498
1481.037437
1485.123254
1485.123254
1505.177692
1508.444173
1508.444173
1518.222963
1531.879317
 592.937300
 709.102049
 724.396446
 828.469850
 867.956813
 868.890881
 894.078288
 970.607524
 992.963663
1044.708959
1079.846770
1115.144178
1369.129254
1393.059774
1405.415376
1448.139478
1468.301899
1486.992927
1493.945860
1504.408386
1509.343104
1522.875588
1532.552884
1559.655234
 570.687313
 629.758419
 722.208980
 767.919541
 787.760682
 922.530334
 985.044465
 987.044839
1064.151994
1092.264003
1123.855727
1148.319956
1296.860689
1318.403356
1399.339216
1423.942598
1463.981716
1473.275794
1485.673324
1500.682788
1530.872004
1540.362237
1545.742084
1577.669115
 580.406743
 585.462267
 723.975304
 733.131716
 734.337285
 887.571872
1078.857981
1078.857981
1120.276605
1120.276605
1147.906849
1147.906849
1230.628879
1230.628879
1413.586985
1413.586985
1445.943534
1445.943534
1494.932208
1497.907751
1542.777945
1544.291519
1557.009204
1585.606019
 417.665510
 430.035175
 549.521659
 869.242177
 875.366910
1035.725955
1067.916906
1067.916906
1125.867708
1125.867708
1160.793814
1160.793814
1255.294061
1255.294061
1395.996296
1395.996296
1435.282872
1435.282872
1436.084470
1440.507332
1515.960799
1578.728430
1579.008225
1604.105931
 422.171014
 489.324976
 642.860569
 864.348115
 898.015274
 986.024576
1000.897110
1039.043228
1041.904686
1119.420926
1124.155180
1165.967826
1293.223702
1341.843735
1365.398296
1427.595491
1428.665268
1452.355263
1453.028562
1467.902444
1504.723892
1564.704968
1570.911244
1599.500834
 483.860513
 591.145792
 756.558827
 860.426482
 860.426482
 939.938141
 940.210424
 940.210424
1055.908983
1055.908983
1088.144767
1152.973150
1340.099190
1365.976287
1413.744426
1413.744426
1470.037284
1470.037284
1482.683028
1482.683028
1488.030678
1540.988990
1555.210623
1585.446283
 592.937300
 709.102049
 724.396446
 828.469850
 867.956813
 868.890881
 894.078288
 970.607524
 992.963663
1044.708959
1079.846770
1115.144178
1369.129254
1393.059774
1405.415376
1448.139478
1468.301899
1486.992927
1493.945860
1504.408386
1509.343104
1522.875588
1532.552884
1559.655234
 592.937300
 709.102049
 724.396446
 828.469850
 867.956813
 868.890881
 894.078288
 970.607524
 992.963663
1044.708959
1079.846770
1115.144178
1369.129254
1393.059774
1405.415376
1448.139478
1468.301899
1486.992927
1493.945860
1504.408386
1509.343104
1522.875588
1532.552884
1559.655234
 483.860513
 591.145792
 756.558827
 860.426482
 860.426482
 939.938141
 940.210424
 940.210424
1055.908983
1055.908983
1088.144767
1152.973150
1340.099190
1365.976287
1413.744426
1413.744426
1470.037284
1470.037284
1482.683028
1482.683028
1488.030678
1540.988990
1555.210623
1585.446283
 422.171014
 489.324976
 642.860569
 864.348115
 898.015274
 986.024576
1000.897110
1039.043228
1041.904686
1119.420926
1124.155180
1165.967826
1293.223702
1341.843735
1365.398296
1427.595491
1428.665268
1452.355263
1453.028562
1467.902444
1504.723892
1564.704968
1570.911244
1599.500834
 417.665510
 430.035175
 549.521659
 869.242177
 875.366910
1035.725955
1067.916906
1067.916906
1125.867708
1125.867708
1160.793814
1160.793814
1255.294061
1255.294061
1395.996296
1395.996296
1435.282872
1435.282872
1436.084470
1440.507332
1515.960799
1578.728430
1579.008225
1604.105931
 254.034968
 271.964989
 371.191123
 988.198632
 998.328999
1065.907941
1065.907941
1105.842571
1105.842571
1164.087626
1207.400081
1207.400081
1288.262771
1288.262771
1363.909547
1363.909547
1369.779953
1375.889391
1415.393919
1415.393919
1460.672374
1602.239005
1602.633976
1614.667986
 301.632752
 358.618503
 496.461792
 985.481494
 985.481494
1015.913321
1015.913321
1028.568712
1136.512297
1140.114491
1140.114491
1176.337253
1318.001616
1329.092746
1360.573242
1360.573242
1400.220840
1400.220840
1447.338445
1457.608439
1457.608439
1588.403527
1591.854425
1611.368137
 422.171014
 489.324976
 642.860569
 864.348115
 898.015274
 986.024576
1000.897110
1039.043228
1041.904686
1119.420926
1124.155180
1165.967826
1293.223702
1341.843735
1365.398296
1427.595491
1428.665268
1452.355263
1453.028562
1467.902444
1504.723892
1564.704968
1570.911244
1599.500834
 570.687313
 629.758419
 722.208980
 767.919541
 787.760682
 922.530334
 985.044465
 987.044839
1064.151994
1092.264003
1123.855727
1148.319956
1296.860689
1318.403356
1399.339216
1423.942598
1463.981716
1473.275794
1485.673324
1500.682788
1530.872004
1540.362237
1545.742084
1577.669115
 570.687313
 629.758419
 722.208980
 767.919541
 787.760682
 922.530334
 985.044465
 987.044839
1064.151994
1092.264003
1123.855727
1148.319956
1296.860689
1318.403356
1399.339216
1423.942598
1463.981716
1473.275794
1485.673324
1500.682788
1530.872004
1540.362237
1545.742084
1577.669115
 422.171014
 489.324976
 642.860569
 864.348115
 898.015274
 986.024576
1000.897110
1039.043228
1041.904686
1119.420926
1124.155180
1165.967826
1293.223702
1341.843735
1365.398296
1427.595491
1428.665268
1452.355263
1453.028562
1467.902444
1504.723892
1564.704968
1570.911244
1599.500834
 301.632752
 358.618503
 496.461792
 985.481494
 985.481494
1015.913321
1015.913321
1028.568712
1136.512297
1140.114491
1140.114491
1176.337253
1318.001616
1329.092746
1360.573242
1360.573242
1400.220840
1400.220840
1447.338445
1457.608439
1457.608439
1588.403527
1591.854425
1611.368137
 254.034968
 271.964989
 371.191123
 988.198632
 998.328999
1065.907941
1065.907941
1105.842571
1105.842571
1164.087626
1207.400081
1207.400081
1288.262771
1288.262771
1363.909547
1363.909547
1369.779953
1375.889391
1415.393919
1415.393919
1460.672374
1602.239005
1602.633976
1614.667986
 129.320347
 129.320347
 207.374508
1073.059363
1073.059363
1073.059363
1087.143596
1087.143596
1087.143596
1256.280202
1256.280202
1256.280202
1311.591433
1311.591433
1311.591433
1329.254096
1329.254096
1329.254096
1393.307781
1393.307781
1393.307781
1614.553200
1614.553200
1618.697376
 254.034968
 271.964989
 371.191123
 988.198632
 998.328999
1065.907941
1065.907941
1105.842571
1105.842571
1164.087626
1207.400081
1207.400081
1288.262771
1288.262771
1363.909547
1363.909547
1369.779953
1375.889391
1415.393919
1415.393919
1460.672374
1602.239005
1602.633976
1614.667986
 417.665510
 430.035175
 549.521659
 869.242177
 875.366910
1035.725955
1067.916906
1067.916906
1125.867708
1125.867708
1160.793814
1160.793814
1255.294061
1255.294061
1395.996296
1395.996296
1435.282872
1435.282872
1436.084470
1440.507332
1515.960799
1578.728430
1579.008225
1604.105931
 580.406743
 585.462267
 723.975304
 733.131716
 734.337285
 887.571872
1078.857981
1078.857981
1120.276605
1120.276605
1147.906849
1147.906849
1230.628879
1230.628879
1413.586985
1413.586985
1445.943534
1445.943534
1494.932208
1497.907751
1542.777945
1544.291519
1557.009204
1585.606019
 580.406743
 585.462267
 723.975304
 733.131716
 734.337285
 887.571872
1078.857981
1078.857981
1120.276605
1120.276605
1147.906849
1147.906849
1230.628879
1230.628879
1413.586985
1413.586985
1445.943534
1445.943534
1494.932208
1497.907751
1542.777945
1544.291519
1557.009204
1585.606019
 417.665510
 430.035175
 549.521659
 869.242177
 875.366910
1035.725955
1067.916906
1067.916906
1125.867708
1125.867708
1160.793814
1160.793814
1255.294061
1255.294061
1395.996296
1395.996296
1435.282872
1435.282872
1436.084470
1440.507332
1515.960799
1578.728430
1579.008225
1604.105931
 254.034968
 271.964989
 371.191123
 988.198632
 998.328999
1065.907941
1065.907941
1105.842571
1105.842571
1164.087626
1207.400081
1207.400081
1288.262771
1288.262771
1363.909547
1363.909547
1369.779953
1375.889391
1415.393919
1415.393919
1460.672374
1602.239005
1602.633976
1614.667986
 129.320347
 129.320347
 207.374508
1073.059363
1073.059363
1073.059363
1087.143596
1087.143596
1087.143596
1256.280202
1256.280202
1256.280202
1311.591433
1311.591433
1311.591433
1329.254096
1329.254096
1329.254096
1393.307781
1393.307781
1393.307781
1614.553200
1614.553200
1618.697376
 254.034968
 271.964989
 371.191123
 988.198632
 998.328999
1065.907941
1065.907941
1105.842571
1105.842571
1164.087626
1207.400081
1207.400081
1288.262771
1288.262771
1363.909547
1363.909547
1369.779953
1375.889391
1415.393919
1415.393919
1460.672374
1602.239005
1602.633976
1614.667986
 301.632752
 358.618503
 496.461792
 985.481494
 985.481494
1015.913321
1015.913321
1028.568712
1136.512297
1140.114491
1140.114491
1176.337253
1318.001616
1329.092746
1360.573242
1360.573242
1400.220840
1400.220840
1447.338445
1457.608439
1457.608439
1588.403527
1591.854425
1611.368137
 422.171014
 489.324976
 642.860569
 864.348115
 898.015274
 986.024576
1000.897110
1039.043228
1041.904686
1119.420926
1124.155180
1165.967826
1293.223702
1341.843735
1365.398296
1427.595491
1428.665268
1452.355263
1453.028562
1467.902444
1504.723892
1564.704968
1570.911244
1599.500834
 570.687313
 629.758419
 722.208980
 767.919541
 787.760682
 922.530334
 985.044465
 987.044839
1064.151994
1092.264003
1123.855727
1148.319956
1296.860689
1318.403356
1399.339216
1423.942598
1463.981716
1473.275794
1485.673324
1500.682788
1530.872004
1540.362237
1545.742084
1577.669115
 570.687313
 629.758419
 722.208980
 767.919541
 787.760682
 922.530334
 985.044465
 987.044839
1064.151994
1092.264003
1123.855727
1148.319956
1296.860689
1318.403356
1399.339216
1423.942598
1463.981716
1473.275794
1485.673324
1500.682788
1530.872004
1540.362237
1545.742084
1577.669115
 422.171014
 489.324976
 642.860569
 864.348115
 898.015274
 986.024576
1000.897110
1039.043228
1041.904686
1119.420926
1124.155180
1165.967826
1293.223702
1341.843735
1365.398296
1427.595491
1428.665268
1452.355263
1453.028562
1467.902444
1504.723892
1564.704968
1570.911244
1599.500834
 301.632752
 358.618503
 496.461792
 985.481494
 985.481494
1015.913321
1015.913321
1028.568712
1136.512297
1140.114491
1140.114491
1176.337253
1318.001616
1329.092746
1360.573242
1360.573242
1400.220840
1400.220840
1447.338445
1457.608439
1457.608439
1588.403527
1591.854425
1611.368137
 254.034968
 271.964989
 371.191123
 988.198632
 998.328999
1065.907941
1065.907941
1105.842571
1105.842571
1164.087626
1207.400081
1207.400081
1288.262771
1288.262771
1363.909547
1363.909547
1369.779953
1375.889391
1415.393919
1415.393919
1460.672374
1602.239005
1602.633976
1614.667986
 301.632752
 358.618503
 496.461792
 985.481494
 985.481494
1015.913321
1015.913321
1028.568712
1136.512297
1140.114491
1140.114491
1176.337253
1318.001616
1329.092746
1360.573242
1360.573242
1400.220840
1400.220840
1447.338445
1457.608439
1457.608439
1588.403527
1591.854425
1611.368137
 376.974529
 376.974529
 601.678217
 962.383799
 962.383799
 962.383799
1028.421415
1028.421415
1028.421415
1136.751957
1136.751957
1136.751957
1371.947625
1371.947625
1371.947625
1390.638625
1390.638625
1390.638625
1465.387575
1465.387575
1465.387575
1577.313079
1577.313079
1609.285717
 466.321771
 490.983308
 730.093008
 861.528783
 892.839996
 945.857897
 945.857897
1021.558896
1021.558896
1065.555575
1144.544241
1144.544241
1360.668146
1360.668146
1404.929314
1404.929314
1427.092544
1455.145314
1471.753910
1471.753910
1496.720718
1555.171895
1555.557162
1597.652364
 598.803578
 617.510858
 743.677515
 746.217502
 856.424145
 938.533839
 938.533839
 970.301460
1009.473326
1009.473326
1155.491109
1155.491109
1348.026861
1348.026861
1419.383327
1419.383327
1473.990400
1473.990400
1478.883776
1497.984752
1522.161646
1529.179084
1537.470317
1573.664577
 598.803578
 617.510858
 743.677515
 746.217502
 856.424145
 938.533839
 938.533839
 970.301460
1009.473326
1009.473326
1155.491109
1155.491109
1348.026861
1348.026861
1419.383327
1419.383327
1473.990400
1473.990400
1478.883776
1497.984752
1522.161646
1529.179084
1537.470317
1573.664577
 466.321771
 490.983308
 730.093008
 861.528783
 892.839996
 945.857897
 945.857897
1021.558896
1021.558896
1065.555575
1144.544241
1144.544241
1360.668146
1360.668146
1404.929314
1404.929314
1427.092544
1455.145314
1471.753910
1471.753910
1496.720718
1555.171895
1555.557162
1597.652364
 376.974529
 376.974529
 601.678217
 962.383799
 962.383799
 962.383799
1028.421415
1028.421415
1028.421415
1136.751957
1136.751957
1136.751957
1371.947625
1371.947625
1371.947625
1390.638625
1390.638625
1390.638625
1465.387575
1465.387575
1465.387575
1577.313079
1577.313079
1609.285717
 301.632752
 358.618503
 496.461792
 985.481494
 985.481494
1015.913321
1015.913321
1028.568712
1136.512297
1140.114491
1140.114491
1176.337253
1318.001616
1329.092746
1360.573242
1360.573242
1400.220840
1400.220840
1447.338445
1457.608439
1457.608439
1588.403527
1591.854425
1611.368137
 422.171014
 489.324976
 642.860569
 864.348115
 898.015274
 986.024576
1000.897110
1039.043228
1041.904686
1119.420926
1124.155180
1165.967826
1293.223702
1341.843735
1365.398296
1427.595491
1428.665268
1452.355263
1453.028562
1467.902444
1504.723892
1564.704968
1570.911244
1599.500834
 466.321771
 490.983308
 730.093008
 861.528783
 892.839996
 945.857897
 945.857897
1021.558896
1021.558896
1065.555575
1144.544241
1144.544241
1360.668146
1360.668146
1404.929314
1404.929314
1427.092544
1455.145314
1471.753910
1471.753910
1496.720718
1555.171895
1555.557162
1597.652364
 521.655766
 569.162272
 837.716089
 852.569254
 852.569254
 901.367091
 902.403713
 902.403713
 990.462478
1099.449158
1099.449158
1162.092845
1387.879402
1393.729477
1417.928469
1417.928469
1462.553696
1462.553696
1482.472708
1482.472708
1482.767098
1532.105214
1537.546270
1585.983472
 616.551599
 674.137485
 735.239821
 786.294203
 851.708729
 867.892646
 925.035073
 941.570119
 955.943630
1030.850851
1133.053238
1157.251469
1391.691184
1403.826317
1423.514771
1452.086230
1464.689650
1479.889918
1484.847815
1493.658033
1502.634950
1515.023244
1521.078237
1560.776961
 616.551599
 674.137485
 735.239821
 786.294203
 851.708729
 867.892646
 925.035073
 941.570119
 955.943630
1030.850851
1133.053238
1157.251469
1391.691184
1403.826317
1423.514771
1452.086230
1464.689650
1479.889918
1484.847815
1493.658033
1502.634950
1515.023244
1521.078237
1560.776961
 521.655766
 569.162272
 837.716089
 852.569254
 852.569254
 901.367091
 902.403713
 902.403713
 990.462478
1099.449158
1099.449158
1162.092845
1387.879402
1393.729477
1417.928469
1417.928469
1462.553696
1462.553696
1482.472708
1482.472708
1482.767098
1532.105214
1537.546270
1585.983472
 466.321771
 490.983308
 730.093008
 861.528783
 892.839996
 945.857897
 945.857897
1021.558896
1021.558896
1065.555575
1144.544241
1144.544241
1360.668146
1360.668146
1404.929314
1404.929314
1427.092544
1455.145314
1471.753910
1471.753910
1496.720718
1555.171895
1555.557162
1597.652364
 422.171014
 489.324976
 642.860569
 864.348115
 898.015274
 986.024576
1000.897110
1039.043228
1041.904686
1119.420926
1124.155180
1165.967826
1293.223702
1341.843735
1365.398296
1427.595491
1428.665268
1452.355263
1453.028562
1467.902444
1504.723892
1564.704968
1570.911244
1599.500834
 570.687313
 629.758419
 722.208980
 767.919541
 787.760682
 922.530334
 985.044465
 987.044839
1064.151994
1092.264003
1123.855727
1148.319956
1296.860689
1318.403356
1399.339216
1423.942598
1463.981716
1473.275794
1485.673324
1500.682788
1530.872004
1540.362237
1545.742084
1577.669115
 598.803578
 617.510858
 743.677515
 746.217502
 856.424145
 938.533839
 938.533839
 970.301460
1009.473326
1009.473326
1155.491109
1155.491109
1348.026861
1348.026861
1419.383327
1419.383327
1473.990400
1473.990400
1478.883776
1497.984752
1522.161646
1529.179084
1537.470317
1573.664577
 616.551599
 674.137485
 735.239821
 786.294203
 851.708729
 867.892646
 925.035073
 941.570119
 955.943630
1030.850851
1133.053238
1157.251469
1391.691184
1403.826317
1423.514771
1452.086230
1464.689650
1479.889918
1484.847815
1493.658033
1502.634950
1515.023244
1521.078237
1560.776961
 669.501667
 753.788739
 753.867582
 753.867582
 801.007783
 839.784326
 839.784326
 898.396263
1021.935257
1087.608521
1087.608521
1132.164587
1424.778705
1445.776371
1445.776371
1448.242675
1476.996145
1480.069427
1480.069427
1493.684269
1498.304941
1503.138791
1503.138791
1536.451543
 669.501667
 753.788739
 753.867582
 753.867582
 801.007783
 839.784326
 839.784326
 898.396263
1021.935257
1087.608521
1087.608521
1132.164587
1424.778705
1445.776371
1445.776371
1448.242675
1476.996145
1480.069427
1480.069427
1493.684269
1498.304941
1503.138791
1503.138791
1536.451543
 616.551599
 674.137485
 735.239821
 786.294203
 851.708729
 867.892646
 925.035073
 941.570119
 955.943630
1030.850851
1133.053238
1157.251469
1391.691184
1403.826317
1423.514771
1452.086230
1464.689650
1479.889918
1484.847815
1493.658033
1502.634950
1515.023244
1521.078237
1560.776961
 598.803578
 617.510858
 743.677515
 746.217502
 856.424145
 938.533839
 938.533839
 970.301460
1009.473326
1009.473326
1155.491109
1155.491109
1348.026861
1348.026861
1419.383327
1419.383327
1473.990400
1473.990400
1478.883776
1497.984752
1522.161646
1529.179084
1537.470317
1573.664577
 570.687313
 629.758419
 722.208980
 767.919541
 787.760682
 922.530334
 985.044465
 987.044839
1064.151994
1092.264003
1123.855727
1148.319956
1296.860689
1318.403356
1399.339216
1423.942598
1463.981716
1473.275794
1485.673324
1500.682788
1530.872004
1540.362237
1545.742084
1577.669115
 570.687313
 629.758419
 722.208980
 767.919541
 787.760682
 922.530334
 985.044465
 987.044839
1064.151994
1092.264003
1123.855727
1148.319956
1296.860689
1318.403356
1399.339216
1423.942598
1463.981716
1473.275794
1485.673324
1500.682788
1530.872004
1540.362237
1545.742084
1577.669115
 598.803578
 617.510858
 743.677515
 746.217502
 856.424145
 938.533839
 938.533839
 970.301460
1009.473326
1009.473326
1155.491109
1155.491109
1348.026861
1348.026861
1419.383327
1419.383327
1473.990400
1473.990400
1478.883776
1497.984752
1522.161646
1529.179084
1537.470317
1573.664577
 616.551599
 674.137485
 735.239821
 786.294203
 851.708729
 867.892646
 925.035073
 941.570119
 955.943630
1030.850851
1133.053238
1157.251469
1391.691184
1403.826317
1423.514771
1452.086230
1464.689650
1479.889918
1484.847815
1493.658033
1502.634950
1515.023244
1521.078237
1560.776961
 669.501667
 753.788739
 753.867582
 753.867582
 801.007783
 839.784326
 839.784326
 898.396263
1021.935257
1087.608521
1087.608521
1132.164587
1424.778705
1445.776371
1445.776371
1448.242675
1476.996145
1480.069427
1480.069427
1493.684269
1498.304941
1503.138791
1503.138791
1536.451543
 669.501667
 753.788739
 753.867582
 753.867582
 801.007783
 839.784326
 839.784326
 898.396263
1021.935257
1087.608521
1087.608521
1132.164587
1424.778705
1445.776371
1445.776371
1448.242675
1476.996145
1480.069427
1480.069427
1493.684269
1498.304941
1503.138791
1503.138791
1536.451543
 616.551599
 674.137485
 735.239821
 786.294203
 851.708729
 867.892646
 925.035073
 941.570119
 955.943630
1030.850851
1133.053238
1157.251469
1391.691184
1403.826317
1423.514771
1452.086230
1464.689650
1479.889918
1484.847815
1493.658033
1502.634950
1515.023244
1521.078237
1560.776961
 598.803578
 617.510858
 743.677515
 746.217502
 856.424145
 938.533839
 938.533839
 970.301460
1009.473326
1009.473326
1155.491109
1155.491109
1348.026861
1348.026861
1419.383327
1419.383327
1473.990400
1473.990400
1478.883776
1497.984752
1522.161646
1529.179084
1537.470317
1573.664577
 570.687313
 629.758419
 722.208980
 767.919541
 787.760682
 922.530334
 985.044465
 987.044839
1064.151994
1092.264003
1123.855727
1148.319956
1296.860689
1318.403356
1399.339216
1423.942598
1463.981716
1473.275794
1485.673324
1500.682788
1530.872004
1540.362237
1545.742084
1577.669115
 422.171014
 489.324976
 642.860569
 864.348115
 898.015274
 986.024576
1000.897110
1039.043228
1041.904686
1119.420926
1124.155180
1165.967826
1293.223702
1341.843735
1365.398296
1427.595491
1428.665268
1452.355263
1453.028562
1467.902444
1504.723892
1564.704968
1570.911244
1599.500834
 466.321771
 490.983308
 730.093008
 861.528783
 892.839996
 945.857897
 945.857897
1021.558896
1021.558896
1065.555575
1144.544241
1144.544241
1360.668146
1360.668146
1404.929314
1404.929314
1427.092544
1455.145314
1471.753910
1471.753910
1496.720718
1555.171895
1555.557162
1597.652364
 521.655766
 569.162272
 837.716089
 852.569254
 852.569254
 901.367091
 902.403713
 902.403713
 990.462478
1099.449158
1099.449158
1162.092845
1387.879402
1393.729477
1417.928469
1417.928469
1462.553696
1462.553696
1482.472708
1482.472708
1482.767098
1532.105214
1537.546270
1585.983472
 616.551599
 674.137485
 735.239821
 786.294203
 851.708729
 867.892646
 925.035073
 941.570119
 955.943630
1030.850851
1133.053238
1157.251469
1391.691184
1403.826317
1423.514771
1452.086230
1464.689650
1479.889918
1484.847815
1493.658033
1502.634950
1515.023244
1521.078237
1560.776961
 616.551599
 674.137485
 735.239821
 786.294203
 851.708729
 867.892646
 925.035073
 941.570119
 955.943630
1030.850851
1133.053238
1157.251469
1391.691184
1403.826317
1423.514771
1452.086230
1464.689650
1479.889918
1484.847815
1493.658033
1502.634950
1515.023244
1521.078237
1560.776961
 521.655766
 569.162272
 837.716089
 852.569254
 852.569254
 901.367091
 902.403713
 902.403713
 990.462478
1099.449158
1099.449158
1162.092845
1387.879402
1393.729477
1417.928469
1417.928469
1462.553696
1462.553696
1482.472708
1482.472708
1482.767098
1532.105214
1537.546270
1585.983472
 466.321771
 490.983308
 730.093008
 861.528783
 892.839996
 945.857897
 945.857897
1021.558896
1021.558896
1065.555575
1144.544241
1144.544241
1360.668146
1360.668146
1404.929314
1404.929314
1427.092544
1455.145314
1471.753910
1471.753910
1496.720718
1555.171895
1555.557162
1597.652364
 422.171014
 489.324976
 642.860569
 864.348115
 898.015274
 986.024576
1000.897110
1039.043228
1041.904686
1119.420926
1124.155180
1165.967826
1293.223702
1341.843735
1365.398296
1427.595491
1428.665268
1452.355263
1453.028562
1467.902444
1504.723892
1564.704968
1570.911244
1599.500834
 301.632752
 358.618503
 496.461792
 985.481494
 985.481494
1015.913321
1015.913321
1028.568712
1136.512297
1140.114491
1140.114491
1176.337253
1318.001616
1329.092746
1360.573242
1360.573242
1400.220840
1400.220840
1447.338445
1457.608439
1457.608439
1588.403527
1591.854425
1611.368137
 376.974529
 376.974529
 601.678217
 962.383799
 962.383799
 962.383799
1028.421415
1028.421415
1028.421415
1136.751957
1136.751957
1136.751957
1371.947625
1371.947625
1371.947625
1390.638625
1390.638625
1390.638625
1465.387575
1465.387575
1465.387575
1577.313079
1577.313079
1609.285717
 466.321771
 490.983308
 730.093008
 861.528783
 892.839996
 945.857897
 945.857897
1021.558896
1021.558896
1065.555575
1144.544241
1144.544241
1360.668146
1360.668146
1404.929314
1404.929314
1427.092544
1455.145314
1471.753910
1471.753910
1496.720718
1555.171895
1555.557162
1597.652364
 598.803578
 617.510858
 743.677515
 746.217502
 856.424145
 938.533839
 938.533839
 970.301460
1009.473326
1009.473326
1155.491109
1155.491109
1348.026861
1348.026861
1419.383327
1419.383327
1473.990400
1473.990400
1478.883776
1497.984752
1522.161646
1529.179084
1537.470317
1573.664577
 598.803578
 617.510858
 743.677515
 746.217502
 856.424145
 938.533839
 938.533839
 970.301460
1009.473326
1009.473326
1155.491109
1155.491109
1348.026861
1348.026861
1419.383327
1419.383327
1473.990400
1473.990400
1478.883776
1497.984752
1522.161646
1529.179084
1537.470317
1573.664577
 466.321771
 490.983308
 730.093008
 861.528783
 892.839996
 945.857897
 945.857897
1021.558896
1021.558896
1065.555575
1144.544241
1144.544241
1360.668146
1360.668146
1404.929314
1404.929314
1427.092544
1455.145314
1471.753910
1471.753910
1496.720718
1555.171895
1555.557162
1597.652364
 376.974529
 376.974529
 601.678217
 962.383799
 962.383799
 962.383799
1028.421415
1028.421415
1028.421415
1136.751957
1136.751957
1136.751957
1371.947625
1371.947625
1371.947625
1390.638625
1390.638625
1390.638625
1465.387575
1465.387575
1465.387575
1577.313079
1577.313079
1609.285717
 301.632752
 358.618503
 496.461792
 985.481494
 985.481494
1015.913321
1015.913321
1028.568712
1136.512297
1140.114491
1140.114491
1176.337253
1318.001616
1329.092746
1360.573242
1360.573242
1400.220840
1400.220840
1447.338445
1457.608439
1457.608439
1588.403527
1591.854425
1611.368137
 254.034968
 271.964989
 371.191123
 988.198632
 998.328999
1065.907941
1065.907941
1105.842571
1105.842571
1164.087626
1207.400081
1207.400081
1288.262771
1288.262771
1363.909547
1363.909547
1369.779953
1375.889391
1415.393919
1415.393919
1460.672374
1602.239005
1602.633976
1614.667986
 301.632752
 358.618503
 496.461792
 985.481494
 985.481494
1015.913321
1015.913321
1028.568712
1136.512297
1140.114491
1140.114491
1176.337253
1318.001616
1329.092746
1360.573242
1360.573242
1400.220840
1400.220840
1447.338445
1457.608439
1457.608439
1588.403527
1591.854425
1611.368137
 422.171014
 489.324976
 642.860569
 864.348115
 898.015274
 986.024576
1000.897110
1039.043228
1041.904686
1119.420926
1124.155180
1165.967826
1293.223702
1341.843735
1365.398296
1427.595491
1428.665268
1452.355263
1453.028562
1467.902444
1504.723892
1564.704968
1570.911244
1599.500834
 570.687313
 629.758419
 722.208980
 767.919541
 787.760682
 922.530334
 985.044465
 987.044839
1064.151994
1092.264003
1123.855727
1148.319956
1296.860689
1318.403356
1399.339216
1423.942598
1463.981716
1473.275794
1485.673324
1500.682788
1530.872004
1540.362237
1545.742084
1577.669115
 570.687313
 629.758419
 722.208980
 767.919541
 787.760682
 922.530334
 985.044465
 987.044839
1064.151994
1092.264003
1123.855727
1148.319956
1296.860689
1318.403356
1399.339216
1423.942598
1463.981716
1473.275794
1485.673324
1500.682788
1530.872004
1540.362237
1545.742084
1577.669115
 422.171014
 489.324976
 642.860569
 864.348115
 898.015274
 986.024576
1000.897110
1039.043228
1041.904686
1119.420926
1124.155180
1165.967826
1293.223702
1341.843735
1365.398296
1427.595491
1428.665268
1452.355263
1453.028562
1467.902444
1504.723892
1564.704968
1570.911244
1599.500834
 301.632752
 358.618503
 496.461792
 985.481494
 985.481494
1015.913321
1015.913321
1028.568712
1136.512297
1140.114491
1140.114491
1176.337253
1318.001616
1329.092746
1360.573242
1360.573242
1400.220840
1400.220840
1447.338445
1457.608439
1457.608439
1588.403527
1591.854425
1611.368137
 254.034968
 271.964989
 371.191123
 988.198632
 998.328999
1065.907941
1065.907941
1105.842571
1105.842571
1164.087626
1207.400081
1207.400081
1288.262771
1288.262771
1363.909547
1363.909547
1369.779953
1375.889391
1415.393919
1415.393919
1460.672374
1602.239005
1602.633976
1614.667986
 417.665510
 430.035175
 549.521659
 869.242177
 875.366910
1035.725955
1067.916906
1067.916906
1125.867708
1125.867708
1160.793814
1160.793814
1255.294061
1255.294061
1395.996296
1395.996296
1435.282872
1435.282872
1436.084470
1440.507332
1515.960799
1578.728430
1579.008225
1604.105931
 422.171014
 489.324976
 642.860569
 864.348115
 898.015274
 986.024576
1000.897110
1039.043228
1041.904686
1119.420926
1124.155180
1165.967826
1293.223702
1341.843735
1365.398296
1427.595491
1428.665268
1452.355263
1453.028562
1467.902444
1504.723892
1564.704968
1570.911244
1599.500834
 483.860513
 591.145792
 756.558827
 860.426482
 860.426482
 939.938141
 940.210424
 940.210424
1055.908983
1055.908983
1088.144767
1152.973150
1340.099190
1365.976287
1413.744426
1413.744426
1470.037284
1470.037284
1482.683028
1482.683028
1488.030678
1540.988990
1555.210623
1585.446283
 592.937300
 709.102049
 724.396446
 828.469850
 867.956813
 868.890881
 894.078288
 970.607524
 992.963663
1044.708959
1079.846770
1115.144178
1369.129254
1393.059774
1405.415376
1448.139478
1468.301899
1486.992927
1493.945860
1504.408386
1509.343104
1522.875588
1532.552884
1559.655234
 592.937300
 709.102049
 724.396446
 828.469850
 867.956813
 868.890881
 894.078288
 970.607524
 992.963663
1044.708959
1079.846770
1115.144178
1369.129254
1393.059774
1405.415376
1448.139478
1468.301899
1486.992927
1493.945860
1504.408386
1509.343104
1522.875588
1532.552884
1559.655234
 483.860513
 591.145792
 756.558827
 860.426482
 860.426482
 939.938141
 940.210424
 940.210424
1055.908983
1055.908983
1088.144767
1152.973150
1340.099190
1365.976287
1413.744426
1413.744426
1470.037284
1470.037284
1482.683028
1482.683028
1488.030678
1540.988990
1555.210623
1585.446283
 422.171014
 489.324976
 642.860569
 864.348115
 898.015274
 986.024576
1000.897110
1039.043228
1041.904686
1119.420926
1124.155180
1165.967826
1293.223702
1341.843735
1365.398296
1427.595491
1428.665268
1452.355263
1453.028562
1467.902444
1504.723892
1564.704968
1570.911244
1599.500834
 417.665510
 430.035175
 549.521659
 869.242177
 875.366910
1035.725955
1067.916906
1067.916906
1125.867708
1125.867708
1160.793814
1160.793814
1255.294061
1255.294061
1395.996296
1395.996296
1435.282872
1435.282872
1436.084470
1440.507332
1515.960799
1578.728430
1579.008225
1604.105931
 422.171014
 489.324976
 642.860569
 864.348115
 898.015274
 986.024576
1000.897110
1039.043228
1041.904686
1119.420926
1124.155180
1165.967826
1293.223702
1341.843735
1365.398296
1427.595491
1428.665268
1452.355263
1453.028562
1467.902444
1504.723892
1564.704968
1570.911244
1599.500834
 466.321771
 490.983308
 730.093008
 861.528783
 892.839996
 945.857897
 945.857897
1021.558896
1021.558896
1065.555575
1144.544241
1144.544241
1360.668146
1360.668146
1404.929314
1404.929314
1427.092544
1455.145314
1471.753910
1471.753910
1496.720718
1555.171895
1555.557162
1597.652364
 521.655766
 569.162272
 837.716089
 852.569254
 852.569254
 901.367091
 902.403713
 902.403713
 990.462478
1099.449158
1099.449158
1162.092845
1387.879402
1393.729477
1417.928469
1417.928469
1462.553696
1462.553696
1482.472708
1482.472708
1482.767098
1532.105214
1537.546270
1585.983472
 616.551599
 674.137485
 735.239821
 786.294203
 851.708729
 867.892646
 925.035073
 941.570119
 955.943630
1030.850851
1133.053238
1157.251469
1391.691184
1403.826317
1423.514771
1452.086230
1464.689650
1479.889918
1484.847815
1493.658033
1502.634950
1515.023244
1521.078237
1560.776961
 616.551599
 674.137485
 735.239821
 786.294203
 851.708729
 867.892646
 925.035073
 941.570119
 955.943630
1030.850851
1133.053238
1157.251469
1391.691184
1403.826317
1423.514771
1452.086230
1464.689650
1479.889918
1484.847815
1493.658033
1502.634950
1515.023244
1521.078237
1560.776961
 521.655766
 569.162272
 837.716089
 852.569254
 852.569254
 901.367091
 902.403713
 902.403713
 990.462478
1099.449158
1099.449158
1162.092845
1387.879402
1393.729477
1417.928469
1417.928469
1462.553696
1462.553696
1482.472708
1482.472708
1482.767098
1532.105214
1537.546270
1585.983472
 466.321771
 490.983308
 730.093008
 861.528783
 892.839996
 945.857897
 945.857897
1021.558896
1021.558896
1065.555575
1144.544241
1144.544241
1360.668146
1360.668146
1404.929314
1404.929314
1427.092544
1455.145314
1471.753910
1471.753910
1496.720718
1555.171895
1555.557162
1597.652364
 422.171014
 489.324976
 642.860569
 864.348115
 898.015274
 986.024576
1000.897110
1039.043228
1041.904686
1119.420926
1124.155180
1165.967826
1293.223702
1341.843735
1365.398296
1427.595491
1428.665268
1452.355263
1453.028562
1467.902444
1504.723892
1564.704968
1570.911244
1599.500834
 483.860513
 591.145792
 756.558827
 860.426482
 860.426482
 939.938141
 940.210424
 940.210424
1055.908983
1055.908983
1088.144767
1152.973150
1340.099190
1365.976287
1413.744426
1413.744426
1470.037284
1470.037284
1482.683028
1482.683028
1488.030678
1540.988990
1555.210623
1585.446283
 521.655766
 569.162272
 837.716089
 852.569254
 852.569254
 901.367091
 902.403713
 902.403713
 990.462478
1099.449158
1099.449158
1162.092845
1387.879402
1393.729477
1417.928469
1417.928469
1462.553696
1462.553696
1482.472708
1482.472708
1482.767098
1532.105214
1537.546270
1585.983472
 587.555117
 587.555117
 835.567914
 835.567914
 835.567914
 874.024585
 874.024585
 874.024585
 935.688581
1142.860290
1142.860290
1142.860290
1421.520824
1421.520824
1421.520824
1456.549742
1456.549742
1456.549742
1478.791423
1478.791423
1478.791423
1514.604498
1514.604498
1576.226855
 655.165020
 668.955977
 754.791538
 756.897063
 819.471644
 819.471644
 863.394108
 863.394108
1026.204443
1097.356898
1169.164115
1169.164115
1420.127824
1420.127824
1457.170358
1458.629868
1458.629868
1472.756944
1472.756944
1479.581573
1489.155860
1493.483316
1512.995451
1552.234033
 655.165020
 668.955977
 754.791538
 756.897063
 819.471644
 819.471644
 863.394108
 863.394108
1026.204443
1097.356898
1169.164115
1169.164115
1420.127824
1420.127824
1457.170358
1458.629868
1458.629868
1472.756944
1472.756944
1479.581573
1489.155860
1493.483316
1512.995451
1552.234033
 587.555117
 587.555117
 835.567914
 835.567914
 835.567914
 874.024585
 874.024585
 874.024585
 935.688581
1142.860290
1142.860290
1142.860290
1421.520824
1421.520824
1421.520824
1456.549742
1456.549742
1456.549742
1478.791423
1478.791423
1478.791423
1514.604498
1514.604498
1576.226855
 521.655766
 569.162272
 837.716089
 852.569254
 852.569254
 901.367091
 902.403713
 902.403713
 990.462478
1099.449158
1099.449158
1162.092845
1387.879402
1393.729477
1417.928469
1417.928469
1462.553696
1462.553696
1482.472708
1482.472708
1482.767098
1532.105214
1537.546270
1585.983472
 483.860513
 591.145792
 756.558827
 860.426482
 860.426482
 939.938141
 940.210424
 940.210424
1055.908983
1055.908983
1088.144767
1152.973150
1340.099190
1365.976287
1413.744426
1413.744426
1470.037284
1470.037284
1482.683028
1482.683028
1488.030678
1540.988990
1555.210623
1585.446283
 592.937300
 709.102049
 724.396446
 828.469850
 867.956813
 868.890881
 894.078288
 970.607524
 992.963663
1044.708959
1079.846770
1115.144178
1369.129254
1393.059774
1405.415376
1448.139478
1468.301899
1486.992927
1493.945860
1504.408386
1509.343104
1522.875588
1532.552884
1559.655234
 616.551599
 674.137485
 735.239821
 786.294203
 851.708729
 867.892646
 925.035073
 941.570119
 955.943630
1030.850851
1133.053238
1157.251469
1391.691184
1403.826317
1423.514771
1452.086230
1464.689650
1479.889918
1484.847815
1493.658033
1502.634950
1515.023244
1521.078237
1560.776961
 655.165020
 668.955977
 754.791538
 756.897063
 819.471644
 819.471644
 863.394108
 863.394108
1026.204443
1097.356898
1169.164115
1169.164115
1420.127824
1420.127824
1457.170358
1458.629868
1458.629868
1472.756944
1472.756944
1479.581573
1489.155860
1493.483316
1512.995451
1552.234033
 691.277494
 719.498027
 753.180432
 753.180432
 778.901898
 784.383689
 784.383689
 819.134654
1099.959542
1150.009938
1150.009938
1176.150106
1434.564400
1446.306562
1446.306562
1461.224856
1467.766029
1467.766029
1469.295806
1476.096610
1481.507217
1498.514670
1498.514670
1531.260996
 691.277494
 719.498027
 753.180432
 753.180432
 778.901898
 784.383689
 784.383689
 819.134654
1099.959542
1150.009938
1150.009938
1176.150106
1434.564400
1446.306562
1446.306562
1461.224856
1467.766029
1467.766029
1469.295806
1476.096610
1481.507217
1498.514670
1498.514670
1531.260996
 655.165020
 668.955977
 754.791538
 756.897063
 819.471644
 819.471644
 863.394108
 863.394108
1026.204443
1097.356898
1169.164115
1169.164115
1420.127824
1420.127824
1457.170358
1458.629868
1458.629868
1472.756944
1472.756944
1479.581573
1489.155860
1493.483316
1512.995451
1552.234033
 616.551599
 674.137485
 735.239821
 786.294203
 851.708729
 867.892646
 925.035073
 941.570119
 955.943630
1030.850851
1133.053238
1157.251469
1391.691184
1403.826317
1423.514771
1452.086230
1464.689650
1479.889918
1484.847815
1493.658033
1502.634950
1515.023244
1521.078237
1560.776961
 592.937300
 709.102049
 724.396446
 828.469850
 867.956813
 868.890881
 894.078288
 970.607524
 992.963663
1044.708959
1079.846770
1115.144178
1369.129254
1393.059774
1405.415376
1448.139478
1468.301899
1486.992927
1493.945860
1504.408386
1509.343104
1522.875588
1532.552884
1559.655234
 592.937300
 709.102049
 724.396446
 828.469850
 867.956813
 868.890881
 894.078288
 970.607524
 992.963663
1044.708959
1079.846770
1115.144178
1369.129254
1393.059774
1405.415376
1448.139478
1468.301899
1486.992927
1493.945860
1504.408386
1509.343104
1522.875588
1532.552884
1559.655234
 616.551599
 674.137485
 735.239821
 786.294203
 851.708729
 867.892646
 925.035073
 941.570119
 955.943630
1030.850851
1133.053238
1157.251469
1391.691184
1403.826317
1423.514771
1452.086230
1464.689650
1479.889918
1484.847815
1493.658033
1502.634950
1515.023244
1521.078237
1560.776961
 655.165020
 668.955977
 754.791538
 756.897063
 819.471644
 819.471644
 863.394108
 863.394108
1026.204443
1097.356898
1169.164115
1169.164115
1420.127824
1420.127824
1457.170358
1458.629868
1458.629868
1472.756944
1472.756944
1479.581573
1489.155860
1493.483316
1512.995451
1552.234033
 691.277494
 719.498027
 753.180432
 753.180432
 778.901898
 784.383689
 784.383689
 819.134654
1099.959542
1150.009938
1150.009938
1176.150106
1434.564400
1446.306562
1446.306562
1461.224856
1467.766029
1467.766029
1469.295806
1476.096610
1481.507217
1498.514670
1498.514670
1531.260996
 691.277494
 719.498027
 753.180432
 753.180432
 778.901898
 784.383689
 784.383689
 819.134654
1099.959542
1150.009938
1150.009938
1176.150106
1434.564400
1446.306562
1446.306562
1461.224856
1467.766029
1467.766029
1469.295806
1476.096610
1481.507217
1498.514670
1498.514670
1531.260996
 655.165020
 668.955977
 754.791538
 756.897063
 819.471644
 819.471644
 863.394108
 863.394108
1026.204443
1097.356898
1169.164115
1169.164115
1420.127824
1420.127824
1457.170358
1458.629868
1458.629868
1472.756944
1472.756944
1479.581573
1489.155860
1493.483316
1512.995451
1552.234033
 616.551599
 674.137485
 735.239821
 786.294203
 851.708729
 867.892646
 925.035073
 941.570119
 955.943630
1030.850851
1133.053238
1157.251469
1391.691184
1403.826317
1423.514771
1452.086230
1464.689650
1479.889918
1484.847815
1493.658033
1502.634950
1515.023244
1521.078237
1560.776961
 592.937300
 709.102049
 724.396446
 828.469850
 867.956813
 868.890881
 894.078288
 970.607524
 992.963663
1044.708959
1079.846770
1115.144178
1369.129254
1393.059774
1405.415376
1448.139478
1468.301899
1486.992927
1493.945860
1504.408386
1509.343104
1522.875588
1532.552884
1559.655234
 483.860513
 591.145792
 756.558827
 860.426482
 860.426482
 939.938141
 940.210424
 940.210424
1055.908983
1055.908983
1088.144767
1152.973150
1340.099190
1365.976287
1413.744426
1413.744426
1470.037284
1470.037284
1482.683028
1482.683028
1488.030678
1540.988990
1555.210623
1585.446283
 521.655766
 569.162272
 837.716089
 852.569254
 852.569254
 901.367091
 902.403713
 902.403713
 990.462478
1099.449158
1099.449158
1162.092845
1387.879402
1393.729477
1417.928469
1417.928469
1462.553696
1462.553696
1482.472708
1482.472708
1482.767098
1532.105214
1537.546270
1585.983472
 587.555117
 587.555117
 835.567914
 835.567914
 835.567914
 874.024585
 874.024585
 874.024585
 935.688581
1142.860290
1142.860290
1142.860290
1421.520824
1421.520824
1421.520824
1456.549742
1456.549742
1456.549742
1478.791423
1478.791423
1478.791423
1514.604498
1514.604498
1576.226855
 655.165020
 668.955977
 754.791538
 756.897063
 819.471644
 819.471644
 863.394108
 863.394108
1026.204443
1097.356898
1169.164115
1169.164115
1420.127824
1420.127824
1457.170358
1458.629868
1458.629868
1472.756944
1472.756944
1479.581573
1489.155860
1493.483316
1512.995451
1552.234033
 655.165020
 668.955977
 754.791538
 756.897063
 819.471644
 819.471644
 863.394108
 863.394108
1026.204443
1097.356898
1169.164115
1169.164115
1420.127824
1420.127824
1457.170358
1458.629868
1458.629868
1472.756944
1472.756944
1479.581573
1489.155860
1493.483316
1512.995451
1552.234033
 587.555117
 587.555117
 835.567914
 835.567914
 835.567914
 874.024585
 874.024585
 874.024585
 935.688581
1142.860290
1142.860290
1142.860290
1421.520824
1421.520824
1421.520824
1456.549742
1456.549742
1456.549742
1478.791423
1478.791423
1478.791423
1514.604498
1514.604498
1576.226855
 521.655766
 569.162272
 837.716089
 852.569254
 852.569254
 901.367091
 902.403713
 902.403713
 990.462478
1099.449158
1099.449158
1162.092845
1387.879402
1393.729477
1417.928469
1417.928469
1462.553696
1462.553696
1482.472708
1482.472708
1482.767098
1532.105214
1537.546270
1585.983472
 483.860513
 591.145792
 756.558827
 860.426482
 860.426482
 939.938141
 940.210424
 940.210424
1055.908983
1055.908983
1088.144767
1152.973150
1340.099190
1365.976287
1413.744426
1413.744426
1470.037284
1470.037284
1482.683028
1482.683028
1488.030678
1540.988990
1555.210623
1585.446283
 422.171014
 489.324976
 642.860569
 864.348115
 898.015274
 986.024576
1000.897110
1039.043228
1041.904686
1119.420926
1124.155180
1165.967826
1293.223702
1341.843735
1365.398296
1427.595491
1428.665268
1452.355263
1453.028562
1467.902444
1504.723892
1564.704968
1570.911244
1599.500834
 466.321771
 490.983308
 730.093008
 861.528783
 892.839996
 945.857897
 945.857897
1021.558896
1021.558896
1065.555575
1144.544241
1144.544241
1360.668146
1360.668146
1404.929314
1404.929314
1427.092544
1455.145314
1471.753910
1471.753910
1496.720718
1555.171895
1555.557162
1597.652364
 521.655766
 569.162272
 837.716089
 852.569254
 852.569254
 901.367091
 902.403713
 902.403713
 990.462478
1099.449158
1099.449158
1162.092845
1387.879402
1393.729477
1417.928469
1417.928469
1462.553696
1462.553696
1482.472708
1482.472708
1482.767098
1532.105214
1537.546270
1585.983472
 616.551599
 674.137485
 735.239821
 786.294203
 851.708729
 867.892646
 925.035073
 941.570119
 955.943630
1030.850851
1133.053238
1157.251469
1391.691184
1403.826317
1423.514771
1452.086230
1464.689650
1479.889918
1484.847815
1493.658033
1502.634950
1515.023244
1521.078237
1560.776961
 616.551599
 674.137485
 735.239821
 786.294203
 851.708729
 867.892646
 925.035073
 941.570119
 955.943630
1030.850851
1133.053238
1157.251469
1391.691184
1403.826317
1423.514771
1452.086230
1464.689650
1479.889918
1484.847815
1493.658033
1502.634950
1515.023244
1521.078237
1560.776961
 521.655766
 569.162272
 837.716089
 852.569254
 852.569254
 901.367091
 902.403713
 902.403713
 990.462478
1099.449158
1099.449158
1162.092845
1387.879402
1393.729477
1417.928469
1417.928469
1462.553696
1462.553696
1482.472708
1482.472708
1482.767098
1532.105214
1537.546270
1585.983472
 466.321771
 490.983308
 730.093008
 861.528783
 892.839996
 945.857897
 945.857897
1021.558896
1021.558896
1065.555575
1144.544241
1144.544241
1360.668146
1360.668146
1404.929314
1404.929314
1427.092544
1455.145314
1471.753910
1471.753910
1496.720718
1555.171895
1555.557162
1597.652364
 422.171014
 489.324976
 642.860569
 864.348115
 898.015274
 986.024576
1000.897110
1039.043228
1041.904686
1119.420926
1124.155180
1165.967826
1293.223702
1341.843735
1365.398296
1427.595491
1428.665268
1452.355263
1453.028562
1467.902444
1504.723892
1564.704968
1570.911244
1599.500834
 417.665510
 430.035175
 549.521659
 869.242177
 875.366910
1035.725955
1067.916906
1067.916906
1125.867708
1125.867708
1160.793814
1160.793814
1255.294061
1255.294061
1395.996296
1395.996296
1435.282872
1435.282872
1436.084470
1440.507332
1515.960799
1578.728430
1579.008225
1604.105931
 422.171014
 489.324976
 642.860569
 864.348115
 898.015274
 986.024576
1000.897110
1039.043228
1041.904686
1119.420926
1124.155180
1165.967826
1293.223702
1341.843735
1365.398296
1427.595491
1428.665268
1452.355263
1453.028562
1467.902444
1504.723892
1564.704968
1570.911244
1599.500834
 483.860513
 591.145792
 756.558827
 860.426482
 860.426482
 939.938141
 940.210424
 940.210424
1055.908983
1055.908983
1088.144767
1152.973150
1340.099190
1365.976287
1413.744426
1413.744426
1470.037284
1470.037284
1482.683028
1482.683028
1488.030678
1540.988990
1555.210623
1585.446283
 592.937300
 709.102049
 724.396446
 828.469850
 867.956813
 868.890881
 894.078288
 970.607524
 992.963663
1044.708959
1079.846770
1115.144178
1369.129254
1393.059774
1405.415376
1448.139478
1468.301899
1486.992927
1493.945860
1504.408386
1509.343104
1522.875588
1532.552884
1559.655234
 592.937300
 709.102049
 724.396446
 828.469850
 867.956813
 868.890881
 894.078288
 970.607524
 992.963663
1044.708959
1079.846770
1115.144178
1369.129254
1393.059774
1405.415376
1448.139478
1468.301899
1486.992927
1493.945860
1504.408386
1509.343104
1522.875588
1532.552884
1559.655234
 483.860513
 591.145792
 756.558827
 860.426482
 860.426482
 939.938141
 940.210424
 940.210424
1055.908983
1055.908983
1088.144767
1152.973150
1340.099190
1365.976287
1413.744426
1413.744426
1470.037284
1470.037284
1482.683028
1482.683028
1488.030678
1540.988990
1555.210623
1585.446283
 422.171014
 489.324976
 642.860569
 864.348115
 898.015274
 986.024576
1000.897110
1039.043228
1041.904686
1119.420926
1124.155180
1165.967826
1293.223702
1341.843735
1365.398296
1427.595491
1428.665268
1452.355263
1453.028562
1467.902444
1504.723892
1564.704968
1570.911244
1599.500834
 417.665510
 430.035175
 549.521659
 869.242177
 875.366910
1035.725955
1067.916906
1067.916906
1125.867708
1125.867708
1160.793814
1160.793814
1255.294061
1255.294061
1395.996296
1395.996296
1435.282872
1435.282872
1436.084470
1440.507332
1515.960799
1578.728430
1579.008225
1604.105931
 580.406743
 585.462267
 723.975304
 733.131716
 734.337285
 887.571872
1078.857981
1078.857981
1120.276605
1120.276605
1147.906849
1147.906849
1230.628879
1230.628879
1413.586985
1413.586985
1445.943534
1445.943534
1494.932208
1497.907751
1542.777945
1544.291519
1557.009204
1585.606019
 570.687313
 629.758419
 722.208980
 767.919541
 787.760682
 922.530334
 985.044465
 987.044839
1064.151994
1092.264003
1123.855727
1148.319956
1296.860689
1318.403356
1399.339216
1423.942598
1463.981716
1473.275794
1485.673324
1500.682788
1530.872004
1540.362237
1545.742084
1577.669115
 592.937300
 709.102049
 724.396446
 828.469850
 867.956813
 868.890881
 894.078288
 970.607524
 992.963663
1044.708959
1079.846770
1115.144178
1369.129254
1393.059774
1405.415376
1448.139478
1468.301899
1486.992927
1493.945860
1504.408386
1509.343104
1522.875588
1532.552884
1559.655234
 657.662368
 754.286270
 754.286270
 805.069961
 813.095597
 903.450292
 903.450292
 948.928637
 979.626280
1020.504087
1020.504087
1069.264684
1419.239864
1437.619319
1445.390498
1445.390498
1481.037437
1485.123254
1485.123254
1505.177692
1508.444173
1508.444173
1518.222963
1531.879317
 657.662368
 754.286270
 754.286270
 805.069961
 813.095597
 903.450292
 903.450292
 948.928637
 979.626280
1020.504087
1020.504087
1069.264684
1419.239864
1437.619319
1445.390498
1445.390498
1481.037437
1485.123254
1485.123254
1505.177692
1508.444173
1508.444173
1518.222963
1531.879317
 592.937300
 709.102049
 724.396446
 828.469850
 867.956813
 868.890881
 894.078288
 970.607524
 992.963663
1044.708959
1079.846770
1115.144178
1369.129254
1393.059774
1405.415376
1448.139478
1468.301899
1486.992927
1493.945860
1504.408386
1509.343104
1522.875588
1532.552884
1559.655234
 570.687313
 629.758419
 722.208980
 767.919541
 787.760682
 922.530334
 985.044465
 987.044839
1064.151994
1092.264003
1123.855727
1148.319956
1296.860689
1318.403356
1399.339216
1423.942598
1463.981716
1473.275794
1485.673324
1500.682788
1530.872004
1540.362237
1545.742084
1577.669115
 580.406743
 585.462267
 723.975304
 733.131716
 734.337285
 887.571872
1078.857981
1078.857981
1120.276605
1120.276605
1147.906849
1147.906849
1230.628879
1230.628879
1413.586985
1413.586985
1445.943534
1445.943534
1494.932208
1497.907751
1542.777945
1544.291519
1557.009204
1585.606019
 570.687313
 629.758419
 722.208980
 767.919541
 787.760682
 922.530334
 985.044465
 987.044839
1064.151994
1092.264003
1123.855727
1148.319956
1296.860689
1318.403356
1399.339216
1423.942598
1463.981716
1473.275794
1485.673324
1500.682788
1530.872004
1540.362237
1545.742084
1577.669115
 598.803578
 617.510858
 743.677515
 746.217502
 856.424145
 938.533839
 938.533839
 970.301460
1009.473326
1009.473326
1155.491109
1155.491109
1348.026861
1348.026861
1419.383327
1419.383327
1473.990400
1473.990400
1478.883776
1497.984752
1522.161646
1529.179084
1537.470317
1573.664577
 616.551599
 674.137485
 735.239821
 786.294203
 851.708729
 867.892646
 925.035073
 941.570119
 955.943630
1030.850851
1133.053238
1157.251469
1391.691184
1403.826317
1423.514771
1452.086230
1464.689650
1479.889918
1484.847815
1493.658033
1502.634950
1515.023244
1521.078237
1560.776961
 669.501667
 753.788739
 753.867582
 753.867582
 801.007783
 839.784326
 839.784326
 898.396263
1021.935257
1087.608521
1087.608521
1132.164587
1424.778705
1445.776371
1445.776371
1448.242675
1476.996145
1480.069427
1480.069427
1493.684269
1498.304941
1503.138791
1503.138791
1536.451543
 669.501667
 753.788739
 753.867582
 753.867582
 801.007783
 839.784326
 839.784326
 898.396263
1021.935257
1087.608521
1087.608521
1132.164587
1424.778705
1445.776371
1445.776371
1448.242675
1476.996145
1480.069427
1480.069427
1493.684269
1498.304941
1503.138791
1503.138791
1536.451543
 616.551599
 674.137485
 735.239821
 786.294203
 851.708729
 867.892646
 925.035073
 941.570119
 955.943630
1030.850851
1133.053238
1157.251469
1391.691184
1403.826317
1423.514771
1452.086230
1464.689650
1479.889918
1484.847815
1493.658033
1502.634950
1515.023244
1521.078237
1560.776961
 598.803578
 617.510858
 743.677515
 746.217502
 856.424145
 938.533839
 938.533839
 970.301460
1009.473326
1009.473326
1155.491109
1155.491109
1348.026861
1348.026861
1419.383327
1419.383327
1473.990400
1473.990400
1478.883776
1497.984752
1522.161646
1529.179084
1537.470317
1573.664577
 570.687313
 629.758419
 722.208980
 767.919541
 787.760682
 922.530334
 985.044465
 987.044839
1064.151994
1092.264003
1123.855727
1148.319956
1296.860689
1318.403356
1399.339216
1423.942598
1463.981716
1473.275794
1485.673324
1500.682788
1530.872004
1540.362237
1545.742084
1577.669115
 592.937300
 709.102049
 724.396446
 828.469850
 867.956813
 868.890881
 894.078288
 970.607524
 992.963663
1044.708959
1079.846770
1115.144178
1369.129254
1393.059774
1405.415376
1448.139478
1468.301899
1486.992927
1493.945860
1504.408386
1509.343104
1522.875588
1532.552884
1559.655234
 616.551599
 674.137485
 735.239821
 786.294203
 851.708729
 867.892646
 925.035073
 941.570119
 955.943630
1030.850851
1133.053238
1157.251469
1391.691184
1403.826317
1423.514771
1452.086230
1464.689650
1479.889918
1484.847815
1493.658033
1502.634950
1515.023244
1521.078237
1560.776961
 655.165020
 668.955977
 754.791538
 756.897063
 819.471644
 819.471644
 863.394108
 863.394108
1026.204443
1097.356898
1169.164115
1169.164115
1420.127824
1420.127824
1457.170358
1458.629868
1458.629868
1472.756944
1472.756944
1479.581573
1489.155860
1493.483316
1512.995451
1552.234033
 691.277494
 719.498027
 753.180432
 753.180432
 778.901898
 784.383689
 784.383689
 819.134654
1099.959542
1150.009938
1150.009938
1176.150106
1434.564400
1446.306562
1446.306562
1461.224856
1467.766029
1467.766029
1469.295806
1476.096610
1481.507217
1498.514670
1498.514670
1531.260996
 691.277494
 719.498027
 753.180432
 753.180432
 778.901898
 784.383689
 784.383689
 819.134654
1099.959542
1150.009938
1150.009938
1176.150106
1434.564400
1446.306562
1446.306562
1461.224856
1467.766029
1467.766029
1469.295806
1476.096610
1481.507217
1498.514670
1498.514670
1531.260996
 655.165020
 668.955977
 754.791538
 756.897063
 819.471644
 819.471644
 863.394108
 863.394108
1026.204443
1097.356898
1169.164115
1169.164115
1420.127824
1420.127824
1457.170358
1458.629868
1458.629868
1472.756944
1472.756944
1479.581573
1489.155860
1493.483316
1512.995451
1552.234033
 616.551599
 674.137485
 735.239821
 786.294203
 851.708729
 867.892646
 925.035073
 941.570119
 955.943630
1030.850851
1133.053238
1157.251469
1391.691184
1403.826317
1423.514771
1452.086230
1464.689650
1479.889918
1484.847815
1493.658033
1502.634950
1515.023244
1521.078237
1560.776961
 592.937300
 709.102049
 724.396446
 828.469850
 867.956813
 868.890881
 894.078288
 970.607524
 992.963663
1044.708959
1079.846770
1115.144178
1369.129254
1393.059774
1405.415376
1448.139478
1468.301899
1486.992927
1493.945860
1504.408386
1509.343104
1522.875588
1532.552884
1559.655234
 657.662368
 754.286270
 754.286270
 805.069961
 813.095597
 903.450292
 903.450292
 948.928637
 979.626280
1020.504087
1020.504087
1069.264684
1419.239864
1437.619319
1445.390498
1445.390498
1481.037437
1485.123254
1485.123254
1505.177692
1508.444173
1508.444173
1518.222963
1531.879317
 669.501667
 753.788739
 753.867582
 753.867582
 801.007783
 839.784326
 839.784326
 898.396263
1021.935257
1087.608521
1087.608521
1132.164587
1424.778705
1445.776371
1445.776371
1448.242675
1476.996145
1480.069427
1480.069427
1493.684269
1498.304941
1503.138791
1503.138791
1536.451543
 691.277494
 719.498027
 753.180432
 753.180432
 778.901898
 784.383689
 784.383689
 819.134654
1099.959542
1150.009938
1150.009938
1176.150106
1434.564400
1446.306562
1446.306562
1461.224856
1467.766029
1467.766029
1469.295806
1476.096610
1481.507217
1498.514670
1498.514670
1531.260996
 719.625374
 719.625374
 750.335082
 750.335082
 750.335082
 755.509914
 755.509914
 755.509914
1160.754552
1188.404981
1188.404981
1188.404981
1446.577627
1446.577627
1446.577627
1455.295546
1455.295546
1455.295546
1458.734958
1458.734958
1496.720104
1496.720104
1496.720104
1516.998650
 719.625374
 719.625374
 750.335082
 750.335082
 750.335082
 755.509914
 755.509914
 755.509914
1160.754552
1188.404981
1188.404981
1188.404981
1446.577627
1446.577627
1446.577627
1455.295546
1455.295546
1455.295546
1458.734958
1458.734958
1496.720104
1496.720104
1496.720104
1516.998650
 691.277494
 719.498027
 753.180432
 753.180432
 778.901898
 784.383689
 784.383689
 819.134654
1099.959542
1150.009938
1150.009938
1176.150106
1434.564400
1446.306562
1446.306562
1461.224856
1467.766029
1467.766029
1469.295806
1476.096610
1481.507217
1498.514670
1498.514670
1531.260996
 669.501667
 753.788739
 753.867582
 753.867582
 801.007783
 839.784326
 839.784326
 898.396263
1021.935257
1087.608521
1087.608521
1132.164587
1424.778705
1445.776371
1445.776371
1448.242675
1476.996145
1480.069427
1480.069427
1493.684269
1498.304941
1503.138791
1503.138791
1536.451543
 657.662368
 754.286270
 754.286270
 805.069961
 813.095597
 903.450292
 903.450292
 948.928637
 979.626280
1020.504087
1020.504087
1069.264684
1419.239864
1437.619319
1445.390498
1445.390498
1481.037437
1485.123254
1485.123254
1505.177692
1508.444173
1508.444173
1518.222963
1531.879317
 657.662368
 754.286270
 754.286270
 805.069961
 813.095597
 903.450292
 903.450292
 948.928637
 979.626280
1020.504087
1020.504087
1069.264684
1419.239864
1437.619319
1445.390498
1445.390498
1481.037437
1485.123254
1485.123254
1505.177692
1508.444173
1508.444173
1518.222963
1531.879317
 669.501667
 753.788739
 753.867582
 753.867582
 801.007783
 839.784326
 839.784326
 898.396263
1021.935257
1087.608521
1087.608521
1132.164587
1424.778705
1445.776371
1445.776371
1448.242675
1476.996145
1480.069427
1480.069427
1493.684269
1498.304941
1503.138791
1503.138791
1536.451543
 691.277494
 719.498027
 753.180432
 753.180432
 778.901898
 784.383689
 784.383689
 819.134654
1099.959542
1150.009938
1150.009938
1176.150106
1434.564400
1446.306562
1446.306562
1461.224856
1467.766029
1467.766029
1469.295806
1476.096610
1481.507217
1498.514670
1498.514670
1531.260996
 719.625374
 719.625374
 750.335082
 750.335082
 750.335082
 755.509914
 755.509914
 755.509914
1160.754552
1188.404981
1188.404981
1188.404981
1446.577627
1446.577627
1446.577627
1455.295546
1455.295546
1455.295546
1458.734958
1458.734958
1496.720104
1496.720104
1496.720104
1516.998650
 719.625374
 719.625374
 750.335082
 750.335082
 750.335082
 755.509914
 755.509914
 755.509914
1160.754552
1188.404981
1188.404981
1188.404981
1446.577627
1446.577627
1446.577627
1455.295546
1455.295546
1455.295546
1458.734958
1458.734958
1496.720104
1496.720104
1496.720104
1516.998650
 691.277494
 719.498027
 753.180432
 753.180432
 778.901898
 784.383689
 784.383689
 819.134654
1099.959542
1150.009938
1150.009938
1176.150106
1434.564400
1446.306562
1446.306562
1461.224856
1467.766029
1467.766029
1469.295806
1476.096610
1481.507217
1498.514670
1498.514670
1531.260996
 669.501667
 753.788739
 753.867582
 753.867582
 801.007783
 839.784326
 839.784326
 898.396263
1021.935257
1087.608521
1087.608521
1132.164587
1424.778705
1445.776371
1445.776371
1448.242675
1476.996145
1480.069427
1480.069427
1493.684269
1498.304941
1503.138791
1503.138791
1536.451543
 657.662368
 754.286270
 754.286270
 805.069961
 813.095597
 903.450292
 903.450292
 948.928637
 979.626280
1020.504087
1020.504087
1069.264684
1419.239864
1437.619319
1445.390498
1445.390498
1481.037437
1485.123254
1485.123254
1505.177692
1508.444173
1508.444173
1518.222963
1531.879317
 592.937300
 709.102049
 724.396446
 828.469850
 867.956813
 868.890881
 894.078288
 970.607524
 992.963663
1044.708959
1079.846770
1115.144178
1369.129254
1393.059774
1405.415376
1448.139478
1468.301899
1486.992927
1493.945860
1504.408386
1509.343104
1522.875588
1532.552884
1559.655234
 616.551599
 674.137485
 735.239821
 786.294203
 851.708729
 867.892646
 925.035073
 941.570119
 955.943630
1030.850851
1133.053238
1157.251469
1391.691184
1403.826317
1423.514771
1452.086230
1464.689650
1479.889918
1484.847815
1493.658033
1502.634950
1515.023244
1521.078237
1560.776961
 655.165020
 668.955977
 754.791538
 756.897063
 819.471644
 819.471644
 863.394108
 863.394108
1026.204443
1097.356898
1169.164115
1169.164115
1420.127824
1420.127824
1457.170358
1458.629868
1458.629868
1472.756944
1472.756944
1479.581573
1489.155860
1493.483316
1512.995451
1552.234033
 691.277494
 719.498027
 753.180432
 753.180432
 778.901898
 784.383689
 784.383689
 819.134654
1099.959542
1150.009938
1150.009938
1176.150106
1434.564400
1446.306562
1446.306562
1461.224856
1467.766029
1467.766029
1469.295806
1476.096610
1481.507217
1498.514670
1498.514670
1531.260996
 691.277494
 719.498027
 753.180432
 753.180432
 778.901898
 784.383689
 784.383689
 819.134654
1099.959542
1150.009938
1150.009938
1176.150106
1434.564400
1446.306562
1446.306562
1461.224856
1467.766029
1467.766029
1469.295806
1476.096610
1481.507217
1498.514670
1498.514670
1531.260996
 655.165020
 668.955977
 754.791538
 756.897063
 819.471644
 819.471644
 863.394108
 863.394108
1026.204443
1097.356898
1169.164115
1169.164115
1420.127824
1420.127824
1457.170358
1458.629868
1458.629868
1472.756944
1472.756944
1479.581573
1489.155860
1493.483316
1512.995451
1552.234033
 616.551599
 674.137485
 735.239821
 786.294203
 851.708729
 867.892646
 925.035073
 941.570119
 955.943630
1030.850851
1133.053238
1157.251469
1391.691184
1403.826317
1423.514771
1452.086230
1464.689650
1479.889918
1484.847815
1493.658033
1502.634950
1515.023244
1521.078237
1560.776961
 592.937300
 709.102049
 724.396446
 828.469850
 867.956813
 868.890881
 894.078288
 970.607524
 992.963663
1044.708959
1079.846770
1115.144178
1369.129254
1393.059774
1405.415376
1448.139478
1468.301899
1486.992927
1493.945860
1504.408386
1509.343104
1522.875588
1532.552884
1559.655234
 570.687313
 629.758419
 722.208980
 767.919541
 787.760682
 922.530334
 985.044465
 987.044839
1064.151994
1092.264003
1123.855727
1148.319956
1296.860689
1318.403356
1399.339216
1423.942598
1463.981716
1473.275794
1485.673324
1500.682788
1530.872004
1540.362237
1545.742084
1577.669115
 598.803578
 617.510858
 743.677515
 746.217502
 856.424145
 938.533839
 938.533839
 970.301460
1009.473326
1009.473326
1155.491109
1155.491109
1348.026861
1348.026861
1419.383327
1419.383327
1473.990400
1473.990400
1478.883776
1497.984752
1522.161646
1529.179084
1537.470317
1573.664577
 616.551599
 674.137485
 735.239821
 786.294203
 851.708729
 867.892646
 925.035073
 941.570119
 955.943630
1030.850851
1133.053238
1157.251469
1391.691184
1403.826317
1423.514771
1452.086230
1464.689650
1479.889918
1484.847815
1493.658033
1502.634950
1515.023244
1521.078237
1560.776961
 669.501667
 753.788739
 753.867582
 753.867582
 801.007783
 839.784326
 839.784326
 898.396263
1021.935257
1087.608521
1087.608521
1132.164587
1424.778705
1445.776371
1445.776371
1448.242675
1476.996145
1480.069427
1480.069427
1493.684269
1498.304941
1503.138791
1503.138791
1536.451543
 669.501667
 753.788739
 753.867582
 753.867582
 801.007783
 839.784326
 839.784326
 898.396263
1021.935257
1087.608521
1087.608521
1132.164587
1424.778705
1445.776371
1445.776371
1448.242675
1476.996145
1480.069427
1480.069427
1493.684269
1498.304941
1503.138791
1503.138791
1536.451543
 616.551599
 674.137485
 735.239821
 786.294203
 851.708729
 867.892646
 925.035073
 941.570119
 955.943630
1030.850851
1133.053238
1157.251469
1391.691184
1403.826317
1423.514771
1452.086230
1464.689650
1479.889918
1484.847815
1493.658033
1502.634950
1515.023244
1521.078237
1560.776961
 598.803578
 617.510858
 743.677515
 746.217502
 856.424145
 938.533839
 938.533839
 970.301460
1009.473326
1009.473326
1155.491109
1155.491109
1348.026861
1348.026861
1419.383327
1419.383327
1473.990400
1473.990400
1478.883776
1497.984752
1522.161646
1529.179084
1537.470317
1573.664577
 570.687313
 629.758419
 722.208980
 767.919541
 787.760682
 922.530334
 985.044465
 987.044839
1064.151994
1092.264003
1123.855727
1148.319956
1296.860689
1318.403356
1399.339216
1423.942598
1463.981716
1473.275794
1485.673324
1500.682788
1530.872004
1540.362237
1545.742084
1577.669115
 580.406743
 585.462267
 723.975304
 733.131716
 734.337285
 887.571872
1078.857981
1078.857981
1120.276605
1120.276605
1147.906849
1147.906849
1230.628879
1230.628879
1413.586985
1413.586985
1445.943534
1445.943534
1494.932208
1497.907751
1542.777945
1544.291519
1557.009204
1585.606019
 570.687313
 629.758419
 722.208980
 767.919541
 787.760682
 922.530334
 985.044465
 987.044839
1064.151994
1092.264003
1123.855727
1148.319956
1296.860689
1318.403356
1399.339216
1423.942598
1463.981716
1473.275794
1485.673324
1500.682788
1530.872004
1540.362237
1545.742084
1577.669115
 592.937300
 709.102049
 724.396446
 828.469850
 867.956813
 868.890881
 894.078288
 970.607524
 992.963663
1044.708959
1079.846770
1115.144178
1369.129254
1393.059774
1405.415376
1448.139478
1468.301899
1486.992927
1493.945860
1504.408386
1509.343104
1522.875588
1532.552884
1559.655234
 657.662368
 754.286270
 754.286270
 805.069961
 813.095597
 903.450292
 903.450292
 948.928637
 979.626280
1020.504087
1020.504087
1069.264684
1419.239864
1437.619319
1445.390498
1445.390498
1481.037437
1485.123254
1485.123254
1505.177692
1508.444173
1508.444173
1518.222963
1531.879317
 657.662368
 754.286270
 754.286270
 805.069961
 813.095597
 903.450292
 903.450292
 948.928637
 979.626280
1020.504087
1020.504087
1069.264684
1419.239864
1437.619319
1445.390498
1445.390498
1481.037437
1485.123254
1485.123254
1505.177692
1508.444173
1508.444173
1518.222963
1531.879317
 592.937300
 709.102049
 724.396446
 828.469850
 867.956813
 868.890881
 894.078288
 970.607524
 992.963663
1044.708959
1079.846770
1115.144178
1369.129254
1393.059774
1405.415376
1448.139478
1468.301899
1486.992927
1493.945860
1504.408386
1509.343104
1522.875588
1532.552884
1559.655234
 570.687313
 629.758419
 722.208980
 767.919541
 787.760682
 922.530334
 985.044465
 987.044839
1064.151994
1092.264003
1123.855727
1148.319956
1296.860689
1318.403356
1399.339216
1423.942598
1463.981716
1473.275794
1485.673324
1500.682788
1530.872004
1540.362237
1545.742084
1577.669115
 580.406743
 585.462267
 723.975304
 733.131716
 734.337285
 887.571872
1078.857981
1078.857981
1120.276605
1120.276605
1147.906849
1147.906849
1230.628879
1230.628879
1413.586985
1413.586985
1445.943534
1445.943534
1494.932208
1497.907751
1542.777945
1544.291519
1557.009204
1585.606019
