 122.988890
 122.988890
 191.199563
1024.147672
1024.147672
1024.147672
1034.862427
1034.862427
1034.862427
1159.839755
1159.839755
1159.839755
1195.804134
1195.804134
1195.804134
1227.590691
1227.590691
1227.590691
1293.944119
1293.944119
1293.944119
1499.395969
1499.395969
1503.881454
 240.934714
 255.692050
 343.568404
 934.255002
 941.555185
1016.365796
1016.365796
1046.228064
1046.228064
1084.754374
1117.269818
1117.269818
1185.681909
1185.681909
1258.913303
1258.913303
1260.788935
1268.318436
1307.545807
1307.545807
1358.946338
1487.391155
1488.066177
1500.654448
 393.552160
 403.621547
 510.330677
 818.257795
 822.763406
 965.227008
1014.491796
1014.491796
1055.785751
1055.785751
1077.654661
1077.654661
1168.490345
1168.490345
1287.770146
1287.770146
1321.864749
1321.864749
1327.615589
1332.145125
1410.556211
1465.162807
1465.305837
1491.329949
 545.424484
 549.526235
 673.617667
 688.753749
 689.585401
 826.709257
1020.991358
1020.991358
1044.769111
1044.769111
1065.018436
1065.018436
1157.197093
1157.197093
1303.995690
1303.995690
1329.858931
1329.858931
1384.962988
1387.622602
1430.963742
1432.031745
1448.461156
1474.616579
 545.424484
 549.526235
 673.617667
 688.753749
 689.585401
 826.709257
1020.991358
1020.991358
1044.769111
1044.769111
1065.018436
1065.018436
1157.197093
1157.197093
1303.995690
1303.995690
1329.858931
1329.858931
1384.962988
1387.622602
1430.963742
1432.031745
1448.461156
1474.616579
 393.552160
 403.621547
 510.330677
 818.257795
 822.763406
 965.227008
1014.491796
1014.491796
1055.785751
1055.785751
1077.654661
1077.654661
1168.490345
1168.490345
1287.770146
1287.770146
1321.864749
1321.864749
1327.615589
1332.145125
1410.556211
1465.162807
1465.305837
1491.329949
 240.934714
 255.692050
 343.568404
 934.255002
 941.555185
1016.365796
1016.365796
1046.228064
1046.228064
1084.754374
1117.269818
1117.269818
1185.681909
1185.681909
1258.913303
1258.913303
1260.788935
1268.318436
1307.545807
1307.545807
1358.946338
1487.391155
1488.066177
1500.654448
 122.988890
 122.988890
 191.199563
1024.147672
1024.147672
1024.147672
1034.862427
1034.862427
1034.862427
1159.839755
1159.839755
1159.839755
1195.804134
1195.804134
1195.804134
1227.590691
1227.590691
1227.590691
1293.944119
1293.944119
1293.944119
1499.395969
1499.395969
1503.881454
 240.934714
 255.692050
 343.568404
 934.255002
 941.555185
1016.365796
1016.365796
1046.228064
1046.228064
1084.754374
1117.269818
1117.269818
1185.681909
1185.681909
1258.913303
1258.913303
1260.788935
1268.318436
1307.545807
1307.545807
1358.946338
1487.391155
1488.066177
1500.654448
 289.515122
 336.625005
 458.451005
 932.532844
 932.532844
 954.355006
 954.355006
 983.838836
1060.431562
1063.100738
1063.100738
1093.217507
1212.213919
1239.174214
1255.446736
1255.446736
1291.397596
1291.397596
1332.824014
1354.181997
1354.181997
1473.390870
1477.611406
1498.860567
 403.211749
 458.419416
 594.702730
 815.863121
 842.029387
 933.791525
 956.817618
 970.627000
 972.051227
1043.039109
1043.835803
1078.459044
1210.127688
1244.366398
1264.742072
1319.213420
1320.572156
1342.095327
1344.657235
1350.357998
1401.337619
1450.182247
1457.337029
1489.116943
 541.585904
 589.703800
 682.641183
 719.349420
 730.530380
 857.562657
 935.194525
 940.692861
 993.435965
1017.732416
1041.846079
1058.705796
1216.025305
1229.983405
1296.956376
1321.514004
1346.460510
1354.900679
1374.868032
1388.885616
1417.803111
1427.532257
1440.496523
1469.844471
 541.585904
 589.703800
 682.641183
 719.349420
 730.530380
 857.562657
 935.194525
 940.692861
 993.435965
1017.732416
1041.846079
1058.705796
1216.025305
1229.983405
1296.956376
1321.514004
1346.460510
1354.900679
1374.868032
1388.885616
1417.803111
1427.532257
1440.496523
1469.844471
 403.211749
 458.419416
 594.702730
 815.863121
 842.029387
 933.791525
 956.817618
 970.627000
 972.051227
1043.039109
1043.835803
1078.459044
1210.127688
1244.366398
1264.742072
1319.213420
1320.572156
1342.095327
1344.657235
1350.357998
1401.337619
1450.182247
1457.337029
1489.116943
 289.515122
 336.625005
 458.451005
 932.532844
 932.532844
 954.355006
 954.355006
 983.838836
1060.431562
1063.100738
1063.100738
1093.217507
1212.213919
1239.174214
1255.446736
1255.446736
1291.397596
1291.397596
1332.824014
1354.181997
1354.181997
1473.390870
1477.611406
1498.860567
 240.934714
 255.692050
 343.568404
 934.255002
 941.555185
1016.365796
1016.365796
1046.228064
1046.228064
1084.754374
1117.269818
1117.269818
1185.681909
1185.681909
1258.913303
1258.913303
1260.788935
1268.318436
1307.545807
1307.545807
1358.946338
1487.391155
1488.066177
1500.654448
 393.552160
 403.621547
 510.330677
 818.257795
 822.763406
 965.227008
1014.491796
1014.491796
1055.785751
1055.785751
1077.654661
1077.654661
1168.490345
1168.490345
1287.770146
1287.770146
1321.864749
1321.864749
1327.615589
1332.145125
1410.556211
1465.162807
1465.305837
1491.329949
 403.211749
 458.419416
 594.702730
 815.863121
 842.029387
 933.791525
 956.817618
 970.627000
 972.051227
1043.039109
1043.835803
1078.459044
1210.127688
1244.366398
1264.742072
1319.213420
1320.572156
1342.095327
1344.657235
1350.357998
1401.337619
1450.182247
1457.337029
1489.116943
 464.716681
 552.369983
 699.658481
 816.133426
 816.133426
 878.462571
 878.462571
 900.631650
 982.095950
 982.095950
1011.749355
1060.527867
1249.227236
1274.290649
1307.098626
1307.098626
1356.992101
1356.992101
1368.788235
1382.598586
1382.598586
1426.066981
1441.724380
1478.430160
 567.702195
 661.792816
 690.022134
 773.246959
 804.628085
 827.714555
 855.884795
 900.663526
 925.136897
 972.375434
1000.770180
1028.213368
1268.778680
1288.885133
1316.016185
1353.912549
1356.157136
1369.968422
1375.003416
1390.290327
1394.937786
1418.973324
1423.505533
1456.602872
 567.702195
 661.792816
 690.022134
 773.246959
 804.628085
 827.714555
 855.884795
 900.663526
 925.136897
 972.375434
1000.770180
1028.213368
1268.778680
1288.885133
1316.016185
1353.912549
1356.157136
1369.968422
1375.003416
1390.290327
1394.937786
1418.973324
1423.505533
1456.602872
 464.716681
 552.369983
 699.658481
 816.133426
 816.133426
 878.462571
 878.462571
 900.631650
 982.095950
 982.095950
1011.749355
1060.527867
1249.227236
1274.290649
1307.098626
1307.098626
1356.992101
1356.992101
1368.788235
1382.598586
1382.598586
1426.066981
1441.724380
1478.430160
 403.211749
 458.419416
 594.702730
 815.863121
 842.029387
 933.791525
 956.817618
 970.627000
 972.051227
1043.039109
1043.835803
1078.459044
1210.127688
1244.366398
1264.742072
1319.213420
1320.572156
1342.095327
1344.657235
1350.357998
1401.337619
1450.182247
1457.337029
1489.116943
 393.552160
 403.621547
 510.330677
 818.257795
 822.763406
 965.227008
1014.491796
1014.491796
1055.785751
1055.785751
1077.654661
1077.654661
1168.490345
1168.490345
1287.770146
1287.770146
1321.864749
1321.864749
1327.615589
1332.145125
1410.556211
1465.162807
1465.305837
1491.329949
 545.424484
 549.526235
 673.617667
 688.753749
 689.585401
 826.709257
1020.991358
1020.991358
1044.769111
1044.769111
1065.018436
1065.018436
1157.197093
1157.197093
1303.995690
1303.995690
1329.858931
1329.858931
1384.962988
1387.622602
1430.963742
1432.031745
1448.461156
1474.616579
 541.585904
 589.703800
 682.641183
 719.349420
 730.530380
 857.562657
 935.194525
 940.692861
 993.435965
1017.732416
1041.846079
1058.705796
1216.025305
1229.983405
1296.956376
1321.514004
1346.460510
1354.900679
1374.868032
1388.885616
1417.803111
1427.532257
1440.496523
1469.844471
 567.702195
 661.792816
 690.022134
 773.246959
 804.628085
 827.714555
 855.884795
 900.663526
 925.136897
 972.375434
1000.770180
1028.213368
1268.778680
1288.885133
1316.016185
1353.912549
1356.157136
1369.968422
1375.003416
1390.290327
1394.937786
1418.973324
1423.505533
1456.602872
 631.346434
 722.440228
 722.440228
 749.709713
 779.938231
 840.849580
 840.849580
 878.688641
 910.937940
 945.374567
 945.374567
 988.311129
1303.371757
1331.599192
1331.599192
1355.069932
1365.875312
1386.424112
1386.424112
1387.670712
1399.206660
1399.206660
1405.709473
1432.542851
 631.346434
 722.440228
 722.440228
 749.709713
 779.938231
 840.849580
 840.849580
 878.688641
 910.937940
 945.374567
 945.374567
 988.311129
1303.371757
1331.599192
1331.599192
1355.069932
1365.875312
1386.424112
1386.424112
1387.670712
1399.206660
1399.206660
1405.709473
1432.542851
 567.702195
 661.792816
 690.022134
 773.246959
 804.628085
 827.714555
 855.884795
 900.663526
 925.136897
 972.375434
1000.770180
1028.213368
1268.778680
1288.885133
1316.016185
1353.912549
1356.157136
1369.968422
1375.003416
1390.290327
1394.937786
1418.973324
1423.505533
1456.602872
 541.585904
 589.703800
 682.641183
 719.349420
 730.530380
 857.562657
 935.194525
 940.692861
 993.435965
1017.732416
1041.846079
1058.705796
1216.025305
1229.983405
1296.956376
1321.514004
1346.460510
1354.900679
1374.868032
1388.885616
1417.803111
1427.532257
1440.496523
1469.844471
 545.424484
 549.526235
 673.617667
 688.753749
 689.585401
 826.709257
1020.991358
1020.991358
1044.769111
1044.769111
1065.018436
1065.018436
1157.197093
1157.197093
1303.995690
1303.995690
1329.858931
1329.858931
1384.962988
1387.622602
1430.963742
1432.031745
1448.461156
1474.616579
 545.424484
 549.526235
 673.617667
 688.753749
 689.585401
 826.709257
1020.991358
1020.991358
1044.769111
1044.769111
1065.018436
1065.018436
1157.197093
1157.197093
1303.995690
1303.995690
1329.858931
1329.858931
1384.962988
1387.622602
1430.963742
1432.031745
1448.461156
1474.616579
 541.585904
 589.703800
 682.641183
 719.349420
 730.530380
 857.562657
 935.194525
 940.692861
 993.435965
1017.732416
1041.846079
1058.705796
1216.025305
1229.983405
1296.956376
1321.514004
1346.460510
1354.900679
1374.868032
1388.885616
1417.803111
1427.532257
1440.496523
1469.844471
 567.702195
 661.792816
 690.022134
 773.246959
 804.628085
 827.714555
 855.884795
 900.663526
 925.136897
 972.375434
1000.770180
1028.213368
1268.778680
1288.885133
1316.016185
1353.912549
1356.157136
1369.968422
1375.003416
1390.290327
1394.937786
1418.973324
1423.505533
1456.602872
 631.346434
 722.440228
 722.440228
 749.709713
 779.938231
 840.849580
 840.849580
 878.688641
 910.937940
 945.374567
 945.374567
 988.311129
1303.371757
1331.599192
1331.599192
1355.069932
1365.875312
1386.424112
1386.424112
1387.670712
1399.206660
1399.206660
1405.709473
1432.542851
 631.346434
 722.440228
 722.440228
 749.709713
 779.938231
 840.849580
 840.849580
 878.688641
 910.937940
 945.374567
 945.374567
 988.311129
1303.371757
1331.599192
1331.599192
1355.069932
1365.875312
1386.424112
1386.424112
1387.670712
1399.206660
1399.206660
1405.709473
1432.542851
 567.702195
 661.792816
 690.022134
 773.246959
 804.628085
 827.714555
 855.884795
 900.663526
 925.136897
 972.375434
1000.770180
1028.213368
1268.778680
1288.885133
1316.016185
1353.912549
1356.157136
1369.968422
1375.003416
1390.290327
1394.937786
1418.973324
1423.505533
1456.602872
 541.585904
 589.703800
 682.641183
 719.349420
 730.530380
 857.562657
 935.194525
 940.692861
 993.435965
1017.732416
1041.846079
1058.705796
1216.025305
1229.983405
1296.956376
1321.514004
1346.460510
1354.900679
1374.868032
1388.885616
1417.803111
1427.532257
1440.496523
1469.844471
 545.424484
 549.526235
 673.617667
 688.753749
 689.585401
 826.709257
1020.991358
1020.991358
1044.769111
1044.769111
1065.018436
1065.018436
1157.197093
1157.197093
1303.995690
1303.995690
1329.858931
1329.858931
1384.962988
1387.622602
1430.963742
1432.031745
1448.461156
1474.616579
 393.552160
 403.621547
 510.330677
 818.257795
 822.763406
 965.227008
1014.491796
1014.491796
1055.785751
1055.785751
1077.654661
1077.654661
1168.490345
1168.490345
1287.770146
1287.770146
1321.864749
1321.864749
1327.615589
1332.145125
1410.556211
1465.162807
1465.305837
1491.329949
 403.211749
 458.419416
 594.702730
 815.863121
 842.029387
 933.791525
 956.817618
 970.627000
 972.051227
1043.039109
1043.835803
1078.459044
1210.127688
1244.366398
1264.742072
1319.213420
1320.572156
1342.095327
1344.657235
1350.357998
1401.337619
1450.182247
1457.337029
1489.116943
 464.716681
 552.369983
 699.658481
 816.133426
 816.133426
 878.462571
 878.462571
 900.631650
 982.095950
 982.095950
1011.749355
1060.527867
1249.227236
1274.290649
1307.098626
1307.098626
1356.992101
1356.992101
1368.788235
1382.598586
1382.598586
1426.066981
1441.724380
1478.430160
 567.702195
 661.792816
 690.022134
 773.246959
 804.628085
 827.714555
 855.884795
 900.663526
 925.136897
 972.375434
1000.770180
1028.213368
1268.778680
1288.885133
1316.016185
1353.912549
1356.157136
1369.968422
1375.003416
1390.290327
1394.937786
1418.973324
1423.505533
1456.602872
 567.702195
 661.792816
 690.022134
 773.246959
 804.628085
 827.714555
 855.884795
 900.663526
 925.136897
 972.375434
1000.770180
1028.213368
1268.778680
1288.885133
1316.016185
1353.912549
1356.157136
1369.968422
1375.003416
1390.290327
1394.937786
1418.973324
1423.505533
1456.602872
 464.716681
 552.369983
 699.658481
 816.133426
 816.133426
 878.462571
 878.462571
 900.631650
 982.095950
 982.095950
1011.749355
1060.527867
1249.227236
1274.290649
1307.098626
1307.098626
1356.992101
1356.992101
1368.788235
1382.598586
1382.598586
1426.066981
1441.724380
1478.430160
 403.211749
 458.419416
 594.702730
 815.863121
 842.029387
 933.791525
 956.817618
 970.627000
 972.051227
1043.039109
1043.835803
1078.459044
1210.127688
1244.366398
1264.742072
1319.213420
1320.572156
1342.095327
1344.657235
1350.357998
1401.337619
1450.182247
1457.337029
1489.116943
 393.552160
 403.621547
 510.330677
 818.257795
 822.763406
 965.227008
1014.491796
1014.491796
1055.785751
1055.785751
1077.654661
1077.654661
1168.490345
1168.490345
1287.770146
1287.770146
1321.864749
1321.864749
1327.615589
1332.145125
1410.556211
1465.162807
1465.305837
1491.329949
 240.934714
 255.692050
 343.568404
 934.255002
 941.555185
1016.365796
1016.365796
1046.228064
1046.228064
1084.754374
1117.269818
1117.269818
1185.681909
1185.681909
1258.913303
1258.913303
1260.788935
1268.318436
1307.545807
1307.545807
1358.946338
1487.391155
1488.066177
1500.654448
 289.515122
 336.625005
 458.451005
 932.532844
 932.532844
 954.355006
 954.355006
 983.838836
1060.431562
1063.100738
1063.100738
1093.217507
1212.213919
1239.174214
1255.446736
1255.446736
1291.397596
1291.397596
1332.824014
1354.181997
1354.181997
1473.390870
1477.611406
1498.860567
 403.211749
 458.419416
 594.702730
 815.863121
 842.029387
 933.791525
 956.817618
 970.627000
 972.051227
1043.039109
1043.835803
1078.459044
1210.127688
1244.366398
1264.742072
1319.213420
1320.572156
1342.095327
1344.657235
1350.357998
1401.337619
1450.182247
1457.337029
1489.116943
 541.585904
 589.703800
 682.641183
 719.349420
 730.530380
 857.562657
 935.194525
 940.692861
 993.435965
1017.732416
1041.846079
1058.705796
1216.025305
1229.983405
1296.956376
1321.514004
1346.460510
1354.900679
1374.868032
1388.885616
1417.803111
1427.532257
1440.496523
1469.844471
 541.585904
 589.703800
 682.641183
 719.349420
 730.530380
 857.562657
 935.194525
 940.692861
 993.435965
1017.732416
1041.846079
1058.705796
1216.025305
1229.983405
1296.956376
1321.514004
1346.460510
1354.900679
1374.868032
1388.885616
1417.803111
1427.532257
1440.496523
1469.844471
 403.211749
 458.419416
 594.702730
 815.863121
 842.029387
 933.791525
 956.817618
 970.627000
 972.051227
1043.039109
1043.835803
1078.459044
1210.127688
1244.366398
1264.742072
1319.213420
1320.572156
1342.095327
1344.657235
1350.357998
1401.337619
1450.182247
1457.337029
1489.116943
 289.515122
 336.625005
 458.451005
 932.532844
 932.532844
 954.355006
 954.355006
 983.838836
1060.431562
1063.100738
1063.100738
1093.217507
1212.213919
1239.174214
1255.446736
1255.446736
1291.397596
1291.397596
1332.824014
1354.181997
1354.181997
1473.390870
1477.611406
1498.860567
 240.934714
 255.692050
 343.568404
 934.255002
 941.555185
1016.365796
1016.365796
1046.228064
1046.228064
1084.754374
1117.269818
1117.269818
1185.681909
1185.681909
1258.913303
1258.913303
1260.788935
1268.318436
1307.545807
1307.545807
1358.946338
1487.391155
1488.066177
1500.654448
 122.988890
 122.988890
 191.199563
1024.147672
1024.147672
1024.147672
1034.862427
1034.862427
1034.862427
1159.839755
1159.839755
1159.839755
1195.804134
1195.804134
1195.804134
1227.590691
1227.590691
1227.590691
1293.944119
1293.944119
1293.944119
1499.395969
1499.395969
1503.881454
 240.934714
 255.692050
 343.568404
 934.255002
 941.555185
1016.365796
1016.365796
1046.228064
1046.228064
1084.754374
1117.269818
1117.269818
1185.681909
1185.681909
1258.913303
1258.913303
1260.788935
1268.318436
1307.545807
1307.545807
1358.946338
1487.391155
1488.066177
1500.654448
 393.552160
 403.621547
 510.330677
 818.257795
 822.763406
 965.227008
1014.491796
1014.491796
1055.785751
1055.785751
1077.654661
1077.654661
1168.490345
1168.490345
1287.770146
1287.770146
1321.864749
1321.864749
1327.615589
1332.145125
1410.556211
1465.162807
1465.305837
1491.329949
 545.424484
 549.526235
 673.617667
 688.753749
 689.585401
 826.709257
1020.991358
1020.991358
1044.769111
1044.769111
1065.018436
1065.018436
1157.197093
1157.197093
1303.995690
1303.995690
1329.858931
1329.858931
1384.962988
1387.622602
1430.963742
1432.031745
1448.461156
1474.616579
 545.424484
 549.526235
 673.617667
 688.753749
 689.585401
 826.709257
1020.991358
1020.991358
1044.769111
1044.769111
1065.018436
1065.018436
1157.197093
1157.197093
1303.995690
1303.995690
1329.858931
1329.858931
1384.962988
1387.622602
1430.963742
1432.031745
1448.461156
1474.616579
 393.552160
 403.621547
 510.330677
 818.257795
 822.763406
 965.227008
1014.491796
1014.491796
1055.785751
1055.785751
1077.654661
1077.654661
1168.490345
1168.490345
1287.770146
1287.770146
1321.864749
1321.864749
1327.615589
1332.145125
1410.556211
1465.162807
1465.305837
1491.329949
 240.934714
 255.692050
 343.568404
 934.255002
 941.555185
1016.365796
1016.365796
1046.228064
1046.228064
1084.754374
1117.269818
1117.269818
1185.681909
1185.681909
1258.913303
1258.913303
1260.788935
1268.318436
1307.545807
1307.545807
1358.946338
1487.391155
1488.066177
1500.654448
 122.988890
 122.988890
 191.199563
1024.147672
1024.147672
1024.147672
1034.862427
1034.862427
1034.862427
1159.839755
1159.839755
1159.839755
1195.804134
1195.804134
1195.804134
1227.590691
1227.590691
1227.590691
1293.944119
1293.944119
1293.944119
1499.395969
1499.395969
1503.881454
 240.934714
 255.692050
 343.568404
 934.255002
 941.555185
1016.365796
1016.365796
1046.228064
1046.228064
1084.754374
1117.269818
1117.269818
1185.681909
1185.681909
1258.913303
1258.913303
1260.788935
1268.318436
1307.545807
1307.545807
1358.946338
1487.391155
1488.066177
1500.654448
 289.515122
 336.625005
 458.451005
 932.532844
 932.532844
 954.355006
 954.355006
 983.838836
1060.431562
1063.100738
1063.100738
1093.217507
1212.213919
1239.174214
1255.446736
1255.446736
1291.397596
1291.397596
1332.824014
1354.181997
1354.181997
1473.390870
1477.611406
1498.860567
 403.211749
 458.419416
 594.702730
 815.863121
 842.029387
 933.791525
 956.817618
 970.627000
 972.051227
1043.039109
1043.835803
1078.459044
1210.127688
1244.366398
1264.742072
1319.213420
1320.572156
1342.095327
1344.657235
1350.357998
1401.337619
1450.182247
1457.337029
1489.116943
 541.585904
 589.703800
 682.641183
 719.349420
 730.530380
 857.562657
 935.194525
 940.692861
 993.435965
1017.732416
1041.846079
1058.705796
1216.025305
1229.983405
1296.956376
1321.514004
1346.460510
1354.900679
1374.868032
1388.885616
1417.803111
1427.532257
1440.496523
1469.844471
 541.585904
 589.703800
 682.641183
 719.349420
 730.530380
 857.562657
 935.194525
 940.692861
 993.435965
1017.732416
1041.846079
1058.705796
1216.025305
1229.983405
1296.956376
1321.514004
1346.460510
1354.900679
1374.868032
1388.885616
1417.803111
1427.532257
1440.496523
1469.844471
 403.211749
 458.419416
 594.702730
 815.863121
 842.029387
 933.791525
 956.817618
 970.627000
 972.051227
1043.039109
1043.835803
1078.459044
1210.127688
1244.366398
1264.742072
1319.213420
1320.572156
1342.095327
1344.657235
1350.357998
1401.337619
1450.182247
1457.337029
1489.116943
 289.515122
 336.625005
 458.451005
 932.532844
 932.532844
 954.355006
 954.355006
 983.838836
1060.431562
1063.100738
1063.100738
1093.217507
1212.213919
1239.174214
1255.446736
1255.446736
1291.397596
1291.397596
1332.824014
1354.181997
1354.181997
1473.390870
1477.611406
1498.860567
 240.934714
 255.692050
 343.568404
 934.255002
 941.555185
1016.365796
1016.365796
1046.228064
1046.228064
1084.754374
1117.269818
1117.269818
1185.681909
1185.681909
1258.913303
1258.913303
1260.788935
1268.318436
1307.545807
1307.545807
1358.946338
1487.391155
1488.066177
1500.654448
 289.515122
 336.625005
 458.451005
 932.532844
 932.532844
 954.355006
 954.355006
 983.838836
1060.431562
1063.100738
1063.100738
1093.217507
1212.213919
1239.174214
1255.446736
1255.446736
1291.397596
1291.397596
1332.824014
1354.181997
1354.181997
1473.390870
1477.611406
1498.860567
 359.016028
 359.016028
 553.945764
 914.475217
 914.475217
 914.475217
 962.167005
 962.167005
 962.167005
1057.778291
1057.778291
1057.778291
1259.852839
1259.852839
1259.852839
1296.515874
1296.515874
1296.515874
1356.152474
1356.152474
1356.152474
1462.776299
1462.776299
1498.265084
 444.800265
 465.054293
 672.542794
 815.326510
 838.747704
 900.617321
 900.617321
 956.556823
 956.556823
 988.778727
1057.850361
1057.850361
1257.837286
1257.837286
1311.224979
1311.224979
1316.449527
1347.043639
1357.067359
1357.067359
1394.824261
1440.847024
1441.537004
1489.154386
 568.190188
 583.567822
 702.658424
 704.229088
 790.452553
 893.965157
 893.965157
 897.809912
 947.409722
 947.409722
1061.304865
1061.304865
1254.192848
1254.192848
1324.661526
1324.661526
1355.508223
1355.508223
1367.659502
1383.954930
1409.726331
1414.420861
1436.148362
1468.648382
 568.190188
 583.567822
 702.658424
 704.229088
 790.452553
 893.965157
 893.965157
 897.809912
 947.409722
 947.409722
1061.304865
1061.304865
1254.192848
1254.192848
1324.661526
1324.661526
1355.508223
1355.508223
1367.659502
1383.954930
1409.726331
1414.420861
1436.148362
1468.648382
 444.800265
 465.054293
 672.542794
 815.326510
 838.747704
 900.617321
 900.617321
 956.556823
 956.556823
 988.778727
1057.850361
1057.850361
1257.837286
1257.837286
1311.224979
1311.224979
1316.449527
1347.043639
1357.067359
1357.067359
1394.824261
1440.847024
1441.537004
1489.154386
 359.016028
 359.016028
 553.945764
 914.475217
 914.475217
 914.475217
 962.167005
 962.167005
 962.167005
1057.778291
1057.778291
1057.778291
1259.852839
1259.852839
1259.852839
1296.515874
1296.515874
1296.515874
1356.152474
1356.152474
1356.152474
1462.776299
1462.776299
1498.265084
 289.515122
 336.625005
 458.451005
 932.532844
 932.532844
 954.355006
 954.355006
 983.838836
1060.431562
1063.100738
1063.100738
1093.217507
1212.213919
1239.174214
1255.446736
1255.446736
1291.397596
1291.397596
1332.824014
1354.181997
1354.181997
1473.390870
1477.611406
1498.860567
 403.211749
 458.419416
 594.702730
 815.863121
 842.029387
 933.791525
 956.817618
 970.627000
 972.051227
1043.039109
1043.835803
1078.459044
1210.127688
1244.366398
1264.742072
1319.213420
1320.572156
1342.095327
1344.657235
1350.357998
1401.337619
1450.182247
1457.337029
1489.116943
 444.800265
 465.054293
 672.542794
 815.326510
 838.747704
 900.617321
 900.617321
 956.556823
 956.556823
 988.778727
1057.850361
1057.850361
1257.837286
1257.837286
1311.224979
1311.224979
1316.449527
1347.043639
1357.067359
1357.067359
1394.824261
1440.847024
1441.537004
1489.154386
 499.787349
 538.610785
 770.599540
 810.237372
 810.237372
 849.090603
 849.090603
 861.594117
 929.327491
1014.612990
1014.612990
1065.778717
1272.819328
1307.708282
1307.708282
1317.270592
1355.388665
1355.388665
1366.144671
1381.932556
1381.932556
1417.439179
1423.877526
1480.633022
 589.752766
 636.562624
 700.310070
 741.446506
 812.867547
 830.238418
 866.437338
 870.569418
 898.681607
 949.759533
1039.976057
1058.936009
1284.033106
1295.995594
1338.146706
1352.141223
1359.131365
1367.152073
1368.760894
1377.859121
1388.500319
1400.902529
1425.544602
1459.784030
 589.752766
 636.562624
 700.310070
 741.446506
 812.867547
 830.238418
 866.437338
 870.569418
 898.681607
 949.759533
1039.976057
1058.936009
1284.033106
1295.995594
1338.146706
1352.141223
1359.131365
1367.152073
1368.760894
1377.859121
1388.500319
1400.902529
1425.544602
1459.784030
 499.787349
 538.610785
 770.599540
 810.237372
 810.237372
 849.090603
 849.090603
 861.594117
 929.327491
1014.612990
1014.612990
1065.778717
1272.819328
1307.708282
1307.708282
1317.270592
1355.388665
1355.388665
1366.144671
1381.932556
1381.932556
1417.439179
1423.877526
1480.633022
 444.800265
 465.054293
 672.542794
 815.326510
 838.747704
 900.617321
 900.617321
 956.556823
 956.556823
 988.778727
1057.850361
1057.850361
1257.837286
1257.837286
1311.224979
1311.224979
1316.449527
1347.043639
1357.067359
1357.067359
1394.824261
1440.847024
1441.537004
1489.154386
 403.211749
 458.419416
 594.702730
 815.863121
 842.029387
 933.791525
 956.817618
 970.627000
 972.051227
1043.039109
1043.835803
1078.459044
1210.127688
1244.366398
1264.742072
1319.213420
1320.572156
1342.095327
1344.657235
1350.357998
1401.337619
1450.182247
1457.337029
1489.116943
 541.585904
 589.703800
 682.641183
 719.349420
 730.530380
 857.562657
 935.194525
 940.692861
 993.435965
1017.732416
1041.846079
1058.705796
1216.025305
1229.983405
1296.956376
1321.514004
1346.460510
1354.900679
1374.868032
1388.885616
1417.803111
1427.532257
1440.496523
1469.844471
 568.190188
 583.567822
 702.658424
 704.229088
 790.452553
 893.965157
 893.965157
 897.809912
 947.409722
 947.409722
1061.304865
1061.304865
1254.192848
1254.192848
1324.661526
1324.661526
1355.508223
1355.508223
1367.659502
1383.954930
1409.726331
1414.420861
1436.148362
1468.648382
 589.752766
 636.562624
 700.310070
 741.446506
 812.867547
 830.238418
 866.437338
 870.569418
 898.681607
 949.759533
1039.976057
1058.936009
1284.033106
1295.995594
1338.146706
1352.141223
1359.131365
1367.152073
1368.760894
1377.859121
1388.500319
1400.902529
1425.544602
1459.784030
 642.518627
 710.547856
 722.120941
 722.120941
 768.191234
 790.881090
 790.881090
 845.284524
 938.931549
 998.499578
 998.499578
1036.608979
1309.083910
1331.620198
1331.620198
1356.888373
1361.854113
1369.832212
1369.832212
1385.190942
1386.548304
1407.900164
1407.900164
1439.728051
 642.518627
 710.547856
 722.120941
 722.120941
 768.191234
 790.881090
 790.881090
 845.284524
 938.931549
 998.499578
 998.499578
1036.608979
1309.083910
1331.620198
1331.620198
1356.888373
1361.854113
1369.832212
1369.832212
1385.190942
1386.548304
1407.900164
1407.900164
1439.728051
 589.752766
 636.562624
 700.310070
 741.446506
 812.867547
 830.238418
 866.437338
 870.569418
 898.681607
 949.759533
1039.976057
1058.936009
1284.033106
1295.995594
1338.146706
1352.141223
1359.131365
1367.152073
1368.760894
1377.859121
1388.500319
1400.902529
1425.544602
1459.784030
 568.190188
 583.567822
 702.658424
 704.229088
 790.452553
 893.965157
 893.965157
 897.809912
 947.409722
 947.409722
1061.304865
1061.304865
1254.192848
1254.192848
1324.661526
1324.661526
1355.508223
1355.508223
1367.659502
1383.954930
1409.726331
1414.420861
1436.148362
1468.648382
 541.585904
 589.703800
 682.641183
 719.349420
 730.530380
 857.562657
 935.194525
 940.692861
 993.435965
1017.732416
1041.846079
1058.705796
1216.025305
1229.983405
1296.956376
1321.514004
1346.460510
1354.900679
1374.868032
1388.885616
1417.803111
1427.532257
1440.496523
1469.844471
 541.585904
 589.703800
 682.641183
 719.349420
 730.530380
 857.562657
 935.194525
 940.692861
 993.435965
1017.732416
1041.846079
1058.705796
1216.025305
1229.983405
1296.956376
1321.514004
1346.460510
1354.900679
1374.868032
1388.885616
1417.803111
1427.532257
1440.496523
1469.844471
 568.190188
 583.567822
 702.658424
 704.229088
 790.452553
 893.965157
 893.965157
 897.809912
 947.409722
 947.409722
1061.304865
1061.304865
1254.192848
1254.192848
1324.661526
1324.661526
1355.508223
1355.508223
1367.659502
1383.954930
1409.726331
1414.420861
1436.148362
1468.648382
 589.752766
 636.562624
 700.310070
 741.446506
 812.867547
 830.238418
 866.437338
 870.569418
 898.681607
 949.759533
1039.976057
1058.936009
1284.033106
1295.995594
1338.146706
1352.141223
1359.131365
1367.152073
1368.760894
1377.859121
1388.500319
1400.902529
1425.544602
1459.784030
 642.518627
 710.547856
 722.120941
 722.120941
 768.191234
 790.881090
 790.881090
 845.284524
 938.931549
 998.499578
 998.499578
1036.608979
1309.083910
1331.620198
1331.620198
1356.888373
1361.854113
1369.832212
1369.832212
1385.190942
1386.548304
1407.900164
1407.900164
1439.728051
 642.518627
 710.547856
 722.120941
 722.120941
 768.191234
 790.881090
 790.881090
 845.284524
 938.931549
 998.499578
 998.499578
1036.608979
1309.083910
1331.620198
1331.620198
1356.888373
1361.854113
1369.832212
1369.832212
1385.190942
1386.548304
1407.900164
1407.900164
1439.728051
 589.752766
 636.562624
 700.310070
 741.446506
 812.867547
 830.238418
 866.437338
 870.569418
 898.681607
 949.759533
1039.976057
1058.936009
1284.033106
1295.995594
1338.146706
1352.141223
1359.131365
1367.152073
1368.760894
1377.859121
1388.500319
1400.902529
1425.544602
1459.784030
 568.190188
 583.567822
 702.658424
 704.229088
 790.452553
 893.965157
 893.965157
 897.809912
 947.409722
 947.409722
1061.304865
1061.304865
1254.192848
1254.192848
1324.661526
1324.661526
1355.508223
1355.508223
1367.659502
1383.954930
1409.726331
1414.420861
1436.148362
1468.648382
 541.585904
 589.703800
 682.641183
 719.349420
 730.530380
 857.562657
 935.194525
 940.692861
 993.435965
1017.732416
1041.846079
1058.705796
1216.025305
1229.983405
1296.956376
1321.514004
1346.460510
1354.900679
1374.868032
1388.885616
1417.803111
1427.532257
1440.496523
1469.844471
 403.211749
 458.419416
 594.702730
 815.863121
 842.029387
 933.791525
 956.817618
 970.627000
 972.051227
1043.039109
1043.835803
1078.459044
1210.127688
1244.366398
1264.742072
1319.213420
1320.572156
1342.095327
1344.657235
1350.357998
1401.337619
1450.182247
1457.337029
1489.116943
 444.800265
 465.054293
 672.542794
 815.326510
 838.747704
 900.617321
 900.617321
 956.556823
 956.556823
 988.778727
1057.850361
1057.850361
1257.837286
1257.837286
1311.224979
1311.224979
1316.449527
1347.043639
1357.067359
1357.067359
1394.824261
1440.847024
1441.537004
1489.154386
 499.787349
 538.610785
 770.599540
 810.237372
 810.237372
 849.090603
 849.090603
 861.594117
 929.327491
1014.612990
1014.612990
1065.778717
1272.819328
1307.708282
1307.708282
1317.270592
1355.388665
1355.388665
1366.144671
1381.932556
1381.932556
1417.439179
1423.877526
1480.633022
 589.752766
 636.562624
 700.310070
 741.446506
 812.867547
 830.238418
 866.437338
 870.569418
 898.681607
 949.759533
1039.976057
1058.936009
1284.033106
1295.995594
1338.146706
1352.141223
1359.131365
1367.152073
1368.760894
1377.859121
1388.500319
1400.902529
1425.544602
1459.784030
 589.752766
 636.562624
 700.310070
 741.446506
 812.867547
 830.238418
 866.437338
 870.569418
 898.681607
 949.759533
1039.976057
1058.936009
1284.033106
1295.995594
1338.146706
1352.141223
1359.131365
1367.152073
1368.760894
1377.859121
1388.500319
1400.902529
1425.544602
1459.784030
 499.787349
 538.610785
 770.599540
 810.237372
 810.237372
 849.090603
 849.090603
 861.594117
 929.327491
1014.612990
1014.612990
1065.778717
1272.819328
1307.708282
1307.708282
1317.270592
1355.388665
1355.388665
1366.144671
1381.932556
1381.932556
1417.439179
1423.877526
1480.633022
 444.800265
 465.054293
 672.542794
 815.326510
 838.747704
 900.617321
 900.617321
 956.556823
 956.556823
 988.778727
1057.850361
1057.850361
1257.837286
1257.837286
1311.224979
1311.224979
1316.449527
1347.043639
1357.067359
1357.067359
1394.824261
1440.847024
1441.537004
1489.154386
 403.211749
 458.419416
 594.702730
 815.863121
 842.029387
 933.791525
 956.817618
 970.627000
 972.051227
1043.039109
1043.835803
1078.459044
1210.127688
1244.366398
1264.742072
1319.213420
1320.572156
1342.095327
1344.657235
1350.357998
1401.337619
1450.182247
1457.337029
1489.116943
 289.515122
 336.625005
 458.451005
 932.532844
 932.532844
 954.355006
 954.355006
 983.838836
1060.431562
1063.100738
1063.100738
1093.217507
1212.213919
1239.174214
1255.446736
1255.446736
1291.397596
1291.397596
1332.824014
1354.181997
1354.181997
1473.390870
1477.611406
1498.860567
 359.016028
 359.016028
 553.945764
 914.475217
 914.475217
 914.475217
 962.167005
 962.167005
 962.167005
1057.778291
1057.778291
1057.778291
1259.852839
1259.852839
1259.852839
1296.515874
1296.515874
1296.515874
1356.152474
1356.152474
1356.152474
1462.776299
1462.776299
1498.265084
 444.800265
 465.054293
 672.542794
 815.326510
 838.747704
 900.617321
 900.617321
 956.556823
 956.556823
 988.778727
1057.850361
1057.850361
1257.837286
1257.837286
1311.224979
1311.224979
1316.449527
1347.043639
1357.067359
1357.067359
1394.824261
1440.847024
1441.537004
1489.154386
 568.190188
 583.567822
 702.658424
 704.229088
 790.452553
 893.965157
 893.965157
 897.809912
 947.409722
 947.409722
1061.304865
1061.304865
1254.192848
1254.192848
1324.661526
1324.661526
1355.508223
1355.508223
1367.659502
1383.954930
1409.726331
1414.420861
1436.148362
1468.648382
 568.190188
 583.567822
 702.658424
 704.229088
 790.452553
 893.965157
 893.965157
 897.809912
 947.409722
 947.409722
1061.304865
1061.304865
1254.192848
1254.192848
1324.661526
1324.661526
1355.508223
1355.508223
1367.659502
1383.954930
1409.726331
1414.420861
1436.148362
1468.648382
 444.800265
 465.054293
 672.542794
 815.326510
 838.747704
 900.617321
 900.617321
 956.556823
 956.556823
 988.778727
1057.850361
1057.850361
1257.837286
1257.837286
1311.224979
1311.224979
1316.449527
1347.043639
1357.067359
1357.067359
1394.824261
1440.847024
1441.537004
1489.154386
 359.016028
 359.016028
 553.945764
 914.475217
 914.475217
 914.475217
 962.167005
 962.167005
 962.167005
1057.778291
1057.778291
1057.778291
1259.852839
1259.852839
1259.852839
1296.515874
1296.515874
1296.515874
1356.152474
1356.152474
1356.152474
1462.776299
1462.776299
1498.265084
 289.515122
 336.625005
 458.451005
 932.532844
 932.532844
 954.355006
 954.355006
 983.838836
1060.431562
1063.100738
1063.100738
1093.217507
1212.213919
1239.174214
1255.446736
1255.446736
1291.397596
1291.397596
1332.824014
1354.181997
1354.181997
1473.390870
1477.611406
1498.860567
 240.934714
 255.692050
 343.568404
 934.255002
 941.555185
1016.365796
1016.365796
1046.228064
1046.228064
1084.754374
1117.269818
1117.269818
1185.681909
1185.681909
1258.913303
1258.913303
1260.788935
1268.318436
1307.545807
1307.545807
1358.946338
1487.391155
1488.066177
1500.654448
 289.515122
 336.625005
 458.451005
 932.532844
 932.532844
 954.355006
 954.355006
 983.838836
1060.431562
1063.100738
1063.100738
1093.217507
1212.213919
1239.174214
1255.446736
1255.446736
1291.397596
1291.397596
1332.824014
1354.181997
1354.181997
1473.390870
1477.611406
1498.860567
 403.211749
 458.419416
 594.702730
 815.863121
 842.029387
 933.791525
 956.817618
 970.627000
 972.051227
1043.039109
1043.835803
1078.459044
1210.127688
1244.366398
1264.742072
1319.213420
1320.572156
1342.095327
1344.657235
1350.357998
1401.337619
1450.182247
1457.337029
1489.116943
 541.585904
 589.703800
 682.641183
 719.349420
 730.530380
 857.562657
 935.194525
 940.692861
 993.435965
1017.732416
1041.846079
1058.705796
1216.025305
1229.983405
1296.956376
1321.514004
1346.460510
1354.900679
1374.868032
1388.885616
1417.803111
1427.532257
1440.496523
1469.844471
 541.585904
 589.703800
 682.641183
 719.349420
 730.530380
 857.562657
 935.194525
 940.692861
 993.435965
1017.732416
1041.846079
1058.705796
1216.025305
1229.983405
1296.956376
1321.514004
1346.460510
1354.900679
1374.868032
1388.885616
1417.803111
1427.532257
1440.496523
1469.844471
 403.211749
 458.419416
 594.702730
 815.863121
 842.029387
 933.791525
 956.817618
 970.627000
 972.051227
1043.039109
1043.835803
1078.459044
1210.127688
1244.366398
1264.742072
1319.213420
1320.572156
1342.095327
1344.657235
1350.357998
1401.337619
1450.182247
1457.337029
1489.116943
 289.515122
 336.625005
 458.451005
 932.532844
 932.532844
 954.355006
 954.355006
 983.838836
1060.431562
1063.100738
1063.100738
1093.217507
1212.213919
1239.174214
1255.446736
1255.446736
1291.397596
1291.397596
1332.824014
1354.181997
1354.181997
1473.390870
1477.611406
1498.860567
 240.934714
 255.692050
 343.568404
 934.255002
 941.555185
1016.365796
1016.365796
1046.228064
1046.228064
1084.754374
1117.269818
1117.269818
1185.681909
1185.681909
1258.913303
1258.913303
1260.788935
1268.318436
1307.545807
1307.545807
1358.946338
1487.391155
1488.066177
1500.654448
 393.552160
 403.621547
 510.330677
 818.257795
 822.763406
 965.227008
1014.491796
1014.491796
1055.785751
1055.785751
1077.654661
1077.654661
1168.490345
1168.490345
1287.770146
1287.770146
1321.864749
1321.864749
1327.615589
1332.145125
1410.556211
1465.162807
1465.305837
1491.329949
 403.211749
 458.419416
 594.702730
 815.863121
 842.029387
 933.791525
 956.817618
 970.627000
 972.051227
1043.039109
1043.835803
1078.459044
1210.127688
1244.366398
1264.742072
1319.213420
1320.572156
1342.095327
1344.657235
1350.357998
1401.337619
1450.182247
1457.337029
1489.116943
 464.716681
 552.369983
 699.658481
 816.133426
 816.133426
 878.462571
 878.462571
 900.631650
 982.095950
 982.095950
1011.749355
1060.527867
1249.227236
1274.290649
1307.098626
1307.098626
1356.992101
1356.992101
1368.788235
1382.598586
1382.598586
1426.066981
1441.724380
1478.430160
 567.702195
 661.792816
 690.022134
 773.246959
 804.628085
 827.714555
 855.884795
 900.663526
 925.136897
 972.375434
1000.770180
1028.213368
1268.778680
1288.885133
1316.016185
1353.912549
1356.157136
1369.968422
1375.003416
1390.290327
1394.937786
1418.973324
1423.505533
1456.602872
 567.702195
 661.792816
 690.022134
 773.246959
 804.628085
 827.714555
 855.884795
 900.663526
 925.136897
 972.375434
1000.770180
1028.213368
1268.778680
1288.885133
1316.016185
1353.912549
1356.157136
1369.968422
1375.003416
1390.290327
1394.937786
1418.973324
1423.505533
1456.602872
 464.716681
 552.369983
 699.658481
 816.133426
 816.133426
 878.462571
 878.462571
 900.631650
 982.095950
 982.095950
1011.749355
1060.527867
1249.227236
1274.290649
1307.098626
1307.098626
1356.992101
1356.992101
1368.788235
1382.598586
1382.598586
1426.066981
1441.724380
1478.430160
 403.211749
 458.419416
 594.702730
 815.863121
 842.029387
 933.791525
 956.817618
 970.627000
 972.051227
1043.039109
1043.835803
1078.459044
1210.127688
1244.366398
1264.742072
1319.213420
1320.572156
1342.095327
1344.657235
1350.357998
1401.337619
1450.182247
1457.337029
1489.116943
 393.552160
 403.621547
 510.330677
 818.257795
 822.763406
 965.227008
1014.491796
1014.491796
1055.785751
1055.785751
1077.654661
1077.654661
1168.490345
1168.490345
1287.770146
1287.770146
1321.864749
1321.864749
1327.615589
1332.145125
1410.556211
1465.162807
1465.305837
1491.329949
 403.211749
 458.419416
 594.702730
 815.863121
 842.029387
 933.791525
 956.817618
 970.627000
 972.051227
1043.039109
1043.835803
1078.459044
1210.127688
1244.366398
1264.742072
1319.213420
1320.572156
1342.095327
1344.657235
1350.357998
1401.337619
1450.182247
1457.337029
1489.116943
 444.800265
 465.054293
 672.542794
 815.326510
 838.747704
 900.617321
 900.617321
 956.556823
 956.556823
 988.778727
1057.850361
1057.850361
1257.837286
1257.837286
1311.224979
1311.224979
1316.449527
1347.043639
1357.067359
1357.067359
1394.824261
1440.847024
1441.537004
1489.154386
 499.787349
 538.610785
 770.599540
 810.237372
 810.237372
 849.090603
 849.090603
 861.594117
 929.327491
1014.612990
1014.612990
1065.778717
1272.819328
1307.708282
1307.708282
1317.270592
1355.388665
1355.388665
1366.144671
1381.932556
1381.932556
1417.439179
1423.877526
1480.633022
 589.752766
 636.562624
 700.310070
 741.446506
 812.867547
 830.238418
 866.437338
 870.569418
 898.681607
 949.759533
1039.976057
1058.936009
1284.033106
1295.995594
1338.146706
1352.141223
1359.131365
1367.152073
1368.760894
1377.859121
1388.500319
1400.902529
1425.544602
1459.784030
 589.752766
 636.562624
 700.310070
 741.446506
 812.867547
 830.238418
 866.437338
 870.569418
 898.681607
 949.759533
1039.976057
1058.936009
1284.033106
1295.995594
1338.146706
1352.141223
1359.131365
1367.152073
1368.760894
1377.859121
1388.500319
1400.902529
1425.544602
1459.784030
 499.787349
 538.610785
 770.599540
 810.237372
 810.237372
 849.090603
 849.090603
 861.594117
 929.327491
1014.612990
1014.612990
1065.778717
1272.819328
1307.708282
1307.708282
1317.270592
1355.388665
1355.388665
1366.144671
1381.932556
1381.932556
1417.439179
1423.877526
1480.633022
 444.800265
 465.054293
 672.542794
 815.326510
 838.747704
 900.617321
 900.617321
 956.556823
 956.556823
 988.778727
1057.850361
1057.850361
1257.837286
1257.837286
1311.224979
1311.224979
1316.449527
1347.043639
1357.067359
1357.067359
1394.824261
1440.847024
1441.537004
1489.154386
 403.211749
 458.419416
 594.702730
 815.863121
 842.029387
 933.791525
 956.817618
 970.627000
 972.051227
1043.039109
1043.835803
1078.459044
1210.127688
1244.366398
1264.742072
1319.213420
1320.572156
1342.095327
1344.657235
1350.357998
1401.337619
1450.182247
1457.337029
1489.116943
 464.716681
 552.369983
 699.658481
 816.133426
 816.133426
 878.462571
 878.462571
 900.631650
 982.095950
 982.095950
1011.749355
1060.527867
1249.227236
1274.290649
1307.098626
1307.098626
1356.992101
1356.992101
1368.788235
1382.598586
1382.598586
1426.066981
1441.724380
1478.430160
 499.787349
 538.610785
 770.599540
 810.237372
 810.237372
 849.090603
 849.090603
 861.594117
 929.327491
1014.612990
1014.612990
1065.778717
1272.819328
1307.708282
1307.708282
1317.270592
1355.388665
1355.388665
1366.144671
1381.932556
1381.932556
1417.439179
1423.877526
1480.633022
 561.254510
 561.254510
 796.871988
 796.871988
 796.871988
 826.366743
 826.366743
 826.366743
 858.214106
1047.202810
1047.202810
1047.202810
1307.760693
1307.760693
1307.760693
1353.587066
1353.587066
1353.587066
1380.883515
1380.883515
1380.883515
1400.387469
1400.387469
1474.292179
 626.448655
 637.730324
 719.152153
 720.392181
 783.730728
 783.730728
 818.103005
 818.103005
 940.145734
1005.143667
1066.466541
1066.466541
1307.069557
1307.069557
1343.736908
1352.758748
1352.758748
1362.751297
1375.436666
1378.320193
1380.047689
1380.047689
1422.795598
1455.306821
 626.448655
 637.730324
 719.152153
 720.392181
 783.730728
 783.730728
 818.103005
 818.103005
 940.145734
1005.143667
1066.466541
1066.466541
1307.069557
1307.069557
1343.736908
1352.758748
1352.758748
1362.751297
1375.436666
1378.320193
1380.047689
1380.047689
1422.795598
1455.306821
 561.254510
 561.254510
 796.871988
 796.871988
 796.871988
 826.366743
 826.366743
 826.366743
 858.214106
1047.202810
1047.202810
1047.202810
1307.760693
1307.760693
1307.760693
1353.587066
1353.587066
1353.587066
1380.883515
1380.883515
1380.883515
1400.387469
1400.387469
1474.292179
 499.787349
 538.610785
 770.599540
 810.237372
 810.237372
 849.090603
 849.090603
 861.594117
 929.327491
1014.612990
1014.612990
1065.778717
1272.819328
1307.708282
1307.708282
1317.270592
1355.388665
1355.388665
1366.144671
1381.932556
1381.932556
1417.439179
1423.877526
1480.633022
 464.716681
 552.369983
 699.658481
 816.133426
 816.133426
 878.462571
 878.462571
 900.631650
 982.095950
 982.095950
1011.749355
1060.527867
1249.227236
1274.290649
1307.098626
1307.098626
1356.992101
1356.992101
1368.788235
1382.598586
1382.598586
1426.066981
1441.724380
1478.430160
 567.702195
 661.792816
 690.022134
 773.246959
 804.628085
 827.714555
 855.884795
 900.663526
 925.136897
 972.375434
1000.770180
1028.213368
1268.778680
1288.885133
1316.016185
1353.912549
1356.157136
1369.968422
1375.003416
1390.290327
1394.937786
1418.973324
1423.505533
1456.602872
 589.752766
 636.562624
 700.310070
 741.446506
 812.867547
 830.238418
 866.437338
 870.569418
 898.681607
 949.759533
1039.976057
1058.936009
1284.033106
1295.995594
1338.146706
1352.141223
1359.131365
1367.152073
1368.760894
1377.859121
1388.500319
1400.902529
1425.544602
1459.784030
 626.448655
 637.730324
 719.152153
 720.392181
 783.730728
 783.730728
 818.103005
 818.103005
 940.145734
1005.143667
1066.466541
1066.466541
1307.069557
1307.069557
1343.736908
1352.758748
1352.758748
1362.751297
1375.436666
1378.320193
1380.047689
1380.047689
1422.795598
1455.306821
 663.118596
 685.861746
 721.597737
 721.597737
 746.510711
 746.510711
 746.815275
 778.614349
1004.847181
1048.868908
1048.868908
1070.661743
1319.111797
1331.599534
1331.599534
1348.145737
1351.851266
1351.851266
1354.171336
1361.674997
1397.744782
1413.160213
1413.160213
1439.701568
 663.118596
 685.861746
 721.597737
 721.597737
 746.510711
 746.510711
 746.815275
 778.614349
1004.847181
1048.868908
1048.868908
1070.661743
1319.111797
1331.599534
1331.599534
1348.145737
1351.851266
1351.851266
1354.171336
1361.674997
1397.744782
1413.160213
1413.160213
1439.701568
 626.448655
 637.730324
 719.152153
 720.392181
 783.730728
 783.730728
 818.103005
 818.103005
 940.145734
1005.143667
1066.466541
1066.466541
1307.069557
1307.069557
1343.736908
1352.758748
1352.758748
1362.751297
1375.436666
1378.320193
1380.047689
1380.047689
1422.795598
1455.306821
 589.752766
 636.562624
 700.310070
 741.446506
 812.867547
 830.238418
 866.437338
 870.569418
 898.681607
 949.759533
1039.976057
1058.936009
1284.033106
1295.995594
1338.146706
1352.141223
1359.131365
1367.152073
1368.760894
1377.859121
1388.500319
1400.902529
1425.544602
1459.784030
 567.702195
 661.792816
 690.022134
 773.246959
 804.628085
 827.714555
 855.884795
 900.663526
 925.136897
 972.375434
1000.770180
1028.213368
1268.778680
1288.885133
1316.016185
1353.912549
1356.157136
1369.968422
1375.003416
1390.290327
1394.937786
1418.973324
1423.505533
1456.602872
 567.702195
 661.792816
 690.022134
 773.246959
 804.628085
 827.714555
 855.884795
 900.663526
 925.136897
 972.375434
1000.770180
1028.213368
1268.778680
1288.885133
1316.016185
1353.912549
1356.157136
1369.968422
1375.003416
1390.290327
1394.937786
1418.973324
1423.505533
1456.602872
 589.752766
 636.562624
 700.310070
 741.446506
 812.867547
 830.238418
 866.437338
 870.569418
 898.681607
 949.759533
1039.976057
1058.936009
1284.033106
1295.995594
1338.146706
1352.141223
1359.131365
1367.152073
1368.760894
1377.859121
1388.500319
1400.902529
1425.544602
1459.784030
 626.448655
 637.730324
 719.152153
 720.392181
 783.730728
 783.730728
 818.103005
 818.103005
 940.145734
1005.143667
1066.466541
1066.466541
1307.069557
1307.069557
1343.736908
1352.758748
1352.758748
1362.751297
1375.436666
1378.320193
1380.047689
1380.047689
1422.795598
1455.306821
 663.118596
 685.861746
 721.597737
 721.597737
 746.510711
 746.510711
 746.815275
 778.614349
1004.847181
1048.868908
1048.868908
1070.661743
1319.111797
1331.599534
1331.599534
1348.145737
1351.851266
1351.851266
1354.171336
1361.674997
1397.744782
1413.160213
1413.160213
1439.701568
 663.118596
 685.861746
 721.597737
 721.597737
 746.510711
 746.510711
 746.815275
 778.614349
1004.847181
1048.868908
1048.868908
1070.661743
1319.111797
1331.599534
1331.599534
1348.145737
1351.851266
1351.851266
1354.171336
1361.674997
1397.744782
1413.160213
1413.160213
1439.701568
 626.448655
 637.730324
 719.152153
 720.392181
 783.730728
 783.730728
 818.103005
 818.103005
 940.145734
1005.143667
1066.466541
1066.466541
1307.069557
1307.069557
1343.736908
1352.758748
1352.758748
1362.751297
1375.436666
1378.320193
1380.047689
1380.047689
1422.795598
1455.306821
 589.752766
 636.562624
 700.310070
 741.446506
 812.867547
 830.238418
 866.437338
 870.569418
 898.681607
 949.759533
1039.976057
1058.936009
1284.033106
1295.995594
1338.146706
1352.141223
1359.131365
1367.152073
1368.760894
1377.859121
1388.500319
1400.902529
1425.544602
1459.784030
 567.702195
 661.792816
 690.022134
 773.246959
 804.628085
 827.714555
 855.884795
 900.663526
 925.136897
 972.375434
1000.770180
1028.213368
1268.778680
1288.885133
1316.016185
1353.912549
1356.157136
1369.968422
1375.003416
1390.290327
1394.937786
1418.973324
1423.505533
1456.602872
 464.716681
 552.369983
 699.658481
 816.133426
 816.133426
 878.462571
 878.462571
 900.631650
 982.095950
 982.095950
1011.749355
1060.527867
1249.227236
1274.290649
1307.098626
1307.098626
1356.992101
1356.992101
1368.788235
1382.598586
1382.598586
1426.066981
1441.724380
1478.430160
 499.787349
 538.610785
 770.599540
 810.237372
 810.237372
 849.090603
 849.090603
 861.594117
 929.327491
1014.612990
1014.612990
1065.778717
1272.819328
1307.708282
1307.708282
1317.270592
1355.388665
1355.388665
1366.144671
1381.932556
1381.932556
1417.439179
1423.877526
1480.633022
 561.254510
 561.254510
 796.871988
 796.871988
 796.871988
 826.366743
 826.366743
 826.366743
 858.214106
1047.202810
1047.202810
1047.202810
1307.760693
1307.760693
1307.760693
1353.587066
1353.587066
1353.587066
1380.883515
1380.883515
1380.883515
1400.387469
1400.387469
1474.292179
 626.448655
 637.730324
 719.152153
 720.392181
 783.730728
 783.730728
 818.103005
 818.103005
 940.145734
1005.143667
1066.466541
1066.466541
1307.069557
1307.069557
1343.736908
1352.758748
1352.758748
1362.751297
1375.436666
1378.320193
1380.047689
1380.047689
1422.795598
1455.306821
 626.448655
 637.730324
 719.152153
 720.392181
 783.730728
 783.730728
 818.103005
 818.103005
 940.145734
1005.143667
1066.466541
1066.466541
1307.069557
1307.069557
1343.736908
1352.758748
1352.758748
1362.751297
1375.436666
1378.320193
1380.047689
1380.047689
1422.795598
1455.306821
 561.254510
 561.254510
 796.871988
 796.871988
 796.871988
 826.366743
 826.366743
 826.366743
 858.214106
1047.202810
1047.202810
1047.202810
1307.760693
1307.760693
1307.760693
1353.587066
1353.587066
1353.587066
1380.883515
1380.883515
1380.883515
1400.387469
1400.387469
1474.292179
 499.787349
 538.610785
 770.599540
 810.237372
 810.237372
 849.090603
 849.090603
 861.594117
 929.327491
1014.612990
1014.612990
1065.778717
1272.819328
1307.708282
1307.708282
1317.270592
1355.388665
1355.388665
1366.144671
1381.932556
1381.932556
1417.439179
1423.877526
1480.633022
 464.716681
 552.369983
 699.658481
 816.133426
 816.133426
 878.462571
 878.462571
 900.631650
 982.095950
 982.095950
1011.749355
1060.527867
1249.227236
1274.290649
1307.098626
1307.098626
1356.992101
1356.992101
1368.788235
1382.598586
1382.598586
1426.066981
1441.724380
1478.430160
 403.211749
 458.419416
 594.702730
 815.863121
 842.029387
 933.791525
 956.817618
 970.627000
 972.051227
1043.039109
1043.835803
1078.459044
1210.127688
1244.366398
1264.742072
1319.213420
1320.572156
1342.095327
1344.657235
1350.357998
1401.337619
1450.182247
1457.337029
1489.116943
 444.800265
 465.054293
 672.542794
 815.326510
 838.747704
 900.617321
 900.617321
 956.556823
 956.556823
 988.778727
1057.850361
1057.850361
1257.837286
1257.837286
1311.224979
1311.224979
1316.449527
1347.043639
1357.067359
1357.067359
1394.824261
1440.847024
1441.537004
1489.154386
 499.787349
 538.610785
 770.599540
 810.237372
 810.237372
 849.090603
 849.090603
 861.594117
 929.327491
1014.612990
1014.612990
1065.778717
1272.819328
1307.708282
1307.708282
1317.270592
1355.388665
1355.388665
1366.144671
1381.932556
1381.932556
1417.439179
1423.877526
1480.633022
 589.752766
 636.562624
 700.310070
 741.446506
 812.867547
 830.238418
 866.437338
 870.569418
 898.681607
 949.759533
1039.976057
1058.936009
1284.033106
1295.995594
1338.146706
1352.141223
1359.131365
1367.152073
1368.760894
1377.859121
1388.500319
1400.902529
1425.544602
1459.784030
 589.752766
 636.562624
 700.310070
 741.446506
 812.867547
 830.238418
 866.437338
 870.569418
 898.681607
 949.759533
1039.976057
1058.936009
1284.033106
1295.995594
1338.146706
1352.141223
1359.131365
1367.152073
1368.760894
1377.859121
1388.500319
1400.902529
1425.544602
1459.784030
 499.787349
 538.610785
 770.599540
 810.237372
 810.237372
 849.090603
 849.090603
 861.594117
 929.327491
1014.612990
1014.612990
1065.778717
1272.819328
1307.708282
1307.708282
1317.270592
1355.388665
1355.388665
1366.144671
1381.932556
1381.932556
1417.439179
1423.877526
1480.633022
 444.800265
 465.054293
 672.542794
 815.326510
 838.747704
 900.617321
 900.617321
 956.556823
 956.556823
 988.778727
1057.850361
1057.850361
1257.837286
1257.837286
1311.224979
1311.224979
1316.449527
1347.043639
1357.067359
1357.067359
1394.824261
1440.847024
1441.537004
1489.154386
 403.211749
 458.419416
 594.702730
 815.863121
 842.029387
 933.791525
 956.817618
 970.627000
 972.051227
1043.039109
1043.835803
1078.459044
1210.127688
1244.366398
1264.742072
1319.213420
1320.572156
1342.095327
1344.657235
1350.357998
1401.337619
1450.182247
1457.337029
1489.116943
 393.552160
 403.621547
 510.330677
 818.257795
 822.763406
 965.227008
1014.491796
1014.491796
1055.785751
1055.785751
1077.654661
1077.654661
1168.490345
1168.490345
1287.770146
1287.770146
1321.864749
1321.864749
1327.615589
1332.145125
1410.556211
1465.162807
1465.305837
1491.329949
 403.211749
 458.419416
 594.702730
 815.863121
 842.029387
 933.791525
 956.817618
 970.627000
 972.051227
1043.039109
1043.835803
1078.459044
1210.127688
1244.366398
1264.742072
1319.213420
1320.572156
1342.095327
1344.657235
1350.357998
1401.337619
1450.182247
1457.337029
1489.116943
 464.716681
 552.369983
 699.658481
 816.133426
 816.133426
 878.462571
 878.462571
 900.631650
 982.095950
 982.095950
1011.749355
1060.527867
1249.227236
1274.290649
1307.098626
1307.098626
1356.992101
1356.992101
1368.788235
1382.598586
1382.598586
1426.066981
1441.724380
1478.430160
 567.702195
 661.792816
 690.022134
 773.246959
 804.628085
 827.714555
 855.884795
 900.663526
 925.136897
 972.375434
1000.770180
1028.213368
1268.778680
1288.885133
1316.016185
1353.912549
1356.157136
1369.968422
1375.003416
1390.290327
1394.937786
1418.973324
1423.505533
1456.602872
 567.702195
 661.792816
 690.022134
 773.246959
 804.628085
 827.714555
 855.884795
 900.663526
 925.136897
 972.375434
1000.770180
1028.213368
1268.778680
1288.885133
1316.016185
1353.912549
1356.157136
1369.968422
1375.003416
1390.290327
1394.937786
1418.973324
1423.505533
1456.602872
 464.716681
 552.369983
 699.658481
 816.133426
 816.133426
 878.462571
 878.462571
 900.631650
 982.095950
 982.095950
1011.749355
1060.527867
1249.227236
1274.290649
1307.098626
1307.098626
1356.992101
1356.992101
1368.788235
1382.598586
1382.598586
1426.066981
1441.724380
1478.430160
 403.211749
 458.419416
 594.702730
 815.863121
 842.029387
 933.791525
 956.817618
 970.627000
 972.051227
1043.039109
1043.835803
1078.459044
1210.127688
1244.366398
1264.742072
1319.213420
1320.572156
1342.095327
1344.657235
1350.357998
1401.337619
1450.182247
1457.337029
1489.116943
 393.552160
 403.621547
 510.330677
 818.257795
 822.763406
 965.227008
1014.491796
1014.491796
1055.785751
1055.785751
1077.654661
1077.654661
1168.490345
1168.490345
1287.770146
1287.770146
1321.864749
1321.864749
1327.615589
1332.145125
1410.556211
1465.162807
1465.305837
1491.329949
 545.424484
 549.526235
 673.617667
 688.753749
 689.585401
 826.709257
1020.991358
1020.991358
1044.769111
1044.769111
1065.018436
1065.018436
1157.197093
1157.197093
1303.995690
1303.995690
1329.858931
1329.858931
1384.962988
1387.622602
1430.963742
1432.031745
1448.461156
1474.616579
 541.585904
 589.703800
 682.641183
 719.349420
 730.530380
 857.562657
 935.194525
 940.692861
 993.435965
1017.732416
1041.846079
1058.705796
1216.025305
1229.983405
1296.956376
1321.514004
1346.460510
1354.900679
1374.868032
1388.885616
1417.803111
1427.532257
1440.496523
1469.844471
 567.702195
 661.792816
 690.022134
 773.246959
 804.628085
 827.714555
 855.884795
 900.663526
 925.136897
 972.375434
1000.770180
1028.213368
1268.778680
1288.885133
1316.016185
1353.912549
1356.157136
1369.968422
1375.003416
1390.290327
1394.937786
1418.973324
1423.505533
1456.602872
 631.346434
 722.440228
 722.440228
 749.709713
 779.938231
 840.849580
 840.849580
 878.688641
 910.937940
 945.374567
 945.374567
 988.311129
1303.371757
1331.599192
1331.599192
1355.069932
1365.875312
1386.424112
1386.424112
1387.670712
1399.206660
1399.206660
1405.709473
1432.542851
 631.346434
 722.440228
 722.440228
 749.709713
 779.938231
 840.849580
 840.849580
 878.688641
 910.937940
 945.374567
 945.374567
 988.311129
1303.371757
1331.599192
1331.599192
1355.069932
1365.875312
1386.424112
1386.424112
1387.670712
1399.206660
1399.206660
1405.709473
1432.542851
 567.702195
 661.792816
 690.022134
 773.246959
 804.628085
 827.714555
 855.884795
 900.663526
 925.136897
 972.375434
1000.770180
1028.213368
1268.778680
1288.885133
1316.016185
1353.912549
1356.157136
1369.968422
1375.003416
1390.290327
1394.937786
1418.973324
1423.505533
1456.602872
 541.585904
 589.703800
 682.641183
 719.349420
 730.530380
 857.562657
 935.194525
 940.692861
 993.435965
1017.732416
1041.846079
1058.705796
1216.025305
1229.983405
1296.956376
1321.514004
1346.460510
1354.900679
1374.868032
1388.885616
1417.803111
1427.532257
1440.496523
1469.844471
 545.424484
 549.526235
 673.617667
 688.753749
 689.585401
 826.709257
1020.991358
1020.991358
1044.769111
1044.769111
1065.018436
1065.018436
1157.197093
1157.197093
1303.995690
1303.995690
1329.858931
1329.858931
1384.962988
1387.622602
1430.963742
1432.031745
1448.461156
1474.616579
 541.585904
 589.703800
 682.641183
 719.349420
 730.530380
 857.562657
 935.194525
 940.692861
 993.435965
1017.732416
1041.846079
1058.705796
1216.025305
1229.983405
1296.956376
1321.514004
1346.460510
1354.900679
1374.868032
1388.885616
1417.803111
1427.532257
1440.496523
1469.844471
 568.190188
 583.567822
 702.658424
 704.229088
 790.452553
 893.965157
 893.965157
 897.809912
 947.409722
 947.409722
1061.304865
1061.304865
1254.192848
1254.192848
1324.661526
1324.661526
1355.508223
1355.508223
1367.659502
1383.954930
1409.726331
1414.420861
1436.148362
1468.648382
 589.752766
 636.562624
 700.310070
 741.446506
 812.867547
 830.238418
 866.437338
 870.569418
 898.681607
 949.759533
1039.976057
1058.936009
1284.033106
1295.995594
1338.146706
1352.141223
1359.131365
1367.152073
1368.760894
1377.859121
1388.500319
1400.902529
1425.544602
1459.784030
 642.518627
 710.547856
 722.120941
 722.120941
 768.191234
 790.881090
 790.881090
 845.284524
 938.931549
 998.499578
 998.499578
1036.608979
1309.083910
1331.620198
1331.620198
1356.888373
1361.854113
1369.832212
1369.832212
1385.190942
1386.548304
1407.900164
1407.900164
1439.728051
 642.518627
 710.547856
 722.120941
 722.120941
 768.191234
 790.881090
 790.881090
 845.284524
 938.931549
 998.499578
 998.499578
1036.608979
1309.083910
1331.620198
1331.620198
1356.888373
1361.854113
1369.832212
1369.832212
1385.190942
1386.548304
1407.900164
1407.900164
1439.728051
 589.752766
 636.562624
 700.310070
 741.446506
 812.867547
 830.238418
 866.437338
 870.569418
 898.681607
 949.759533
1039.976057
1058.936009
1284.033106
1295.995594
1338.146706
1352.141223
1359.131365
1367.152073
1368.760894
1377.859121
1388.500319
1400.902529
1425.544602
1459.784030
 568.190188
 583.567822
 702.658424
 704.229088
 790.452553
 893.965157
 893.965157
 897.809912
 947.409722
 947.409722
1061.304865
1061.304865
1254.192848
1254.192848
1324.661526
1324.661526
1355.508223
1355.508223
1367.659502
1383.954930
1409.726331
1414.420861
1436.148362
1468.648382
 541.585904
 589.703800
 682.641183
 719.349420
 730.530380
 857.562657
 935.194525
 940.692861
 993.435965
1017.732416
1041.846079
1058.705796
1216.025305
1229.983405
1296.956376
1321.514004
1346.460510
1354.900679
1374.868032
1388.885616
1417.803111
1427.532257
1440.496523
1469.844471
 567.702195
 661.792816
 690.022134
 773.246959
 804.628085
 827.714555
 855.884795
 900.663526
 925.136897
 972.375434
1000.770180
1028.213368
1268.778680
1288.885133
1316.016185
1353.912549
1356.157136
1369.968422
1375.003416
1390.290327
1394.937786
1418.973324
1423.505533
1456.602872
 589.752766
 636.562624
 700.310070
 741.446506
 812.867547
 830.238418
 866.437338
 870.569418
 898.681607
 949.759533
1039.976057
1058.936009
1284.033106
1295.995594
1338.146706
1352.141223
1359.131365
1367.152073
1368.760894
1377.859121
1388.500319
1400.902529
1425.544602
1459.784030
 626.448655
 637.730324
 719.152153
 720.392181
 783.730728
 783.730728
 818.103005
 818.103005
 940.145734
1005.143667
1066.466541
1066.466541
1307.069557
1307.069557
1343.736908
1352.758748
1352.758748
1362.751297
1375.436666
1378.320193
1380.047689
1380.047689
1422.795598
1455.306821
 663.118596
 685.861746
 721.597737
 721.597737
 746.510711
 746.510711
 746.815275
 778.614349
1004.847181
1048.868908
1048.868908
1070.661743
1319.111797
1331.599534
1331.599534
1348.145737
1351.851266
1351.851266
1354.171336
1361.674997
1397.744782
1413.160213
1413.160213
1439.701568
 663.118596
 685.861746
 721.597737
 721.597737
 746.510711
 746.510711
 746.815275
 778.614349
1004.847181
1048.868908
1048.868908
1070.661743
1319.111797
1331.599534
1331.599534
1348.145737
1351.851266
1351.851266
1354.171336
1361.674997
1397.744782
1413.160213
1413.160213
1439.701568
 626.448655
 637.730324
 719.152153
 720.392181
 783.730728
 783.730728
 818.103005
 818.103005
 940.145734
1005.143667
1066.466541
1066.466541
1307.069557
1307.069557
1343.736908
1352.758748
1352.758748
1362.751297
1375.436666
1378.320193
1380.047689
1380.047689
1422.795598
1455.306821
 589.752766
 636.562624
 700.310070
 741.446506
 812.867547
 830.238418
 866.437338
 870.569418
 898.681607
 949.759533
1039.976057
1058.936009
1284.033106
1295.995594
1338.146706
1352.141223
1359.131365
1367.152073
1368.760894
1377.859121
1388.500319
1400.902529
1425.544602
1459.784030
 567.702195
 661.792816
 690.022134
 773.246959
 804.628085
 827.714555
 855.884795
 900.663526
 925.136897
 972.375434
1000.770180
1028.213368
1268.778680
1288.885133
1316.016185
1353.912549
1356.157136
1369.968422
1375.003416
1390.290327
1394.937786
1418.973324
1423.505533
1456.602872
 631.346434
 722.440228
 722.440228
 749.709713
 779.938231
 840.849580
 840.849580
 878.688641
 910.937940
 945.374567
 945.374567
 988.311129
1303.371757
1331.599192
1331.599192
1355.069932
1365.875312
1386.424112
1386.424112
1387.670712
1399.206660
1399.206660
1405.709473
1432.542851
 642.518627
 710.547856
 722.120941
 722.120941
 768.191234
 790.881090
 790.881090
 845.284524
 938.931549
 998.499578
 998.499578
1036.608979
1309.083910
1331.620198
1331.620198
1356.888373
1361.854113
1369.832212
1369.832212
1385.190942
1386.548304
1407.900164
1407.900164
1439.728051
 663.118596
 685.861746
 721.597737
 721.597737
 746.510711
 746.510711
 746.815275
 778.614349
1004.847181
1048.868908
1048.868908
1070.661743
1319.111797
1331.599534
1331.599534
1348.145737
1351.851266
1351.851266
1354.171336
1361.674997
1397.744782
1413.160213
1413.160213
1439.701568
 690.043224
 690.043224
 719.366709
 719.366709
 719.366709
 723.375925
 723.375925
 723.375925
1056.177533
1079.596050
1079.596050
1079.596050
1331.323646
1331.323646
1331.323646
1339.072989
1339.072989
1339.072989
1343.586434
1343.586434
1415.613130
1415.613130
1415.613130
1431.081888
 690.043224
 690.043224
 719.366709
 719.366709
 719.366709
 723.375925
 723.375925
 723.375925
1056.177533
1079.596050
1079.596050
1079.596050
1331.323646
1331.323646
1331.323646
1339.072989
1339.072989
1339.072989
1343.586434
1343.586434
1415.613130
1415.613130
1415.613130
1431.081888
 663.118596
 685.861746
 721.597737
 721.597737
 746.510711
 746.510711
 746.815275
 778.614349
1004.847181
1048.868908
1048.868908
1070.661743
1319.111797
1331.599534
1331.599534
1348.145737
1351.851266
1351.851266
1354.171336
1361.674997
1397.744782
1413.160213
1413.160213
1439.701568
 642.518627
 710.547856
 722.120941
 722.120941
 768.191234
 790.881090
 790.881090
 845.284524
 938.931549
 998.499578
 998.499578
1036.608979
1309.083910
1331.620198
1331.620198
1356.888373
1361.854113
1369.832212
1369.832212
1385.190942
1386.548304
1407.900164
1407.900164
1439.728051
 631.346434
 722.440228
 722.440228
 749.709713
 779.938231
 840.849580
 840.849580
 878.688641
 910.937940
 945.374567
 945.374567
 988.311129
1303.371757
1331.599192
1331.599192
1355.069932
1365.875312
1386.424112
1386.424112
1387.670712
1399.206660
1399.206660
1405.709473
1432.542851
 631.346434
 722.440228
 722.440228
 749.709713
 779.938231
 840.849580
 840.849580
 878.688641
 910.937940
 945.374567
 945.374567
 988.311129
1303.371757
1331.599192
1331.599192
1355.069932
1365.875312
1386.424112
1386.424112
1387.670712
1399.206660
1399.206660
1405.709473
1432.542851
 642.518627
 710.547856
 722.120941
 722.120941
 768.191234
 790.881090
 790.881090
 845.284524
 938.931549
 998.499578
 998.499578
1036.608979
1309.083910
1331.620198
1331.620198
1356.888373
1361.854113
1369.832212
1369.832212
1385.190942
1386.548304
1407.900164
1407.900164
1439.728051
 663.118596
 685.861746
 721.597737
 721.597737
 746.510711
 746.510711
 746.815275
 778.614349
1004.847181
1048.868908
1048.868908
1070.661743
1319.111797
1331.599534
1331.599534
1348.145737
1351.851266
1351.851266
1354.171336
1361.674997
1397.744782
1413.160213
1413.160213
1439.701568
 690.043224
 690.043224
 719.366709
 719.366709
 719.366709
 723.375925
 723.375925
 723.375925
1056.177533
1079.596050
1079.596050
1079.596050
1331.323646
1331.323646
1331.323646
1339.072989
1339.072989
1339.072989
1343.586434
1343.586434
1415.613130
1415.613130
1415.613130
1431.081888
 690.043224
 690.043224
 719.366709
 719.366709
 719.366709
 723.375925
 723.375925
 723.375925
1056.177533
1079.596050
1079.596050
1079.596050
1331.323646
1331.323646
1331.323646
1339.072989
1339.072989
1339.072989
1343.586434
1343.586434
1415.613130
1415.613130
1415.613130
1431.081888
 663.118596
 685.861746
 721.597737
 721.597737
 746.510711
 746.510711
 746.815275
 778.614349
1004.847181
1048.868908
1048.868908
1070.661743
1319.111797
1331.599534
1331.599534
1348.145737
1351.851266
1351.851266
1354.171336
1361.674997
1397.744782
1413.160213
1413.160213
1439.701568
 642.518627
 710.547856
 722.120941
 722.120941
 768.191234
 790.881090
 790.881090
 845.284524
 938.931549
 998.499578
 998.499578
1036.608979
1309.083910
1331.620198
1331.620198
1356.888373
1361.854113
1369.832212
1369.832212
1385.190942
1386.548304
1407.900164
1407.900164
1439.728051
 631.346434
 722.440228
 722.440228
 749.709713
 779.938231
 840.849580
 840.849580
 878.688641
 910.937940
 945.374567
 945.374567
 988.311129
1303.371757
1331.599192
1331.599192
1355.069932
1365.875312
1386.424112
1386.424112
1387.670712
1399.206660
1399.206660
1405.709473
1432.542851
 567.702195
 661.792816
 690.022134
 773.246959
 804.628085
 827.714555
 855.884795
 900.663526
 925.136897
 972.375434
1000.770180
1028.213368
1268.778680
1288.885133
1316.016185
1353.912549
1356.157136
1369.968422
1375.003416
1390.290327
1394.937786
1418.973324
1423.505533
1456.602872
 589.752766
 636.562624
 700.310070
 741.446506
 812.867547
 830.238418
 866.437338
 870.569418
 898.681607
 949.759533
1039.976057
1058.936009
1284.033106
1295.995594
1338.146706
1352.141223
1359.131365
1367.152073
1368.760894
1377.859121
1388.500319
1400.902529
1425.544602
1459.784030
 626.448655
 637.730324
 719.152153
 720.392181
 783.730728
 783.730728
 818.103005
 818.103005
 940.145734
1005.143667
1066.466541
1066.466541
1307.069557
1307.069557
1343.736908
1352.758748
1352.758748
1362.751297
1375.436666
1378.320193
1380.047689
1380.047689
1422.795598
1455.306821
 663.118596
 685.861746
 721.597737
 721.597737
 746.510711
 746.510711
 746.815275
 778.614349
1004.847181
1048.868908
1048.868908
1070.661743
1319.111797
1331.599534
1331.599534
1348.145737
1351.851266
1351.851266
1354.171336
1361.674997
1397.744782
1413.160213
1413.160213
1439.701568
 663.118596
 685.861746
 721.597737
 721.597737
 746.510711
 746.510711
 746.815275
 778.614349
1004.847181
1048.868908
1048.868908
1070.661743
1319.111797
1331.599534
1331.599534
1348.145737
1351.851266
1351.851266
1354.171336
1361.674997
1397.744782
1413.160213
1413.160213
1439.701568
 626.448655
 637.730324
 719.152153
 720.392181
 783.730728
 783.730728
 818.103005
 818.103005
 940.145734
1005.143667
1066.466541
1066.466541
1307.069557
1307.069557
1343.736908
1352.758748
1352.758748
1362.751297
1375.436666
1378.320193
1380.047689
1380.047689
1422.795598
1455.306821
 589.752766
 636.562624
 700.310070
 741.446506
 812.867547
 830.238418
 866.437338
 870.569418
 898.681607
 949.759533
1039.976057
1058.936009
1284.033106
1295.995594
1338.146706
1352.141223
1359.131365
1367.152073
1368.760894
1377.859121
1388.500319
1400.902529
1425.544602
1459.784030
 567.702195
 661.792816
 690.022134
 773.246959
 804.628085
 827.714555
 855.884795
 900.663526
 925.136897
 972.375434
1000.770180
1028.213368
1268.778680
1288.885133
1316.016185
1353.912549
1356.157136
1369.968422
1375.003416
1390.290327
1394.937786
1418.973324
1423.505533
1456.602872
 541.585904
 589.703800
 682.641183
 719.349420
 730.530380
 857.562657
 935.194525
 940.692861
 993.435965
1017.732416
1041.846079
1058.705796
1216.025305
1229.983405
1296.956376
1321.514004
1346.460510
1354.900679
1374.868032
1388.885616
1417.803111
1427.532257
1440.496523
1469.844471
 568.190188
 583.567822
 702.658424
 704.229088
 790.452553
 893.965157
 893.965157
 897.809912
 947.409722
 947.409722
1061.304865
1061.304865
1254.192848
1254.192848
1324.661526
1324.661526
1355.508223
1355.508223
1367.659502
1383.954930
1409.726331
1414.420861
1436.148362
1468.648382
 589.752766
 636.562624
 700.310070
 741.446506
 812.867547
 830.238418
 866.437338
 870.569418
 898.681607
 949.759533
1039.976057
1058.936009
1284.033106
1295.995594
1338.146706
1352.141223
1359.131365
1367.152073
1368.760894
1377.859121
1388.500319
1400.902529
1425.544602
1459.784030
 642.518627
 710.547856
 722.120941
 722.120941
 768.191234
 790.881090
 790.881090
 845.284524
 938.931549
 998.499578
 998.499578
1036.608979
1309.083910
1331.620198
1331.620198
1356.888373
1361.854113
1369.832212
1369.832212
1385.190942
1386.548304
1407.900164
1407.900164
1439.728051
 642.518627
 710.547856
 722.120941
 722.120941
 768.191234
 790.881090
 790.881090
 845.284524
 938.931549
 998.499578
 998.499578
1036.608979
1309.083910
1331.620198
1331.620198
1356.888373
1361.854113
1369.832212
1369.832212
1385.190942
1386.548304
1407.900164
1407.900164
1439.728051
 589.752766
 636.562624
 700.310070
 741.446506
 812.867547
 830.238418
 866.437338
 870.569418
 898.681607
 949.759533
1039.976057
1058.936009
1284.033106
1295.995594
1338.146706
1352.141223
1359.131365
1367.152073
1368.760894
1377.859121
1388.500319
1400.902529
1425.544602
1459.784030
 568.190188
 583.567822
 702.658424
 704.229088
 790.452553
 893.965157
 893.965157
 897.809912
 947.409722
 947.409722
1061.304865
1061.304865
1254.192848
1254.192848
1324.661526
1324.661526
1355.508223
1355.508223
1367.659502
1383.954930
1409.726331
1414.420861
1436.148362
1468.648382
 541.585904
 589.703800
 682.641183
 719.349420
 730.530380
 857.562657
 935.194525
 940.692861
 993.435965
1017.732416
1041.846079
1058.705796
1216.025305
1229.983405
1296.956376
1321.514004
1346.460510
1354.900679
1374.868032
1388.885616
1417.803111
1427.532257
1440.496523
1469.844471
 545.424484
 549.526235
 673.617667
 688.753749
 689.585401
 826.709257
1020.991358
1020.991358
1044.769111
1044.769111
1065.018436
1065.018436
1157.197093
1157.197093
1303.995690
1303.995690
1329.858931
1329.858931
1384.962988
1387.622602
1430.963742
1432.031745
1448.461156
1474.616579
 541.585904
 589.703800
 682.641183
 719.349420
 730.530380
 857.562657
 935.194525
 940.692861
 993.435965
1017.732416
1041.846079
1058.705796
1216.025305
1229.983405
1296.956376
1321.514004
1346.460510
1354.900679
1374.868032
1388.885616
1417.803111
1427.532257
1440.496523
1469.844471
 567.702195
 661.792816
 690.022134
 773.246959
 804.628085
 827.714555
 855.884795
 900.663526
 925.136897
 972.375434
1000.770180
1028.213368
1268.778680
1288.885133
1316.016185
1353.912549
1356.157136
1369.968422
1375.003416
1390.290327
1394.937786
1418.973324
1423.505533
1456.602872
 631.346434
 722.440228
 722.440228
 749.709713
 779.938231
 840.849580
 840.849580
 878.688641
 910.937940
 945.374567
 945.374567
 988.311129
1303.371757
1331.599192
1331.599192
1355.069932
1365.875312
1386.424112
1386.424112
1387.670712
1399.206660
1399.206660
1405.709473
1432.542851
 631.346434
 722.440228
 722.440228
 749.709713
 779.938231
 840.849580
 840.849580
 878.688641
 910.937940
 945.374567
 945.374567
 988.311129
1303.371757
1331.599192
1331.599192
1355.069932
1365.875312
1386.424112
1386.424112
1387.670712
1399.206660
1399.206660
1405.709473
1432.542851
 567.702195
 661.792816
 690.022134
 773.246959
 804.628085
 827.714555
 855.884795
 900.663526
 925.136897
 972.375434
1000.770180
1028.213368
1268.778680
1288.885133
1316.016185
1353.912549
1356.157136
1369.968422
1375.003416
1390.290327
1394.937786
1418.973324
1423.505533
1456.602872
 541.585904
 589.703800
 682.641183
 719.349420
 730.530380
 857.562657
 935.194525
 940.692861
 993.435965
1017.732416
1041.846079
1058.705796
1216.025305
1229.983405
1296.956376
1321.514004
1346.460510
1354.900679
1374.868032
1388.885616
1417.803111
1427.532257
1440.496523
1469.844471
 545.424484
 549.526235
 673.617667
 688.753749
 689.585401
 826.709257
1020.991358
1020.991358
1044.769111
1044.769111
1065.018436
1065.018436
1157.197093
1157.197093
1303.995690
1303.995690
1329.858931
1329.858931
1384.962988
1387.622602
1430.963742
1432.031745
1448.461156
1474.616579
