 127.450141
 127.450141
 202.589145
1058.741410
1058.741410
1058.741410
1071.913554
1071.913554
1071.913554
1227.846025
1227.846025
1227.846025
1276.909686
1276.909686
1276.909686
1298.568669
1298.568669
1298.568669
1363.385160
1363.385160
1363.385160
1580.156069
1580.156069
1584.397224
 250.161363
 267.177558
 362.997609
 972.543643
 981.856330
1051.379179
1051.379179
1088.554637
1088.554637
1140.385823
1180.611997
1180.611997
1257.965924
1257.965924
1332.032547
1332.032547
1336.956042
1343.536134
1382.806168
1382.806168
1430.219630
1567.932874
1568.404290
1580.600263
 410.555057
 422.275029
 537.867376
 854.369273
 860.002322
1014.687458
1052.282621
1052.282621
1105.504468
1105.504468
1136.017958
1136.017958
1229.599760
1229.599760
1363.131962
1363.131962
1401.112405
1401.112405
1403.505970
1407.987478
1484.440831
1544.822449
1544.988460
1570.402437
 570.117223
 574.919616
 708.976256
 720.140364
 721.211563
 869.424772
1062.017461
1062.017461
1097.844008
1097.844008
1123.220519
1123.220519
1209.194509
1209.194509
1380.274463
1380.274463
1411.049286
1411.049286
1461.978795
1464.879609
1509.321621
1510.718124
1524.560179
1552.432313
 570.117223
 574.919616
 708.976256
 720.140364
 721.211563
 869.424772
1062.017461
1062.017461
1097.844008
1097.844008
1123.220519
1123.220519
1209.194509
1209.194509
1380.274463
1380.274463
1411.049286
1411.049286
1461.978795
1464.879609
1509.321621
1510.718124
1524.560179
1552.432313
 410.555057
 422.275029
 537.867376
 854.369273
 860.002322
1014.687458
1052.282621
1052.282621
1105.504468
1105.504468
1136.017958
1136.017958
1229.599760
1229.599760
1363.131962
1363.131962
1401.112405
1401.112405
1403.505970
1407.987478
1484.440831
1544.822449
1544.988460
1570.402437
 250.161363
 267.177558
 362.997609
 972.543643
 981.856330
1051.379179
1051.379179
1088.554637
1088.554637
1140.385823
1180.611997
1180.611997
1257.965924
1257.965924
1332.032547
1332.032547
1336.956042
1343.536134
1382.806168
1382.806168
1430.219630
1567.932874
1568.404290
1580.600263
 127.450141
 127.450141
 202.589145
1058.741410
1058.741410
1058.741410
1071.913554
1071.913554
1071.913554
1227.846025
1227.846025
1227.846025
1276.909686
1276.909686
1276.909686
1298.568669
1298.568669
1298.568669
1363.385160
1363.385160
1363.385160
1580.156069
1580.156069
1584.397224
 250.161363
 267.177558
 362.997609
 972.543643
 981.856330
1051.379179
1051.379179
1088.554637
1088.554637
1140.385823
1180.611997
1180.611997
1257.965924
1257.965924
1332.032547
1332.032547
1336.956042
1343.536134
1382.806168
1382.806168
1430.219630
1567.932874
1568.404290
1580.600263
 298.042251
 352.142637
 485.208184
 970.068128
 970.068128
 997.990441
 997.990441
1015.351589
1114.627767
1117.117011
1117.117011
1151.391157
1294.115725
1294.215048
1329.190993
1329.190993
1367.513606
1367.513606
1412.940975
1426.391344
1426.391344
1554.054544
1557.715359
1577.734216
 416.556572
 480.229759
 628.593203
 850.148486
 881.618654
 970.740903
 987.849911
1019.404856
1020.696933
1096.688270
1100.433152
1139.997021
1270.189948
1313.114663
1333.479893
1395.149490
1396.337656
1419.310730
1419.918050
1432.652792
1473.646121
1530.504918
1536.952795
1566.483652
 562.090220
 617.981907
 710.561024
 753.660419
 770.786352
 903.235828
 970.367784
 973.341843
1043.280873
1070.179166
1099.514906
1121.651210
1274.038303
1292.804125
1367.485439
1392.388132
1428.741243
1437.785830
1452.549627
1467.212003
1497.099454
1506.599831
1514.191814
1545.392407
 562.090220
 617.981907
 710.561024
 753.660419
 770.786352
 903.235828
 970.367784
 973.341843
1043.280873
1070.179166
1099.514906
1121.651210
1274.038303
1292.804125
1367.485439
1392.388132
1428.741243
1437.785830
1452.549627
1467.212003
1497.099454
1506.599831
1514.191814
1545.392407
 416.556572
 480.229759
 628.593203
 850.148486
 881.618654
 970.740903
 987.849911
1019.404856
1020.696933
1096.688270
1100.433152
1139.997021
1270.189948
1313.114663
1333.479893
1395.149490
1396.337656
1419.310730
1419.918050
1432.652792
1473.646121
1530.504918
1536.952795
1566.483652
 298.042251
 352.142637
 485.208184
 970.068128
 970.068128
 997.990441
 997.990441
1015.351589
1114.627767
1117.117011
1117.117011
1151.391157
1294.115725
1294.215048
1329.190993
1329.190993
1367.513606
1367.513606
1412.940975
1426.391344
1426.391344
1554.054544
1557.715359
1577.734216
 250.161363
 267.177558
 362.997609
 972.543643
 981.856330
1051.379179
1051.379179
1088.554637
1088.554637
1140.385823
1180.611997
1180.611997
1257.965924
1257.965924
1332.032547
1332.032547
1336.956042
1343.536134
1382.806168
1382.806168
1430.219630
1567.932874
1568.404290
1580.600263
 410.555057
 422.275029
 537.867376
 854.369273
 860.002322
1014.687458
1052.282621
1052.282621
1105.504468
1105.504468
1136.017958
1136.017958
1229.599760
1229.599760
1363.131962
1363.131962
1401.112405
1401.112405
1403.505970
1407.987478
1484.440831
1544.822449
1544.988460
1570.402437
 416.556572
 480.229759
 628.593203
 850.148486
 881.618654
 970.740903
 987.849911
1019.404856
1020.696933
1096.688270
1100.433152
1139.997021
1270.189948
1313.114663
1333.479893
1395.149490
1396.337656
1419.310730
1419.918050
1432.652792
1473.646121
1530.504918
1536.952795
1566.483652
 478.182762
 579.726757
 739.717628
 847.378955
 847.378955
 922.072467
 922.072467
 928.271071
1034.009452
1034.009452
1065.522646
1125.449711
1320.457510
1331.177301
1382.173026
1382.173026
1436.419211
1436.419211
1452.051206
1452.051206
1452.307321
1506.677859
1521.270049
1553.407313
 585.456840
 695.172495
 714.229580
 812.224632
 849.868232
 856.047048
 882.745494
 949.887972
 972.987277
1023.336657
1056.398795
1089.337184
1341.640544
1362.851166
1376.211672
1419.027368
1434.906261
1451.858683
1458.298322
1470.226493
1475.200778
1492.975175
1498.568610
1528.756364
 585.456840
 695.172495
 714.229580
 812.224632
 849.868232
 856.047048
 882.745494
 949.887972
 972.987277
1023.336657
1056.398795
1089.337184
1341.640544
1362.851166
1376.211672
1419.027368
1434.906261
1451.858683
1458.298322
1470.226493
1475.200778
1492.975175
1498.568610
1528.756364
 478.182762
 579.726757
 739.717628
 847.378955
 847.378955
 922.072467
 922.072467
 928.271071
1034.009452
1034.009452
1065.522646
1125.449711
1320.457510
1331.177301
1382.173026
1382.173026
1436.419211
1436.419211
1452.051206
1452.051206
1452.307321
1506.677859
1521.270049
1553.407313
 416.556572
 480.229759
 628.593203
 850.148486
 881.618654
 970.740903
 987.849911
1019.404856
1020.696933
1096.688270
1100.433152
1139.997021
1270.189948
1313.114663
1333.479893
1395.149490
1396.337656
1419.310730
1419.918050
1432.652792
1473.646121
1530.504918
1536.952795
1566.483652
 410.555057
 422.275029
 537.867376
 854.369273
 860.002322
1014.687458
1052.282621
1052.282621
1105.504468
1105.504468
1136.017958
1136.017958
1229.599760
1229.599760
1363.131962
1363.131962
1401.112405
1401.112405
1403.505970
1407.987478
1484.440831
1544.822449
1544.988460
1570.402437
 570.117223
 574.919616
 708.976256
 720.140364
 721.211563
 869.424772
1062.017461
1062.017461
1097.844008
1097.844008
1123.220519
1123.220519
1209.194509
1209.194509
1380.274463
1380.274463
1411.049286
1411.049286
1461.978795
1464.879609
1509.321621
1510.718124
1524.560179
1552.432313
 562.090220
 617.981907
 710.561024
 753.660419
 770.786352
 903.235828
 970.367784
 973.341843
1043.280873
1070.179166
1099.514906
1121.651210
1274.038303
1292.804125
1367.485439
1392.388132
1428.741243
1437.785830
1452.549627
1467.212003
1497.099454
1506.599831
1514.191814
1545.392407
 585.456840
 695.172495
 714.229580
 812.224632
 849.868232
 856.047048
 882.745494
 949.887972
 972.987277
1023.336657
1056.398795
1089.337184
1341.640544
1362.851166
1376.211672
1419.027368
1434.906261
1451.858683
1458.298322
1470.226493
1475.200778
1492.975175
1498.568610
1528.756364
 649.851395
 744.838901
 744.838901
 788.759729
 803.248610
 885.008955
 885.008955
 928.144050
 959.373681
 998.256542
 998.256542
1045.263611
1384.687322
1411.594020
1411.594020
1412.939120
1446.672270
1456.805136
1456.805136
1469.870089
1474.260682
1474.260682
1485.027088
1501.594130
 649.851395
 744.838901
 744.838901
 788.759729
 803.248610
 885.008955
 885.008955
 928.144050
 959.373681
 998.256542
 998.256542
1045.263611
1384.687322
1411.594020
1411.594020
1412.939120
1446.672270
1456.805136
1456.805136
1469.870089
1474.260682
1474.260682
1485.027088
1501.594130
 585.456840
 695.172495
 714.229580
 812.224632
 849.868232
 856.047048
 882.745494
 949.887972
 972.987277
1023.336657
1056.398795
1089.337184
1341.640544
1362.851166
1376.211672
1419.027368
1434.906261
1451.858683
1458.298322
1470.226493
1475.200778
1492.975175
1498.568610
1528.756364
 562.090220
 617.981907
 710.561024
 753.660419
 770.786352
 903.235828
 970.367784
 973.341843
1043.280873
1070.179166
1099.514906
1121.651210
1274.038303
1292.804125
1367.485439
1392.388132
1428.741243
1437.785830
1452.549627
1467.212003
1497.099454
1506.599831
1514.191814
1545.392407
 570.117223
 574.919616
 708.976256
 720.140364
 721.211563
 869.424772
1062.017461
1062.017461
1097.844008
1097.844008
1123.220519
1123.220519
1209.194509
1209.194509
1380.274463
1380.274463
1411.049286
1411.049286
1461.978795
1464.879609
1509.321621
1510.718124
1524.560179
1552.432313
 570.117223
 574.919616
 708.976256
 720.140364
 721.211563
 869.424772
1062.017461
1062.017461
1097.844008
1097.844008
1123.220519
1123.220519
1209.194509
1209.194509
1380.274463
1380.274463
1411.049286
1411.049286
1461.978795
1464.879609
1509.321621
1510.718124
1524.560179
1552.432313
 562.090220
 617.981907
 710.561024
 753.660419
 770.786352
 903.235828
 970.367784
 973.341843
1043.280873
1070.179166
1099.514906
1121.651210
1274.038303
1292.804125
1367.485439
1392.388132
1428.741243
1437.785830
1452.549627
1467.212003
1497.099454
1506.599831
1514.191814
1545.392407
 585.456840
 695.172495
 714.229580
 812.224632
 849.868232
 856.047048
 882.745494
 949.887972
 972.987277
1023.336657
1056.398795
1089.337184
1341.640544
1362.851166
1376.211672
1419.027368
1434.906261
1451.858683
1458.298322
1470.226493
1475.200778
1492.975175
1498.568610
1528.756364
 649.851395
 744.838901
 744.838901
 788.759729
 803.248610
 885.008955
 885.008955
 928.144050
 959.373681
 998.256542
 998.256542
1045.263611
1384.687322
1411.594020
1411.594020
1412.939120
1446.672270
1456.805136
1456.805136
1469.870089
1474.260682
1474.260682
1485.027088
1501.594130
 649.851395
 744.838901
 744.838901
 788.759729
 803.248610
 885.008955
 885.008955
 928.144050
 959.373681
 998.256542
 998.256542
1045.263611
1384.687322
1411.594020
1411.594020
1412.939120
1446.672270
1456.805136
1456.805136
1469.870089
1474.260682
1474.260682
1485.027088
1501.594130
 585.456840
 695.172495
 714.229580
 812.224632
 849.868232
 856.047048
 882.745494
 949.887972
 972.987277
1023.336657
1056.398795
1089.337184
1341.640544
1362.851166
1376.211672
1419.027368
1434.906261
1451.858683
1458.298322
1470.226493
1475.200778
1492.975175
1498.568610
1528.756364
 562.090220
 617.981907
 710.561024
 753.660419
 770.786352
 903.235828
 970.367784
 973.341843
1043.280873
1070.179166
1099.514906
1121.651210
1274.038303
1292.804125
1367.485439
1392.388132
1428.741243
1437.785830
1452.549627
1467.212003
1497.099454
1506.599831
1514.191814
1545.392407
 570.117223
 574.919616
 708.976256
 720.140364
 721.211563
 869.424772
1062.017461
1062.017461
1097.844008
1097.844008
1123.220519
1123.220519
1209.194509
1209.194509
1380.274463
1380.274463
1411.049286
1411.049286
1461.978795
1464.879609
1509.321621
1510.718124
1524.560179
1552.432313
 410.555057
 422.275029
 537.867376
 854.369273
 860.002322
1014.687458
1052.282621
1052.282621
1105.504468
1105.504468
1136.017958
1136.017958
1229.599760
1229.599760
1363.131962
1363.131962
1401.112405
1401.112405
1403.505970
1407.987478
1484.440831
1544.822449
1544.988460
1570.402437
 416.556572
 480.229759
 628.593203
 850.148486
 881.618654
 970.740903
 987.849911
1019.404856
1020.696933
1096.688270
1100.433152
1139.997021
1270.189948
1313.114663
1333.479893
1395.149490
1396.337656
1419.310730
1419.918050
1432.652792
1473.646121
1530.504918
1536.952795
1566.483652
 478.182762
 579.726757
 739.717628
 847.378955
 847.378955
 922.072467
 922.072467
 928.271071
1034.009452
1034.009452
1065.522646
1125.449711
1320.457510
1331.177301
1382.173026
1382.173026
1436.419211
1436.419211
1452.051206
1452.051206
1452.307321
1506.677859
1521.270049
1553.407313
 585.456840
 695.172495
 714.229580
 812.224632
 849.868232
 856.047048
 882.745494
 949.887972
 972.987277
1023.336657
1056.398795
1089.337184
1341.640544
1362.851166
1376.211672
1419.027368
1434.906261
1451.858683
1458.298322
1470.226493
1475.200778
1492.975175
1498.568610
1528.756364
 585.456840
 695.172495
 714.229580
 812.224632
 849.868232
 856.047048
 882.745494
 949.887972
 972.987277
1023.336657
1056.398795
1089.337184
1341.640544
1362.851166
1376.211672
1419.027368
1434.906261
1451.858683
1458.298322
1470.226493
1475.200778
1492.975175
1498.568610
1528.756364
 478.182762
 579.726757
 739.717628
 847.378955
 847.378955
 922.072467
 922.072467
 928.271071
1034.009452
1034.009452
1065.522646
1125.449711
1320.457510
1331.177301
1382.173026
1382.173026
1436.419211
1436.419211
1452.051206
1452.051206
1452.307321
1506.677859
1521.270049
1553.407313
 416.556572
 480.229759
 628.593203
 850.148486
 881.618654
 970.740903
 987.849911
1019.404856
1020.696933
1096.688270
1100.433152
1139.997021
1270.189948
1313.114663
1333.479893
1395.149490
1396.337656
1419.310730
1419.918050
1432.652792
1473.646121
1530.504918
1536.952795
1566.483652
 410.555057
 422.275029
 537.867376
 854.369273
 860.002322
1014.687458
1052.282621
1052.282621
1105.504468
1105.504468
1136.017958
1136.017958
1229.599760
1229.599760
1363.131962
1363.131962
1401.112405
1401.112405
1403.505970
1407.987478
1484.440831
1544.822449
1544.988460
1570.402437
 250.161363
 267.177558
 362.997609
 972.543643
 981.856330
1051.379179
1051.379179
1088.554637
1088.554637
1140.385823
1180.611997
1180.611997
1257.965924
1257.965924
1332.032547
1332.032547
1336.956042
1343.536134
1382.806168
1382.806168
1430.219630
1567.932874
1568.404290
1580.600263
 298.042251
 352.142637
 485.208184
 970.068128
 970.068128
 997.990441
 997.990441
1015.351589
1114.627767
1117.117011
1117.117011
1151.391157
1294.115725
1294.215048
1329.190993
1329.190993
1367.513606
1367.513606
1412.940975
1426.391344
1426.391344
1554.054544
1557.715359
1577.734216
 416.556572
 480.229759
 628.593203
 850.148486
 881.618654
 970.740903
 987.849911
1019.404856
1020.696933
1096.688270
1100.433152
1139.997021
1270.189948
1313.114663
1333.479893
1395.149490
1396.337656
1419.310730
1419.918050
1432.652792
1473.646121
1530.504918
1536.952795
1566.483652
 562.090220
 617.981907
 710.561024
 753.660419
 770.786352
 903.235828
 970.367784
 973.341843
1043.280873
1070.179166
1099.514906
1121.651210
1274.038303
1292.804125
1367.485439
1392.388132
1428.741243
1437.785830
1452.549627
1467.212003
1497.099454
1506.599831
1514.191814
1545.392407
 562.090220
 617.981907
 710.561024
 753.660419
 770.786352
 903.235828
 970.367784
 973.341843
1043.280873
1070.179166
1099.514906
1121.651210
1274.038303
1292.804125
1367.485439
1392.388132
1428.741243
1437.785830
1452.549627
1467.212003
1497.099454
1506.599831
1514.191814
1545.392407
 416.556572
 480.229759
 628.593203
 850.148486
 881.618654
 970.740903
 987.849911
1019.404856
1020.696933
1096.688270
1100.433152
1139.997021
1270.189948
1313.114663
1333.479893
1395.149490
1396.337656
1419.310730
1419.918050
1432.652792
1473.646121
1530.504918
1536.952795
1566.483652
 298.042251
 352.142637
 485.208184
 970.068128
 970.068128
 997.990441
 997.990441
1015.351589
1114.627767
1117.117011
1117.117011
1151.391157
1294.115725
1294.215048
1329.190993
1329.190993
1367.513606
1367.513606
1412.940975
1426.391344
1426.391344
1554.054544
1557.715359
1577.734216
 250.161363
 267.177558
 362.997609
 972.543643
 981.856330
1051.379179
1051.379179
1088.554637
1088.554637
1140.385823
1180.611997
1180.611997
1257.965924
1257.965924
1332.032547
1332.032547
1336.956042
1343.536134
1382.806168
1382.806168
1430.219630
1567.932874
1568.404290
1580.600263
 127.450141
 127.450141
 202.589145
1058.741410
1058.741410
1058.741410
1071.913554
1071.913554
1071.913554
1227.846025
1227.846025
1227.846025
1276.909686
1276.909686
1276.909686
1298.568669
1298.568669
1298.568669
1363.385160
1363.385160
1363.385160
1580.156069
1580.156069
1584.397224
 250.161363
 267.177558
 362.997609
 972.543643
 981.856330
1051.379179
1051.379179
1088.554637
1088.554637
1140.385823
1180.611997
1180.611997
1257.965924
1257.965924
1332.032547
1332.032547
1336.956042
1343.536134
1382.806168
1382.806168
1430.219630
1567.932874
1568.404290
1580.600263
 410.555057
 422.275029
 537.867376
 854.369273
 860.002322
1014.687458
1052.282621
1052.282621
1105.504468
1105.504468
1136.017958
1136.017958
1229.599760
1229.599760
1363.131962
1363.131962
1401.112405
1401.112405
1403.505970
1407.987478
1484.440831
1544.822449
1544.988460
1570.402437
 570.117223
 574.919616
 708.976256
 720.140364
 721.211563
 869.424772
1062.017461
1062.017461
1097.844008
1097.844008
1123.220519
1123.220519
1209.194509
1209.194509
1380.274463
1380.274463
1411.049286
1411.049286
1461.978795
1464.879609
1509.321621
1510.718124
1524.560179
1552.432313
 570.117223
 574.919616
 708.976256
 720.140364
 721.211563
 869.424772
1062.017461
1062.017461
1097.844008
1097.844008
1123.220519
1123.220519
1209.194509
1209.194509
1380.274463
1380.274463
1411.049286
1411.049286
1461.978795
1464.879609
1509.321621
1510.718124
1524.560179
1552.432313
 410.555057
 422.275029
 537.867376
 854.369273
 860.002322
1014.687458
1052.282621
1052.282621
1105.504468
1105.504468
1136.017958
1136.017958
1229.599760
1229.599760
1363.131962
1363.131962
1401.112405
1401.112405
1403.505970
1407.987478
1484.440831
1544.822449
1544.988460
1570.402437
 250.161363
 267.177558
 362.997609
 972.543643
 981.856330
1051.379179
1051.379179
1088.554637
1088.554637
1140.385823
1180.611997
1180.611997
1257.965924
1257.965924
1332.032547
1332.032547
1336.956042
1343.536134
1382.806168
1382.806168
1430.219630
1567.932874
1568.404290
1580.600263
 127.450141
 127.450141
 202.589145
1058.741410
1058.741410
1058.741410
1071.913554
1071.913554
1071.913554
1227.846025
1227.846025
1227.846025
1276.909686
1276.909686
1276.909686
1298.568669
1298.568669
1298.568669
1363.385160
1363.385160
1363.385160
1580.156069
1580.156069
1584.397224
 250.161363
 267.177558
 362.997609
 972.543643
 981.856330
1051.379179
1051.379179
1088.554637
1088.554637
1140.385823
1180.611997
1180.611997
1257.965924
1257.965924
1332.032547
1332.032547
1336.956042
1343.536134
1382.806168
1382.806168
1430.219630
1567.932874
1568.404290
1580.600263
 298.042251
 352.142637
 485.208184
 970.068128
 970.068128
 997.990441
 997.990441
1015.351589
1114.627767
1117.117011
1117.117011
1151.391157
1294.115725
1294.215048
1329.190993
1329.190993
1367.513606
1367.513606
1412.940975
1426.391344
1426.391344
1554.054544
1557.715359
1577.734216
 416.556572
 480.229759
 628.593203
 850.148486
 881.618654
 970.740903
 987.849911
1019.404856
1020.696933
1096.688270
1100.433152
1139.997021
1270.189948
1313.114663
1333.479893
1395.149490
1396.337656
1419.310730
1419.918050
1432.652792
1473.646121
1530.504918
1536.952795
1566.483652
 562.090220
 617.981907
 710.561024
 753.660419
 770.786352
 903.235828
 970.367784
 973.341843
1043.280873
1070.179166
1099.514906
1121.651210
1274.038303
1292.804125
1367.485439
1392.388132
1428.741243
1437.785830
1452.549627
1467.212003
1497.099454
1506.599831
1514.191814
1545.392407
 562.090220
 617.981907
 710.561024
 753.660419
 770.786352
 903.235828
 970.367784
 973.341843
1043.280873
1070.179166
1099.514906
1121.651210
1274.038303
1292.804125
1367.485439
1392.388132
1428.741243
1437.785830
1452.549627
1467.212003
1497.099454
1506.599831
1514.191814
1545.392407
 416.556572
 480.229759
 628.593203
 850.148486
 881.618654
 970.740903
 987.849911
1019.404856
1020.696933
1096.688270
1100.433152
1139.997021
1270.189948
1313.114663
1333.479893
1395.149490
1396.337656
1419.310730
1419.918050
1432.652792
1473.646121
1530.504918
1536.952795
1566.483652
 298.042251
 352.142637
 485.208184
 970.068128
 970.068128
 997.990441
 997.990441
1015.351589
1114.627767
1117.117011
1117.117011
1151.391157
1294.115725
1294.215048
1329.190993
1329.190993
1367.513606
1367.513606
1412.940975
1426.391344
1426.391344
1554.054544
1557.715359
1577.734216
 250.161363
 267.177558
 362.997609
 972.543643
 981.856330
1051.379179
1051.379179
1088.554637
1088.554637
1140.385823
1180.611997
1180.611997
1257.965924
1257.965924
1332.032547
1332.032547
1336.956042
1343.536134
1382.806168
1382.806168
1430.219630
1567.932874
1568.404290
1580.600263
 298.042251
 352.142637
 485.208184
 970.068128
 970.068128
 997.990441
 997.990441
1015.351589
1114.627767
1117.117011
1117.117011
1151.391157
1294.115725
1294.215048
1329.190993
1329.190993
1367.513606
1367.513606
1412.940975
1426.391344
1426.391344
1554.054544
1557.715359
1577.734216
 371.669504
 371.669504
 587.564060
 948.377560
 948.377560
 948.377560
1008.999959
1008.999959
1008.999959
1113.293989
1113.293989
1113.293989
1338.332483
1338.332483
1338.332483
1362.727314
1362.727314
1362.727314
1432.242279
1432.242279
1432.242279
1543.098862
1543.098862
1576.076215
 459.945963
 483.344078
 713.072285
 848.007608
 876.885051
 932.561862
 932.561862
1002.353135
1002.353135
1042.798064
1118.863099
1118.863099
1331.063721
1331.063721
1375.951781
1375.951781
1393.923532
1423.225663
1437.076871
1437.076871
1465.715351
1521.211666
1521.296904
1565.175251
 589.729909
 607.531668
 731.643947
 733.792304
 836.901634
 925.388674
 925.388674
 948.835066
 991.054787
 991.054787
1127.495209
1127.495209
1321.510977
1321.510977
1389.634487
1389.634487
1438.453137
1438.453137
1445.583627
1463.957176
1488.535029
1494.900797
1507.039522
1542.204985
 589.729909
 607.531668
 731.643947
 733.792304
 836.901634
 925.388674
 925.388674
 948.835066
 991.054787
 991.054787
1127.495209
1127.495209
1321.510977
1321.510977
1389.634487
1389.634487
1438.453137
1438.453137
1445.583627
1463.957176
1488.535029
1494.900797
1507.039522
1542.204985
 459.945963
 483.344078
 713.072285
 848.007608
 876.885051
 932.561862
 932.561862
1002.353135
1002.353135
1042.798064
1118.863099
1118.863099
1331.063721
1331.063721
1375.951781
1375.951781
1393.923532
1423.225663
1437.076871
1437.076871
1465.715351
1521.211666
1521.296904
1565.175251
 371.669504
 371.669504
 587.564060
 948.377560
 948.377560
 948.377560
1008.999959
1008.999959
1008.999959
1113.293989
1113.293989
1113.293989
1338.332483
1338.332483
1338.332483
1362.727314
1362.727314
1362.727314
1432.242279
1432.242279
1432.242279
1543.098862
1543.098862
1576.076215
 298.042251
 352.142637
 485.208184
 970.068128
 970.068128
 997.990441
 997.990441
1015.351589
1114.627767
1117.117011
1117.117011
1151.391157
1294.115725
1294.215048
1329.190993
1329.190993
1367.513606
1367.513606
1412.940975
1426.391344
1426.391344
1554.054544
1557.715359
1577.734216
 416.556572
 480.229759
 628.593203
 850.148486
 881.618654
 970.740903
 987.849911
1019.404856
1020.696933
1096.688270
1100.433152
1139.997021
1270.189948
1313.114663
1333.479893
1395.149490
1396.337656
1419.310730
1419.918050
1432.652792
1473.646121
1530.504918
1536.952795
1566.483652
 459.945963
 483.344078
 713.072285
 848.007608
 876.885051
 932.561862
 932.561862
1002.353135
1002.353135
1042.798064
1118.863099
1118.863099
1331.063721
1331.063721
1375.951781
1375.951781
1393.923532
1423.225663
1437.076871
1437.076871
1465.715351
1521.211666
1521.296904
1565.175251
 515.178434
 560.150666
 817.875514
 840.109810
 840.109810
 886.641566
 886.641566
 889.616412
 972.338904
1074.342522
1074.342522
1133.477353
1353.524229
1371.178312
1385.186987
1385.186987
1432.062774
1432.062774
1447.550069
1450.490610
1450.490610
1497.866181
1503.575209
1554.416200
 608.608415
 663.057521
 724.907214
 773.062848
 840.217967
 856.738862
 908.908451
 919.357538
 938.964484
1006.867824
1105.458062
1128.015612
1361.056516
1372.435464
1397.013005
1424.928247
1431.097647
1444.657495
1449.634859
1459.033287
1468.568796
1480.903969
1492.360623
1530.474324
 608.608415
 663.057521
 724.907214
 773.062848
 840.217967
 856.738862
 908.908451
 919.357538
 938.964484
1006.867824
1105.458062
1128.015612
1361.056516
1372.435464
1397.013005
1424.928247
1431.097647
1444.657495
1449.634859
1459.033287
1468.568796
1480.903969
1492.360623
1530.474324
 515.178434
 560.150666
 817.875514
 840.109810
 840.109810
 886.641566
 886.641566
 889.616412
 972.338904
1074.342522
1074.342522
1133.477353
1353.524229
1371.178312
1385.186987
1385.186987
1432.062774
1432.062774
1447.550069
1450.490610
1450.490610
1497.866181
1503.575209
1554.416200
 459.945963
 483.344078
 713.072285
 848.007608
 876.885051
 932.561862
 932.561862
1002.353135
1002.353135
1042.798064
1118.863099
1118.863099
1331.063721
1331.063721
1375.951781
1375.951781
1393.923532
1423.225663
1437.076871
1437.076871
1465.715351
1521.211666
1521.296904
1565.175251
 416.556572
 480.229759
 628.593203
 850.148486
 881.618654
 970.740903
 987.849911
1019.404856
1020.696933
1096.688270
1100.433152
1139.997021
1270.189948
1313.114663
1333.479893
1395.149490
1396.337656
1419.310730
1419.918050
1432.652792
1473.646121
1530.504918
1536.952795
1566.483652
 562.090220
 617.981907
 710.561024
 753.660419
 770.786352
 903.235828
 970.367784
 973.341843
1043.280873
1070.179166
1099.514906
1121.651210
1274.038303
1292.804125
1367.485439
1392.388132
1428.741243
1437.785830
1452.549627
1467.212003
1497.099454
1506.599831
1514.191814
1545.392407
 589.729909
 607.531668
 731.643947
 733.792304
 836.901634
 925.388674
 925.388674
 948.835066
 991.054787
 991.054787
1127.495209
1127.495209
1321.510977
1321.510977
1389.634487
1389.634487
1438.453137
1438.453137
1445.583627
1463.957176
1488.535029
1494.900797
1507.039522
1542.204985
 608.608415
 663.057521
 724.907214
 773.062848
 840.217967
 856.738862
 908.908451
 919.357538
 938.964484
1006.867824
1105.458062
1128.015612
1361.056516
1372.435464
1397.013005
1424.928247
1431.097647
1444.657495
1449.634859
1459.033287
1468.568796
1480.903969
1492.360623
1530.474324
 661.494213
 741.027324
 744.449286
 744.449286
 791.266024
 825.337201
 825.337201
 882.678292
 997.392314
1061.235356
1061.235356
1103.819835
1390.272381
1411.818033
1411.818033
1422.506560
1442.636820
1448.144520
1448.144520
1460.002039
1464.642042
1473.399465
1473.399465
1507.253558
 661.494213
 741.027324
 744.449286
 744.449286
 791.266024
 825.337201
 825.337201
 882.678292
 997.392314
1061.235356
1061.235356
1103.819835
1390.272381
1411.818033
1411.818033
1422.506560
1442.636820
1448.144520
1448.144520
1460.002039
1464.642042
1473.399465
1473.399465
1507.253558
 608.608415
 663.057521
 724.907214
 773.062848
 840.217967
 856.738862
 908.908451
 919.357538
 938.964484
1006.867824
1105.458062
1128.015612
1361.056516
1372.435464
1397.013005
1424.928247
1431.097647
1444.657495
1449.634859
1459.033287
1468.568796
1480.903969
1492.360623
1530.474324
 589.729909
 607.531668
 731.643947
 733.792304
 836.901634
 925.388674
 925.388674
 948.835066
 991.054787
 991.054787
1127.495209
1127.495209
1321.510977
1321.510977
1389.634487
1389.634487
1438.453137
1438.453137
1445.583627
1463.957176
1488.535029
1494.900797
1507.039522
1542.204985
 562.090220
 617.981907
 710.561024
 753.660419
 770.786352
 903.235828
 970.367784
 973.341843
1043.280873
1070.179166
1099.514906
1121.651210
1274.038303
1292.804125
1367.485439
1392.388132
1428.741243
1437.785830
1452.549627
1467.212003
1497.099454
1506.599831
1514.191814
1545.392407
 562.090220
 617.981907
 710.561024
 753.660419
 770.786352
 903.235828
 970.367784
 973.341843
1043.280873
1070.179166
1099.514906
1121.651210
1274.038303
1292.804125
1367.485439
1392.388132
1428.741243
1437.785830
1452.549627
1467.212003
1497.099454
1506.599831
1514.191814
1545.392407
 589.729909
 607.531668
 731.643947
 733.792304
 836.901634
 925.388674
 925.388674
 948.835066
 991.054787
 991.054787
1127.495209
1127.495209
1321.510977
1321.510977
1389.634487
1389.634487
1438.453137
1438.453137
1445.583627
1463.957176
1488.535029
1494.900797
1507.039522
1542.204985
 608.608415
 663.057521
 724.907214
 773.062848
 840.217967
 856.738862
 908.908451
 919.357538
 938.964484
1006.867824
1105.458062
1128.015612
1361.056516
1372.435464
1397.013005
1424.928247
1431.097647
1444.657495
1449.634859
1459.033287
1468.568796
1480.903969
1492.360623
1530.474324
 661.494213
 741.027324
 744.449286
 744.449286
 791.266024
 825.337201
 825.337201
 882.678292
 997.392314
1061.235356
1061.235356
1103.819835
1390.272381
1411.818033
1411.818033
1422.506560
1442.636820
1448.144520
1448.144520
1460.002039
1464.642042
1473.399465
1473.399465
1507.253558
 661.494213
 741.027324
 744.449286
 744.449286
 791.266024
 825.337201
 825.337201
 882.678292
 997.392314
1061.235356
1061.235356
1103.819835
1390.272381
1411.818033
1411.818033
1422.506560
1442.636820
1448.144520
1448.144520
1460.002039
1464.642042
1473.399465
1473.399465
1507.253558
 608.608415
 663.057521
 724.907214
 773.062848
 840.217967
 856.738862
 908.908451
 919.357538
 938.964484
1006.867824
1105.458062
1128.015612
1361.056516
1372.435464
1397.013005
1424.928247
1431.097647
1444.657495
1449.634859
1459.033287
1468.568796
1480.903969
1492.360623
1530.474324
 589.729909
 607.531668
 731.643947
 733.792304
 836.901634
 925.388674
 925.388674
 948.835066
 991.054787
 991.054787
1127.495209
1127.495209
1321.510977
1321.510977
1389.634487
1389.634487
1438.453137
1438.453137
1445.583627
1463.957176
1488.535029
1494.900797
1507.039522
1542.204985
 562.090220
 617.981907
 710.561024
 753.660419
 770.786352
 903.235828
 970.367784
 973.341843
1043.280873
1070.179166
1099.514906
1121.651210
1274.038303
1292.804125
1367.485439
1392.388132
1428.741243
1437.785830
1452.549627
1467.212003
1497.099454
1506.599831
1514.191814
1545.392407
 416.556572
 480.229759
 628.593203
 850.148486
 881.618654
 970.740903
 987.849911
1019.404856
1020.696933
1096.688270
1100.433152
1139.997021
1270.189948
1313.114663
1333.479893
1395.149490
1396.337656
1419.310730
1419.918050
1432.652792
1473.646121
1530.504918
1536.952795
1566.483652
 459.945963
 483.344078
 713.072285
 848.007608
 876.885051
 932.561862
 932.561862
1002.353135
1002.353135
1042.798064
1118.863099
1118.863099
1331.063721
1331.063721
1375.951781
1375.951781
1393.923532
1423.225663
1437.076871
1437.076871
1465.715351
1521.211666
1521.296904
1565.175251
 515.178434
 560.150666
 817.875514
 840.109810
 840.109810
 886.641566
 886.641566
 889.616412
 972.338904
1074.342522
1074.342522
1133.477353
1353.524229
1371.178312
1385.186987
1385.186987
1432.062774
1432.062774
1447.550069
1450.490610
1450.490610
1497.866181
1503.575209
1554.416200
 608.608415
 663.057521
 724.907214
 773.062848
 840.217967
 856.738862
 908.908451
 919.357538
 938.964484
1006.867824
1105.458062
1128.015612
1361.056516
1372.435464
1397.013005
1424.928247
1431.097647
1444.657495
1449.634859
1459.033287
1468.568796
1480.903969
1492.360623
1530.474324
 608.608415
 663.057521
 724.907214
 773.062848
 840.217967
 856.738862
 908.908451
 919.357538
 938.964484
1006.867824
1105.458062
1128.015612
1361.056516
1372.435464
1397.013005
1424.928247
1431.097647
1444.657495
1449.634859
1459.033287
1468.568796
1480.903969
1492.360623
1530.474324
 515.178434
 560.150666
 817.875514
 840.109810
 840.109810
 886.641566
 886.641566
 889.616412
 972.338904
1074.342522
1074.342522
1133.477353
1353.524229
1371.178312
1385.186987
1385.186987
1432.062774
1432.062774
1447.550069
1450.490610
1450.490610
1497.866181
1503.575209
1554.416200
 459.945963
 483.344078
 713.072285
 848.007608
 876.885051
 932.561862
 932.561862
1002.353135
1002.353135
1042.798064
1118.863099
1118.863099
1331.063721
1331.063721
1375.951781
1375.951781
1393.923532
1423.225663
1437.076871
1437.076871
1465.715351
1521.211666
1521.296904
1565.175251
 416.556572
 480.229759
 628.593203
 850.148486
 881.618654
 970.740903
 987.849911
1019.404856
1020.696933
1096.688270
1100.433152
1139.997021
1270.189948
1313.114663
1333.479893
1395.149490
1396.337656
1419.310730
1419.918050
1432.652792
1473.646121
1530.504918
1536.952795
1566.483652
 298.042251
 352.142637
 485.208184
 970.068128
 970.068128
 997.990441
 997.990441
1015.351589
1114.627767
1117.117011
1117.117011
1151.391157
1294.115725
1294.215048
1329.190993
1329.190993
1367.513606
1367.513606
1412.940975
1426.391344
1426.391344
1554.054544
1557.715359
1577.734216
 371.669504
 371.669504
 587.564060
 948.377560
 948.377560
 948.377560
1008.999959
1008.999959
1008.999959
1113.293989
1113.293989
1113.293989
1338.332483
1338.332483
1338.332483
1362.727314
1362.727314
1362.727314
1432.242279
1432.242279
1432.242279
1543.098862
1543.098862
1576.076215
 459.945963
 483.344078
 713.072285
 848.007608
 876.885051
 932.561862
 932.561862
1002.353135
1002.353135
1042.798064
1118.863099
1118.863099
1331.063721
1331.063721
1375.951781
1375.951781
1393.923532
1423.225663
1437.076871
1437.076871
1465.715351
1521.211666
1521.296904
1565.175251
 589.729909
 607.531668
 731.643947
 733.792304
 836.901634
 925.388674
 925.388674
 948.835066
 991.054787
 991.054787
1127.495209
1127.495209
1321.510977
1321.510977
1389.634487
1389.634487
1438.453137
1438.453137
1445.583627
1463.957176
1488.535029
1494.900797
1507.039522
1542.204985
 589.729909
 607.531668
 731.643947
 733.792304
 836.901634
 925.388674
 925.388674
 948.835066
 991.054787
 991.054787
1127.495209
1127.495209
1321.510977
1321.510977
1389.634487
1389.634487
1438.453137
1438.453137
1445.583627
1463.957176
1488.535029
1494.900797
1507.039522
1542.204985
 459.945963
 483.344078
 713.072285
 848.007608
 876.885051
 932.561862
 932.561862
1002.353135
1002.353135
1042.798064
1118.863099
1118.863099
1331.063721
1331.063721
1375.951781
1375.951781
1393.923532
1423.225663
1437.076871
1437.076871
1465.715351
1521.211666
1521.296904
1565.175251
 371.669504
 371.669504
 587.564060
 948.377560
 948.377560
 948.377560
1008.999959
1008.999959
1008.999959
1113.293989
1113.293989
1113.293989
1338.332483
1338.332483
1338.332483
1362.727314
1362.727314
1362.727314
1432.242279
1432.242279
1432.242279
1543.098862
1543.098862
1576.076215
 298.042251
 352.142637
 485.208184
 970.068128
 970.068128
 997.990441
 997.990441
1015.351589
1114.627767
1117.117011
1117.117011
1151.391157
1294.115725
1294.215048
1329.190993
1329.190993
1367.513606
1367.513606
1412.940975
1426.391344
1426.391344
1554.054544
1557.715359
1577.734216
 250.161363
 267.177558
 362.997609
 972.543643
 981.856330
1051.379179
1051.379179
1088.554637
1088.554637
1140.385823
1180.611997
1180.611997
1257.965924
1257.965924
1332.032547
1332.032547
1336.956042
1343.536134
1382.806168
1382.806168
1430.219630
1567.932874
1568.404290
1580.600263
 298.042251
 352.142637
 485.208184
 970.068128
 970.068128
 997.990441
 997.990441
1015.351589
1114.627767
1117.117011
1117.117011
1151.391157
1294.115725
1294.215048
1329.190993
1329.190993
1367.513606
1367.513606
1412.940975
1426.391344
1426.391344
1554.054544
1557.715359
1577.734216
 416.556572
 480.229759
 628.593203
 850.148486
 881.618654
 970.740903
 987.849911
1019.404856
1020.696933
1096.688270
1100.433152
1139.997021
1270.189948
1313.114663
1333.479893
1395.149490
1396.337656
1419.310730
1419.918050
1432.652792
1473.646121
1530.504918
1536.952795
1566.483652
 562.090220
 617.981907
 710.561024
 753.660419
 770.786352
 903.235828
 970.367784
 973.341843
1043.280873
1070.179166
1099.514906
1121.651210
1274.038303
1292.804125
1367.485439
1392.388132
1428.741243
1437.785830
1452.549627
1467.212003
1497.099454
1506.599831
1514.191814
1545.392407
 562.090220
 617.981907
 710.561024
 753.660419
 770.786352
 903.235828
 970.367784
 973.341843
1043.280873
1070.179166
1099.514906
1121.651210
1274.038303
1292.804125
1367.485439
1392.388132
1428.741243
1437.785830
1452.549627
1467.212003
1497.099454
1506.599831
1514.191814
1545.392407
 416.556572
 480.229759
 628.593203
 850.148486
 881.618654
 970.740903
 987.849911
1019.404856
1020.696933
1096.688270
1100.433152
1139.997021
1270.189948
1313.114663
1333.479893
1395.149490
1396.337656
1419.310730
1419.918050
1432.652792
1473.646121
1530.504918
1536.952795
1566.483652
 298.042251
 352.142637
 485.208184
 970.068128
 970.068128
 997.990441
 997.990441
1015.351589
1114.627767
1117.117011
1117.117011
1151.391157
1294.115725
1294.215048
1329.190993
1329.190993
1367.513606
1367.513606
1412.940975
1426.391344
1426.391344
1554.054544
1557.715359
1577.734216
 250.161363
 267.177558
 362.997609
 972.543643
 981.856330
1051.379179
1051.379179
1088.554637
1088.554637
1140.385823
1180.611997
1180.611997
1257.965924
1257.965924
1332.032547
1332.032547
1336.956042
1343.536134
1382.806168
1382.806168
1430.219630
1567.932874
1568.404290
1580.600263
 410.555057
 422.275029
 537.867376
 854.369273
 860.002322
1014.687458
1052.282621
1052.282621
1105.504468
1105.504468
1136.017958
1136.017958
1229.599760
1229.599760
1363.131962
1363.131962
1401.112405
1401.112405
1403.505970
1407.987478
1484.440831
1544.822449
1544.988460
1570.402437
 416.556572
 480.229759
 628.593203
 850.148486
 881.618654
 970.740903
 987.849911
1019.404856
1020.696933
1096.688270
1100.433152
1139.997021
1270.189948
1313.114663
1333.479893
1395.149490
1396.337656
1419.310730
1419.918050
1432.652792
1473.646121
1530.504918
1536.952795
1566.483652
 478.182762
 579.726757
 739.717628
 847.378955
 847.378955
 922.072467
 922.072467
 928.271071
1034.009452
1034.009452
1065.522646
1125.449711
1320.457510
1331.177301
1382.173026
1382.173026
1436.419211
1436.419211
1452.051206
1452.051206
1452.307321
1506.677859
1521.270049
1553.407313
 585.456840
 695.172495
 714.229580
 812.224632
 849.868232
 856.047048
 882.745494
 949.887972
 972.987277
1023.336657
1056.398795
1089.337184
1341.640544
1362.851166
1376.211672
1419.027368
1434.906261
1451.858683
1458.298322
1470.226493
1475.200778
1492.975175
1498.568610
1528.756364
 585.456840
 695.172495
 714.229580
 812.224632
 849.868232
 856.047048
 882.745494
 949.887972
 972.987277
1023.336657
1056.398795
1089.337184
1341.640544
1362.851166
1376.211672
1419.027368
1434.906261
1451.858683
1458.298322
1470.226493
1475.200778
1492.975175
1498.568610
1528.756364
 478.182762
 579.726757
 739.717628
 847.378955
 847.378955
 922.072467
 922.072467
 928.271071
1034.009452
1034.009452
1065.522646
1125.449711
1320.457510
1331.177301
1382.173026
1382.173026
1436.419211
1436.419211
1452.051206
1452.051206
1452.307321
1506.677859
1521.270049
1553.407313
 416.556572
 480.229759
 628.593203
 850.148486
 881.618654
 970.740903
 987.849911
1019.404856
1020.696933
1096.688270
1100.433152
1139.997021
1270.189948
1313.114663
1333.479893
1395.149490
1396.337656
1419.310730
1419.918050
1432.652792
1473.646121
1530.504918
1536.952795
1566.483652
 410.555057
 422.275029
 537.867376
 854.369273
 860.002322
1014.687458
1052.282621
1052.282621
1105.504468
1105.504468
1136.017958
1136.017958
1229.599760
1229.599760
1363.131962
1363.131962
1401.112405
1401.112405
1403.505970
1407.987478
1484.440831
1544.822449
1544.988460
1570.402437
 416.556572
 480.229759
 628.593203
 850.148486
 881.618654
 970.740903
 987.849911
1019.404856
1020.696933
1096.688270
1100.433152
1139.997021
1270.189948
1313.114663
1333.479893
1395.149490
1396.337656
1419.310730
1419.918050
1432.652792
1473.646121
1530.504918
1536.952795
1566.483652
 459.945963
 483.344078
 713.072285
 848.007608
 876.885051
 932.561862
 932.561862
1002.353135
1002.353135
1042.798064
1118.863099
1118.863099
1331.063721
1331.063721
1375.951781
1375.951781
1393.923532
1423.225663
1437.076871
1437.076871
1465.715351
1521.211666
1521.296904
1565.175251
 515.178434
 560.150666
 817.875514
 840.109810
 840.109810
 886.641566
 886.641566
 889.616412
 972.338904
1074.342522
1074.342522
1133.477353
1353.524229
1371.178312
1385.186987
1385.186987
1432.062774
1432.062774
1447.550069
1450.490610
1450.490610
1497.866181
1503.575209
1554.416200
 608.608415
 663.057521
 724.907214
 773.062848
 840.217967
 856.738862
 908.908451
 919.357538
 938.964484
1006.867824
1105.458062
1128.015612
1361.056516
1372.435464
1397.013005
1424.928247
1431.097647
1444.657495
1449.634859
1459.033287
1468.568796
1480.903969
1492.360623
1530.474324
 608.608415
 663.057521
 724.907214
 773.062848
 840.217967
 856.738862
 908.908451
 919.357538
 938.964484
1006.867824
1105.458062
1128.015612
1361.056516
1372.435464
1397.013005
1424.928247
1431.097647
1444.657495
1449.634859
1459.033287
1468.568796
1480.903969
1492.360623
1530.474324
 515.178434
 560.150666
 817.875514
 840.109810
 840.109810
 886.641566
 886.641566
 889.616412
 972.338904
1074.342522
1074.342522
1133.477353
1353.524229
1371.178312
1385.186987
1385.186987
1432.062774
1432.062774
1447.550069
1450.490610
1450.490610
1497.866181
1503.575209
1554.416200
 459.945963
 483.344078
 713.072285
 848.007608
 876.885051
 932.561862
 932.561862
1002.353135
1002.353135
1042.798064
1118.863099
1118.863099
1331.063721
1331.063721
1375.951781
1375.951781
1393.923532
1423.225663
1437.076871
1437.076871
1465.715351
1521.211666
1521.296904
1565.175251
 416.556572
 480.229759
 628.593203
 850.148486
 881.618654
 970.740903
 987.849911
1019.404856
1020.696933
1096.688270
1100.433152
1139.997021
1270.189948
1313.114663
1333.479893
1395.149490
1396.337656
1419.310730
1419.918050
1432.652792
1473.646121
1530.504918
1536.952795
1566.483652
 478.182762
 579.726757
 739.717628
 847.378955
 847.378955
 922.072467
 922.072467
 928.271071
1034.009452
1034.009452
1065.522646
1125.449711
1320.457510
1331.177301
1382.173026
1382.173026
1436.419211
1436.419211
1452.051206
1452.051206
1452.307321
1506.677859
1521.270049
1553.407313
 515.178434
 560.150666
 817.875514
 840.109810
 840.109810
 886.641566
 886.641566
 889.616412
 972.338904
1074.342522
1074.342522
1133.477353
1353.524229
1371.178312
1385.186987
1385.186987
1432.062774
1432.062774
1447.550069
1450.490610
1450.490610
1497.866181
1503.575209
1554.416200
 579.778835
 579.778835
 824.160673
 824.160673
 824.160673
 859.868632
 859.868632
 859.868632
 912.794903
1114.516093
1114.516093
1114.516093
1387.522497
1387.522497
1387.522497
1429.019026
1429.019026
1429.019026
1446.210340
1446.210340
1446.210340
1480.491176
1480.491176
1545.655270
 646.646819
 659.738556
 744.283613
 746.048912
 808.892883
 808.892883
 849.938270
 849.938270
1000.767370
1070.077854
1138.638350
1138.638350
1386.699035
1386.699035
1423.269258
1432.291366
1432.291366
1439.446623
1439.446623
1444.706226
1455.179946
1459.107878
1485.909470
1523.135061
 646.646819
 659.738556
 744.283613
 746.048912
 808.892883
 808.892883
 849.938270
 849.938270
1000.767370
1070.077854
1138.638350
1138.638350
1386.699035
1386.699035
1423.269258
1432.291366
1432.291366
1439.446623
1439.446623
1444.706226
1455.179946
1459.107878
1485.909470
1523.135061
 579.778835
 579.778835
 824.160673
 824.160673
 824.160673
 859.868632
 859.868632
 859.868632
 912.794903
1114.516093
1114.516093
1114.516093
1387.522497
1387.522497
1387.522497
1429.019026
1429.019026
1429.019026
1446.210340
1446.210340
1446.210340
1480.491176
1480.491176
1545.655270
 515.178434
 560.150666
 817.875514
 840.109810
 840.109810
 886.641566
 886.641566
 889.616412
 972.338904
1074.342522
1074.342522
1133.477353
1353.524229
1371.178312
1385.186987
1385.186987
1432.062774
1432.062774
1447.550069
1450.490610
1450.490610
1497.866181
1503.575209
1554.416200
 478.182762
 579.726757
 739.717628
 847.378955
 847.378955
 922.072467
 922.072467
 928.271071
1034.009452
1034.009452
1065.522646
1125.449711
1320.457510
1331.177301
1382.173026
1382.173026
1436.419211
1436.419211
1452.051206
1452.051206
1452.307321
1506.677859
1521.270049
1553.407313
 585.456840
 695.172495
 714.229580
 812.224632
 849.868232
 856.047048
 882.745494
 949.887972
 972.987277
1023.336657
1056.398795
1089.337184
1341.640544
1362.851166
1376.211672
1419.027368
1434.906261
1451.858683
1458.298322
1470.226493
1475.200778
1492.975175
1498.568610
1528.756364
 608.608415
 663.057521
 724.907214
 773.062848
 840.217967
 856.738862
 908.908451
 919.357538
 938.964484
1006.867824
1105.458062
1128.015612
1361.056516
1372.435464
1397.013005
1424.928247
1431.097647
1444.657495
1449.634859
1459.033287
1468.568796
1480.903969
1492.360623
1530.474324
 646.646819
 659.738556
 744.283613
 746.048912
 808.892883
 808.892883
 849.938270
 849.938270
1000.767370
1070.077854
1138.638350
1138.638350
1386.699035
1386.699035
1423.269258
1432.291366
1432.291366
1439.446623
1439.446623
1444.706226
1455.179946
1459.107878
1485.909470
1523.135061
 682.923425
 709.546745
 743.810781
 743.810781
 769.381638
 773.157920
 773.157920
 807.106999
1071.818112
1120.019750
1120.019750
1144.785735
1400.122929
1412.110252
1412.110252
1428.597911
1433.281137
1433.281137
1434.941837
1441.955002
1455.336972
1472.767238
1472.767238
1503.739980
 682.923425
 709.546745
 743.810781
 743.810781
 769.381638
 773.157920
 773.157920
 807.106999
1071.818112
1120.019750
1120.019750
1144.785735
1400.122929
1412.110252
1412.110252
1428.597911
1433.281137
1433.281137
1434.941837
1441.955002
1455.336972
1472.767238
1472.767238
1503.739980
 646.646819
 659.738556
 744.283613
 746.048912
 808.892883
 808.892883
 849.938270
 849.938270
1000.767370
1070.077854
1138.638350
1138.638350
1386.699035
1386.699035
1423.269258
1432.291366
1432.291366
1439.446623
1439.446623
1444.706226
1455.179946
1459.107878
1485.909470
1523.135061
 608.608415
 663.057521
 724.907214
 773.062848
 840.217967
 856.738862
 908.908451
 919.357538
 938.964484
1006.867824
1105.458062
1128.015612
1361.056516
1372.435464
1397.013005
1424.928247
1431.097647
1444.657495
1449.634859
1459.033287
1468.568796
1480.903969
1492.360623
1530.474324
 585.456840
 695.172495
 714.229580
 812.224632
 849.868232
 856.047048
 882.745494
 949.887972
 972.987277
1023.336657
1056.398795
1089.337184
1341.640544
1362.851166
1376.211672
1419.027368
1434.906261
1451.858683
1458.298322
1470.226493
1475.200778
1492.975175
1498.568610
1528.756364
 585.456840
 695.172495
 714.229580
 812.224632
 849.868232
 856.047048
 882.745494
 949.887972
 972.987277
1023.336657
1056.398795
1089.337184
1341.640544
1362.851166
1376.211672
1419.027368
1434.906261
1451.858683
1458.298322
1470.226493
1475.200778
1492.975175
1498.568610
1528.756364
 608.608415
 663.057521
 724.907214
 773.062848
 840.217967
 856.738862
 908.908451
 919.357538
 938.964484
1006.867824
1105.458062
1128.015612
1361.056516
1372.435464
1397.013005
1424.928247
1431.097647
1444.657495
1449.634859
1459.033287
1468.568796
1480.903969
1492.360623
1530.474324
 646.646819
 659.738556
 744.283613
 746.048912
 808.892883
 808.892883
 849.938270
 849.938270
1000.767370
1070.077854
1138.638350
1138.638350
1386.699035
1386.699035
1423.269258
1432.291366
1432.291366
1439.446623
1439.446623
1444.706226
1455.179946
1459.107878
1485.909470
1523.135061
 682.923425
 709.546745
 743.810781
 743.810781
 769.381638
 773.157920
 773.157920
 807.106999
1071.818112
1120.019750
1120.019750
1144.785735
1400.122929
1412.110252
1412.110252
1428.597911
1433.281137
1433.281137
1434.941837
1441.955002
1455.336972
1472.767238
1472.767238
1503.739980
 682.923425
 709.546745
 743.810781
 743.810781
 769.381638
 773.157920
 773.157920
 807.106999
1071.818112
1120.019750
1120.019750
1144.785735
1400.122929
1412.110252
1412.110252
1428.597911
1433.281137
1433.281137
1434.941837
1441.955002
1455.336972
1472.767238
1472.767238
1503.739980
 646.646819
 659.738556
 744.283613
 746.048912
 808.892883
 808.892883
 849.938270
 849.938270
1000.767370
1070.077854
1138.638350
1138.638350
1386.699035
1386.699035
1423.269258
1432.291366
1432.291366
1439.446623
1439.446623
1444.706226
1455.179946
1459.107878
1485.909470
1523.135061
 608.608415
 663.057521
 724.907214
 773.062848
 840.217967
 856.738862
 908.908451
 919.357538
 938.964484
1006.867824
1105.458062
1128.015612
1361.056516
1372.435464
1397.013005
1424.928247
1431.097647
1444.657495
1449.634859
1459.033287
1468.568796
1480.903969
1492.360623
1530.474324
 585.456840
 695.172495
 714.229580
 812.224632
 849.868232
 856.047048
 882.745494
 949.887972
 972.987277
1023.336657
1056.398795
1089.337184
1341.640544
1362.851166
1376.211672
1419.027368
1434.906261
1451.858683
1458.298322
1470.226493
1475.200778
1492.975175
1498.568610
1528.756364
 478.182762
 579.726757
 739.717628
 847.378955
 847.378955
 922.072467
 922.072467
 928.271071
1034.009452
1034.009452
1065.522646
1125.449711
1320.457510
1331.177301
1382.173026
1382.173026
1436.419211
1436.419211
1452.051206
1452.051206
1452.307321
1506.677859
1521.270049
1553.407313
 515.178434
 560.150666
 817.875514
 840.109810
 840.109810
 886.641566
 886.641566
 889.616412
 972.338904
1074.342522
1074.342522
1133.477353
1353.524229
1371.178312
1385.186987
1385.186987
1432.062774
1432.062774
1447.550069
1450.490610
1450.490610
1497.866181
1503.575209
1554.416200
 579.778835
 579.778835
 824.160673
 824.160673
 824.160673
 859.868632
 859.868632
 859.868632
 912.794903
1114.516093
1114.516093
1114.516093
1387.522497
1387.522497
1387.522497
1429.019026
1429.019026
1429.019026
1446.210340
1446.210340
1446.210340
1480.491176
1480.491176
1545.655270
 646.646819
 659.738556
 744.283613
 746.048912
 808.892883
 808.892883
 849.938270
 849.938270
1000.767370
1070.077854
1138.638350
1138.638350
1386.699035
1386.699035
1423.269258
1432.291366
1432.291366
1439.446623
1439.446623
1444.706226
1455.179946
1459.107878
1485.909470
1523.135061
 646.646819
 659.738556
 744.283613
 746.048912
 808.892883
 808.892883
 849.938270
 849.938270
1000.767370
1070.077854
1138.638350
1138.638350
1386.699035
1386.699035
1423.269258
1432.291366
1432.291366
1439.446623
1439.446623
1444.706226
1455.179946
1459.107878
1485.909470
1523.135061
 579.778835
 579.778835
 824.160673
 824.160673
 824.160673
 859.868632
 859.868632
 859.868632
 912.794903
1114.516093
1114.516093
1114.516093
1387.522497
1387.522497
1387.522497
1429.019026
1429.019026
1429.019026
1446.210340
1446.210340
1446.210340
1480.491176
1480.491176
1545.655270
 515.178434
 560.150666
 817.875514
 840.109810
 840.109810
 886.641566
 886.641566
 889.616412
 972.338904
1074.342522
1074.342522
1133.477353
1353.524229
1371.178312
1385.186987
1385.186987
1432.062774
1432.062774
1447.550069
1450.490610
1450.490610
1497.866181
1503.575209
1554.416200
 478.182762
 579.726757
 739.717628
 847.378955
 847.378955
 922.072467
 922.072467
 928.271071
1034.009452
1034.009452
1065.522646
1125.449711
1320.457510
1331.177301
1382.173026
1382.173026
1436.419211
1436.419211
1452.051206
1452.051206
1452.307321
1506.677859
1521.270049
1553.407313
 416.556572
 480.229759
 628.593203
 850.148486
 881.618654
 970.740903
 987.849911
1019.404856
1020.696933
1096.688270
1100.433152
1139.997021
1270.189948
1313.114663
1333.479893
1395.149490
1396.337656
1419.310730
1419.918050
1432.652792
1473.646121
1530.504918
1536.952795
1566.483652
 459.945963
 483.344078
 713.072285
 848.007608
 876.885051
 932.561862
 932.561862
1002.353135
1002.353135
1042.798064
1118.863099
1118.863099
1331.063721
1331.063721
1375.951781
1375.951781
1393.923532
1423.225663
1437.076871
1437.076871
1465.715351
1521.211666
1521.296904
1565.175251
 515.178434
 560.150666
 817.875514
 840.109810
 840.109810
 886.641566
 886.641566
 889.616412
 972.338904
1074.342522
1074.342522
1133.477353
1353.524229
1371.178312
1385.186987
1385.186987
1432.062774
1432.062774
1447.550069
1450.490610
1450.490610
1497.866181
1503.575209
1554.416200
 608.608415
 663.057521
 724.907214
 773.062848
 840.217967
 856.738862
 908.908451
 919.357538
 938.964484
1006.867824
1105.458062
1128.015612
1361.056516
1372.435464
1397.013005
1424.928247
1431.097647
1444.657495
1449.634859
1459.033287
1468.568796
1480.903969
1492.360623
1530.474324
 608.608415
 663.057521
 724.907214
 773.062848
 840.217967
 856.738862
 908.908451
 919.357538
 938.964484
1006.867824
1105.458062
1128.015612
1361.056516
1372.435464
1397.013005
1424.928247
1431.097647
1444.657495
1449.634859
1459.033287
1468.568796
1480.903969
1492.360623
1530.474324
 515.178434
 560.150666
 817.875514
 840.109810
 840.109810
 886.641566
 886.641566
 889.616412
 972.338904
1074.342522
1074.342522
1133.477353
1353.524229
1371.178312
1385.186987
1385.186987
1432.062774
1432.062774
1447.550069
1450.490610
1450.490610
1497.866181
1503.575209
1554.416200
 459.945963
 483.344078
 713.072285
 848.007608
 876.885051
 932.561862
 932.561862
1002.353135
1002.353135
1042.798064
1118.863099
1118.863099
1331.063721
1331.063721
1375.951781
1375.951781
1393.923532
1423.225663
1437.076871
1437.076871
1465.715351
1521.211666
1521.296904
1565.175251
 416.556572
 480.229759
 628.593203
 850.148486
 881.618654
 970.740903
 987.849911
1019.404856
1020.696933
1096.688270
1100.433152
1139.997021
1270.189948
1313.114663
1333.479893
1395.149490
1396.337656
1419.310730
1419.918050
1432.652792
1473.646121
1530.504918
1536.952795
1566.483652
 410.555057
 422.275029
 537.867376
 854.369273
 860.002322
1014.687458
1052.282621
1052.282621
1105.504468
1105.504468
1136.017958
1136.017958
1229.599760
1229.599760
1363.131962
1363.131962
1401.112405
1401.112405
1403.505970
1407.987478
1484.440831
1544.822449
1544.988460
1570.402437
 416.556572
 480.229759
 628.593203
 850.148486
 881.618654
 970.740903
 987.849911
1019.404856
1020.696933
1096.688270
1100.433152
1139.997021
1270.189948
1313.114663
1333.479893
1395.149490
1396.337656
1419.310730
1419.918050
1432.652792
1473.646121
1530.504918
1536.952795
1566.483652
 478.182762
 579.726757
 739.717628
 847.378955
 847.378955
 922.072467
 922.072467
 928.271071
1034.009452
1034.009452
1065.522646
1125.449711
1320.457510
1331.177301
1382.173026
1382.173026
1436.419211
1436.419211
1452.051206
1452.051206
1452.307321
1506.677859
1521.270049
1553.407313
 585.456840
 695.172495
 714.229580
 812.224632
 849.868232
 856.047048
 882.745494
 949.887972
 972.987277
1023.336657
1056.398795
1089.337184
1341.640544
1362.851166
1376.211672
1419.027368
1434.906261
1451.858683
1458.298322
1470.226493
1475.200778
1492.975175
1498.568610
1528.756364
 585.456840
 695.172495
 714.229580
 812.224632
 849.868232
 856.047048
 882.745494
 949.887972
 972.987277
1023.336657
1056.398795
1089.337184
1341.640544
1362.851166
1376.211672
1419.027368
1434.906261
1451.858683
1458.298322
1470.226493
1475.200778
1492.975175
1498.568610
1528.756364
 478.182762
 579.726757
 739.717628
 847.378955
 847.378955
 922.072467
 922.072467
 928.271071
1034.009452
1034.009452
1065.522646
1125.449711
1320.457510
1331.177301
1382.173026
1382.173026
1436.419211
1436.419211
1452.051206
1452.051206
1452.307321
1506.677859
1521.270049
1553.407313
 416.556572
 480.229759
 628.593203
 850.148486
 881.618654
 970.740903
 987.849911
1019.404856
1020.696933
1096.688270
1100.433152
1139.997021
1270.189948
1313.114663
1333.479893
1395.149490
1396.337656
1419.310730
1419.918050
1432.652792
1473.646121
1530.504918
1536.952795
1566.483652
 410.555057
 422.275029
 537.867376
 854.369273
 860.002322
1014.687458
1052.282621
1052.282621
1105.504468
1105.504468
1136.017958
1136.017958
1229.599760
1229.599760
1363.131962
1363.131962
1401.112405
1401.112405
1403.505970
1407.987478
1484.440831
1544.822449
1544.988460
1570.402437
 570.117223
 574.919616
 708.976256
 720.140364
 721.211563
 869.424772
1062.017461
1062.017461
1097.844008
1097.844008
1123.220519
1123.220519
1209.194509
1209.194509
1380.274463
1380.274463
1411.049286
1411.049286
1461.978795
1464.879609
1509.321621
1510.718124
1524.560179
1552.432313
 562.090220
 617.981907
 710.561024
 753.660419
 770.786352
 903.235828
 970.367784
 973.341843
1043.280873
1070.179166
1099.514906
1121.651210
1274.038303
1292.804125
1367.485439
1392.388132
1428.741243
1437.785830
1452.549627
1467.212003
1497.099454
1506.599831
1514.191814
1545.392407
 585.456840
 695.172495
 714.229580
 812.224632
 849.868232
 856.047048
 882.745494
 949.887972
 972.987277
1023.336657
1056.398795
1089.337184
1341.640544
1362.851166
1376.211672
1419.027368
1434.906261
1451.858683
1458.298322
1470.226493
1475.200778
1492.975175
1498.568610
1528.756364
 649.851395
 744.838901
 744.838901
 788.759729
 803.248610
 885.008955
 885.008955
 928.144050
 959.373681
 998.256542
 998.256542
1045.263611
1384.687322
1411.594020
1411.594020
1412.939120
1446.672270
1456.805136
1456.805136
1469.870089
1474.260682
1474.260682
1485.027088
1501.594130
 649.851395
 744.838901
 744.838901
 788.759729
 803.248610
 885.008955
 885.008955
 928.144050
 959.373681
 998.256542
 998.256542
1045.263611
1384.687322
1411.594020
1411.594020
1412.939120
1446.672270
1456.805136
1456.805136
1469.870089
1474.260682
1474.260682
1485.027088
1501.594130
 585.456840
 695.172495
 714.229580
 812.224632
 849.868232
 856.047048
 882.745494
 949.887972
 972.987277
1023.336657
1056.398795
1089.337184
1341.640544
1362.851166
1376.211672
1419.027368
1434.906261
1451.858683
1458.298322
1470.226493
1475.200778
1492.975175
1498.568610
1528.756364
 562.090220
 617.981907
 710.561024
 753.660419
 770.786352
 903.235828
 970.367784
 973.341843
1043.280873
1070.179166
1099.514906
1121.651210
1274.038303
1292.804125
1367.485439
1392.388132
1428.741243
1437.785830
1452.549627
1467.212003
1497.099454
1506.599831
1514.191814
1545.392407
 570.117223
 574.919616
 708.976256
 720.140364
 721.211563
 869.424772
1062.017461
1062.017461
1097.844008
1097.844008
1123.220519
1123.220519
1209.194509
1209.194509
1380.274463
1380.274463
1411.049286
1411.049286
1461.978795
1464.879609
1509.321621
1510.718124
1524.560179
1552.432313
 562.090220
 617.981907
 710.561024
 753.660419
 770.786352
 903.235828
 970.367784
 973.341843
1043.280873
1070.179166
1099.514906
1121.651210
1274.038303
1292.804125
1367.485439
1392.388132
1428.741243
1437.785830
1452.549627
1467.212003
1497.099454
1506.599831
1514.191814
1545.392407
 589.729909
 607.531668
 731.643947
 733.792304
 836.901634
 925.388674
 925.388674
 948.835066
 991.054787
 991.054787
1127.495209
1127.495209
1321.510977
1321.510977
1389.634487
1389.634487
1438.453137
1438.453137
1445.583627
1463.957176
1488.535029
1494.900797
1507.039522
1542.204985
 608.608415
 663.057521
 724.907214
 773.062848
 840.217967
 856.738862
 908.908451
 919.357538
 938.964484
1006.867824
1105.458062
1128.015612
1361.056516
1372.435464
1397.013005
1424.928247
1431.097647
1444.657495
1449.634859
1459.033287
1468.568796
1480.903969
1492.360623
1530.474324
 661.494213
 741.027324
 744.449286
 744.449286
 791.266024
 825.337201
 825.337201
 882.678292
 997.392314
1061.235356
1061.235356
1103.819835
1390.272381
1411.818033
1411.818033
1422.506560
1442.636820
1448.144520
1448.144520
1460.002039
1464.642042
1473.399465
1473.399465
1507.253558
 661.494213
 741.027324
 744.449286
 744.449286
 791.266024
 825.337201
 825.337201
 882.678292
 997.392314
1061.235356
1061.235356
1103.819835
1390.272381
1411.818033
1411.818033
1422.506560
1442.636820
1448.144520
1448.144520
1460.002039
1464.642042
1473.399465
1473.399465
1507.253558
 608.608415
 663.057521
 724.907214
 773.062848
 840.217967
 856.738862
 908.908451
 919.357538
 938.964484
1006.867824
1105.458062
1128.015612
1361.056516
1372.435464
1397.013005
1424.928247
1431.097647
1444.657495
1449.634859
1459.033287
1468.568796
1480.903969
1492.360623
1530.474324
 589.729909
 607.531668
 731.643947
 733.792304
 836.901634
 925.388674
 925.388674
 948.835066
 991.054787
 991.054787
1127.495209
1127.495209
1321.510977
1321.510977
1389.634487
1389.634487
1438.453137
1438.453137
1445.583627
1463.957176
1488.535029
1494.900797
1507.039522
1542.204985
 562.090220
 617.981907
 710.561024
 753.660419
 770.786352
 903.235828
 970.367784
 973.341843
1043.280873
1070.179166
1099.514906
1121.651210
1274.038303
1292.804125
1367.485439
1392.388132
1428.741243
1437.785830
1452.549627
1467.212003
1497.099454
1506.599831
1514.191814
1545.392407
 585.456840
 695.172495
 714.229580
 812.224632
 849.868232
 856.047048
 882.745494
 949.887972
 972.987277
1023.336657
1056.398795
1089.337184
1341.640544
1362.851166
1376.211672
1419.027368
1434.906261
1451.858683
1458.298322
1470.226493
1475.200778
1492.975175
1498.568610
1528.756364
 608.608415
 663.057521
 724.907214
 773.062848
 840.217967
 856.738862
 908.908451
 919.357538
 938.964484
1006.867824
1105.458062
1128.015612
1361.056516
1372.435464
1397.013005
1424.928247
1431.097647
1444.657495
1449.634859
1459.033287
1468.568796
1480.903969
1492.360623
1530.474324
 646.646819
 659.738556
 744.283613
 746.048912
 808.892883
 808.892883
 849.938270
 849.938270
1000.767370
1070.077854
1138.638350
1138.638350
1386.699035
1386.699035
1423.269258
1432.291366
1432.291366
1439.446623
1439.446623
1444.706226
1455.179946
1459.107878
1485.909470
1523.135061
 682.923425
 709.546745
 743.810781
 743.810781
 769.381638
 773.157920
 773.157920
 807.106999
1071.818112
1120.019750
1120.019750
1144.785735
1400.122929
1412.110252
1412.110252
1428.597911
1433.281137
1433.281137
1434.941837
1441.955002
1455.336972
1472.767238
1472.767238
1503.739980
 682.923425
 709.546745
 743.810781
 743.810781
 769.381638
 773.157920
 773.157920
 807.106999
1071.818112
1120.019750
1120.019750
1144.785735
1400.122929
1412.110252
1412.110252
1428.597911
1433.281137
1433.281137
1434.941837
1441.955002
1455.336972
1472.767238
1472.767238
1503.739980
 646.646819
 659.738556
 744.283613
 746.048912
 808.892883
 808.892883
 849.938270
 849.938270
1000.767370
1070.077854
1138.638350
1138.638350
1386.699035
1386.699035
1423.269258
1432.291366
1432.291366
1439.446623
1439.446623
1444.706226
1455.179946
1459.107878
1485.909470
1523.135061
 608.608415
 663.057521
 724.907214
 773.062848
 840.217967
 856.738862
 908.908451
 919.357538
 938.964484
1006.867824
1105.458062
1128.015612
1361.056516
1372.435464
1397.013005
1424.928247
1431.097647
1444.657495
1449.634859
1459.033287
1468.568796
1480.903969
1492.360623
1530.474324
 585.456840
 695.172495
 714.229580
 812.224632
 849.868232
 856.047048
 882.745494
 949.887972
 972.987277
1023.336657
1056.398795
1089.337184
1341.640544
1362.851166
1376.211672
1419.027368
1434.906261
1451.858683
1458.298322
1470.226493
1475.200778
1492.975175
1498.568610
1528.756364
 649.851395
 744.838901
 744.838901
 788.759729
 803.248610
 885.008955
 885.008955
 928.144050
 959.373681
 998.256542
 998.256542
1045.263611
1384.687322
1411.594020
1411.594020
1412.939120
1446.672270
1456.805136
1456.805136
1469.870089
1474.260682
1474.260682
1485.027088
1501.594130
 661.494213
 741.027324
 744.449286
 744.449286
 791.266024
 825.337201
 825.337201
 882.678292
 997.392314
1061.235356
1061.235356
1103.819835
1390.272381
1411.818033
1411.818033
1422.506560
1442.636820
1448.144520
1448.144520
1460.002039
1464.642042
1473.399465
1473.399465
1507.253558
 682.923425
 709.546745
 743.810781
 743.810781
 769.381638
 773.157920
 773.157920
 807.106999
1071.818112
1120.019750
1120.019750
1144.785735
1400.122929
1412.110252
1412.110252
1428.597911
1433.281137
1433.281137
1434.941837
1441.955002
1455.336972
1472.767238
1472.767238
1503.739980
 710.850911
 710.850911
 741.149380
 741.149380
 741.149380
 745.962737
 745.962737
 745.962737
1129.739382
1156.049076
1156.049076
1156.049076
1412.189507
1412.189507
1412.189507
1420.617438
1420.617438
1420.617438
1424.375013
1424.375013
1472.487699
1472.487699
1472.487699
1491.249313
 710.850911
 710.850911
 741.149380
 741.149380
 741.149380
 745.962737
 745.962737
 745.962737
1129.739382
1156.049076
1156.049076
1156.049076
1412.189507
1412.189507
1412.189507
1420.617438
1420.617438
1420.617438
1424.375013
1424.375013
1472.487699
1472.487699
1472.487699
1491.249313
 682.923425
 709.546745
 743.810781
 743.810781
 769.381638
 773.157920
 773.157920
 807.106999
1071.818112
1120.019750
1120.019750
1144.785735
1400.122929
1412.110252
1412.110252
1428.597911
1433.281137
1433.281137
1434.941837
1441.955002
1455.336972
1472.767238
1472.767238
1503.739980
 661.494213
 741.027324
 744.449286
 744.449286
 791.266024
 825.337201
 825.337201
 882.678292
 997.392314
1061.235356
1061.235356
1103.819835
1390.272381
1411.818033
1411.818033
1422.506560
1442.636820
1448.144520
1448.144520
1460.002039
1464.642042
1473.399465
1473.399465
1507.253558
 649.851395
 744.838901
 744.838901
 788.759729
 803.248610
 885.008955
 885.008955
 928.144050
 959.373681
 998.256542
 998.256542
1045.263611
1384.687322
1411.594020
1411.594020
1412.939120
1446.672270
1456.805136
1456.805136
1469.870089
1474.260682
1474.260682
1485.027088
1501.594130
 649.851395
 744.838901
 744.838901
 788.759729
 803.248610
 885.008955
 885.008955
 928.144050
 959.373681
 998.256542
 998.256542
1045.263611
1384.687322
1411.594020
1411.594020
1412.939120
1446.672270
1456.805136
1456.805136
1469.870089
1474.260682
1474.260682
1485.027088
1501.594130
 661.494213
 741.027324
 744.449286
 744.449286
 791.266024
 825.337201
 825.337201
 882.678292
 997.392314
1061.235356
1061.235356
1103.819835
1390.272381
1411.818033
1411.818033
1422.506560
1442.636820
1448.144520
1448.144520
1460.002039
1464.642042
1473.399465
1473.399465
1507.253558
 682.923425
 709.546745
 743.810781
 743.810781
 769.381638
 773.157920
 773.157920
 807.106999
1071.818112
1120.019750
1120.019750
1144.785735
1400.122929
1412.110252
1412.110252
1428.597911
1433.281137
1433.281137
1434.941837
1441.955002
1455.336972
1472.767238
1472.767238
1503.739980
 710.850911
 710.850911
 741.149380
 741.149380
 741.149380
 745.962737
 745.962737
 745.962737
1129.739382
1156.049076
1156.049076
1156.049076
1412.189507
1412.189507
1412.189507
1420.617438
1420.617438
1420.617438
1424.375013
1424.375013
1472.487699
1472.487699
1472.487699
1491.249313
 710.850911
 710.850911
 741.149380
 741.149380
 741.149380
 745.962737
 745.962737
 745.962737
1129.739382
1156.049076
1156.049076
1156.049076
1412.189507
1412.189507
1412.189507
1420.617438
1420.617438
1420.617438
1424.375013
1424.375013
1472.487699
1472.487699
1472.487699
1491.249313
 682.923425
 709.546745
 743.810781
 743.810781
 769.381638
 773.157920
 773.157920
 807.106999
1071.818112
1120.019750
1120.019750
1144.785735
1400.122929
1412.110252
1412.110252
1428.597911
1433.281137
1433.281137
1434.941837
1441.955002
1455.336972
1472.767238
1472.767238
1503.739980
 661.494213
 741.027324
 744.449286
 744.449286
 791.266024
 825.337201
 825.337201
 882.678292
 997.392314
1061.235356
1061.235356
1103.819835
1390.272381
1411.818033
1411.818033
1422.506560
1442.636820
1448.144520
1448.144520
1460.002039
1464.642042
1473.399465
1473.399465
1507.253558
 649.851395
 744.838901
 744.838901
 788.759729
 803.248610
 885.008955
 885.008955
 928.144050
 959.373681
 998.256542
 998.256542
1045.263611
1384.687322
1411.594020
1411.594020
1412.939120
1446.672270
1456.805136
1456.805136
1469.870089
1474.260682
1474.260682
1485.027088
1501.594130
 585.456840
 695.172495
 714.229580
 812.224632
 849.868232
 856.047048
 882.745494
 949.887972
 972.987277
1023.336657
1056.398795
1089.337184
1341.640544
1362.851166
1376.211672
1419.027368
1434.906261
1451.858683
1458.298322
1470.226493
1475.200778
1492.975175
1498.568610
1528.756364
 608.608415
 663.057521
 724.907214
 773.062848
 840.217967
 856.738862
 908.908451
 919.357538
 938.964484
1006.867824
1105.458062
1128.015612
1361.056516
1372.435464
1397.013005
1424.928247
1431.097647
1444.657495
1449.634859
1459.033287
1468.568796
1480.903969
1492.360623
1530.474324
 646.646819
 659.738556
 744.283613
 746.048912
 808.892883
 808.892883
 849.938270
 849.938270
1000.767370
1070.077854
1138.638350
1138.638350
1386.699035
1386.699035
1423.269258
1432.291366
1432.291366
1439.446623
1439.446623
1444.706226
1455.179946
1459.107878
1485.909470
1523.135061
 682.923425
 709.546745
 743.810781
 743.810781
 769.381638
 773.157920
 773.157920
 807.106999
1071.818112
1120.019750
1120.019750
1144.785735
1400.122929
1412.110252
1412.110252
1428.597911
1433.281137
1433.281137
1434.941837
1441.955002
1455.336972
1472.767238
1472.767238
1503.739980
 682.923425
 709.546745
 743.810781
 743.810781
 769.381638
 773.157920
 773.157920
 807.106999
1071.818112
1120.019750
1120.019750
1144.785735
1400.122929
1412.110252
1412.110252
1428.597911
1433.281137
1433.281137
1434.941837
1441.955002
1455.336972
1472.767238
1472.767238
1503.739980
 646.646819
 659.738556
 744.283613
 746.048912
 808.892883
 808.892883
 849.938270
 849.938270
1000.767370
1070.077854
1138.638350
1138.638350
1386.699035
1386.699035
1423.269258
1432.291366
1432.291366
1439.446623
1439.446623
1444.706226
1455.179946
1459.107878
1485.909470
1523.135061
 608.608415
 663.057521
 724.907214
 773.062848
 840.217967
 856.738862
 908.908451
 919.357538
 938.964484
1006.867824
1105.458062
1128.015612
1361.056516
1372.435464
1397.013005
1424.928247
1431.097647
1444.657495
1449.634859
1459.033287
1468.568796
1480.903969
1492.360623
1530.474324
 585.456840
 695.172495
 714.229580
 812.224632
 849.868232
 856.047048
 882.745494
 949.887972
 972.987277
1023.336657
1056.398795
1089.337184
1341.640544
1362.851166
1376.211672
1419.027368
1434.906261
1451.858683
1458.298322
1470.226493
1475.200778
1492.975175
1498.568610
1528.756364
 562.090220
 617.981907
 710.561024
 753.660419
 770.786352
 903.235828
 970.367784
 973.341843
1043.280873
1070.179166
1099.514906
1121.651210
1274.038303
1292.804125
1367.485439
1392.388132
1428.741243
1437.785830
1452.549627
1467.212003
1497.099454
1506.599831
1514.191814
1545.392407
 589.729909
 607.531668
 731.643947
 733.792304
 836.901634
 925.388674
 925.388674
 948.835066
 991.054787
 991.054787
1127.495209
1127.495209
1321.510977
1321.510977
1389.634487
1389.634487
1438.453137
1438.453137
1445.583627
1463.957176
1488.535029
1494.900797
1507.039522
1542.204985
 608.608415
 663.057521
 724.907214
 773.062848
 840.217967
 856.738862
 908.908451
 919.357538
 938.964484
1006.867824
1105.458062
1128.015612
1361.056516
1372.435464
1397.013005
1424.928247
1431.097647
1444.657495
1449.634859
1459.033287
1468.568796
1480.903969
1492.360623
1530.474324
 661.494213
 741.027324
 744.449286
 744.449286
 791.266024
 825.337201
 825.337201
 882.678292
 997.392314
1061.235356
1061.235356
1103.819835
1390.272381
1411.818033
1411.818033
1422.506560
1442.636820
1448.144520
1448.144520
1460.002039
1464.642042
1473.399465
1473.399465
1507.253558
 661.494213
 741.027324
 744.449286
 744.449286
 791.266024
 825.337201
 825.337201
 882.678292
 997.392314
1061.235356
1061.235356
1103.819835
1390.272381
1411.818033
1411.818033
1422.506560
1442.636820
1448.144520
1448.144520
1460.002039
1464.642042
1473.399465
1473.399465
1507.253558
 608.608415
 663.057521
 724.907214
 773.062848
 840.217967
 856.738862
 908.908451
 919.357538
 938.964484
1006.867824
1105.458062
1128.015612
1361.056516
1372.435464
1397.013005
1424.928247
1431.097647
1444.657495
1449.634859
1459.033287
1468.568796
1480.903969
1492.360623
1530.474324
 589.729909
 607.531668
 731.643947
 733.792304
 836.901634
 925.388674
 925.388674
 948.835066
 991.054787
 991.054787
1127.495209
1127.495209
1321.510977
1321.510977
1389.634487
1389.634487
1438.453137
1438.453137
1445.583627
1463.957176
1488.535029
1494.900797
1507.039522
1542.204985
 562.090220
 617.981907
 710.561024
 753.660419
 770.786352
 903.235828
 970.367784
 973.341843
1043.280873
1070.179166
1099.514906
1121.651210
1274.038303
1292.804125
1367.485439
1392.388132
1428.741243
1437.785830
1452.549627
1467.212003
1497.099454
1506.599831
1514.191814
1545.392407
 570.117223
 574.919616
 708.976256
 720.140364
 721.211563
 869.424772
1062.017461
1062.017461
1097.844008
1097.844008
1123.220519
1123.220519
1209.194509
1209.194509
1380.274463
1380.274463
1411.049286
1411.049286
1461.978795
1464.879609
1509.321621
1510.718124
1524.560179
1552.432313
 562.090220
 617.981907
 710.561024
 753.660419
 770.786352
 903.235828
 970.367784
 973.341843
1043.280873
1070.179166
1099.514906
1121.651210
1274.038303
1292.804125
1367.485439
1392.388132
1428.741243
1437.785830
1452.549627
1467.212003
1497.099454
1506.599831
1514.191814
1545.392407
 585.456840
 695.172495
 714.229580
 812.224632
 849.868232
 856.047048
 882.745494
 949.887972
 972.987277
1023.336657
1056.398795
1089.337184
1341.640544
1362.851166
1376.211672
1419.027368
1434.906261
1451.858683
1458.298322
1470.226493
1475.200778
1492.975175
1498.568610
1528.756364
 649.851395
 744.838901
 744.838901
 788.759729
 803.248610
 885.008955
 885.008955
 928.144050
 959.373681
 998.256542
 998.256542
1045.263611
1384.687322
1411.594020
1411.594020
1412.939120
1446.672270
1456.805136
1456.805136
1469.870089
1474.260682
1474.260682
1485.027088
1501.594130
 649.851395
 744.838901
 744.838901
 788.759729
 803.248610
 885.008955
 885.008955
 928.144050
 959.373681
 998.256542
 998.256542
1045.263611
1384.687322
1411.594020
1411.594020
1412.939120
1446.672270
1456.805136
1456.805136
1469.870089
1474.260682
1474.260682
1485.027088
1501.594130
 585.456840
 695.172495
 714.229580
 812.224632
 849.868232
 856.047048
 882.745494
 949.887972
 972.987277
1023.336657
1056.398795
1089.337184
1341.640544
1362.851166
1376.211672
1419.027368
1434.906261
1451.858683
1458.298322
1470.226493
1475.200778
1492.975175
1498.568610
1528.756364
 562.090220
 617.981907
 710.561024
 753.660419
 770.786352
 903.235828
 970.367784
 973.341843
1043.280873
1070.179166
1099.514906
1121.651210
1274.038303
1292.804125
1367.485439
1392.388132
1428.741243
1437.785830
1452.549627
1467.212003
1497.099454
1506.599831
1514.191814
1545.392407
 570.117223
 574.919616
 708.976256
 720.140364
 721.211563
 869.424772
1062.017461
1062.017461
1097.844008
1097.844008
1123.220519
1123.220519
1209.194509
1209.194509
1380.274463
1380.274463
1411.049286
1411.049286
1461.978795
1464.879609
1509.321621
1510.718124
1524.560179
1552.432313
