 121.265480
 121.265480
 186.807264
1010.480258
1010.480258
1010.480258
1020.091948
1020.091948
1020.091948
1133.614059
1133.614059
1133.614059
1165.236964
1165.236964
1165.236964
1201.157232
1201.157232
1201.157232
1267.816072
1267.816072
1267.816072
1468.702682
1468.702682
1473.287823
 237.373656
 251.227666
 336.106855
 919.021920
 925.525745
1002.596372
1002.596372
1029.284924
1029.284924
1063.618831
1093.099921
1093.099921
1157.866344
1157.866344
1231.831559
1231.831559
1232.268293
1240.099244
1279.489899
1279.489899
1331.940870
1456.782776
1457.545416
1470.287689
 386.961689
 396.355762
 499.797364
 804.032210
 808.122487
 946.403151
 999.595274
 999.595274
1036.124387
1036.124387
1055.425823
1055.425823
1144.797596
1144.797596
1259.974067
1259.974067
1292.241437
1292.241437
1299.036540
1303.546863
1382.524360
1434.844548
1435.123270
1461.303191
 535.818041
 539.613362
 660.125026
 676.460131
 677.230136
 810.433597
1004.676916
1004.676916
1024.481547
1024.481547
1042.879756
1042.879756
1136.491659
1136.491659
1275.981675
1275.981675
1299.374226
1299.374226
1355.844668
1358.383835
1401.265415
1402.184903
1419.576213
1445.073177
 535.818041
 539.613362
 660.125026
 676.460131
 677.230136
 810.433597
1004.676916
1004.676916
1024.481547
1024.481547
1042.879756
1042.879756
1136.491659
1136.491659
1275.981675
1275.981675
1299.374226
1299.374226
1355.844668
1358.383835
1401.265415
1402.184903
1419.576213
1445.073177
 386.961689
 396.355762
 499.797364
 804.032210
 808.122487
 946.403151
 999.595274
 999.595274
1036.124387
1036.124387
1055.425823
1055.425823
1144.797596
1144.797596
1259.974067
1259.974067
1292.241437
1292.241437
1299.036540
1303.546863
1382.524360
1434.844548
1435.123270
1461.303191
 237.373656
 251.227666
 336.106855
 919.021920
 925.525745
1002.596372
1002.596372
1029.284924
1029.284924
1063.618831
1093.099921
1093.099921
1157.866344
1157.866344
1231.831559
1231.831559
1232.268293
1240.099244
1279.489899
1279.489899
1331.940870
1456.782776
1457.545416
1470.287689
 121.265480
 121.265480
 186.807264
1010.480258
1010.480258
1010.480258
1020.091948
1020.091948
1020.091948
1133.614059
1133.614059
1133.614059
1165.236964
1165.236964
1165.236964
1201.157232
1201.157232
1201.157232
1267.816072
1267.816072
1267.816072
1468.702682
1468.702682
1473.287823
 237.373656
 251.227666
 336.106855
 919.021920
 925.525745
1002.596372
1002.596372
1029.284924
1029.284924
1063.618831
1093.099921
1093.099921
1157.866344
1157.866344
1231.831559
1231.831559
1232.268293
1240.099244
1279.489899
1279.489899
1331.940870
1456.782776
1457.545416
1470.287689
 286.236549
 330.600221
 448.144351
 917.671150
 917.671150
 937.109752
 937.109752
 971.636909
1038.708161
1042.558453
1042.558453
1071.267024
1181.037242
1218.695995
1227.480094
1227.480094
1262.771283
1262.771283
1302.686372
1327.157007
1327.157007
1442.727775
1447.188671
1468.923061
 398.074380
 449.944435
 581.662951
 802.434402
 826.526761
 919.285572
 944.849663
 951.485748
 953.534359
1021.954097
1022.542437
1054.892374
1184.306427
1217.715961
1241.634411
1290.330735
1291.864718
1312.916560
1317.225466
1319.315065
1374.106619
1419.645897
1427.126562
1459.776222
 533.661005
 578.699238
 671.791456
 705.965701
 715.069817
 840.057041
 921.523164
 928.084215
 974.128203
 997.557085
1019.753356
1034.648383
1191.827973
1204.843562
1272.205394
1296.012593
1315.414660
1323.622311
1345.386553
1359.235541
1387.665260
1397.570588
1412.637332
1441.226723
 533.661005
 578.699238
 671.791456
 705.965701
 715.069817
 840.057041
 921.523164
 928.084215
 974.128203
 997.557085
1019.753356
1034.648383
1191.827973
1204.843562
1272.205394
1296.012593
1315.414660
1323.622311
1345.386553
1359.235541
1387.665260
1397.570588
1412.637332
1441.226723
 398.074380
 449.944435
 581.662951
 802.434402
 826.526761
 919.285572
 944.849663
 951.485748
 953.534359
1021.954097
1022.542437
1054.892374
1184.306427
1217.715961
1241.634411
1290.330735
1291.864718
1312.916560
1317.225466
1319.315065
1374.106619
1419.645897
1427.126562
1459.776222
 286.236549
 330.600221
 448.144351
 917.671150
 917.671150
 937.109752
 937.109752
 971.636909
1038.708161
1042.558453
1042.558453
1071.267024
1181.037242
1218.695995
1227.480094
1227.480094
1262.771283
1262.771283
1302.686372
1327.157007
1327.157007
1442.727775
1447.188671
1468.923061
 237.373656
 251.227666
 336.106855
 919.021920
 925.525745
1002.596372
1002.596372
1029.284924
1029.284924
1063.618831
1093.099921
1093.099921
1157.866344
1157.866344
1231.831559
1231.831559
1232.268293
1240.099244
1279.489899
1279.489899
1331.940870
1456.782776
1457.545416
1470.287689
 386.961689
 396.355762
 499.797364
 804.032210
 808.122487
 946.403151
 999.595274
 999.595274
1036.124387
1036.124387
1055.425823
1055.425823
1144.797596
1144.797596
1259.974067
1259.974067
1292.241437
1292.241437
1299.036540
1303.546863
1382.524360
1434.844548
1435.123270
1461.303191
 398.074380
 449.944435
 581.662951
 802.434402
 826.526761
 919.285572
 944.849663
 951.485748
 953.534359
1021.954097
1022.542437
1054.892374
1184.306427
1217.715961
1241.634411
1290.330735
1291.864718
1312.916560
1317.225466
1319.315065
1374.106619
1419.645897
1427.126562
1459.776222
 459.546253
 541.750312
 684.221920
 804.001181
 804.001181
 861.463500
 861.463500
 890.027312
 962.168073
 962.168073
 991.042573
1035.730179
1217.985910
1256.692329
1278.265713
1278.265713
1326.829726
1326.829726
1337.230214
1356.915223
1356.915223
1395.409796
1411.554702
1450.033333
 560.878092
 648.831485
 680.683017
 758.090747
 787.199317
 816.793714
 845.574858
 881.722510
 906.558202
 952.682065
 979.408129
1004.787212
1239.135936
1259.856997
1295.042869
1326.125671
1329.795071
1339.461080
1343.571017
1360.051186
1364.397459
1388.812758
1397.363060
1429.329703
 560.878092
 648.831485
 680.683017
 758.090747
 787.199317
 816.793714
 845.574858
 881.722510
 906.558202
 952.682065
 979.408129
1004.787212
1239.135936
1259.856997
1295.042869
1326.125671
1329.795071
1339.461080
1343.571017
1360.051186
1364.397459
1388.812758
1397.363060
1429.329703
 459.546253
 541.750312
 684.221920
 804.001181
 804.001181
 861.463500
 861.463500
 890.027312
 962.168073
 962.168073
 991.042573
1035.730179
1217.985910
1256.692329
1278.265713
1278.265713
1326.829726
1326.829726
1337.230214
1356.915223
1356.915223
1395.409796
1411.554702
1450.033333
 398.074380
 449.944435
 581.662951
 802.434402
 826.526761
 919.285572
 944.849663
 951.485748
 953.534359
1021.954097
1022.542437
1054.892374
1184.306427
1217.715961
1241.634411
1290.330735
1291.864718
1312.916560
1317.225466
1319.315065
1374.106619
1419.645897
1427.126562
1459.776222
 386.961689
 396.355762
 499.797364
 804.032210
 808.122487
 946.403151
 999.595274
 999.595274
1036.124387
1036.124387
1055.425823
1055.425823
1144.797596
1144.797596
1259.974067
1259.974067
1292.241437
1292.241437
1299.036540
1303.546863
1382.524360
1434.844548
1435.123270
1461.303191
 535.818041
 539.613362
 660.125026
 676.460131
 677.230136
 810.433597
1004.676916
1004.676916
1024.481547
1024.481547
1042.879756
1042.879756
1136.491659
1136.491659
1275.981675
1275.981675
1299.374226
1299.374226
1355.844668
1358.383835
1401.265415
1402.184903
1419.576213
1445.073177
 533.661005
 578.699238
 671.791456
 705.965701
 715.069817
 840.057041
 921.523164
 928.084215
 974.128203
 997.557085
1019.753356
1034.648383
1191.827973
1204.843562
1272.205394
1296.012593
1315.414660
1323.622311
1345.386553
1359.235541
1387.665260
1397.570588
1412.637332
1441.226723
 560.878092
 648.831485
 680.683017
 758.090747
 787.199317
 816.793714
 845.574858
 881.722510
 906.558202
 952.682065
 979.408129
1004.787212
1239.135936
1259.856997
1295.042869
1326.125671
1329.795071
1339.461080
1343.571017
1360.051186
1364.397459
1388.812758
1397.363060
1429.329703
 624.249204
 713.840968
 713.840968
 734.561536
 771.004727
 823.715947
 823.715947
 859.625581
 892.167304
 925.016028
 925.016028
 966.433386
1272.391515
1301.029908
1301.029908
1332.816805
1335.123836
1356.999449
1357.048111
1357.048111
1373.750099
1373.750099
1375.422805
1406.718848
 624.249204
 713.840968
 713.840968
 734.561536
 771.004727
 823.715947
 823.715947
 859.625581
 892.167304
 925.016028
 925.016028
 966.433386
1272.391515
1301.029908
1301.029908
1332.816805
1335.123836
1356.999449
1357.048111
1357.048111
1373.750099
1373.750099
1375.422805
1406.718848
 560.878092
 648.831485
 680.683017
 758.090747
 787.199317
 816.793714
 845.574858
 881.722510
 906.558202
 952.682065
 979.408129
1004.787212
1239.135936
1259.856997
1295.042869
1326.125671
1329.795071
1339.461080
1343.571017
1360.051186
1364.397459
1388.812758
1397.363060
1429.329703
 533.661005
 578.699238
 671.791456
 705.965701
 715.069817
 840.057041
 921.523164
 928.084215
 974.128203
 997.557085
1019.753356
1034.648383
1191.827973
1204.843562
1272.205394
1296.012593
1315.414660
1323.622311
1345.386553
1359.235541
1387.665260
1397.570588
1412.637332
1441.226723
 535.818041
 539.613362
 660.125026
 676.460131
 677.230136
 810.433597
1004.676916
1004.676916
1024.481547
1024.481547
1042.879756
1042.879756
1136.491659
1136.491659
1275.981675
1275.981675
1299.374226
1299.374226
1355.844668
1358.383835
1401.265415
1402.184903
1419.576213
1445.073177
 535.818041
 539.613362
 660.125026
 676.460131
 677.230136
 810.433597
1004.676916
1004.676916
1024.481547
1024.481547
1042.879756
1042.879756
1136.491659
1136.491659
1275.981675
1275.981675
1299.374226
1299.374226
1355.844668
1358.383835
1401.265415
1402.184903
1419.576213
1445.073177
 533.661005
 578.699238
 671.791456
 705.965701
 715.069817
 840.057041
 921.523164
 928.084215
 974.128203
 997.557085
1019.753356
1034.648383
1191.827973
1204.843562
1272.205394
1296.012593
1315.414660
1323.622311
1345.386553
1359.235541
1387.665260
1397.570588
1412.637332
1441.226723
 560.878092
 648.831485
 680.683017
 758.090747
 787.199317
 816.793714
 845.574858
 881.722510
 906.558202
 952.682065
 979.408129
1004.787212
1239.135936
1259.856997
1295.042869
1326.125671
1329.795071
1339.461080
1343.571017
1360.051186
1364.397459
1388.812758
1397.363060
1429.329703
 624.249204
 713.840968
 713.840968
 734.561536
 771.004727
 823.715947
 823.715947
 859.625581
 892.167304
 925.016028
 925.016028
 966.433386
1272.391515
1301.029908
1301.029908
1332.816805
1335.123836
1356.999449
1357.048111
1357.048111
1373.750099
1373.750099
1375.422805
1406.718848
 624.249204
 713.840968
 713.840968
 734.561536
 771.004727
 823.715947
 823.715947
 859.625581
 892.167304
 925.016028
 925.016028
 966.433386
1272.391515
1301.029908
1301.029908
1332.816805
1335.123836
1356.999449
1357.048111
1357.048111
1373.750099
1373.750099
1375.422805
1406.718848
 560.878092
 648.831485
 680.683017
 758.090747
 787.199317
 816.793714
 845.574858
 881.722510
 906.558202
 952.682065
 979.408129
1004.787212
1239.135936
1259.856997
1295.042869
1326.125671
1329.795071
1339.461080
1343.571017
1360.051186
1364.397459
1388.812758
1397.363060
1429.329703
 533.661005
 578.699238
 671.791456
 705.965701
 715.069817
 840.057041
 921.523164
 928.084215
 974.128203
 997.557085
1019.753356
1034.648383
1191.827973
1204.843562
1272.205394
1296.012593
1315.414660
1323.622311
1345.386553
1359.235541
1387.665260
1397.570588
1412.637332
1441.226723
 535.818041
 539.613362
 660.125026
 676.460131
 677.230136
 810.433597
1004.676916
1004.676916
1024.481547
1024.481547
1042.879756
1042.879756
1136.491659
1136.491659
1275.981675
1275.981675
1299.374226
1299.374226
1355.844668
1358.383835
1401.265415
1402.184903
1419.576213
1445.073177
 386.961689
 396.355762
 499.797364
 804.032210
 808.122487
 946.403151
 999.595274
 999.595274
1036.124387
1036.124387
1055.425823
1055.425823
1144.797596
1144.797596
1259.974067
1259.974067
1292.241437
1292.241437
1299.036540
1303.546863
1382.524360
1434.844548
1435.123270
1461.303191
 398.074380
 449.944435
 581.662951
 802.434402
 826.526761
 919.285572
 944.849663
 951.485748
 953.534359
1021.954097
1022.542437
1054.892374
1184.306427
1217.715961
1241.634411
1290.330735
1291.864718
1312.916560
1317.225466
1319.315065
1374.106619
1419.645897
1427.126562
1459.776222
 459.546253
 541.750312
 684.221920
 804.001181
 804.001181
 861.463500
 861.463500
 890.027312
 962.168073
 962.168073
 991.042573
1035.730179
1217.985910
1256.692329
1278.265713
1278.265713
1326.829726
1326.829726
1337.230214
1356.915223
1356.915223
1395.409796
1411.554702
1450.033333
 560.878092
 648.831485
 680.683017
 758.090747
 787.199317
 816.793714
 845.574858
 881.722510
 906.558202
 952.682065
 979.408129
1004.787212
1239.135936
1259.856997
1295.042869
1326.125671
1329.795071
1339.461080
1343.571017
1360.051186
1364.397459
1388.812758
1397.363060
1429.329703
 560.878092
 648.831485
 680.683017
 758.090747
 787.199317
 816.793714
 845.574858
 881.722510
 906.558202
 952.682065
 979.408129
1004.787212
1239.135936
1259.856997
1295.042869
1326.125671
1329.795071
1339.461080
1343.571017
1360.051186
1364.397459
1388.812758
1397.363060
1429.329703
 459.546253
 541.750312
 684.221920
 804.001181
 804.001181
 861.463500
 861.463500
 890.027312
 962.168073
 962.168073
 991.042573
1035.730179
1217.985910
1256.692329
1278.265713
1278.265713
1326.829726
1326.829726
1337.230214
1356.915223
1356.915223
1395.409796
1411.554702
1450.033333
 398.074380
 449.944435
 581.662951
 802.434402
 826.526761
 919.285572
 944.849663
 951.485748
 953.534359
1021.954097
1022.542437
1054.892374
1184.306427
1217.715961
1241.634411
1290.330735
1291.864718
1312.916560
1317.225466
1319.315065
1374.106619
1419.645897
1427.126562
1459.776222
 386.961689
 396.355762
 499.797364
 804.032210
 808.122487
 946.403151
 999.595274
 999.595274
1036.124387
1036.124387
1055.425823
1055.425823
1144.797596
1144.797596
1259.974067
1259.974067
1292.241437
1292.241437
1299.036540
1303.546863
1382.524360
1434.844548
1435.123270
1461.303191
 237.373656
 251.227666
 336.106855
 919.021920
 925.525745
1002.596372
1002.596372
1029.284924
1029.284924
1063.618831
1093.099921
1093.099921
1157.866344
1157.866344
1231.831559
1231.831559
1232.268293
1240.099244
1279.489899
1279.489899
1331.940870
1456.782776
1457.545416
1470.287689
 286.236549
 330.600221
 448.144351
 917.671150
 917.671150
 937.109752
 937.109752
 971.636909
1038.708161
1042.558453
1042.558453
1071.267024
1181.037242
1218.695995
1227.480094
1227.480094
1262.771283
1262.771283
1302.686372
1327.157007
1327.157007
1442.727775
1447.188671
1468.923061
 398.074380
 449.944435
 581.662951
 802.434402
 826.526761
 919.285572
 944.849663
 951.485748
 953.534359
1021.954097
1022.542437
1054.892374
1184.306427
1217.715961
1241.634411
1290.330735
1291.864718
1312.916560
1317.225466
1319.315065
1374.106619
1419.645897
1427.126562
1459.776222
 533.661005
 578.699238
 671.791456
 705.965701
 715.069817
 840.057041
 921.523164
 928.084215
 974.128203
 997.557085
1019.753356
1034.648383
1191.827973
1204.843562
1272.205394
1296.012593
1315.414660
1323.622311
1345.386553
1359.235541
1387.665260
1397.570588
1412.637332
1441.226723
 533.661005
 578.699238
 671.791456
 705.965701
 715.069817
 840.057041
 921.523164
 928.084215
 974.128203
 997.557085
1019.753356
1034.648383
1191.827973
1204.843562
1272.205394
1296.012593
1315.414660
1323.622311
1345.386553
1359.235541
1387.665260
1397.570588
1412.637332
1441.226723
 398.074380
 449.944435
 581.662951
 802.434402
 826.526761
 919.285572
 944.849663
 951.485748
 953.534359
1021.954097
1022.542437
1054.892374
1184.306427
1217.715961
1241.634411
1290.330735
1291.864718
1312.916560
1317.225466
1319.315065
1374.106619
1419.645897
1427.126562
1459.776222
 286.236549
 330.600221
 448.144351
 917.671150
 917.671150
 937.109752
 937.109752
 971.636909
1038.708161
1042.558453
1042.558453
1071.267024
1181.037242
1218.695995
1227.480094
1227.480094
1262.771283
1262.771283
1302.686372
1327.157007
1327.157007
1442.727775
1447.188671
1468.923061
 237.373656
 251.227666
 336.106855
 919.021920
 925.525745
1002.596372
1002.596372
1029.284924
1029.284924
1063.618831
1093.099921
1093.099921
1157.866344
1157.866344
1231.831559
1231.831559
1232.268293
1240.099244
1279.489899
1279.489899
1331.940870
1456.782776
1457.545416
1470.287689
 121.265480
 121.265480
 186.807264
1010.480258
1010.480258
1010.480258
1020.091948
1020.091948
1020.091948
1133.614059
1133.614059
1133.614059
1165.236964
1165.236964
1165.236964
1201.157232
1201.157232
1201.157232
1267.816072
1267.816072
1267.816072
1468.702682
1468.702682
1473.287823
 237.373656
 251.227666
 336.106855
 919.021920
 925.525745
1002.596372
1002.596372
1029.284924
1029.284924
1063.618831
1093.099921
1093.099921
1157.866344
1157.866344
1231.831559
1231.831559
1232.268293
1240.099244
1279.489899
1279.489899
1331.940870
1456.782776
1457.545416
1470.287689
 386.961689
 396.355762
 499.797364
 804.032210
 808.122487
 946.403151
 999.595274
 999.595274
1036.124387
1036.124387
1055.425823
1055.425823
1144.797596
1144.797596
1259.974067
1259.974067
1292.241437
1292.241437
1299.036540
1303.546863
1382.524360
1434.844548
1435.123270
1461.303191
 535.818041
 539.613362
 660.125026
 676.460131
 677.230136
 810.433597
1004.676916
1004.676916
1024.481547
1024.481547
1042.879756
1042.879756
1136.491659
1136.491659
1275.981675
1275.981675
1299.374226
1299.374226
1355.844668
1358.383835
1401.265415
1402.184903
1419.576213
1445.073177
 535.818041
 539.613362
 660.125026
 676.460131
 677.230136
 810.433597
1004.676916
1004.676916
1024.481547
1024.481547
1042.879756
1042.879756
1136.491659
1136.491659
1275.981675
1275.981675
1299.374226
1299.374226
1355.844668
1358.383835
1401.265415
1402.184903
1419.576213
1445.073177
 386.961689
 396.355762
 499.797364
 804.032210
 808.122487
 946.403151
 999.595274
 999.595274
1036.124387
1036.124387
1055.425823
1055.425823
1144.797596
1144.797596
1259.974067
1259.974067
1292.241437
1292.241437
1299.036540
1303.546863
1382.524360
1434.844548
1435.123270
1461.303191
 237.373656
 251.227666
 336.106855
 919.021920
 925.525745
1002.596372
1002.596372
1029.284924
1029.284924
1063.618831
1093.099921
1093.099921
1157.866344
1157.866344
1231.831559
1231.831559
1232.268293
1240.099244
1279.489899
1279.489899
1331.940870
1456.782776
1457.545416
1470.287689
 121.265480
 121.265480
 186.807264
1010.480258
1010.480258
1010.480258
1020.091948
1020.091948
1020.091948
1133.614059
1133.614059
1133.614059
1165.236964
1165.236964
1165.236964
1201.157232
1201.157232
1201.157232
1267.816072
1267.816072
1267.816072
1468.702682
1468.702682
1473.287823
 237.373656
 251.227666
 336.106855
 919.021920
 925.525745
1002.596372
1002.596372
1029.284924
1029.284924
1063.618831
1093.099921
1093.099921
1157.866344
1157.866344
1231.831559
1231.831559
1232.268293
1240.099244
1279.489899
1279.489899
1331.940870
1456.782776
1457.545416
1470.287689
 286.236549
 330.600221
 448.144351
 917.671150
 917.671150
 937.109752
 937.109752
 971.636909
1038.708161
1042.558453
1042.558453
1071.267024
1181.037242
1218.695995
1227.480094
1227.480094
1262.771283
1262.771283
1302.686372
1327.157007
1327.157007
1442.727775
1447.188671
1468.923061
 398.074380
 449.944435
 581.662951
 802.434402
 826.526761
 919.285572
 944.849663
 951.485748
 953.534359
1021.954097
1022.542437
1054.892374
1184.306427
1217.715961
1241.634411
1290.330735
1291.864718
1312.916560
1317.225466
1319.315065
1374.106619
1419.645897
1427.126562
1459.776222
 533.661005
 578.699238
 671.791456
 705.965701
 715.069817
 840.057041
 921.523164
 928.084215
 974.128203
 997.557085
1019.753356
1034.648383
1191.827973
1204.843562
1272.205394
1296.012593
1315.414660
1323.622311
1345.386553
1359.235541
1387.665260
1397.570588
1412.637332
1441.226723
 533.661005
 578.699238
 671.791456
 705.965701
 715.069817
 840.057041
 921.523164
 928.084215
 974.128203
 997.557085
1019.753356
1034.648383
1191.827973
1204.843562
1272.205394
1296.012593
1315.414660
1323.622311
1345.386553
1359.235541
1387.665260
1397.570588
1412.637332
1441.226723
 398.074380
 449.944435
 581.662951
 802.434402
 826.526761
 919.285572
 944.849663
 951.485748
 953.534359
1021.954097
1022.542437
1054.892374
1184.306427
1217.715961
1241.634411
1290.330735
1291.864718
1312.916560
1317.225466
1319.315065
1374.106619
1419.645897
1427.126562
1459.776222
 286.236549
 330.600221
 448.144351
 917.671150
 917.671150
 937.109752
 937.109752
 971.636909
1038.708161
1042.558453
1042.558453
1071.267024
1181.037242
1218.695995
1227.480094
1227.480094
1262.771283
1262.771283
1302.686372
1327.157007
1327.157007
1442.727775
1447.188671
1468.923061
 237.373656
 251.227666
 336.106855
 919.021920
 925.525745
1002.596372
1002.596372
1029.284924
1029.284924
1063.618831
1093.099921
1093.099921
1157.866344
1157.866344
1231.831559
1231.831559
1232.268293
1240.099244
1279.489899
1279.489899
1331.940870
1456.782776
1457.545416
1470.287689
 286.236549
 330.600221
 448.144351
 917.671150
 917.671150
 937.109752
 937.109752
 971.636909
1038.708161
1042.558453
1042.558453
1071.267024
1181.037242
1218.695995
1227.480094
1227.480094
1262.771283
1262.771283
1302.686372
1327.157007
1327.157007
1442.727775
1447.188671
1468.923061
 354.128109
 354.128109
 540.972071
 901.135729
 901.135729
 901.135729
 943.852448
 943.852448
 943.852448
1036.508554
1036.508554
1036.508554
1230.252021
1230.252021
1230.252021
1270.943166
1270.943166
1270.943166
1328.080560
1328.080560
1328.080560
1432.253361
1432.253361
1468.758028
 438.973142
 457.960121
 656.908890
 802.509400
 823.963446
 888.157086
 888.157086
 938.849472
 938.849472
 968.024769
1034.407759
1034.407759
1229.049656
1229.049656
1287.054350
1287.054350
1287.188899
1317.722490
1327.604934
1327.604934
1368.523566
1410.267880
1411.282387
1460.356132
 559.905401
 574.242054
 691.339143
 692.826805
 772.554523
 878.173702
 881.783183
 881.783183
 930.656538
 930.656538
1035.968049
1035.968049
1226.827882
1226.827882
1301.487709
1301.487709
1324.385778
1324.385778
1338.158810
1353.529363
1379.836693
1383.835512
1409.408196
1440.816699
 559.905401
 574.242054
 691.339143
 692.826805
 772.554523
 878.173702
 881.783183
 881.783183
 930.656538
 930.656538
1035.968049
1035.968049
1226.827882
1226.827882
1301.487709
1301.487709
1324.385778
1324.385778
1338.158810
1353.529363
1379.836693
1383.835512
1409.408196
1440.816699
 438.973142
 457.960121
 656.908890
 802.509400
 823.963446
 888.157086
 888.157086
 938.849472
 938.849472
 968.024769
1034.407759
1034.407759
1229.049656
1229.049656
1287.054350
1287.054350
1287.188899
1317.722490
1327.604934
1327.604934
1368.523566
1410.267880
1411.282387
1460.356132
 354.128109
 354.128109
 540.972071
 901.135729
 901.135729
 901.135729
 943.852448
 943.852448
 943.852448
1036.508554
1036.508554
1036.508554
1230.252021
1230.252021
1230.252021
1270.943166
1270.943166
1270.943166
1328.080560
1328.080560
1328.080560
1432.253361
1432.253361
1468.758028
 286.236549
 330.600221
 448.144351
 917.671150
 917.671150
 937.109752
 937.109752
 971.636909
1038.708161
1042.558453
1042.558453
1071.267024
1181.037242
1218.695995
1227.480094
1227.480094
1262.771283
1262.771283
1302.686372
1327.157007
1327.157007
1442.727775
1447.188671
1468.923061
 398.074380
 449.944435
 581.662951
 802.434402
 826.526761
 919.285572
 944.849663
 951.485748
 953.534359
1021.954097
1022.542437
1054.892374
1184.306427
1217.715961
1241.634411
1290.330735
1291.864718
1312.916560
1317.225466
1319.315065
1374.106619
1419.645897
1427.126562
1459.776222
 438.973142
 457.960121
 656.908890
 802.509400
 823.963446
 888.157086
 888.157086
 938.849472
 938.849472
 968.024769
1034.407759
1034.407759
1229.049656
1229.049656
1287.054350
1287.054350
1287.188899
1317.722490
1327.604934
1327.604934
1368.523566
1410.267880
1411.282387
1460.356132
 493.865661
 530.268956
 752.351805
 798.624208
 798.624208
 834.583704
 834.583704
 850.759176
 912.790035
 991.617929
 991.617929
1039.851433
1242.142977
1278.148658
1278.148658
1295.894873
1325.074226
1325.074226
1336.221064
1357.512998
1357.512998
1386.858288
1393.617074
1452.723360
 582.504139
 626.295226
 690.823229
 729.199318
 802.319764
 820.038291
 846.018404
 855.796715
 883.199725
 927.743556
1014.827699
1032.503924
1253.867176
1266.289810
1314.878054
1322.115552
1328.761170
1339.850447
1343.893399
1347.068723
1358.035938
1370.552905
1400.372143
1433.091818
 582.504139
 626.295226
 690.823229
 729.199318
 802.319764
 820.038291
 846.018404
 855.796715
 883.199725
 927.743556
1014.827699
1032.503924
1253.867176
1266.289810
1314.878054
1322.115552
1328.761170
1339.850447
1343.893399
1347.068723
1358.035938
1370.552905
1400.372143
1433.091818
 493.865661
 530.268956
 752.351805
 798.624208
 798.624208
 834.583704
 834.583704
 850.759176
 912.790035
 991.617929
 991.617929
1039.851433
1242.142977
1278.148658
1278.148658
1295.894873
1325.074226
1325.074226
1336.221064
1357.512998
1357.512998
1386.858288
1393.617074
1452.723360
 438.973142
 457.960121
 656.908890
 802.509400
 823.963446
 888.157086
 888.157086
 938.849472
 938.849472
 968.024769
1034.407759
1034.407759
1229.049656
1229.049656
1287.054350
1287.054350
1287.188899
1317.722490
1327.604934
1327.604934
1368.523566
1410.267880
1411.282387
1460.356132
 398.074380
 449.944435
 581.662951
 802.434402
 826.526761
 919.285572
 944.849663
 951.485748
 953.534359
1021.954097
1022.542437
1054.892374
1184.306427
1217.715961
1241.634411
1290.330735
1291.864718
1312.916560
1317.225466
1319.315065
1374.106619
1419.645897
1427.126562
1459.776222
 533.661005
 578.699238
 671.791456
 705.965701
 715.069817
 840.057041
 921.523164
 928.084215
 974.128203
 997.557085
1019.753356
1034.648383
1191.827973
1204.843562
1272.205394
1296.012593
1315.414660
1323.622311
1345.386553
1359.235541
1387.665260
1397.570588
1412.637332
1441.226723
 559.905401
 574.242054
 691.339143
 692.826805
 772.554523
 878.173702
 881.783183
 881.783183
 930.656538
 930.656538
1035.968049
1035.968049
1226.827882
1226.827882
1301.487709
1301.487709
1324.385778
1324.385778
1338.158810
1353.529363
1379.836693
1383.835512
1409.408196
1440.816699
 582.504139
 626.295226
 690.823229
 729.199318
 802.319764
 820.038291
 846.018404
 855.796715
 883.199725
 927.743556
1014.827699
1032.503924
1253.867176
1266.289810
1314.878054
1322.115552
1328.761170
1339.850447
1343.893399
1347.068723
1358.035938
1370.552905
1400.372143
1433.091818
 635.238629
 698.749648
 713.549474
 713.549474
 759.342110
 777.561504
 777.561504
 830.868720
 916.383641
 974.342596
 974.342596
1010.811359
1278.159982
1301.016796
1301.016796
1329.098414
1331.108443
1339.466922
1339.466922
1354.926329
1361.653384
1383.930884
1383.930884
1414.378435
 635.238629
 698.749648
 713.549474
 713.549474
 759.342110
 777.561504
 777.561504
 830.868720
 916.383641
 974.342596
 974.342596
1010.811359
1278.159982
1301.016796
1301.016796
1329.098414
1331.108443
1339.466922
1339.466922
1354.926329
1361.653384
1383.930884
1383.930884
1414.378435
 582.504139
 626.295226
 690.823229
 729.199318
 802.319764
 820.038291
 846.018404
 855.796715
 883.199725
 927.743556
1014.827699
1032.503924
1253.867176
1266.289810
1314.878054
1322.115552
1328.761170
1339.850447
1343.893399
1347.068723
1358.035938
1370.552905
1400.372143
1433.091818
 559.905401
 574.242054
 691.339143
 692.826805
 772.554523
 878.173702
 881.783183
 881.783183
 930.656538
 930.656538
1035.968049
1035.968049
1226.827882
1226.827882
1301.487709
1301.487709
1324.385778
1324.385778
1338.158810
1353.529363
1379.836693
1383.835512
1409.408196
1440.816699
 533.661005
 578.699238
 671.791456
 705.965701
 715.069817
 840.057041
 921.523164
 928.084215
 974.128203
 997.557085
1019.753356
1034.648383
1191.827973
1204.843562
1272.205394
1296.012593
1315.414660
1323.622311
1345.386553
1359.235541
1387.665260
1397.570588
1412.637332
1441.226723
 533.661005
 578.699238
 671.791456
 705.965701
 715.069817
 840.057041
 921.523164
 928.084215
 974.128203
 997.557085
1019.753356
1034.648383
1191.827973
1204.843562
1272.205394
1296.012593
1315.414660
1323.622311
1345.386553
1359.235541
1387.665260
1397.570588
1412.637332
1441.226723
 559.905401
 574.242054
 691.339143
 692.826805
 772.554523
 878.173702
 881.783183
 881.783183
 930.656538
 930.656538
1035.968049
1035.968049
1226.827882
1226.827882
1301.487709
1301.487709
1324.385778
1324.385778
1338.158810
1353.529363
1379.836693
1383.835512
1409.408196
1440.816699
 582.504139
 626.295226
 690.823229
 729.199318
 802.319764
 820.038291
 846.018404
 855.796715
 883.199725
 927.743556
1014.827699
1032.503924
1253.867176
1266.289810
1314.878054
1322.115552
1328.761170
1339.850447
1343.893399
1347.068723
1358.035938
1370.552905
1400.372143
1433.091818
 635.238629
 698.749648
 713.549474
 713.549474
 759.342110
 777.561504
 777.561504
 830.868720
 916.383641
 974.342596
 974.342596
1010.811359
1278.159982
1301.016796
1301.016796
1329.098414
1331.108443
1339.466922
1339.466922
1354.926329
1361.653384
1383.930884
1383.930884
1414.378435
 635.238629
 698.749648
 713.549474
 713.549474
 759.342110
 777.561504
 777.561504
 830.868720
 916.383641
 974.342596
 974.342596
1010.811359
1278.159982
1301.016796
1301.016796
1329.098414
1331.108443
1339.466922
1339.466922
1354.926329
1361.653384
1383.930884
1383.930884
1414.378435
 582.504139
 626.295226
 690.823229
 729.199318
 802.319764
 820.038291
 846.018404
 855.796715
 883.199725
 927.743556
1014.827699
1032.503924
1253.867176
1266.289810
1314.878054
1322.115552
1328.761170
1339.850447
1343.893399
1347.068723
1358.035938
1370.552905
1400.372143
1433.091818
 559.905401
 574.242054
 691.339143
 692.826805
 772.554523
 878.173702
 881.783183
 881.783183
 930.656538
 930.656538
1035.968049
1035.968049
1226.827882
1226.827882
1301.487709
1301.487709
1324.385778
1324.385778
1338.158810
1353.529363
1379.836693
1383.835512
1409.408196
1440.816699
 533.661005
 578.699238
 671.791456
 705.965701
 715.069817
 840.057041
 921.523164
 928.084215
 974.128203
 997.557085
1019.753356
1034.648383
1191.827973
1204.843562
1272.205394
1296.012593
1315.414660
1323.622311
1345.386553
1359.235541
1387.665260
1397.570588
1412.637332
1441.226723
 398.074380
 449.944435
 581.662951
 802.434402
 826.526761
 919.285572
 944.849663
 951.485748
 953.534359
1021.954097
1022.542437
1054.892374
1184.306427
1217.715961
1241.634411
1290.330735
1291.864718
1312.916560
1317.225466
1319.315065
1374.106619
1419.645897
1427.126562
1459.776222
 438.973142
 457.960121
 656.908890
 802.509400
 823.963446
 888.157086
 888.157086
 938.849472
 938.849472
 968.024769
1034.407759
1034.407759
1229.049656
1229.049656
1287.054350
1287.054350
1287.188899
1317.722490
1327.604934
1327.604934
1368.523566
1410.267880
1411.282387
1460.356132
 493.865661
 530.268956
 752.351805
 798.624208
 798.624208
 834.583704
 834.583704
 850.759176
 912.790035
 991.617929
 991.617929
1039.851433
1242.142977
1278.148658
1278.148658
1295.894873
1325.074226
1325.074226
1336.221064
1357.512998
1357.512998
1386.858288
1393.617074
1452.723360
 582.504139
 626.295226
 690.823229
 729.199318
 802.319764
 820.038291
 846.018404
 855.796715
 883.199725
 927.743556
1014.827699
1032.503924
1253.867176
1266.289810
1314.878054
1322.115552
1328.761170
1339.850447
1343.893399
1347.068723
1358.035938
1370.552905
1400.372143
1433.091818
 582.504139
 626.295226
 690.823229
 729.199318
 802.319764
 820.038291
 846.018404
 855.796715
 883.199725
 927.743556
1014.827699
1032.503924
1253.867176
1266.289810
1314.878054
1322.115552
1328.761170
1339.850447
1343.893399
1347.068723
1358.035938
1370.552905
1400.372143
1433.091818
 493.865661
 530.268956
 752.351805
 798.624208
 798.624208
 834.583704
 834.583704
 850.759176
 912.790035
 991.617929
 991.617929
1039.851433
1242.142977
1278.148658
1278.148658
1295.894873
1325.074226
1325.074226
1336.221064
1357.512998
1357.512998
1386.858288
1393.617074
1452.723360
 438.973142
 457.960121
 656.908890
 802.509400
 823.963446
 888.157086
 888.157086
 938.849472
 938.849472
 968.024769
1034.407759
1034.407759
1229.049656
1229.049656
1287.054350
1287.054350
1287.188899
1317.722490
1327.604934
1327.604934
1368.523566
1410.267880
1411.282387
1460.356132
 398.074380
 449.944435
 581.662951
 802.434402
 826.526761
 919.285572
 944.849663
 951.485748
 953.534359
1021.954097
1022.542437
1054.892374
1184.306427
1217.715961
1241.634411
1290.330735
1291.864718
1312.916560
1317.225466
1319.315065
1374.106619
1419.645897
1427.126562
1459.776222
 286.236549
 330.600221
 448.144351
 917.671150
 917.671150
 937.109752
 937.109752
 971.636909
1038.708161
1042.558453
1042.558453
1071.267024
1181.037242
1218.695995
1227.480094
1227.480094
1262.771283
1262.771283
1302.686372
1327.157007
1327.157007
1442.727775
1447.188671
1468.923061
 354.128109
 354.128109
 540.972071
 901.135729
 901.135729
 901.135729
 943.852448
 943.852448
 943.852448
1036.508554
1036.508554
1036.508554
1230.252021
1230.252021
1230.252021
1270.943166
1270.943166
1270.943166
1328.080560
1328.080560
1328.080560
1432.253361
1432.253361
1468.758028
 438.973142
 457.960121
 656.908890
 802.509400
 823.963446
 888.157086
 888.157086
 938.849472
 938.849472
 968.024769
1034.407759
1034.407759
1229.049656
1229.049656
1287.054350
1287.054350
1287.188899
1317.722490
1327.604934
1327.604934
1368.523566
1410.267880
1411.282387
1460.356132
 559.905401
 574.242054
 691.339143
 692.826805
 772.554523
 878.173702
 881.783183
 881.783183
 930.656538
 930.656538
1035.968049
1035.968049
1226.827882
1226.827882
1301.487709
1301.487709
1324.385778
1324.385778
1338.158810
1353.529363
1379.836693
1383.835512
1409.408196
1440.816699
 559.905401
 574.242054
 691.339143
 692.826805
 772.554523
 878.173702
 881.783183
 881.783183
 930.656538
 930.656538
1035.968049
1035.968049
1226.827882
1226.827882
1301.487709
1301.487709
1324.385778
1324.385778
1338.158810
1353.529363
1379.836693
1383.835512
1409.408196
1440.816699
 438.973142
 457.960121
 656.908890
 802.509400
 823.963446
 888.157086
 888.157086
 938.849472
 938.849472
 968.024769
1034.407759
1034.407759
1229.049656
1229.049656
1287.054350
1287.054350
1287.188899
1317.722490
1327.604934
1327.604934
1368.523566
1410.267880
1411.282387
1460.356132
 354.128109
 354.128109
 540.972071
 901.135729
 901.135729
 901.135729
 943.852448
 943.852448
 943.852448
1036.508554
1036.508554
1036.508554
1230.252021
1230.252021
1230.252021
1270.943166
1270.943166
1270.943166
1328.080560
1328.080560
1328.080560
1432.253361
1432.253361
1468.758028
 286.236549
 330.600221
 448.144351
 917.671150
 917.671150
 937.109752
 937.109752
 971.636909
1038.708161
1042.558453
1042.558453
1071.267024
1181.037242
1218.695995
1227.480094
1227.480094
1262.771283
1262.771283
1302.686372
1327.157007
1327.157007
1442.727775
1447.188671
1468.923061
 237.373656
 251.227666
 336.106855
 919.021920
 925.525745
1002.596372
1002.596372
1029.284924
1029.284924
1063.618831
1093.099921
1093.099921
1157.866344
1157.866344
1231.831559
1231.831559
1232.268293
1240.099244
1279.489899
1279.489899
1331.940870
1456.782776
1457.545416
1470.287689
 286.236549
 330.600221
 448.144351
 917.671150
 917.671150
 937.109752
 937.109752
 971.636909
1038.708161
1042.558453
1042.558453
1071.267024
1181.037242
1218.695995
1227.480094
1227.480094
1262.771283
1262.771283
1302.686372
1327.157007
1327.157007
1442.727775
1447.188671
1468.923061
 398.074380
 449.944435
 581.662951
 802.434402
 826.526761
 919.285572
 944.849663
 951.485748
 953.534359
1021.954097
1022.542437
1054.892374
1184.306427
1217.715961
1241.634411
1290.330735
1291.864718
1312.916560
1317.225466
1319.315065
1374.106619
1419.645897
1427.126562
1459.776222
 533.661005
 578.699238
 671.791456
 705.965701
 715.069817
 840.057041
 921.523164
 928.084215
 974.128203
 997.557085
1019.753356
1034.648383
1191.827973
1204.843562
1272.205394
1296.012593
1315.414660
1323.622311
1345.386553
1359.235541
1387.665260
1397.570588
1412.637332
1441.226723
 533.661005
 578.699238
 671.791456
 705.965701
 715.069817
 840.057041
 921.523164
 928.084215
 974.128203
 997.557085
1019.753356
1034.648383
1191.827973
1204.843562
1272.205394
1296.012593
1315.414660
1323.622311
1345.386553
1359.235541
1387.665260
1397.570588
1412.637332
1441.226723
 398.074380
 449.944435
 581.662951
 802.434402
 826.526761
 919.285572
 944.849663
 951.485748
 953.534359
1021.954097
1022.542437
1054.892374
1184.306427
1217.715961
1241.634411
1290.330735
1291.864718
1312.916560
1317.225466
1319.315065
1374.106619
1419.645897
1427.126562
1459.776222
 286.236549
 330.600221
 448.144351
 917.671150
 917.671150
 937.109752
 937.109752
 971.636909
1038.708161
1042.558453
1042.558453
1071.267024
1181.037242
1218.695995
1227.480094
1227.480094
1262.771283
1262.771283
1302.686372
1327.157007
1327.157007
1442.727775
1447.188671
1468.923061
 237.373656
 251.227666
 336.106855
 919.021920
 925.525745
1002.596372
1002.596372
1029.284924
1029.284924
1063.618831
1093.099921
1093.099921
1157.866344
1157.866344
1231.831559
1231.831559
1232.268293
1240.099244
1279.489899
1279.489899
1331.940870
1456.782776
1457.545416
1470.287689
 386.961689
 396.355762
 499.797364
 804.032210
 808.122487
 946.403151
 999.595274
 999.595274
1036.124387
1036.124387
1055.425823
1055.425823
1144.797596
1144.797596
1259.974067
1259.974067
1292.241437
1292.241437
1299.036540
1303.546863
1382.524360
1434.844548
1435.123270
1461.303191
 398.074380
 449.944435
 581.662951
 802.434402
 826.526761
 919.285572
 944.849663
 951.485748
 953.534359
1021.954097
1022.542437
1054.892374
1184.306427
1217.715961
1241.634411
1290.330735
1291.864718
1312.916560
1317.225466
1319.315065
1374.106619
1419.645897
1427.126562
1459.776222
 459.546253
 541.750312
 684.221920
 804.001181
 804.001181
 861.463500
 861.463500
 890.027312
 962.168073
 962.168073
 991.042573
1035.730179
1217.985910
1256.692329
1278.265713
1278.265713
1326.829726
1326.829726
1337.230214
1356.915223
1356.915223
1395.409796
1411.554702
1450.033333
 560.878092
 648.831485
 680.683017
 758.090747
 787.199317
 816.793714
 845.574858
 881.722510
 906.558202
 952.682065
 979.408129
1004.787212
1239.135936
1259.856997
1295.042869
1326.125671
1329.795071
1339.461080
1343.571017
1360.051186
1364.397459
1388.812758
1397.363060
1429.329703
 560.878092
 648.831485
 680.683017
 758.090747
 787.199317
 816.793714
 845.574858
 881.722510
 906.558202
 952.682065
 979.408129
1004.787212
1239.135936
1259.856997
1295.042869
1326.125671
1329.795071
1339.461080
1343.571017
1360.051186
1364.397459
1388.812758
1397.363060
1429.329703
 459.546253
 541.750312
 684.221920
 804.001181
 804.001181
 861.463500
 861.463500
 890.027312
 962.168073
 962.168073
 991.042573
1035.730179
1217.985910
1256.692329
1278.265713
1278.265713
1326.829726
1326.829726
1337.230214
1356.915223
1356.915223
1395.409796
1411.554702
1450.033333
 398.074380
 449.944435
 581.662951
 802.434402
 826.526761
 919.285572
 944.849663
 951.485748
 953.534359
1021.954097
1022.542437
1054.892374
1184.306427
1217.715961
1241.634411
1290.330735
1291.864718
1312.916560
1317.225466
1319.315065
1374.106619
1419.645897
1427.126562
1459.776222
 386.961689
 396.355762
 499.797364
 804.032210
 808.122487
 946.403151
 999.595274
 999.595274
1036.124387
1036.124387
1055.425823
1055.425823
1144.797596
1144.797596
1259.974067
1259.974067
1292.241437
1292.241437
1299.036540
1303.546863
1382.524360
1434.844548
1435.123270
1461.303191
 398.074380
 449.944435
 581.662951
 802.434402
 826.526761
 919.285572
 944.849663
 951.485748
 953.534359
1021.954097
1022.542437
1054.892374
1184.306427
1217.715961
1241.634411
1290.330735
1291.864718
1312.916560
1317.225466
1319.315065
1374.106619
1419.645897
1427.126562
1459.776222
 438.973142
 457.960121
 656.908890
 802.509400
 823.963446
 888.157086
 888.157086
 938.849472
 938.849472
 968.024769
1034.407759
1034.407759
1229.049656
1229.049656
1287.054350
1287.054350
1287.188899
1317.722490
1327.604934
1327.604934
1368.523566
1410.267880
1411.282387
1460.356132
 493.865661
 530.268956
 752.351805
 798.624208
 798.624208
 834.583704
 834.583704
 850.759176
 912.790035
 991.617929
 991.617929
1039.851433
1242.142977
1278.148658
1278.148658
1295.894873
1325.074226
1325.074226
1336.221064
1357.512998
1357.512998
1386.858288
1393.617074
1452.723360
 582.504139
 626.295226
 690.823229
 729.199318
 802.319764
 820.038291
 846.018404
 855.796715
 883.199725
 927.743556
1014.827699
1032.503924
1253.867176
1266.289810
1314.878054
1322.115552
1328.761170
1339.850447
1343.893399
1347.068723
1358.035938
1370.552905
1400.372143
1433.091818
 582.504139
 626.295226
 690.823229
 729.199318
 802.319764
 820.038291
 846.018404
 855.796715
 883.199725
 927.743556
1014.827699
1032.503924
1253.867176
1266.289810
1314.878054
1322.115552
1328.761170
1339.850447
1343.893399
1347.068723
1358.035938
1370.552905
1400.372143
1433.091818
 493.865661
 530.268956
 752.351805
 798.624208
 798.624208
 834.583704
 834.583704
 850.759176
 912.790035
 991.617929
 991.617929
1039.851433
1242.142977
1278.148658
1278.148658
1295.894873
1325.074226
1325.074226
1336.221064
1357.512998
1357.512998
1386.858288
1393.617074
1452.723360
 438.973142
 457.960121
 656.908890
 802.509400
 823.963446
 888.157086
 888.157086
 938.849472
 938.849472
 968.024769
1034.407759
1034.407759
1229.049656
1229.049656
1287.054350
1287.054350
1287.188899
1317.722490
1327.604934
1327.604934
1368.523566
1410.267880
1411.282387
1460.356132
 398.074380
 449.944435
 581.662951
 802.434402
 826.526761
 919.285572
 944.849663
 951.485748
 953.534359
1021.954097
1022.542437
1054.892374
1184.306427
1217.715961
1241.634411
1290.330735
1291.864718
1312.916560
1317.225466
1319.315065
1374.106619
1419.645897
1427.126562
1459.776222
 459.546253
 541.750312
 684.221920
 804.001181
 804.001181
 861.463500
 861.463500
 890.027312
 962.168073
 962.168073
 991.042573
1035.730179
1217.985910
1256.692329
1278.265713
1278.265713
1326.829726
1326.829726
1337.230214
1356.915223
1356.915223
1395.409796
1411.554702
1450.033333
 493.865661
 530.268956
 752.351805
 798.624208
 798.624208
 834.583704
 834.583704
 850.759176
 912.790035
 991.617929
 991.617929
1039.851433
1242.142977
1278.148658
1278.148658
1295.894873
1325.074226
1325.074226
1336.221064
1357.512998
1357.512998
1386.858288
1393.617074
1452.723360
 554.107313
 554.107313
 786.287740
 786.287740
 786.287740
 813.523479
 813.523479
 813.523479
 837.138047
1021.331208
1021.331208
1021.331208
1277.483953
1277.483953
1277.483953
1322.768548
1322.768548
1322.768548
1358.343020
1358.343020
1358.343020
1369.941961
1369.941961
1447.332974
 618.692864
 629.216631
 709.410570
 710.564992
 774.034752
 774.034752
 805.904852
 805.904852
 916.752267
 980.123884
1038.837317
1038.837317
1276.589045
1276.589045
1313.543429
1321.292034
1321.292034
1331.578950
1345.145451
1347.588701
1358.924689
1358.924689
1398.984132
1429.714515
 618.692864
 629.216631
 709.410570
 710.564992
 774.034752
 774.034752
 805.904852
 805.904852
 916.752267
 980.123884
1038.837317
1038.837317
1276.589045
1276.589045
1313.543429
1321.292034
1321.292034
1331.578950
1345.145451
1347.588701
1358.924689
1358.924689
1398.984132
1429.714515
 554.107313
 554.107313
 786.287740
 786.287740
 786.287740
 813.523479
 813.523479
 813.523479
 837.138047
1021.331208
1021.331208
1021.331208
1277.483953
1277.483953
1277.483953
1322.768548
1322.768548
1322.768548
1358.343020
1358.343020
1358.343020
1369.941961
1369.941961
1447.332974
 493.865661
 530.268956
 752.351805
 798.624208
 798.624208
 834.583704
 834.583704
 850.759176
 912.790035
 991.617929
 991.617929
1039.851433
1242.142977
1278.148658
1278.148658
1295.894873
1325.074226
1325.074226
1336.221064
1357.512998
1357.512998
1386.858288
1393.617074
1452.723360
 459.546253
 541.750312
 684.221920
 804.001181
 804.001181
 861.463500
 861.463500
 890.027312
 962.168073
 962.168073
 991.042573
1035.730179
1217.985910
1256.692329
1278.265713
1278.265713
1326.829726
1326.829726
1337.230214
1356.915223
1356.915223
1395.409796
1411.554702
1450.033333
 560.878092
 648.831485
 680.683017
 758.090747
 787.199317
 816.793714
 845.574858
 881.722510
 906.558202
 952.682065
 979.408129
1004.787212
1239.135936
1259.856997
1295.042869
1326.125671
1329.795071
1339.461080
1343.571017
1360.051186
1364.397459
1388.812758
1397.363060
1429.329703
 582.504139
 626.295226
 690.823229
 729.199318
 802.319764
 820.038291
 846.018404
 855.796715
 883.199725
 927.743556
1014.827699
1032.503924
1253.867176
1266.289810
1314.878054
1322.115552
1328.761170
1339.850447
1343.893399
1347.068723
1358.035938
1370.552905
1400.372143
1433.091818
 618.692864
 629.216631
 709.410570
 710.564992
 774.034752
 774.034752
 805.904852
 805.904852
 916.752267
 980.123884
1038.837317
1038.837317
1276.589045
1276.589045
1313.543429
1321.292034
1321.292034
1331.578950
1345.145451
1347.588701
1358.924689
1358.924689
1398.984132
1429.714515
 655.516942
 676.729211
 713.070834
 713.070834
 736.263890
 736.263890
 738.154196
 767.682638
 979.047436
1021.545155
1021.545155
1042.296101
1288.265848
1300.935144
1300.935144
1317.118176
1320.826562
1320.826562
1323.430470
1331.138992
1376.310396
1390.703124
1390.703124
1415.560317
 655.516942
 676.729211
 713.070834
 713.070834
 736.263890
 736.263890
 738.154196
 767.682638
 979.047436
1021.545155
1021.545155
1042.296101
1288.265848
1300.935144
1300.935144
1317.118176
1320.826562
1320.826562
1323.430470
1331.138992
1376.310396
1390.703124
1390.703124
1415.560317
 618.692864
 629.216631
 709.410570
 710.564992
 774.034752
 774.034752
 805.904852
 805.904852
 916.752267
 980.123884
1038.837317
1038.837317
1276.589045
1276.589045
1313.543429
1321.292034
1321.292034
1331.578950
1345.145451
1347.588701
1358.924689
1358.924689
1398.984132
1429.714515
 582.504139
 626.295226
 690.823229
 729.199318
 802.319764
 820.038291
 846.018404
 855.796715
 883.199725
 927.743556
1014.827699
1032.503924
1253.867176
1266.289810
1314.878054
1322.115552
1328.761170
1339.850447
1343.893399
1347.068723
1358.035938
1370.552905
1400.372143
1433.091818
 560.878092
 648.831485
 680.683017
 758.090747
 787.199317
 816.793714
 845.574858
 881.722510
 906.558202
 952.682065
 979.408129
1004.787212
1239.135936
1259.856997
1295.042869
1326.125671
1329.795071
1339.461080
1343.571017
1360.051186
1364.397459
1388.812758
1397.363060
1429.329703
 560.878092
 648.831485
 680.683017
 758.090747
 787.199317
 816.793714
 845.574858
 881.722510
 906.558202
 952.682065
 979.408129
1004.787212
1239.135936
1259.856997
1295.042869
1326.125671
1329.795071
1339.461080
1343.571017
1360.051186
1364.397459
1388.812758
1397.363060
1429.329703
 582.504139
 626.295226
 690.823229
 729.199318
 802.319764
 820.038291
 846.018404
 855.796715
 883.199725
 927.743556
1014.827699
1032.503924
1253.867176
1266.289810
1314.878054
1322.115552
1328.761170
1339.850447
1343.893399
1347.068723
1358.035938
1370.552905
1400.372143
1433.091818
 618.692864
 629.216631
 709.410570
 710.564992
 774.034752
 774.034752
 805.904852
 805.904852
 916.752267
 980.123884
1038.837317
1038.837317
1276.589045
1276.589045
1313.543429
1321.292034
1321.292034
1331.578950
1345.145451
1347.588701
1358.924689
1358.924689
1398.984132
1429.714515
 655.516942
 676.729211
 713.070834
 713.070834
 736.263890
 736.263890
 738.154196
 767.682638
 979.047436
1021.545155
1021.545155
1042.296101
1288.265848
1300.935144
1300.935144
1317.118176
1320.826562
1320.826562
1323.430470
1331.138992
1376.310396
1390.703124
1390.703124
1415.560317
 655.516942
 676.729211
 713.070834
 713.070834
 736.263890
 736.263890
 738.154196
 767.682638
 979.047436
1021.545155
1021.545155
1042.296101
1288.265848
1300.935144
1300.935144
1317.118176
1320.826562
1320.826562
1323.430470
1331.138992
1376.310396
1390.703124
1390.703124
1415.560317
 618.692864
 629.216631
 709.410570
 710.564992
 774.034752
 774.034752
 805.904852
 805.904852
 916.752267
 980.123884
1038.837317
1038.837317
1276.589045
1276.589045
1313.543429
1321.292034
1321.292034
1331.578950
1345.145451
1347.588701
1358.924689
1358.924689
1398.984132
1429.714515
 582.504139
 626.295226
 690.823229
 729.199318
 802.319764
 820.038291
 846.018404
 855.796715
 883.199725
 927.743556
1014.827699
1032.503924
1253.867176
1266.289810
1314.878054
1322.115552
1328.761170
1339.850447
1343.893399
1347.068723
1358.035938
1370.552905
1400.372143
1433.091818
 560.878092
 648.831485
 680.683017
 758.090747
 787.199317
 816.793714
 845.574858
 881.722510
 906.558202
 952.682065
 979.408129
1004.787212
1239.135936
1259.856997
1295.042869
1326.125671
1329.795071
1339.461080
1343.571017
1360.051186
1364.397459
1388.812758
1397.363060
1429.329703
 459.546253
 541.750312
 684.221920
 804.001181
 804.001181
 861.463500
 861.463500
 890.027312
 962.168073
 962.168073
 991.042573
1035.730179
1217.985910
1256.692329
1278.265713
1278.265713
1326.829726
1326.829726
1337.230214
1356.915223
1356.915223
1395.409796
1411.554702
1450.033333
 493.865661
 530.268956
 752.351805
 798.624208
 798.624208
 834.583704
 834.583704
 850.759176
 912.790035
 991.617929
 991.617929
1039.851433
1242.142977
1278.148658
1278.148658
1295.894873
1325.074226
1325.074226
1336.221064
1357.512998
1357.512998
1386.858288
1393.617074
1452.723360
 554.107313
 554.107313
 786.287740
 786.287740
 786.287740
 813.523479
 813.523479
 813.523479
 837.138047
1021.331208
1021.331208
1021.331208
1277.483953
1277.483953
1277.483953
1322.768548
1322.768548
1322.768548
1358.343020
1358.343020
1358.343020
1369.941961
1369.941961
1447.332974
 618.692864
 629.216631
 709.410570
 710.564992
 774.034752
 774.034752
 805.904852
 805.904852
 916.752267
 980.123884
1038.837317
1038.837317
1276.589045
1276.589045
1313.543429
1321.292034
1321.292034
1331.578950
1345.145451
1347.588701
1358.924689
1358.924689
1398.984132
1429.714515
 618.692864
 629.216631
 709.410570
 710.564992
 774.034752
 774.034752
 805.904852
 805.904852
 916.752267
 980.123884
1038.837317
1038.837317
1276.589045
1276.589045
1313.543429
1321.292034
1321.292034
1331.578950
1345.145451
1347.588701
1358.924689
1358.924689
1398.984132
1429.714515
 554.107313
 554.107313
 786.287740
 786.287740
 786.287740
 813.523479
 813.523479
 813.523479
 837.138047
1021.331208
1021.331208
1021.331208
1277.483953
1277.483953
1277.483953
1322.768548
1322.768548
1322.768548
1358.343020
1358.343020
1358.343020
1369.941961
1369.941961
1447.332974
 493.865661
 530.268956
 752.351805
 798.624208
 798.624208
 834.583704
 834.583704
 850.759176
 912.790035
 991.617929
 991.617929
1039.851433
1242.142977
1278.148658
1278.148658
1295.894873
1325.074226
1325.074226
1336.221064
1357.512998
1357.512998
1386.858288
1393.617074
1452.723360
 459.546253
 541.750312
 684.221920
 804.001181
 804.001181
 861.463500
 861.463500
 890.027312
 962.168073
 962.168073
 991.042573
1035.730179
1217.985910
1256.692329
1278.265713
1278.265713
1326.829726
1326.829726
1337.230214
1356.915223
1356.915223
1395.409796
1411.554702
1450.033333
 398.074380
 449.944435
 581.662951
 802.434402
 826.526761
 919.285572
 944.849663
 951.485748
 953.534359
1021.954097
1022.542437
1054.892374
1184.306427
1217.715961
1241.634411
1290.330735
1291.864718
1312.916560
1317.225466
1319.315065
1374.106619
1419.645897
1427.126562
1459.776222
 438.973142
 457.960121
 656.908890
 802.509400
 823.963446
 888.157086
 888.157086
 938.849472
 938.849472
 968.024769
1034.407759
1034.407759
1229.049656
1229.049656
1287.054350
1287.054350
1287.188899
1317.722490
1327.604934
1327.604934
1368.523566
1410.267880
1411.282387
1460.356132
 493.865661
 530.268956
 752.351805
 798.624208
 798.624208
 834.583704
 834.583704
 850.759176
 912.790035
 991.617929
 991.617929
1039.851433
1242.142977
1278.148658
1278.148658
1295.894873
1325.074226
1325.074226
1336.221064
1357.512998
1357.512998
1386.858288
1393.617074
1452.723360
 582.504139
 626.295226
 690.823229
 729.199318
 802.319764
 820.038291
 846.018404
 855.796715
 883.199725
 927.743556
1014.827699
1032.503924
1253.867176
1266.289810
1314.878054
1322.115552
1328.761170
1339.850447
1343.893399
1347.068723
1358.035938
1370.552905
1400.372143
1433.091818
 582.504139
 626.295226
 690.823229
 729.199318
 802.319764
 820.038291
 846.018404
 855.796715
 883.199725
 927.743556
1014.827699
1032.503924
1253.867176
1266.289810
1314.878054
1322.115552
1328.761170
1339.850447
1343.893399
1347.068723
1358.035938
1370.552905
1400.372143
1433.091818
 493.865661
 530.268956
 752.351805
 798.624208
 798.624208
 834.583704
 834.583704
 850.759176
 912.790035
 991.617929
 991.617929
1039.851433
1242.142977
1278.148658
1278.148658
1295.894873
1325.074226
1325.074226
1336.221064
1357.512998
1357.512998
1386.858288
1393.617074
1452.723360
 438.973142
 457.960121
 656.908890
 802.509400
 823.963446
 888.157086
 888.157086
 938.849472
 938.849472
 968.024769
1034.407759
1034.407759
1229.049656
1229.049656
1287.054350
1287.054350
1287.188899
1317.722490
1327.604934
1327.604934
1368.523566
1410.267880
1411.282387
1460.356132
 398.074380
 449.944435
 581.662951
 802.434402
 826.526761
 919.285572
 944.849663
 951.485748
 953.534359
1021.954097
1022.542437
1054.892374
1184.306427
1217.715961
1241.634411
1290.330735
1291.864718
1312.916560
1317.225466
1319.315065
1374.106619
1419.645897
1427.126562
1459.776222
 386.961689
 396.355762
 499.797364
 804.032210
 808.122487
 946.403151
 999.595274
 999.595274
1036.124387
1036.124387
1055.425823
1055.425823
1144.797596
1144.797596
1259.974067
1259.974067
1292.241437
1292.241437
1299.036540
1303.546863
1382.524360
1434.844548
1435.123270
1461.303191
 398.074380
 449.944435
 581.662951
 802.434402
 826.526761
 919.285572
 944.849663
 951.485748
 953.534359
1021.954097
1022.542437
1054.892374
1184.306427
1217.715961
1241.634411
1290.330735
1291.864718
1312.916560
1317.225466
1319.315065
1374.106619
1419.645897
1427.126562
1459.776222
 459.546253
 541.750312
 684.221920
 804.001181
 804.001181
 861.463500
 861.463500
 890.027312
 962.168073
 962.168073
 991.042573
1035.730179
1217.985910
1256.692329
1278.265713
1278.265713
1326.829726
1326.829726
1337.230214
1356.915223
1356.915223
1395.409796
1411.554702
1450.033333
 560.878092
 648.831485
 680.683017
 758.090747
 787.199317
 816.793714
 845.574858
 881.722510
 906.558202
 952.682065
 979.408129
1004.787212
1239.135936
1259.856997
1295.042869
1326.125671
1329.795071
1339.461080
1343.571017
1360.051186
1364.397459
1388.812758
1397.363060
1429.329703
 560.878092
 648.831485
 680.683017
 758.090747
 787.199317
 816.793714
 845.574858
 881.722510
 906.558202
 952.682065
 979.408129
1004.787212
1239.135936
1259.856997
1295.042869
1326.125671
1329.795071
1339.461080
1343.571017
1360.051186
1364.397459
1388.812758
1397.363060
1429.329703
 459.546253
 541.750312
 684.221920
 804.001181
 804.001181
 861.463500
 861.463500
 890.027312
 962.168073
 962.168073
 991.042573
1035.730179
1217.985910
1256.692329
1278.265713
1278.265713
1326.829726
1326.829726
1337.230214
1356.915223
1356.915223
1395.409796
1411.554702
1450.033333
 398.074380
 449.944435
 581.662951
 802.434402
 826.526761
 919.285572
 944.849663
 951.485748
 953.534359
1021.954097
1022.542437
1054.892374
1184.306427
1217.715961
1241.634411
1290.330735
1291.864718
1312.916560
1317.225466
1319.315065
1374.106619
1419.645897
1427.126562
1459.776222
 386.961689
 396.355762
 499.797364
 804.032210
 808.122487
 946.403151
 999.595274
 999.595274
1036.124387
1036.124387
1055.425823
1055.425823
1144.797596
1144.797596
1259.974067
1259.974067
1292.241437
1292.241437
1299.036540
1303.546863
1382.524360
1434.844548
1435.123270
1461.303191
 535.818041
 539.613362
 660.125026
 676.460131
 677.230136
 810.433597
1004.676916
1004.676916
1024.481547
1024.481547
1042.879756
1042.879756
1136.491659
1136.491659
1275.981675
1275.981675
1299.374226
1299.374226
1355.844668
1358.383835
1401.265415
1402.184903
1419.576213
1445.073177
 533.661005
 578.699238
 671.791456
 705.965701
 715.069817
 840.057041
 921.523164
 928.084215
 974.128203
 997.557085
1019.753356
1034.648383
1191.827973
1204.843562
1272.205394
1296.012593
1315.414660
1323.622311
1345.386553
1359.235541
1387.665260
1397.570588
1412.637332
1441.226723
 560.878092
 648.831485
 680.683017
 758.090747
 787.199317
 816.793714
 845.574858
 881.722510
 906.558202
 952.682065
 979.408129
1004.787212
1239.135936
1259.856997
1295.042869
1326.125671
1329.795071
1339.461080
1343.571017
1360.051186
1364.397459
1388.812758
1397.363060
1429.329703
 624.249204
 713.840968
 713.840968
 734.561536
 771.004727
 823.715947
 823.715947
 859.625581
 892.167304
 925.016028
 925.016028
 966.433386
1272.391515
1301.029908
1301.029908
1332.816805
1335.123836
1356.999449
1357.048111
1357.048111
1373.750099
1373.750099
1375.422805
1406.718848
 624.249204
 713.840968
 713.840968
 734.561536
 771.004727
 823.715947
 823.715947
 859.625581
 892.167304
 925.016028
 925.016028
 966.433386
1272.391515
1301.029908
1301.029908
1332.816805
1335.123836
1356.999449
1357.048111
1357.048111
1373.750099
1373.750099
1375.422805
1406.718848
 560.878092
 648.831485
 680.683017
 758.090747
 787.199317
 816.793714
 845.574858
 881.722510
 906.558202
 952.682065
 979.408129
1004.787212
1239.135936
1259.856997
1295.042869
1326.125671
1329.795071
1339.461080
1343.571017
1360.051186
1364.397459
1388.812758
1397.363060
1429.329703
 533.661005
 578.699238
 671.791456
 705.965701
 715.069817
 840.057041
 921.523164
 928.084215
 974.128203
 997.557085
1019.753356
1034.648383
1191.827973
1204.843562
1272.205394
1296.012593
1315.414660
1323.622311
1345.386553
1359.235541
1387.665260
1397.570588
1412.637332
1441.226723
 535.818041
 539.613362
 660.125026
 676.460131
 677.230136
 810.433597
1004.676916
1004.676916
1024.481547
1024.481547
1042.879756
1042.879756
1136.491659
1136.491659
1275.981675
1275.981675
1299.374226
1299.374226
1355.844668
1358.383835
1401.265415
1402.184903
1419.576213
1445.073177
 533.661005
 578.699238
 671.791456
 705.965701
 715.069817
 840.057041
 921.523164
 928.084215
 974.128203
 997.557085
1019.753356
1034.648383
1191.827973
1204.843562
1272.205394
1296.012593
1315.414660
1323.622311
1345.386553
1359.235541
1387.665260
1397.570588
1412.637332
1441.226723
 559.905401
 574.242054
 691.339143
 692.826805
 772.554523
 878.173702
 881.783183
 881.783183
 930.656538
 930.656538
1035.968049
1035.968049
1226.827882
1226.827882
1301.487709
1301.487709
1324.385778
1324.385778
1338.158810
1353.529363
1379.836693
1383.835512
1409.408196
1440.816699
 582.504139
 626.295226
 690.823229
 729.199318
 802.319764
 820.038291
 846.018404
 855.796715
 883.199725
 927.743556
1014.827699
1032.503924
1253.867176
1266.289810
1314.878054
1322.115552
1328.761170
1339.850447
1343.893399
1347.068723
1358.035938
1370.552905
1400.372143
1433.091818
 635.238629
 698.749648
 713.549474
 713.549474
 759.342110
 777.561504
 777.561504
 830.868720
 916.383641
 974.342596
 974.342596
1010.811359
1278.159982
1301.016796
1301.016796
1329.098414
1331.108443
1339.466922
1339.466922
1354.926329
1361.653384
1383.930884
1383.930884
1414.378435
 635.238629
 698.749648
 713.549474
 713.549474
 759.342110
 777.561504
 777.561504
 830.868720
 916.383641
 974.342596
 974.342596
1010.811359
1278.159982
1301.016796
1301.016796
1329.098414
1331.108443
1339.466922
1339.466922
1354.926329
1361.653384
1383.930884
1383.930884
1414.378435
 582.504139
 626.295226
 690.823229
 729.199318
 802.319764
 820.038291
 846.018404
 855.796715
 883.199725
 927.743556
1014.827699
1032.503924
1253.867176
1266.289810
1314.878054
1322.115552
1328.761170
1339.850447
1343.893399
1347.068723
1358.035938
1370.552905
1400.372143
1433.091818
 559.905401
 574.242054
 691.339143
 692.826805
 772.554523
 878.173702
 881.783183
 881.783183
 930.656538
 930.656538
1035.968049
1035.968049
1226.827882
1226.827882
1301.487709
1301.487709
1324.385778
1324.385778
1338.158810
1353.529363
1379.836693
1383.835512
1409.408196
1440.816699
 533.661005
 578.699238
 671.791456
 705.965701
 715.069817
 840.057041
 921.523164
 928.084215
 974.128203
 997.557085
1019.753356
1034.648383
1191.827973
1204.843562
1272.205394
1296.012593
1315.414660
1323.622311
1345.386553
1359.235541
1387.665260
1397.570588
1412.637332
1441.226723
 560.878092
 648.831485
 680.683017
 758.090747
 787.199317
 816.793714
 845.574858
 881.722510
 906.558202
 952.682065
 979.408129
1004.787212
1239.135936
1259.856997
1295.042869
1326.125671
1329.795071
1339.461080
1343.571017
1360.051186
1364.397459
1388.812758
1397.363060
1429.329703
 582.504139
 626.295226
 690.823229
 729.199318
 802.319764
 820.038291
 846.018404
 855.796715
 883.199725
 927.743556
1014.827699
1032.503924
1253.867176
1266.289810
1314.878054
1322.115552
1328.761170
1339.850447
1343.893399
1347.068723
1358.035938
1370.552905
1400.372143
1433.091818
 618.692864
 629.216631
 709.410570
 710.564992
 774.034752
 774.034752
 805.904852
 805.904852
 916.752267
 980.123884
1038.837317
1038.837317
1276.589045
1276.589045
1313.543429
1321.292034
1321.292034
1331.578950
1345.145451
1347.588701
1358.924689
1358.924689
1398.984132
1429.714515
 655.516942
 676.729211
 713.070834
 713.070834
 736.263890
 736.263890
 738.154196
 767.682638
 979.047436
1021.545155
1021.545155
1042.296101
1288.265848
1300.935144
1300.935144
1317.118176
1320.826562
1320.826562
1323.430470
1331.138992
1376.310396
1390.703124
1390.703124
1415.560317
 655.516942
 676.729211
 713.070834
 713.070834
 736.263890
 736.263890
 738.154196
 767.682638
 979.047436
1021.545155
1021.545155
1042.296101
1288.265848
1300.935144
1300.935144
1317.118176
1320.826562
1320.826562
1323.430470
1331.138992
1376.310396
1390.703124
1390.703124
1415.560317
 618.692864
 629.216631
 709.410570
 710.564992
 774.034752
 774.034752
 805.904852
 805.904852
 916.752267
 980.123884
1038.837317
1038.837317
1276.589045
1276.589045
1313.543429
1321.292034
1321.292034
1331.578950
1345.145451
1347.588701
1358.924689
1358.924689
1398.984132
1429.714515
 582.504139
 626.295226
 690.823229
 729.199318
 802.319764
 820.038291
 846.018404
 855.796715
 883.199725
 927.743556
1014.827699
1032.503924
1253.867176
1266.289810
1314.878054
1322.115552
1328.761170
1339.850447
1343.893399
1347.068723
1358.035938
1370.552905
1400.372143
1433.091818
 560.878092
 648.831485
 680.683017
 758.090747
 787.199317
 816.793714
 845.574858
 881.722510
 906.558202
 952.682065
 979.408129
1004.787212
1239.135936
1259.856997
1295.042869
1326.125671
1329.795071
1339.461080
1343.571017
1360.051186
1364.397459
1388.812758
1397.363060
1429.329703
 624.249204
 713.840968
 713.840968
 734.561536
 771.004727
 823.715947
 823.715947
 859.625581
 892.167304
 925.016028
 925.016028
 966.433386
1272.391515
1301.029908
1301.029908
1332.816805
1335.123836
1356.999449
1357.048111
1357.048111
1373.750099
1373.750099
1375.422805
1406.718848
 635.238629
 698.749648
 713.549474
 713.549474
 759.342110
 777.561504
 777.561504
 830.868720
 916.383641
 974.342596
 974.342596
1010.811359
1278.159982
1301.016796
1301.016796
1329.098414
1331.108443
1339.466922
1339.466922
1354.926329
1361.653384
1383.930884
1383.930884
1414.378435
 655.516942
 676.729211
 713.070834
 713.070834
 736.263890
 736.263890
 738.154196
 767.682638
 979.047436
1021.545155
1021.545155
1042.296101
1288.265848
1300.935144
1300.935144
1317.118176
1320.826562
1320.826562
1323.430470
1331.138992
1376.310396
1390.703124
1390.703124
1415.560317
 682.053726
 682.053726
 711.002640
 711.002640
 711.002640
 714.724906
 714.724906
 714.724906
1027.936314
1050.345974
1050.345974
1050.345974
1300.541046
1300.541046
1300.541046
1308.032404
1308.032404
1308.032404
1312.837434
1312.837434
1394.001571
1394.001571
1394.001571
1408.313440
 682.053726
 682.053726
 711.002640
 711.002640
 711.002640
 714.724906
 714.724906
 714.724906
1027.936314
1050.345974
1050.345974
1050.345974
1300.541046
1300.541046
1300.541046
1308.032404
1308.032404
1308.032404
1312.837434
1312.837434
1394.001571
1394.001571
1394.001571
1408.313440
 655.516942
 676.729211
 713.070834
 713.070834
 736.263890
 736.263890
 738.154196
 767.682638
 979.047436
1021.545155
1021.545155
1042.296101
1288.265848
1300.935144
1300.935144
1317.118176
1320.826562
1320.826562
1323.430470
1331.138992
1376.310396
1390.703124
1390.703124
1415.560317
 635.238629
 698.749648
 713.549474
 713.549474
 759.342110
 777.561504
 777.561504
 830.868720
 916.383641
 974.342596
 974.342596
1010.811359
1278.159982
1301.016796
1301.016796
1329.098414
1331.108443
1339.466922
1339.466922
1354.926329
1361.653384
1383.930884
1383.930884
1414.378435
 624.249204
 713.840968
 713.840968
 734.561536
 771.004727
 823.715947
 823.715947
 859.625581
 892.167304
 925.016028
 925.016028
 966.433386
1272.391515
1301.029908
1301.029908
1332.816805
1335.123836
1356.999449
1357.048111
1357.048111
1373.750099
1373.750099
1375.422805
1406.718848
 624.249204
 713.840968
 713.840968
 734.561536
 771.004727
 823.715947
 823.715947
 859.625581
 892.167304
 925.016028
 925.016028
 966.433386
1272.391515
1301.029908
1301.029908
1332.816805
1335.123836
1356.999449
1357.048111
1357.048111
1373.750099
1373.750099
1375.422805
1406.718848
 635.238629
 698.749648
 713.549474
 713.549474
 759.342110
 777.561504
 777.561504
 830.868720
 916.383641
 974.342596
 974.342596
1010.811359
1278.159982
1301.016796
1301.016796
1329.098414
1331.108443
1339.466922
1339.466922
1354.926329
1361.653384
1383.930884
1383.930884
1414.378435
 655.516942
 676.729211
 713.070834
 713.070834
 736.263890
 736.263890
 738.154196
 767.682638
 979.047436
1021.545155
1021.545155
1042.296101
1288.265848
1300.935144
1300.935144
1317.118176
1320.826562
1320.826562
1323.430470
1331.138992
1376.310396
1390.703124
1390.703124
1415.560317
 682.053726
 682.053726
 711.002640
 711.002640
 711.002640
 714.724906
 714.724906
 714.724906
1027.936314
1050.345974
1050.345974
1050.345974
1300.541046
1300.541046
1300.541046
1308.032404
1308.032404
1308.032404
1312.837434
1312.837434
1394.001571
1394.001571
1394.001571
1408.313440
 682.053726
 682.053726
 711.002640
 711.002640
 711.002640
 714.724906
 714.724906
 714.724906
1027.936314
1050.345974
1050.345974
1050.345974
1300.541046
1300.541046
1300.541046
1308.032404
1308.032404
1308.032404
1312.837434
1312.837434
1394.001571
1394.001571
1394.001571
1408.313440
 655.516942
 676.729211
 713.070834
 713.070834
 736.263890
 736.263890
 738.154196
 767.682638
 979.047436
1021.545155
1021.545155
1042.296101
1288.265848
1300.935144
1300.935144
1317.118176
1320.826562
1320.826562
1323.430470
1331.138992
1376.310396
1390.703124
1390.703124
1415.560317
 635.238629
 698.749648
 713.549474
 713.549474
 759.342110
 777.561504
 777.561504
 830.868720
 916.383641
 974.342596
 974.342596
1010.811359
1278.159982
1301.016796
1301.016796
1329.098414
1331.108443
1339.466922
1339.466922
1354.926329
1361.653384
1383.930884
1383.930884
1414.378435
 624.249204
 713.840968
 713.840968
 734.561536
 771.004727
 823.715947
 823.715947
 859.625581
 892.167304
 925.016028
 925.016028
 966.433386
1272.391515
1301.029908
1301.029908
1332.816805
1335.123836
1356.999449
1357.048111
1357.048111
1373.750099
1373.750099
1375.422805
1406.718848
 560.878092
 648.831485
 680.683017
 758.090747
 787.199317
 816.793714
 845.574858
 881.722510
 906.558202
 952.682065
 979.408129
1004.787212
1239.135936
1259.856997
1295.042869
1326.125671
1329.795071
1339.461080
1343.571017
1360.051186
1364.397459
1388.812758
1397.363060
1429.329703
 582.504139
 626.295226
 690.823229
 729.199318
 802.319764
 820.038291
 846.018404
 855.796715
 883.199725
 927.743556
1014.827699
1032.503924
1253.867176
1266.289810
1314.878054
1322.115552
1328.761170
1339.850447
1343.893399
1347.068723
1358.035938
1370.552905
1400.372143
1433.091818
 618.692864
 629.216631
 709.410570
 710.564992
 774.034752
 774.034752
 805.904852
 805.904852
 916.752267
 980.123884
1038.837317
1038.837317
1276.589045
1276.589045
1313.543429
1321.292034
1321.292034
1331.578950
1345.145451
1347.588701
1358.924689
1358.924689
1398.984132
1429.714515
 655.516942
 676.729211
 713.070834
 713.070834
 736.263890
 736.263890
 738.154196
 767.682638
 979.047436
1021.545155
1021.545155
1042.296101
1288.265848
1300.935144
1300.935144
1317.118176
1320.826562
1320.826562
1323.430470
1331.138992
1376.310396
1390.703124
1390.703124
1415.560317
 655.516942
 676.729211
 713.070834
 713.070834
 736.263890
 736.263890
 738.154196
 767.682638
 979.047436
1021.545155
1021.545155
1042.296101
1288.265848
1300.935144
1300.935144
1317.118176
1320.826562
1320.826562
1323.430470
1331.138992
1376.310396
1390.703124
1390.703124
1415.560317
 618.692864
 629.216631
 709.410570
 710.564992
 774.034752
 774.034752
 805.904852
 805.904852
 916.752267
 980.123884
1038.837317
1038.837317
1276.589045
1276.589045
1313.543429
1321.292034
1321.292034
1331.578950
1345.145451
1347.588701
1358.924689
1358.924689
1398.984132
1429.714515
 582.504139
 626.295226
 690.823229
 729.199318
 802.319764
 820.038291
 846.018404
 855.796715
 883.199725
 927.743556
1014.827699
1032.503924
1253.867176
1266.289810
1314.878054
1322.115552
1328.761170
1339.850447
1343.893399
1347.068723
1358.035938
1370.552905
1400.372143
1433.091818
 560.878092
 648.831485
 680.683017
 758.090747
 787.199317
 816.793714
 845.574858
 881.722510
 906.558202
 952.682065
 979.408129
1004.787212
1239.135936
1259.856997
1295.042869
1326.125671
1329.795071
1339.461080
1343.571017
1360.051186
1364.397459
1388.812758
1397.363060
1429.329703
 533.661005
 578.699238
 671.791456
 705.965701
 715.069817
 840.057041
 921.523164
 928.084215
 974.128203
 997.557085
1019.753356
1034.648383
1191.827973
1204.843562
1272.205394
1296.012593
1315.414660
1323.622311
1345.386553
1359.235541
1387.665260
1397.570588
1412.637332
1441.226723
 559.905401
 574.242054
 691.339143
 692.826805
 772.554523
 878.173702
 881.783183
 881.783183
 930.656538
 930.656538
1035.968049
1035.968049
1226.827882
1226.827882
1301.487709
1301.487709
1324.385778
1324.385778
1338.158810
1353.529363
1379.836693
1383.835512
1409.408196
1440.816699
 582.504139
 626.295226
 690.823229
 729.199318
 802.319764
 820.038291
 846.018404
 855.796715
 883.199725
 927.743556
1014.827699
1032.503924
1253.867176
1266.289810
1314.878054
1322.115552
1328.761170
1339.850447
1343.893399
1347.068723
1358.035938
1370.552905
1400.372143
1433.091818
 635.238629
 698.749648
 713.549474
 713.549474
 759.342110
 777.561504
 777.561504
 830.868720
 916.383641
 974.342596
 974.342596
1010.811359
1278.159982
1301.016796
1301.016796
1329.098414
1331.108443
1339.466922
1339.466922
1354.926329
1361.653384
1383.930884
1383.930884
1414.378435
 635.238629
 698.749648
 713.549474
 713.549474
 759.342110
 777.561504
 777.561504
 830.868720
 916.383641
 974.342596
 974.342596
1010.811359
1278.159982
1301.016796
1301.016796
1329.098414
1331.108443
1339.466922
1339.466922
1354.926329
1361.653384
1383.930884
1383.930884
1414.378435
 582.504139
 626.295226
 690.823229
 729.199318
 802.319764
 820.038291
 846.018404
 855.796715
 883.199725
 927.743556
1014.827699
1032.503924
1253.867176
1266.289810
1314.878054
1322.115552
1328.761170
1339.850447
1343.893399
1347.068723
1358.035938
1370.552905
1400.372143
1433.091818
 559.905401
 574.242054
 691.339143
 692.826805
 772.554523
 878.173702
 881.783183
 881.783183
 930.656538
 930.656538
1035.968049
1035.968049
1226.827882
1226.827882
1301.487709
1301.487709
1324.385778
1324.385778
1338.158810
1353.529363
1379.836693
1383.835512
1409.408196
1440.816699
 533.661005
 578.699238
 671.791456
 705.965701
 715.069817
 840.057041
 921.523164
 928.084215
 974.128203
 997.557085
1019.753356
1034.648383
1191.827973
1204.843562
1272.205394
1296.012593
1315.414660
1323.622311
1345.386553
1359.235541
1387.665260
1397.570588
1412.637332
1441.226723
 535.818041
 539.613362
 660.125026
 676.460131
 677.230136
 810.433597
1004.676916
1004.676916
1024.481547
1024.481547
1042.879756
1042.879756
1136.491659
1136.491659
1275.981675
1275.981675
1299.374226
1299.374226
1355.844668
1358.383835
1401.265415
1402.184903
1419.576213
1445.073177
 533.661005
 578.699238
 671.791456
 705.965701
 715.069817
 840.057041
 921.523164
 928.084215
 974.128203
 997.557085
1019.753356
1034.648383
1191.827973
1204.843562
1272.205394
1296.012593
1315.414660
1323.622311
1345.386553
1359.235541
1387.665260
1397.570588
1412.637332
1441.226723
 560.878092
 648.831485
 680.683017
 758.090747
 787.199317
 816.793714
 845.574858
 881.722510
 906.558202
 952.682065
 979.408129
1004.787212
1239.135936
1259.856997
1295.042869
1326.125671
1329.795071
1339.461080
1343.571017
1360.051186
1364.397459
1388.812758
1397.363060
1429.329703
 624.249204
 713.840968
 713.840968
 734.561536
 771.004727
 823.715947
 823.715947
 859.625581
 892.167304
 925.016028
 925.016028
 966.433386
1272.391515
1301.029908
1301.029908
1332.816805
1335.123836
1356.999449
1357.048111
1357.048111
1373.750099
1373.750099
1375.422805
1406.718848
 624.249204
 713.840968
 713.840968
 734.561536
 771.004727
 823.715947
 823.715947
 859.625581
 892.167304
 925.016028
 925.016028
 966.433386
1272.391515
1301.029908
1301.029908
1332.816805
1335.123836
1356.999449
1357.048111
1357.048111
1373.750099
1373.750099
1375.422805
1406.718848
 560.878092
 648.831485
 680.683017
 758.090747
 787.199317
 816.793714
 845.574858
 881.722510
 906.558202
 952.682065
 979.408129
1004.787212
1239.135936
1259.856997
1295.042869
1326.125671
1329.795071
1339.461080
1343.571017
1360.051186
1364.397459
1388.812758
1397.363060
1429.329703
 533.661005
 578.699238
 671.791456
 705.965701
 715.069817
 840.057041
 921.523164
 928.084215
 974.128203
 997.557085
1019.753356
1034.648383
1191.827973
1204.843562
1272.205394
1296.012593
1315.414660
1323.622311
1345.386553
1359.235541
1387.665260
1397.570588
1412.637332
1441.226723
 535.818041
 539.613362
 660.125026
 676.460131
 677.230136
 810.433597
1004.676916
1004.676916
1024.481547
1024.481547
1042.879756
1042.879756
1136.491659
1136.491659
1275.981675
1275.981675
1299.374226
1299.374226
1355.844668
1358.383835
1401.265415
1402.184903
1419.576213
1445.073177
